4.6269 	EXP 	Created window1 = Window(allowGUI=False, allowStencil=False, args=UNKNOWN, autoLog=True, bitsMode=UNKNOWN, blendMode='avg', color=array([1., 1., 1.]), colorSpace='rgb', fullscr=<method-wrapper '__getattribute__' of attributeSetter object at 0x13b03d898>, gamma=None, kwargs=UNKNOWN, lms=UNKNOWN, monitor=<psychopy.monitors.calibTools.Monitor object at 0x13ba876d8>, multiSample=False, name='window1', numSamples=2, pos=[0.0, 0.0], screen=0, size=array([5120, 2880]), stereo=False, units='height', useFBO=True, useRetina=True, viewOri=0.0, viewPos=None, viewScale=None, waitBlanking=True, winType='pyglet')
4.6269 	EXP 	window1: recordFrameIntervals = False
4.7931 	EXP 	window1: recordFrameIntervals = True
4.9760 	EXP 	window1: recordFrameIntervals = False
5.1738 	EXP 	Created resettext = TextStim(__class__=<class 'psychopy.visual.text.TextStim'>, alignHoriz='center', alignVert='center', antialias=True, autoLog=True, bold=False, color='black', colorSpace='named', contrast=1.0, depth=0.0, flipHoriz=False, flipVert=False, font='Arial', fontFiles=[], height=0.04, italic=False, languageStyle='LTR', name='resettext', opacity=1.0, ori=0, pos=array([0., 0.]), rgb=array([0., 0., 0.]), text='+', units='height', win=Window(...), wrapWidth=1)
5.1750 	EXP 	Created studyImage = ImageStim(__class__=<class 'psychopy.visual.image.ImageStim'>, autoLog=True, color='white', colorSpace='named', contrast=1.0, depth=0.0, flipHoriz=False, flipVert=False, image='sin', interpolate=True, mask=None, maskParams=None, name='studyImage', opacity=1.0, ori=0.0, pos=array([0., 0.]), size=array([0.19, 0.19]), texRes=128, units='height', win=Window(...))
5.1769 	EXP 	Created resettext = TextStim(__class__=<class 'psychopy.visual.text.TextStim'>, alignHoriz='center', alignVert='center', antialias=True, autoLog=True, bold=False, color='black', colorSpace='named', contrast=1.0, depth=0.0, flipHoriz=False, flipVert=False, font='Arial', fontFiles=[], height=0.04, italic=False, languageStyle='LTR', name='resettext', opacity=1.0, ori=0, pos=array([0., 0.]), rgb=array([0., 0., 0.]), text='+', units='height', win=Window(...), wrapWidth=1)
5.1869 	EXP 	Created oldornewText = TextStim(__class__=<class 'psychopy.visual.text.TextStim'>, alignHoriz='center', alignVert='center', antialias=True, autoLog=True, bold=False, color='black', colorSpace='named', contrast=1.0, depth=0.0, flipHoriz=False, flipVert=False, font='Arial', fontFiles=[], height=0.05, italic=False, languageStyle='LTR', name='oldornewText', opacity=1.0, ori=0, pos=array([ 0.  , -0.45]), rgb=array([0., 0., 0.]), text='1 - Old        2 - New', units='height', win=Window(...), wrapWidth=1)
5.1882 	EXP 	Created oldornewImage = ImageStim(__class__=<class 'psychopy.visual.image.ImageStim'>, autoLog=True, color=array([-1., -1., -1.]), colorSpace='rgb', contrast=1.0, depth=-1.0, flipHoriz=False, flipVert=False, image='sin', interpolate=True, mask=None, maskParams=None, name='oldornewImage', opacity=1.0, ori=0.0, pos=array([0., 0.]), size=array([0.19, 0.19]), texRes=128, units='height', win=Window(...))
5.1899 	EXP 	Created resettext = TextStim(__class__=<class 'psychopy.visual.text.TextStim'>, alignHoriz='center', alignVert='center', antialias=True, autoLog=True, bold=False, color='black', colorSpace='named', contrast=1.0, depth=0.0, flipHoriz=False, flipVert=False, font='Arial', fontFiles=[], height=0.04, italic=False, languageStyle='LTR', name='resettext', opacity=1.0, ori=0, pos=array([0., 0.]), rgb=array([0., 0., 0.]), text='+', units='height', win=Window(...), wrapWidth=1)
5.2342 	EXP 	Created Image3 = ImageStim(__class__=<class 'psychopy.visual.image.ImageStim'>, autoLog=True, color=array([225.,   1.,   0.]), colorSpace='hsv', contrast=1.0, depth=0.0, flipHoriz=False, flipVert=False, image=str(...), interpolate=True, mask=None, maskParams=None, name='Image3', opacity=1.0, ori=0.0, pos=array([0., 0.]), size=array([0.19, 0.19]), texRes=128, units='height', win=Window(...))
5.2393 	EXP 	Created unnamed RadialStim = RadialStim(__class__=<class 'psychopy.visual.radial.RadialStim'>, autoDraw=False, autoLog=True, blendmode='avg', color=array([180.,   0.,   1.]), colorSpace='hsv', contrast=1.0, depth=0, interpolate=False, mask='none', maskParams=None, name='unnamed RadialStim', opacity=0.0, ori=0.0, phase=array([0., 0.]), pos=array([0., 0.]), rgbPedestal=array([0., 0., 0.]), sf=1, size=array([0.25, 0.25]), tex='sqrXsqr', texRes=64, units='height', win=Window(...))
5.2451 	EXP 	Created unnamed RadialStim = RadialStim(__class__=<class 'psychopy.visual.radial.RadialStim'>, autoDraw=False, autoLog=True, blendmode='avg', color=array([1., 1., 1.]), colorSpace='rgb', contrast=1.0, depth=0, interpolate=True, mask=ndarray(...), maskParams=None, name='unnamed RadialStim', opacity=1.0, ori=0.0, phase=array([0., 0.]), pos=array([0., 0.]), rgbPedestal=array([0., 0., 0.]), sf=1, size=array([0.3, 0.3]), tex=ndarray(...), texRes=64, units='height', win=Window(...))
5.2467 	EXP 	Created screenRect3 = Rect(__class__=<class 'psychopy.visual.rect.Rect'>, autoDraw=False, autoLog=True, closeShape=True, color=method-wrapper(...), colorSpace=None, contrast=1.0, depth=-6.0, fillColor=array([1., 1., 1.]), fillColorSpace='rgb', fillRGB=array([1., 1., 1.]), interpolate=True, lineColor=array([1., 1., 1.]), lineColorSpace='rgb', lineRGB=array([1., 1., 1.]), lineWidth=1, name='screenRect3', opacity=0.0, ori=array(0.), pos=array([0., 0.]), size=array([1., 1.]), units='height', vertices=ndarray(...), win=Window(...))
5.2592 	EXP 	Created ColorText = TextStim(__class__=<class 'psychopy.visual.text.TextStim'>, alignHoriz='center', alignVert='center', antialias=True, autoLog=True, bold=False, color='white', colorSpace='named', contrast=1.0, depth=0.0, flipHoriz=False, flipVert=False, font='Arial', fontFiles=[], height=0.03, italic=False, languageStyle='LTR', name='ColorText', opacity=1.0, ori=0, pos=array([ 0. , -0.4]), rgb=array([255., 255., 255.]), text='Please select a color from the color wheel', units='height', win=Window(...), wrapWidth=1)
5.2694 	EXP 	Created DragText = TextStim(__class__=<class 'psychopy.visual.text.TextStim'>, alignHoriz='center', alignVert='center', antialias=True, autoLog=True, bold=False, color='white', colorSpace='named', contrast=1.0, depth=0.0, flipHoriz=False, flipVert=False, font='Arial', fontFiles=[], height=0.03, italic=False, languageStyle='LTR', name='DragText', opacity=1.0, ori=0, pos=array([ 0. , -0.4]), rgb=array([255., 255., 255.]), text=str(...), units='height', win=Window(...), wrapWidth=1)
5.2708 	EXP 	Created arrowUp = ImageStim(__class__=<class 'psychopy.visual.image.ImageStim'>, autoLog=True, color=array([1., 1., 0.]), colorSpace='hsv', contrast=1.0, depth=0.0, flipHoriz=False, flipVert=False, image='sin', interpolate=True, mask=None, maskParams=None, name='arrowUp', opacity=1.0, ori=0.0, pos=array([0. , 0.2]), size=array([0.03, 0.03]), texRes=128, units='height', win=Window(...))
5.2720 	EXP 	Created arrowDown = ImageStim(__class__=<class 'psychopy.visual.image.ImageStim'>, autoLog=True, color=array([1., 1., 0.]), colorSpace='hsv', contrast=1.0, depth=0.0, flipHoriz=False, flipVert=True, image='sin', interpolate=True, mask=None, maskParams=None, name='arrowDown', opacity=1.0, ori=0.0, pos=array([ 0. , -0.2]), size=array([0.03, 0.03]), texRes=128, units='height', win=Window(...))
5.2733 	EXP 	Created arrowRight = ImageStim(__class__=<class 'psychopy.visual.image.ImageStim'>, autoLog=True, color=array([1., 1., 0.]), colorSpace='hsv', contrast=1.0, depth=0.0, flipHoriz=False, flipVert=False, image='sin', interpolate=True, mask=None, maskParams=None, name='arrowRight', opacity=1.0, ori=0.0, pos=array([0.2, 0. ]), size=array([0.03, 0.03]), texRes=128, units='height', win=Window(...))
5.2745 	EXP 	Created arrowLeft = ImageStim(__class__=<class 'psychopy.visual.image.ImageStim'>, autoLog=True, color=array([1., 1., 0.]), colorSpace='hsv', contrast=1.0, depth=0.0, flipHoriz=True, flipVert=False, image='sin', interpolate=True, mask=None, maskParams=None, name='arrowLeft', opacity=1.0, ori=0.0, pos=array([-0.2,  0. ]), size=array([0.03, 0.03]), texRes=128, units='height', win=Window(...))
5.3227 	EXP 	window1: mouseVisible = False
5.3449 	EXP 	arrowUp: image = '/Volumes/psych-cog/bamlab/Experiments/PACO/LOCO/arrowUp.png'
5.3449 	EXP 	arrowDown: image = '/Volumes/psych-cog/bamlab/Experiments/PACO/LOCO/arrowUp.png'
5.3449 	EXP 	arrowRight: image = '/Volumes/psych-cog/bamlab/Experiments/PACO/LOCO/arrowRight.png'
5.3449 	EXP 	arrowLeft: image = '/Volumes/psych-cog/bamlab/Experiments/PACO/LOCO/arrowRight.png'
5.3449 	EXP 	resettext: autoDraw = True
6.3980 	DATA 	Keypress: space
6.4108 	EXP 	resettext: autoDraw = False
6.4108 	EXP 	studyImage: color = '[12.  1.  1.] (hsv)'
6.4108 	EXP 	studyImage: pos = array([0., 0.])
6.4108 	EXP 	studyImage: image = '/Volumes/psych-cog/bamlab/Experiments/PACO/Stimuli/22.png'
6.4108 	EXP 	studyImage: autoDraw = True
9.8785 	DATA 	Keypress: escape
10.4538 	EXP 	window1: mouseVisible = True
