3.4298 	EXP 	Created window1 = Window(allowGUI=False, allowStencil=False, args=UNKNOWN, autoLog=True, bitsMode=UNKNOWN, blendMode='avg', color=array([1., 1., 1.]), colorSpace='rgb', fullscr=<method-wrapper '__getattribute__' of attributeSetter object at 0x13ba2cbe0>, gamma=None, kwargs=UNKNOWN, lms=UNKNOWN, monitor=<psychopy.monitors.calibTools.Monitor object at 0x13ba92ef0>, multiSample=False, name='window1', numSamples=2, pos=[0.0, 0.0], screen=0, size=array([5120, 2880]), stereo=False, units='height', useFBO=True, useRetina=True, viewOri=0.0, viewPos=None, viewScale=None, waitBlanking=True, winType='pyglet')
3.4298 	EXP 	window1: recordFrameIntervals = False
3.5958 	EXP 	window1: recordFrameIntervals = True
3.7787 	EXP 	window1: recordFrameIntervals = False
3.9789 	EXP 	Created resettext = TextStim(__class__=<class 'psychopy.visual.text.TextStim'>, alignHoriz='center', alignVert='center', antialias=True, autoLog=True, bold=False, color='black', colorSpace='named', contrast=1.0, depth=0.0, flipHoriz=False, flipVert=False, font='Arial', fontFiles=[], height=0.04, italic=False, languageStyle='LTR', name='resettext', opacity=1.0, ori=0, pos=array([0., 0.]), rgb=array([0., 0., 0.]), text='+', units='height', win=Window(...), wrapWidth=1)
3.9802 	EXP 	Created studyImage = ImageStim(__class__=<class 'psychopy.visual.image.ImageStim'>, autoLog=True, color='white', colorSpace='named', contrast=1.0, depth=0.0, flipHoriz=False, flipVert=False, image='sin', interpolate=True, mask=None, maskParams=None, name='studyImage', opacity=1.0, ori=0.0, pos=array([0., 0.]), size=array([0.19, 0.19]), texRes=128, units='height', win=Window(...))
3.9882 	EXP 	Created text_6 = TextStim(__class__=<class 'psychopy.visual.text.TextStim'>, alignHoriz='center', alignVert='center', antialias=True, autoLog=True, bold=False, color='black', colorSpace='named', contrast=1.0, depth=-2.0, flipHoriz=False, flipVert=False, font='Arial', fontFiles=[], height=0.03, italic=False, languageStyle='LTR', name='text_6', opacity=1.0, ori=0, pos=array([0.  , 0.45]), rgb=array([0., 0., 0.]), text='Stimuli: ', units='height', win=Window(...), wrapWidth=1)
3.9923 	EXP 	Created text_7 = TextStim(__class__=<class 'psychopy.visual.text.TextStim'>, alignHoriz='center', alignVert='center', antialias=True, autoLog=True, bold=False, color='black', colorSpace='named', contrast=1.0, depth=-3.0, flipHoriz=False, flipVert=False, font='Arial', fontFiles=[], height=0.03, italic=False, languageStyle='LTR', name='text_7', opacity=1.0, ori=0, pos=array([0. , 0.4]), rgb=array([0., 0., 0.]), text='Color: ', units='height', win=Window(...), wrapWidth=1)
3.9943 	EXP 	Created resettext = TextStim(__class__=<class 'psychopy.visual.text.TextStim'>, alignHoriz='center', alignVert='center', antialias=True, autoLog=True, bold=False, color='black', colorSpace='named', contrast=1.0, depth=0.0, flipHoriz=False, flipVert=False, font='Arial', fontFiles=[], height=0.04, italic=False, languageStyle='LTR', name='resettext', opacity=1.0, ori=0, pos=array([0., 0.]), rgb=array([0., 0., 0.]), text='+', units='height', win=Window(...), wrapWidth=1)
4.0035 	EXP 	Created oldornewText = TextStim(__class__=<class 'psychopy.visual.text.TextStim'>, alignHoriz='center', alignVert='center', antialias=True, autoLog=True, bold=False, color='black', colorSpace='named', contrast=1.0, depth=0.0, flipHoriz=False, flipVert=False, font='Arial', fontFiles=[], height=0.05, italic=False, languageStyle='LTR', name='oldornewText', opacity=1.0, ori=0, pos=array([ 0.  , -0.45]), rgb=array([0., 0., 0.]), text='1 - Old        2 - New', units='height', win=Window(...), wrapWidth=1)
4.0048 	EXP 	Created oldornewImage = ImageStim(__class__=<class 'psychopy.visual.image.ImageStim'>, autoLog=True, color=array([-1., -1., -1.]), colorSpace='rgb', contrast=1.0, depth=-1.0, flipHoriz=False, flipVert=False, image='sin', interpolate=True, mask=None, maskParams=None, name='oldornewImage', opacity=1.0, ori=0.0, pos=array([0., 0.]), size=array([0.19, 0.19]), texRes=128, units='height', win=Window(...))
4.0068 	EXP 	Created resettext = TextStim(__class__=<class 'psychopy.visual.text.TextStim'>, alignHoriz='center', alignVert='center', antialias=True, autoLog=True, bold=False, color='black', colorSpace='named', contrast=1.0, depth=0.0, flipHoriz=False, flipVert=False, font='Arial', fontFiles=[], height=0.04, italic=False, languageStyle='LTR', name='resettext', opacity=1.0, ori=0, pos=array([0., 0.]), rgb=array([0., 0., 0.]), text='+', units='height', win=Window(...), wrapWidth=1)
4.0497 	EXP 	Created Image3 = ImageStim(__class__=<class 'psychopy.visual.image.ImageStim'>, autoLog=True, color=array([0., 1., 0.]), colorSpace='hsv', contrast=1.0, depth=0.0, flipHoriz=False, flipVert=False, image=str(...), interpolate=True, mask=None, maskParams=None, name='Image3', opacity=1.0, ori=0.0, pos=array([0., 0.]), size=array([0.19, 0.19]), texRes=128, units='height', win=Window(...))
4.0549 	EXP 	Created unnamed RadialStim = RadialStim(__class__=<class 'psychopy.visual.radial.RadialStim'>, autoDraw=False, autoLog=True, blendmode='avg', color=array([180.,   0.,   1.]), colorSpace='hsv', contrast=1.0, depth=0, interpolate=False, mask='none', maskParams=None, name='unnamed RadialStim', opacity=0.0, ori=0.0, phase=array([0., 0.]), pos=array([0., 0.]), rgbPedestal=array([0., 0., 0.]), sf=1, size=array([0.25, 0.25]), tex='sqrXsqr', texRes=64, units='height', win=Window(...))
4.0609 	EXP 	Created unnamed RadialStim = RadialStim(__class__=<class 'psychopy.visual.radial.RadialStim'>, autoDraw=False, autoLog=True, blendmode='avg', color=array([1., 1., 1.]), colorSpace='rgb', contrast=1.0, depth=0, interpolate=True, mask=ndarray(...), maskParams=None, name='unnamed RadialStim', opacity=1.0, ori=0.0, phase=array([0., 0.]), pos=array([0., 0.]), rgbPedestal=array([0., 0., 0.]), sf=1, size=array([0.3, 0.3]), tex=ndarray(...), texRes=64, units='height', win=Window(...))
4.0626 	EXP 	Created screenRect3 = Rect(__class__=<class 'psychopy.visual.rect.Rect'>, autoDraw=False, autoLog=True, closeShape=True, color=method-wrapper(...), colorSpace=None, contrast=1.0, depth=-6.0, fillColor=array([1., 1., 1.]), fillColorSpace='rgb', fillRGB=array([1., 1., 1.]), interpolate=True, lineColor=array([1., 1., 1.]), lineColorSpace='rgb', lineRGB=array([1., 1., 1.]), lineWidth=1, name='screenRect3', opacity=0.0, ori=array(0.), pos=array([0., 0.]), size=array([1., 1.]), units='height', vertices=ndarray(...), win=Window(...))
4.0725 	EXP 	Created ColorText = TextStim(__class__=<class 'psychopy.visual.text.TextStim'>, alignHoriz='center', alignVert='center', antialias=True, autoLog=True, bold=False, color='white', colorSpace='named', contrast=1.0, depth=0.0, flipHoriz=False, flipVert=False, font='Arial', fontFiles=[], height=0.03, italic=False, languageStyle='LTR', name='ColorText', opacity=1.0, ori=0, pos=array([ 0. , -0.4]), rgb=array([255., 255., 255.]), text='Please select a color from the color wheel', units='height', win=Window(...), wrapWidth=1)
4.0824 	EXP 	Created DragText = TextStim(__class__=<class 'psychopy.visual.text.TextStim'>, alignHoriz='center', alignVert='center', antialias=True, autoLog=True, bold=False, color='white', colorSpace='named', contrast=1.0, depth=0.0, flipHoriz=False, flipVert=False, font='Arial', fontFiles=[], height=0.03, italic=False, languageStyle='LTR', name='DragText', opacity=1.0, ori=0, pos=array([ 0. , -0.4]), rgb=array([255., 255., 255.]), text=str(...), units='height', win=Window(...), wrapWidth=1)
4.0838 	EXP 	Created arrowUp = ImageStim(__class__=<class 'psychopy.visual.image.ImageStim'>, autoLog=True, color=array([1., 1., 0.]), colorSpace='hsv', contrast=1.0, depth=0.0, flipHoriz=False, flipVert=False, image='sin', interpolate=True, mask=None, maskParams=None, name='arrowUp', opacity=1.0, ori=0.0, pos=array([0. , 0.2]), size=array([0.03, 0.03]), texRes=128, units='height', win=Window(...))
4.0851 	EXP 	Created arrowDown = ImageStim(__class__=<class 'psychopy.visual.image.ImageStim'>, autoLog=True, color=array([1., 1., 0.]), colorSpace='hsv', contrast=1.0, depth=0.0, flipHoriz=False, flipVert=True, image='sin', interpolate=True, mask=None, maskParams=None, name='arrowDown', opacity=1.0, ori=0.0, pos=array([ 0. , -0.2]), size=array([0.03, 0.03]), texRes=128, units='height', win=Window(...))
4.0864 	EXP 	Created arrowRight = ImageStim(__class__=<class 'psychopy.visual.image.ImageStim'>, autoLog=True, color=array([1., 1., 0.]), colorSpace='hsv', contrast=1.0, depth=0.0, flipHoriz=False, flipVert=False, image='sin', interpolate=True, mask=None, maskParams=None, name='arrowRight', opacity=1.0, ori=0.0, pos=array([0.2, 0. ]), size=array([0.03, 0.03]), texRes=128, units='height', win=Window(...))
4.0877 	EXP 	Created arrowLeft = ImageStim(__class__=<class 'psychopy.visual.image.ImageStim'>, autoLog=True, color=array([1., 1., 0.]), colorSpace='hsv', contrast=1.0, depth=0.0, flipHoriz=True, flipVert=False, image='sin', interpolate=True, mask=None, maskParams=None, name='arrowLeft', opacity=1.0, ori=0.0, pos=array([-0.2,  0. ]), size=array([0.03, 0.03]), texRes=128, units='height', win=Window(...))
4.1373 	EXP 	window1: mouseVisible = False
4.1623 	EXP 	arrowUp: image = '/Volumes/psych-cog/bamlab/Experiments/PACO/LOCO/arrowUp.png'
4.1623 	EXP 	arrowDown: image = '/Volumes/psych-cog/bamlab/Experiments/PACO/LOCO/arrowUp.png'
4.1623 	EXP 	arrowRight: image = '/Volumes/psych-cog/bamlab/Experiments/PACO/LOCO/arrowRight.png'
4.1623 	EXP 	arrowLeft: image = '/Volumes/psych-cog/bamlab/Experiments/PACO/LOCO/arrowRight.png'
4.1623 	EXP 	resettext: autoDraw = True
4.3760 	EXP 	window1: mouseVisible = True
4.3841 	DATA 	Keypress: space
4.4119 	EXP 	resettext: autoDraw = False
4.4119 	EXP 	studyImage: pos = array([0., 0.])
4.4119 	EXP 	studyImage: autoDraw = True
4.4119 	EXP 	text_6: autoDraw = True
4.4119 	EXP 	text_7: autoDraw = True
4.4119 	EXP 	text_6: text = 'Image: 22'
4.4119 	EXP 	text_7: text = 'Color: 22'
4.4290 	EXP 	text_6: text = 'Image: 22'
4.4290 	EXP 	text_7: text = 'Color: 22'
4.4463 	EXP 	text_6: text = 'Image: 22'
4.4463 	EXP 	text_7: text = 'Color: 22'
4.4621 	EXP 	text_6: text = 'Image: 22'
4.4621 	EXP 	text_7: text = 'Color: 22'
4.4797 	EXP 	text_6: text = 'Image: 22'
4.4797 	EXP 	text_7: text = 'Color: 22'
4.4954 	EXP 	text_6: text = 'Image: 22'
4.4954 	EXP 	text_7: text = 'Color: 22'
4.5125 	EXP 	text_6: text = 'Image: 22'
4.5125 	EXP 	text_7: text = 'Color: 22'
4.5289 	EXP 	text_6: text = 'Image: 22'
4.5289 	EXP 	text_7: text = 'Color: 22'
4.5461 	EXP 	text_6: text = 'Image: 22'
4.5461 	EXP 	text_7: text = 'Color: 22'
4.5624 	EXP 	text_6: text = 'Image: 22'
4.5624 	EXP 	text_7: text = 'Color: 22'
4.5787 	EXP 	text_6: text = 'Image: 22'
4.5787 	EXP 	text_7: text = 'Color: 22'
4.5953 	EXP 	text_6: text = 'Image: 22'
4.5953 	EXP 	text_7: text = 'Color: 22'
4.6125 	EXP 	text_6: text = 'Image: 22'
4.6125 	EXP 	text_7: text = 'Color: 22'
4.6288 	EXP 	text_6: text = 'Image: 22'
4.6288 	EXP 	text_7: text = 'Color: 22'
4.6451 	EXP 	text_6: text = 'Image: 22'
4.6451 	EXP 	text_7: text = 'Color: 22'
4.6624 	EXP 	text_6: text = 'Image: 22'
4.6624 	EXP 	text_7: text = 'Color: 22'
4.6796 	EXP 	text_6: text = 'Image: 22'
4.6796 	EXP 	text_7: text = 'Color: 22'
4.6958 	EXP 	text_6: text = 'Image: 22'
4.6958 	EXP 	text_7: text = 'Color: 22'
4.7129 	EXP 	text_6: text = 'Image: 22'
4.7129 	EXP 	text_7: text = 'Color: 22'
4.7292 	EXP 	text_6: text = 'Image: 22'
4.7292 	EXP 	text_7: text = 'Color: 22'
4.7457 	EXP 	text_6: text = 'Image: 22'
4.7457 	EXP 	text_7: text = 'Color: 22'
4.7621 	EXP 	text_6: text = 'Image: 22'
4.7621 	EXP 	text_7: text = 'Color: 22'
4.7796 	EXP 	text_6: text = 'Image: 22'
4.7796 	EXP 	text_7: text = 'Color: 22'
4.7953 	EXP 	text_6: text = 'Image: 22'
4.7953 	EXP 	text_7: text = 'Color: 22'
4.8128 	EXP 	text_6: text = 'Image: 22'
4.8128 	EXP 	text_7: text = 'Color: 22'
4.8289 	EXP 	text_6: text = 'Image: 22'
4.8289 	EXP 	text_7: text = 'Color: 22'
4.8461 	EXP 	text_6: text = 'Image: 22'
4.8461 	EXP 	text_7: text = 'Color: 22'
4.8628 	EXP 	text_6: text = 'Image: 22'
4.8628 	EXP 	text_7: text = 'Color: 22'
4.8791 	EXP 	text_6: text = 'Image: 22'
4.8791 	EXP 	text_7: text = 'Color: 22'
4.8955 	EXP 	text_6: text = 'Image: 22'
4.8955 	EXP 	text_7: text = 'Color: 22'
4.9119 	EXP 	text_6: text = 'Image: 22'
4.9119 	EXP 	text_7: text = 'Color: 22'
4.9290 	EXP 	text_6: text = 'Image: 22'
4.9290 	EXP 	text_7: text = 'Color: 22'
4.9463 	EXP 	text_6: text = 'Image: 22'
4.9463 	EXP 	text_7: text = 'Color: 22'
4.9625 	EXP 	text_6: text = 'Image: 22'
4.9625 	EXP 	text_7: text = 'Color: 22'
4.9793 	EXP 	text_6: text = 'Image: 22'
4.9793 	EXP 	text_7: text = 'Color: 22'
4.9956 	EXP 	text_6: text = 'Image: 22'
4.9956 	EXP 	text_7: text = 'Color: 22'
5.0129 	EXP 	text_6: text = 'Image: 22'
5.0129 	EXP 	text_7: text = 'Color: 22'
5.0291 	EXP 	text_6: text = 'Image: 22'
5.0291 	EXP 	text_7: text = 'Color: 22'
5.0463 	EXP 	text_6: text = 'Image: 22'
5.0463 	EXP 	text_7: text = 'Color: 22'
5.0629 	EXP 	text_6: text = 'Image: 22'
5.0629 	EXP 	text_7: text = 'Color: 22'
5.0788 	EXP 	text_6: text = 'Image: 22'
5.0788 	EXP 	text_7: text = 'Color: 22'
5.0957 	EXP 	text_6: text = 'Image: 22'
5.0957 	EXP 	text_7: text = 'Color: 22'
5.1126 	EXP 	text_6: text = 'Image: 22'
5.1126 	EXP 	text_7: text = 'Color: 22'
5.1295 	EXP 	text_6: text = 'Image: 22'
5.1295 	EXP 	text_7: text = 'Color: 22'
5.1453 	EXP 	text_6: text = 'Image: 22'
5.1453 	EXP 	text_7: text = 'Color: 22'
5.1623 	EXP 	text_6: text = 'Image: 22'
5.1623 	EXP 	text_7: text = 'Color: 22'
5.1796 	EXP 	text_6: text = 'Image: 22'
5.1796 	EXP 	text_7: text = 'Color: 22'
5.1959 	EXP 	text_6: text = 'Image: 22'
5.1959 	EXP 	text_7: text = 'Color: 22'
5.2123 	EXP 	text_6: text = 'Image: 22'
5.2123 	EXP 	text_7: text = 'Color: 22'
5.2297 	EXP 	text_6: text = 'Image: 22'
5.2297 	EXP 	text_7: text = 'Color: 22'
5.2465 	EXP 	text_6: text = 'Image: 22'
5.2465 	EXP 	text_7: text = 'Color: 22'
5.2621 	EXP 	text_6: text = 'Image: 22'
5.2621 	EXP 	text_7: text = 'Color: 22'
5.2797 	EXP 	text_6: text = 'Image: 22'
5.2797 	EXP 	text_7: text = 'Color: 22'
5.2959 	EXP 	text_6: text = 'Image: 22'
5.2959 	EXP 	text_7: text = 'Color: 22'
5.3128 	EXP 	text_6: text = 'Image: 22'
5.3128 	EXP 	text_7: text = 'Color: 22'
5.3295 	EXP 	text_6: text = 'Image: 22'
5.3295 	EXP 	text_7: text = 'Color: 22'
5.3465 	EXP 	text_6: text = 'Image: 22'
5.3465 	EXP 	text_7: text = 'Color: 22'
5.3621 	EXP 	text_6: text = 'Image: 22'
5.3621 	EXP 	text_7: text = 'Color: 22'
5.3793 	EXP 	text_6: text = 'Image: 22'
5.3793 	EXP 	text_7: text = 'Color: 22'
5.3964 	EXP 	text_6: text = 'Image: 22'
5.3964 	EXP 	text_7: text = 'Color: 22'
5.4127 	EXP 	text_6: text = 'Image: 22'
5.4127 	EXP 	text_7: text = 'Color: 22'
5.4290 	EXP 	text_6: text = 'Image: 22'
5.4290 	EXP 	text_7: text = 'Color: 22'
5.4456 	EXP 	text_6: text = 'Image: 22'
5.4456 	EXP 	text_7: text = 'Color: 22'
5.4621 	EXP 	text_6: text = 'Image: 22'
5.4621 	EXP 	text_7: text = 'Color: 22'
5.4791 	EXP 	text_6: text = 'Image: 22'
5.4791 	EXP 	text_7: text = 'Color: 22'
5.4965 	EXP 	text_6: text = 'Image: 22'
5.4965 	EXP 	text_7: text = 'Color: 22'
5.5132 	EXP 	text_6: text = 'Image: 22'
5.5132 	EXP 	text_7: text = 'Color: 22'
5.5290 	EXP 	text_6: text = 'Image: 22'
5.5290 	EXP 	text_7: text = 'Color: 22'
5.5458 	EXP 	text_6: text = 'Image: 22'
5.5458 	EXP 	text_7: text = 'Color: 22'
5.5626 	EXP 	text_6: text = 'Image: 22'
5.5626 	EXP 	text_7: text = 'Color: 22'
5.5788 	EXP 	text_6: text = 'Image: 22'
5.5788 	EXP 	text_7: text = 'Color: 22'
5.5960 	EXP 	text_6: text = 'Image: 22'
5.5960 	EXP 	text_7: text = 'Color: 22'
5.6131 	EXP 	text_6: text = 'Image: 22'
5.6131 	EXP 	text_7: text = 'Color: 22'
5.6289 	EXP 	text_6: text = 'Image: 22'
5.6289 	EXP 	text_7: text = 'Color: 22'
5.6339 	DATA 	Mouse: Left button down, pos=(1356,1364)
5.6461 	EXP 	text_6: text = 'Image: 22'
5.6461 	EXP 	text_7: text = 'Color: 22'
5.6629 	EXP 	text_6: text = 'Image: 22'
5.6629 	EXP 	text_7: text = 'Color: 22'
5.6798 	EXP 	text_6: text = 'Image: 22'
5.6798 	EXP 	text_7: text = 'Color: 22'
5.6966 	EXP 	text_6: text = 'Image: 22'
5.6966 	EXP 	text_7: text = 'Color: 22'
5.7126 	EXP 	text_6: text = 'Image: 22'
5.7126 	EXP 	text_7: text = 'Color: 22'
5.7298 	EXP 	text_6: text = 'Image: 22'
5.7298 	EXP 	text_7: text = 'Color: 22'
5.7357 	DATA 	Mouse:  Left button up, pos=(1356,1363)
5.7455 	EXP 	text_6: text = 'Image: 22'
5.7455 	EXP 	text_7: text = 'Color: 22'
5.7630 	EXP 	text_6: text = 'Image: 22'
5.7630 	EXP 	text_7: text = 'Color: 22'
5.7790 	EXP 	text_6: text = 'Image: 22'
5.7790 	EXP 	text_7: text = 'Color: 22'
5.7964 	EXP 	text_6: text = 'Image: 22'
5.7964 	EXP 	text_7: text = 'Color: 22'
5.8122 	EXP 	text_6: text = 'Image: 22'
5.8122 	EXP 	text_7: text = 'Color: 22'
5.8288 	EXP 	text_6: text = 'Image: 22'
5.8288 	EXP 	text_7: text = 'Color: 22'
5.8459 	EXP 	text_6: text = 'Image: 22'
5.8459 	EXP 	text_7: text = 'Color: 22'
5.8625 	EXP 	text_6: text = 'Image: 22'
5.8625 	EXP 	text_7: text = 'Color: 22'
5.8791 	EXP 	text_6: text = 'Image: 22'
5.8791 	EXP 	text_7: text = 'Color: 22'
5.8958 	EXP 	text_6: text = 'Image: 22'
5.8958 	EXP 	text_7: text = 'Color: 22'
5.9124 	EXP 	text_6: text = 'Image: 22'
5.9124 	EXP 	text_7: text = 'Color: 22'
5.9299 	EXP 	text_6: text = 'Image: 22'
5.9299 	EXP 	text_7: text = 'Color: 22'
5.9465 	EXP 	text_6: text = 'Image: 22'
5.9465 	EXP 	text_7: text = 'Color: 22'
5.9628 	EXP 	text_6: text = 'Image: 22'
5.9628 	EXP 	text_7: text = 'Color: 22'
5.9799 	EXP 	text_6: text = 'Image: 22'
5.9799 	EXP 	text_7: text = 'Color: 22'
5.9956 	EXP 	text_6: text = 'Image: 22'
5.9956 	EXP 	text_7: text = 'Color: 22'
6.0130 	EXP 	text_6: text = 'Image: 22'
6.0130 	EXP 	text_7: text = 'Color: 22'
6.0288 	EXP 	text_6: text = 'Image: 22'
6.0288 	EXP 	text_7: text = 'Color: 22'
6.0458 	EXP 	text_6: text = 'Image: 22'
6.0458 	EXP 	text_7: text = 'Color: 22'
6.0628 	EXP 	text_6: text = 'Image: 22'
6.0628 	EXP 	text_7: text = 'Color: 22'
6.0790 	EXP 	text_6: text = 'Image: 22'
6.0790 	EXP 	text_7: text = 'Color: 22'
6.0957 	EXP 	text_6: text = 'Image: 22'
6.0957 	EXP 	text_7: text = 'Color: 22'
6.1125 	EXP 	text_6: text = 'Image: 22'
6.1125 	EXP 	text_7: text = 'Color: 22'
6.1295 	EXP 	text_6: text = 'Image: 22'
6.1295 	EXP 	text_7: text = 'Color: 22'
6.1459 	EXP 	text_6: text = 'Image: 22'
6.1459 	EXP 	text_7: text = 'Color: 22'
6.1629 	EXP 	text_6: text = 'Image: 22'
6.1629 	EXP 	text_7: text = 'Color: 22'
6.1791 	EXP 	text_6: text = 'Image: 22'
6.1791 	EXP 	text_7: text = 'Color: 22'
6.1964 	EXP 	text_6: text = 'Image: 22'
6.1964 	EXP 	text_7: text = 'Color: 22'
6.2129 	EXP 	text_6: text = 'Image: 22'
6.2129 	EXP 	text_7: text = 'Color: 22'
6.2296 	EXP 	text_6: text = 'Image: 22'
6.2296 	EXP 	text_7: text = 'Color: 22'
6.2454 	EXP 	text_6: text = 'Image: 22'
6.2454 	EXP 	text_7: text = 'Color: 22'
6.2622 	EXP 	text_6: text = 'Image: 22'
6.2622 	EXP 	text_7: text = 'Color: 22'
6.2795 	EXP 	text_6: text = 'Image: 22'
6.2795 	EXP 	text_7: text = 'Color: 22'
6.2965 	EXP 	text_6: text = 'Image: 22'
6.2965 	EXP 	text_7: text = 'Color: 22'
6.3130 	EXP 	text_6: text = 'Image: 22'
6.3130 	EXP 	text_7: text = 'Color: 22'
6.3295 	EXP 	text_6: text = 'Image: 22'
6.3295 	EXP 	text_7: text = 'Color: 22'
6.3464 	EXP 	text_6: text = 'Image: 22'
6.3464 	EXP 	text_7: text = 'Color: 22'
6.3621 	EXP 	text_6: text = 'Image: 22'
6.3621 	EXP 	text_7: text = 'Color: 22'
6.3801 	EXP 	text_6: text = 'Image: 22'
6.3801 	EXP 	text_7: text = 'Color: 22'
6.3962 	EXP 	text_6: text = 'Image: 22'
6.3962 	EXP 	text_7: text = 'Color: 22'
6.4130 	EXP 	text_6: text = 'Image: 22'
6.4130 	EXP 	text_7: text = 'Color: 22'
6.4295 	EXP 	text_6: text = 'Image: 22'
6.4295 	EXP 	text_7: text = 'Color: 22'
6.4456 	EXP 	text_6: text = 'Image: 22'
6.4456 	EXP 	text_7: text = 'Color: 22'
6.4622 	EXP 	text_6: text = 'Image: 22'
6.4622 	EXP 	text_7: text = 'Color: 22'
6.4788 	EXP 	text_6: text = 'Image: 22'
6.4788 	EXP 	text_7: text = 'Color: 22'
6.4956 	EXP 	text_6: text = 'Image: 22'
6.4956 	EXP 	text_7: text = 'Color: 22'
6.5122 	EXP 	text_6: text = 'Image: 22'
6.5122 	EXP 	text_7: text = 'Color: 22'
6.5294 	EXP 	text_6: text = 'Image: 22'
6.5294 	EXP 	text_7: text = 'Color: 22'
6.5459 	EXP 	text_6: text = 'Image: 22'
6.5459 	EXP 	text_7: text = 'Color: 22'
6.5622 	EXP 	text_6: text = 'Image: 22'
6.5622 	EXP 	text_7: text = 'Color: 22'
6.5796 	EXP 	text_6: text = 'Image: 22'
6.5796 	EXP 	text_7: text = 'Color: 22'
6.5965 	EXP 	text_6: text = 'Image: 22'
6.5965 	EXP 	text_7: text = 'Color: 22'
6.6129 	EXP 	text_6: text = 'Image: 22'
6.6129 	EXP 	text_7: text = 'Color: 22'
6.6289 	EXP 	text_6: text = 'Image: 22'
6.6289 	EXP 	text_7: text = 'Color: 22'
6.6458 	EXP 	text_6: text = 'Image: 22'
6.6458 	EXP 	text_7: text = 'Color: 22'
6.6623 	EXP 	text_6: text = 'Image: 22'
6.6623 	EXP 	text_7: text = 'Color: 22'
6.6790 	EXP 	text_6: text = 'Image: 22'
6.6790 	EXP 	text_7: text = 'Color: 22'
6.6961 	EXP 	text_6: text = 'Image: 22'
6.6961 	EXP 	text_7: text = 'Color: 22'
6.7029 	DATA 	Keypress: 2
6.7123 	EXP 	text_6: text = 'Image: 2'
6.7123 	EXP 	text_7: text = 'Color: 22'
6.7466 	EXP 	text_6: text = 'Image: 2'
6.7466 	EXP 	text_7: text = 'Color: 22'
6.7625 	EXP 	text_6: text = 'Image: 2'
6.7625 	EXP 	text_7: text = 'Color: 22'
6.7796 	EXP 	text_6: text = 'Image: 2'
6.7796 	EXP 	text_7: text = 'Color: 22'
6.7968 	EXP 	text_6: text = 'Image: 2'
6.7968 	EXP 	text_7: text = 'Color: 22'
6.8126 	EXP 	text_6: text = 'Image: 2'
6.8126 	EXP 	text_7: text = 'Color: 22'
6.8292 	EXP 	text_6: text = 'Image: 2'
6.8292 	EXP 	text_7: text = 'Color: 22'
6.8460 	EXP 	text_6: text = 'Image: 2'
6.8460 	EXP 	text_7: text = 'Color: 22'
6.8625 	EXP 	text_6: text = 'Image: 2'
6.8625 	EXP 	text_7: text = 'Color: 22'
6.8788 	EXP 	text_6: text = 'Image: 2'
6.8788 	EXP 	text_7: text = 'Color: 22'
6.8959 	EXP 	text_6: text = 'Image: 2'
6.8959 	EXP 	text_7: text = 'Color: 22'
6.9127 	EXP 	text_6: text = 'Image: 2'
6.9127 	EXP 	text_7: text = 'Color: 22'
6.9299 	EXP 	text_6: text = 'Image: 2'
6.9299 	EXP 	text_7: text = 'Color: 22'
6.9459 	EXP 	text_6: text = 'Image: 2'
6.9459 	EXP 	text_7: text = 'Color: 22'
6.9807 	EXP 	text_6: text = 'Image: 2'
6.9807 	EXP 	text_7: text = 'Color: 22'
6.9958 	EXP 	text_6: text = 'Image: 2'
6.9958 	EXP 	text_7: text = 'Color: 22'
7.0129 	EXP 	text_6: text = 'Image: 2'
7.0129 	EXP 	text_7: text = 'Color: 22'
7.0291 	EXP 	text_6: text = 'Image: 2'
7.0291 	EXP 	text_7: text = 'Color: 22'
7.0457 	EXP 	text_6: text = 'Image: 2'
7.0457 	EXP 	text_7: text = 'Color: 22'
7.0625 	EXP 	text_6: text = 'Image: 2'
7.0625 	EXP 	text_7: text = 'Color: 22'
7.0794 	EXP 	text_6: text = 'Image: 2'
7.0794 	EXP 	text_7: text = 'Color: 22'
7.0958 	EXP 	text_6: text = 'Image: 2'
7.0958 	EXP 	text_7: text = 'Color: 22'
7.1122 	EXP 	text_6: text = 'Image: 2'
7.1122 	EXP 	text_7: text = 'Color: 22'
7.1292 	EXP 	text_6: text = 'Image: 2'
7.1292 	EXP 	text_7: text = 'Color: 22'
7.1464 	EXP 	text_6: text = 'Image: 2'
7.1464 	EXP 	text_7: text = 'Color: 22'
7.1629 	EXP 	text_6: text = 'Image: 2'
7.1629 	EXP 	text_7: text = 'Color: 22'
7.1721 	DATA 	Keypress: 3
7.1796 	EXP 	text_6: text = 'Image: 2'
7.1796 	EXP 	text_7: text = 'Color: 22'
7.2125 	EXP 	text_6: text = 'Image: 23'
7.2125 	EXP 	text_7: text = 'Color: 22'
7.3131 	EXP 	text_6: text = 'Image: 23'
7.3131 	EXP 	text_7: text = 'Color: 22'
7.3290 	EXP 	text_6: text = 'Image: 23'
7.3290 	EXP 	text_7: text = 'Color: 22'
7.3462 	EXP 	text_6: text = 'Image: 23'
7.3462 	EXP 	text_7: text = 'Color: 22'
7.3634 	EXP 	text_6: text = 'Image: 23'
7.3634 	EXP 	text_7: text = 'Color: 22'
7.3800 	EXP 	text_6: text = 'Image: 23'
7.3800 	EXP 	text_7: text = 'Color: 22'
7.3961 	EXP 	text_6: text = 'Image: 23'
7.3961 	EXP 	text_7: text = 'Color: 22'
7.4128 	EXP 	text_6: text = 'Image: 23'
7.4128 	EXP 	text_7: text = 'Color: 22'
7.4298 	EXP 	text_6: text = 'Image: 23'
7.4298 	EXP 	text_7: text = 'Color: 22'
7.4466 	EXP 	text_6: text = 'Image: 23'
7.4466 	EXP 	text_7: text = 'Color: 22'
7.4631 	EXP 	text_6: text = 'Image: 23'
7.4631 	EXP 	text_7: text = 'Color: 22'
7.4791 	EXP 	text_6: text = 'Image: 23'
7.4791 	EXP 	text_7: text = 'Color: 22'
7.4961 	EXP 	text_6: text = 'Image: 23'
7.4961 	EXP 	text_7: text = 'Color: 22'
7.5131 	EXP 	text_6: text = 'Image: 23'
7.5131 	EXP 	text_7: text = 'Color: 22'
7.5292 	EXP 	text_6: text = 'Image: 23'
7.5292 	EXP 	text_7: text = 'Color: 22'
7.5462 	EXP 	text_6: text = 'Image: 23'
7.5462 	EXP 	text_7: text = 'Color: 22'
7.5625 	EXP 	text_6: text = 'Image: 23'
7.5625 	EXP 	text_7: text = 'Color: 22'
7.5688 	DATA 	Keypress: 4
7.5791 	EXP 	text_6: text = 'Image: 234'
7.5791 	EXP 	text_7: text = 'Color: 22'
7.6626 	EXP 	text_6: text = 'Image: 234'
7.6626 	EXP 	text_7: text = 'Color: 22'
7.6791 	EXP 	text_6: text = 'Image: 234'
7.6791 	EXP 	text_7: text = 'Color: 22'
7.6957 	EXP 	text_6: text = 'Image: 234'
7.6957 	EXP 	text_7: text = 'Color: 22'
7.7130 	EXP 	text_6: text = 'Image: 234'
7.7130 	EXP 	text_7: text = 'Color: 22'
7.7307 	EXP 	text_6: text = 'Image: 234'
7.7307 	EXP 	text_7: text = 'Color: 22'
7.7474 	EXP 	text_6: text = 'Image: 234'
7.7474 	EXP 	text_7: text = 'Color: 22'
7.7640 	EXP 	text_6: text = 'Image: 234'
7.7640 	EXP 	text_7: text = 'Color: 22'
7.7803 	EXP 	text_6: text = 'Image: 234'
7.7803 	EXP 	text_7: text = 'Color: 22'
7.7968 	EXP 	text_6: text = 'Image: 234'
7.7968 	EXP 	text_7: text = 'Color: 22'
7.8133 	EXP 	text_6: text = 'Image: 234'
7.8133 	EXP 	text_7: text = 'Color: 22'
7.8298 	EXP 	text_6: text = 'Image: 234'
7.8298 	EXP 	text_7: text = 'Color: 22'
7.8467 	EXP 	text_6: text = 'Image: 234'
7.8467 	EXP 	text_7: text = 'Color: 22'
7.8640 	EXP 	text_6: text = 'Image: 234'
7.8640 	EXP 	text_7: text = 'Color: 22'
7.8975 	EXP 	text_6: text = 'Image: 234'
7.8975 	EXP 	text_7: text = 'Color: 22'
7.9139 	EXP 	text_6: text = 'Image: 234'
7.9139 	EXP 	text_7: text = 'Color: 22'
7.9297 	EXP 	text_6: text = 'Image: 234'
7.9297 	EXP 	text_7: text = 'Color: 22'
7.9468 	EXP 	text_6: text = 'Image: 234'
7.9468 	EXP 	text_7: text = 'Color: 22'
7.9632 	EXP 	text_6: text = 'Image: 234'
7.9632 	EXP 	text_7: text = 'Color: 22'
7.9800 	EXP 	text_6: text = 'Image: 234'
7.9800 	EXP 	text_7: text = 'Color: 22'
7.9967 	EXP 	text_6: text = 'Image: 234'
7.9967 	EXP 	text_7: text = 'Color: 22'
8.0133 	EXP 	text_6: text = 'Image: 234'
8.0133 	EXP 	text_7: text = 'Color: 22'
8.0305 	EXP 	text_6: text = 'Image: 234'
8.0305 	EXP 	text_7: text = 'Color: 22'
8.0470 	EXP 	text_6: text = 'Image: 234'
8.0470 	EXP 	text_7: text = 'Color: 22'
8.0639 	EXP 	text_6: text = 'Image: 234'
8.0639 	EXP 	text_7: text = 'Color: 22'
8.0807 	EXP 	text_6: text = 'Image: 234'
8.0807 	EXP 	text_7: text = 'Color: 22'
8.0968 	EXP 	text_6: text = 'Image: 234'
8.0968 	EXP 	text_7: text = 'Color: 22'
8.1138 	EXP 	text_6: text = 'Image: 234'
8.1138 	EXP 	text_7: text = 'Color: 22'
8.1306 	EXP 	text_6: text = 'Image: 234'
8.1306 	EXP 	text_7: text = 'Color: 22'
8.1467 	EXP 	text_6: text = 'Image: 234'
8.1467 	EXP 	text_7: text = 'Color: 22'
8.1637 	EXP 	text_6: text = 'Image: 234'
8.1637 	EXP 	text_7: text = 'Color: 22'
8.1802 	EXP 	text_6: text = 'Image: 234'
8.1802 	EXP 	text_7: text = 'Color: 22'
8.1969 	EXP 	text_6: text = 'Image: 234'
8.1969 	EXP 	text_7: text = 'Color: 22'
8.2308 	EXP 	text_6: text = 'Image: 234'
8.2308 	EXP 	text_7: text = 'Color: 22'
8.2470 	EXP 	text_6: text = 'Image: 234'
8.2470 	EXP 	text_7: text = 'Color: 22'
8.2634 	EXP 	text_6: text = 'Image: 234'
8.2634 	EXP 	text_7: text = 'Color: 22'
8.2803 	EXP 	text_6: text = 'Image: 234'
8.2803 	EXP 	text_7: text = 'Color: 22'
8.2970 	EXP 	text_6: text = 'Image: 234'
8.2970 	EXP 	text_7: text = 'Color: 22'
8.3136 	EXP 	text_6: text = 'Image: 234'
8.3136 	EXP 	text_7: text = 'Color: 22'
8.3302 	EXP 	text_6: text = 'Image: 234'
8.3302 	EXP 	text_7: text = 'Color: 22'
8.3470 	EXP 	text_6: text = 'Image: 234'
8.3470 	EXP 	text_7: text = 'Color: 22'
8.3633 	EXP 	text_6: text = 'Image: 234'
8.3633 	EXP 	text_7: text = 'Color: 22'
8.3727 	DATA 	Keypress: 5
8.3971 	EXP 	text_6: text = 'Image: 2345'
8.3971 	EXP 	text_7: text = 'Color: 22'
8.4098 	ERROR 	Couldn't find image /Volumes/psych-cog/bamlab/Experiments/PACO/Stimuli/2345.png; check path? (tried: /Volumes/psych-cog/bamlab/Experiments/PACO/Stimuli/2345.png)
8.6820 	EXP 	window1: mouseVisible = True
