4.4666 	EXP 	Created window1 = Window(allowGUI=False, allowStencil=False, args=UNKNOWN, autoLog=True, bitsMode=UNKNOWN, blendMode='avg', color=array([1., 1., 1.]), colorSpace='rgb', fullscr=<method-wrapper '__getattribute__' of attributeSetter object at 0x13b8ecbe0>, gamma=None, kwargs=UNKNOWN, lms=UNKNOWN, monitor=<psychopy.monitors.calibTools.Monitor object at 0x13b953ef0>, multiSample=False, name='window1', numSamples=2, pos=[0.0, 0.0], screen=0, size=array([5120, 2880]), stereo=False, units='height', useFBO=True, useRetina=True, viewOri=0.0, viewPos=None, viewScale=None, waitBlanking=True, winType='pyglet')
4.4666 	EXP 	window1: recordFrameIntervals = False
4.6332 	EXP 	window1: recordFrameIntervals = True
4.8160 	EXP 	window1: recordFrameIntervals = False
5.0024 	EXP 	Created resettext = TextStim(__class__=<class 'psychopy.visual.text.TextStim'>, alignHoriz='center', alignVert='center', antialias=True, autoLog=True, bold=False, color='black', colorSpace='named', contrast=1.0, depth=0.0, flipHoriz=False, flipVert=False, font='Arial', fontFiles=[], height=0.04, italic=False, languageStyle='LTR', name='resettext', opacity=1.0, ori=0, pos=array([0., 0.]), rgb=array([0., 0., 0.]), text='+', units='height', win=Window(...), wrapWidth=1)
5.0036 	EXP 	Created studyImage = ImageStim(__class__=<class 'psychopy.visual.image.ImageStim'>, autoLog=True, color='white', colorSpace='named', contrast=1.0, depth=0.0, flipHoriz=False, flipVert=False, image='sin', interpolate=True, mask=None, maskParams=None, name='studyImage', opacity=1.0, ori=0.0, pos=array([0., 0.]), size=array([0.19, 0.19]), texRes=128, units='height', win=Window(...))
5.0113 	EXP 	Created text_6 = TextStim(__class__=<class 'psychopy.visual.text.TextStim'>, alignHoriz='center', alignVert='center', antialias=True, autoLog=True, bold=False, color='black', colorSpace='named', contrast=1.0, depth=-2.0, flipHoriz=False, flipVert=False, font='Arial', fontFiles=[], height=0.03, italic=False, languageStyle='LTR', name='text_6', opacity=1.0, ori=0, pos=array([0.  , 0.45]), rgb=array([0., 0., 0.]), text='Stimuli: ', units='height', win=Window(...), wrapWidth=1)
5.0155 	EXP 	Created text_7 = TextStim(__class__=<class 'psychopy.visual.text.TextStim'>, alignHoriz='center', alignVert='center', antialias=True, autoLog=True, bold=False, color='black', colorSpace='named', contrast=1.0, depth=-3.0, flipHoriz=False, flipVert=False, font='Arial', fontFiles=[], height=0.03, italic=False, languageStyle='LTR', name='text_7', opacity=1.0, ori=0, pos=array([0. , 0.4]), rgb=array([0., 0., 0.]), text='Color: ', units='height', win=Window(...), wrapWidth=1)
5.0175 	EXP 	Created resettext = TextStim(__class__=<class 'psychopy.visual.text.TextStim'>, alignHoriz='center', alignVert='center', antialias=True, autoLog=True, bold=False, color='black', colorSpace='named', contrast=1.0, depth=0.0, flipHoriz=False, flipVert=False, font='Arial', fontFiles=[], height=0.04, italic=False, languageStyle='LTR', name='resettext', opacity=1.0, ori=0, pos=array([0., 0.]), rgb=array([0., 0., 0.]), text='+', units='height', win=Window(...), wrapWidth=1)
5.0266 	EXP 	Created oldornewText = TextStim(__class__=<class 'psychopy.visual.text.TextStim'>, alignHoriz='center', alignVert='center', antialias=True, autoLog=True, bold=False, color='black', colorSpace='named', contrast=1.0, depth=0.0, flipHoriz=False, flipVert=False, font='Arial', fontFiles=[], height=0.05, italic=False, languageStyle='LTR', name='oldornewText', opacity=1.0, ori=0, pos=array([ 0.  , -0.45]), rgb=array([0., 0., 0.]), text='1 - Old        2 - New', units='height', win=Window(...), wrapWidth=1)
5.0279 	EXP 	Created oldornewImage = ImageStim(__class__=<class 'psychopy.visual.image.ImageStim'>, autoLog=True, color=array([-1., -1., -1.]), colorSpace='rgb', contrast=1.0, depth=-1.0, flipHoriz=False, flipVert=False, image='sin', interpolate=True, mask=None, maskParams=None, name='oldornewImage', opacity=1.0, ori=0.0, pos=array([0., 0.]), size=array([0.19, 0.19]), texRes=128, units='height', win=Window(...))
5.0298 	EXP 	Created resettext = TextStim(__class__=<class 'psychopy.visual.text.TextStim'>, alignHoriz='center', alignVert='center', antialias=True, autoLog=True, bold=False, color='black', colorSpace='named', contrast=1.0, depth=0.0, flipHoriz=False, flipVert=False, font='Arial', fontFiles=[], height=0.04, italic=False, languageStyle='LTR', name='resettext', opacity=1.0, ori=0, pos=array([0., 0.]), rgb=array([0., 0., 0.]), text='+', units='height', win=Window(...), wrapWidth=1)
5.0744 	EXP 	Created Image3 = ImageStim(__class__=<class 'psychopy.visual.image.ImageStim'>, autoLog=True, color=array([0., 1., 0.]), colorSpace='hsv', contrast=1.0, depth=0.0, flipHoriz=False, flipVert=False, image=str(...), interpolate=True, mask=None, maskParams=None, name='Image3', opacity=1.0, ori=0.0, pos=array([0., 0.]), size=array([0.19, 0.19]), texRes=128, units='height', win=Window(...))
5.0796 	EXP 	Created unnamed RadialStim = RadialStim(__class__=<class 'psychopy.visual.radial.RadialStim'>, autoDraw=False, autoLog=True, blendmode='avg', color=array([180.,   0.,   1.]), colorSpace='hsv', contrast=1.0, depth=0, interpolate=False, mask='none', maskParams=None, name='unnamed RadialStim', opacity=0.0, ori=0.0, phase=array([0., 0.]), pos=array([0., 0.]), rgbPedestal=array([0., 0., 0.]), sf=1, size=array([0.25, 0.25]), tex='sqrXsqr', texRes=64, units='height', win=Window(...))
5.0854 	EXP 	Created unnamed RadialStim = RadialStim(__class__=<class 'psychopy.visual.radial.RadialStim'>, autoDraw=False, autoLog=True, blendmode='avg', color=array([1., 1., 1.]), colorSpace='rgb', contrast=1.0, depth=0, interpolate=True, mask=ndarray(...), maskParams=None, name='unnamed RadialStim', opacity=1.0, ori=0.0, phase=array([0., 0.]), pos=array([0., 0.]), rgbPedestal=array([0., 0., 0.]), sf=1, size=array([0.3, 0.3]), tex=ndarray(...), texRes=64, units='height', win=Window(...))
5.0870 	EXP 	Created screenRect3 = Rect(__class__=<class 'psychopy.visual.rect.Rect'>, autoDraw=False, autoLog=True, closeShape=True, color=method-wrapper(...), colorSpace=None, contrast=1.0, depth=-6.0, fillColor=array([1., 1., 1.]), fillColorSpace='rgb', fillRGB=array([1., 1., 1.]), interpolate=True, lineColor=array([1., 1., 1.]), lineColorSpace='rgb', lineRGB=array([1., 1., 1.]), lineWidth=1, name='screenRect3', opacity=0.0, ori=array(0.), pos=array([0., 0.]), size=array([1., 1.]), units='height', vertices=ndarray(...), win=Window(...))
5.0968 	EXP 	Created ColorText = TextStim(__class__=<class 'psychopy.visual.text.TextStim'>, alignHoriz='center', alignVert='center', antialias=True, autoLog=True, bold=False, color='white', colorSpace='named', contrast=1.0, depth=0.0, flipHoriz=False, flipVert=False, font='Arial', fontFiles=[], height=0.03, italic=False, languageStyle='LTR', name='ColorText', opacity=1.0, ori=0, pos=array([ 0. , -0.4]), rgb=array([255., 255., 255.]), text='Please select a color from the color wheel', units='height', win=Window(...), wrapWidth=1)
5.1065 	EXP 	Created DragText = TextStim(__class__=<class 'psychopy.visual.text.TextStim'>, alignHoriz='center', alignVert='center', antialias=True, autoLog=True, bold=False, color='white', colorSpace='named', contrast=1.0, depth=0.0, flipHoriz=False, flipVert=False, font='Arial', fontFiles=[], height=0.03, italic=False, languageStyle='LTR', name='DragText', opacity=1.0, ori=0, pos=array([ 0. , -0.4]), rgb=array([255., 255., 255.]), text=str(...), units='height', win=Window(...), wrapWidth=1)
5.1079 	EXP 	Created arrowUp = ImageStim(__class__=<class 'psychopy.visual.image.ImageStim'>, autoLog=True, color=array([1., 1., 0.]), colorSpace='hsv', contrast=1.0, depth=0.0, flipHoriz=False, flipVert=False, image='sin', interpolate=True, mask=None, maskParams=None, name='arrowUp', opacity=1.0, ori=0.0, pos=array([0. , 0.2]), size=array([0.03, 0.03]), texRes=128, units='height', win=Window(...))
5.1091 	EXP 	Created arrowDown = ImageStim(__class__=<class 'psychopy.visual.image.ImageStim'>, autoLog=True, color=array([1., 1., 0.]), colorSpace='hsv', contrast=1.0, depth=0.0, flipHoriz=False, flipVert=True, image='sin', interpolate=True, mask=None, maskParams=None, name='arrowDown', opacity=1.0, ori=0.0, pos=array([ 0. , -0.2]), size=array([0.03, 0.03]), texRes=128, units='height', win=Window(...))
5.1104 	EXP 	Created arrowRight = ImageStim(__class__=<class 'psychopy.visual.image.ImageStim'>, autoLog=True, color=array([1., 1., 0.]), colorSpace='hsv', contrast=1.0, depth=0.0, flipHoriz=False, flipVert=False, image='sin', interpolate=True, mask=None, maskParams=None, name='arrowRight', opacity=1.0, ori=0.0, pos=array([0.2, 0. ]), size=array([0.03, 0.03]), texRes=128, units='height', win=Window(...))
5.1117 	EXP 	Created arrowLeft = ImageStim(__class__=<class 'psychopy.visual.image.ImageStim'>, autoLog=True, color=array([1., 1., 0.]), colorSpace='hsv', contrast=1.0, depth=0.0, flipHoriz=True, flipVert=False, image='sin', interpolate=True, mask=None, maskParams=None, name='arrowLeft', opacity=1.0, ori=0.0, pos=array([-0.2,  0. ]), size=array([0.03, 0.03]), texRes=128, units='height', win=Window(...))
5.1578 	EXP 	window1: mouseVisible = False
5.1833 	EXP 	arrowUp: image = '/Volumes/psych-cog/bamlab/Experiments/PACO/LOCO/arrowUp.png'
5.1833 	EXP 	arrowDown: image = '/Volumes/psych-cog/bamlab/Experiments/PACO/LOCO/arrowUp.png'
5.1833 	EXP 	arrowRight: image = '/Volumes/psych-cog/bamlab/Experiments/PACO/LOCO/arrowRight.png'
5.1833 	EXP 	arrowLeft: image = '/Volumes/psych-cog/bamlab/Experiments/PACO/LOCO/arrowRight.png'
5.1833 	EXP 	resettext: autoDraw = True
5.4348 	EXP 	window1: mouseVisible = True
5.4369 	DATA 	Keypress: space
5.4658 	EXP 	resettext: autoDraw = False
5.4658 	EXP 	studyImage: color = '[22.  1.  1.] (hsv)'
5.4658 	EXP 	studyImage: pos = array([0., 0.])
5.4658 	EXP 	studyImage: image = '/Volumes/psych-cog/bamlab/Experiments/PACO/Stimuli/22.png'
5.4658 	EXP 	studyImage: autoDraw = True
5.4658 	EXP 	text_6: autoDraw = True
5.4658 	EXP 	text_7: autoDraw = True
5.4658 	EXP 	text_6: text = 'Image: 22'
5.4658 	EXP 	text_7: text = 'Color: 22'
5.4821 	EXP 	text_6: text = 'Image: 22'
5.4821 	EXP 	text_7: text = 'Color: 22'
5.4997 	EXP 	text_6: text = 'Image: 22'
5.4997 	EXP 	text_7: text = 'Color: 22'
5.5165 	EXP 	text_6: text = 'Image: 22'
5.5165 	EXP 	text_7: text = 'Color: 22'
5.5326 	EXP 	text_6: text = 'Image: 22'
5.5326 	EXP 	text_7: text = 'Color: 22'
5.5501 	EXP 	text_6: text = 'Image: 22'
5.5501 	EXP 	text_7: text = 'Color: 22'
5.5660 	EXP 	text_6: text = 'Image: 22'
5.5660 	EXP 	text_7: text = 'Color: 22'
5.5826 	EXP 	text_6: text = 'Image: 22'
5.5826 	EXP 	text_7: text = 'Color: 22'
5.5992 	EXP 	text_6: text = 'Image: 22'
5.5992 	EXP 	text_7: text = 'Color: 22'
5.6161 	EXP 	text_6: text = 'Image: 22'
5.6161 	EXP 	text_7: text = 'Color: 22'
5.6330 	EXP 	text_6: text = 'Image: 22'
5.6330 	EXP 	text_7: text = 'Color: 22'
5.6494 	EXP 	text_6: text = 'Image: 22'
5.6494 	EXP 	text_7: text = 'Color: 22'
5.6666 	EXP 	text_6: text = 'Image: 22'
5.6666 	EXP 	text_7: text = 'Color: 22'
5.6824 	EXP 	text_6: text = 'Image: 22'
5.6824 	EXP 	text_7: text = 'Color: 22'
5.6994 	EXP 	text_6: text = 'Image: 22'
5.6994 	EXP 	text_7: text = 'Color: 22'
5.7160 	EXP 	text_6: text = 'Image: 22'
5.7160 	EXP 	text_7: text = 'Color: 22'
5.7334 	EXP 	text_6: text = 'Image: 22'
5.7334 	EXP 	text_7: text = 'Color: 22'
5.7501 	EXP 	text_6: text = 'Image: 22'
5.7501 	EXP 	text_7: text = 'Color: 22'
5.7661 	EXP 	text_6: text = 'Image: 22'
5.7661 	EXP 	text_7: text = 'Color: 22'
5.7827 	EXP 	text_6: text = 'Image: 22'
5.7827 	EXP 	text_7: text = 'Color: 22'
5.8002 	EXP 	text_6: text = 'Image: 22'
5.8002 	EXP 	text_7: text = 'Color: 22'
5.8166 	EXP 	text_6: text = 'Image: 22'
5.8166 	EXP 	text_7: text = 'Color: 22'
5.8326 	EXP 	text_6: text = 'Image: 22'
5.8326 	EXP 	text_7: text = 'Color: 22'
5.8500 	EXP 	text_6: text = 'Image: 22'
5.8500 	EXP 	text_7: text = 'Color: 22'
5.8664 	EXP 	text_6: text = 'Image: 22'
5.8664 	EXP 	text_7: text = 'Color: 22'
5.8835 	EXP 	text_6: text = 'Image: 22'
5.8835 	EXP 	text_7: text = 'Color: 22'
5.8997 	EXP 	text_6: text = 'Image: 22'
5.8997 	EXP 	text_7: text = 'Color: 22'
5.9158 	EXP 	text_6: text = 'Image: 22'
5.9158 	EXP 	text_7: text = 'Color: 22'
5.9337 	EXP 	text_6: text = 'Image: 22'
5.9337 	EXP 	text_7: text = 'Color: 22'
5.9493 	EXP 	text_6: text = 'Image: 22'
5.9493 	EXP 	text_7: text = 'Color: 22'
5.9668 	EXP 	text_6: text = 'Image: 22'
5.9668 	EXP 	text_7: text = 'Color: 22'
5.9831 	EXP 	text_6: text = 'Image: 22'
5.9831 	EXP 	text_7: text = 'Color: 22'
5.9993 	EXP 	text_6: text = 'Image: 22'
5.9993 	EXP 	text_7: text = 'Color: 22'
6.0168 	EXP 	text_6: text = 'Image: 22'
6.0168 	EXP 	text_7: text = 'Color: 22'
6.0326 	EXP 	text_6: text = 'Image: 22'
6.0326 	EXP 	text_7: text = 'Color: 22'
6.0491 	EXP 	text_6: text = 'Image: 22'
6.0491 	EXP 	text_7: text = 'Color: 22'
6.0669 	EXP 	text_6: text = 'Image: 22'
6.0669 	EXP 	text_7: text = 'Color: 22'
6.0831 	EXP 	text_6: text = 'Image: 22'
6.0831 	EXP 	text_7: text = 'Color: 22'
6.0997 	EXP 	text_6: text = 'Image: 22'
6.0997 	EXP 	text_7: text = 'Color: 22'
6.1160 	EXP 	text_6: text = 'Image: 22'
6.1160 	EXP 	text_7: text = 'Color: 22'
6.1328 	EXP 	text_6: text = 'Image: 22'
6.1328 	EXP 	text_7: text = 'Color: 22'
6.1497 	EXP 	text_6: text = 'Image: 22'
6.1497 	EXP 	text_7: text = 'Color: 22'
6.1661 	EXP 	text_6: text = 'Image: 22'
6.1661 	EXP 	text_7: text = 'Color: 22'
6.1834 	EXP 	text_6: text = 'Image: 22'
6.1834 	EXP 	text_7: text = 'Color: 22'
6.2003 	EXP 	text_6: text = 'Image: 22'
6.2003 	EXP 	text_7: text = 'Color: 22'
6.2160 	EXP 	text_6: text = 'Image: 22'
6.2160 	EXP 	text_7: text = 'Color: 22'
6.2324 	EXP 	text_6: text = 'Image: 22'
6.2324 	EXP 	text_7: text = 'Color: 22'
6.2498 	EXP 	text_6: text = 'Image: 22'
6.2498 	EXP 	text_7: text = 'Color: 22'
6.2663 	EXP 	text_6: text = 'Image: 22'
6.2663 	EXP 	text_7: text = 'Color: 22'
6.2828 	EXP 	text_6: text = 'Image: 22'
6.2828 	EXP 	text_7: text = 'Color: 22'
6.2991 	EXP 	text_6: text = 'Image: 22'
6.2991 	EXP 	text_7: text = 'Color: 22'
6.3160 	EXP 	text_6: text = 'Image: 22'
6.3160 	EXP 	text_7: text = 'Color: 22'
6.3328 	EXP 	text_6: text = 'Image: 22'
6.3328 	EXP 	text_7: text = 'Color: 22'
6.3500 	EXP 	text_6: text = 'Image: 22'
6.3500 	EXP 	text_7: text = 'Color: 22'
6.3667 	EXP 	text_6: text = 'Image: 22'
6.3667 	EXP 	text_7: text = 'Color: 22'
6.3830 	EXP 	text_6: text = 'Image: 22'
6.3830 	EXP 	text_7: text = 'Color: 22'
6.3993 	EXP 	text_6: text = 'Image: 22'
6.3993 	EXP 	text_7: text = 'Color: 22'
6.4159 	EXP 	text_6: text = 'Image: 22'
6.4159 	EXP 	text_7: text = 'Color: 22'
6.4329 	EXP 	text_6: text = 'Image: 22'
6.4329 	EXP 	text_7: text = 'Color: 22'
6.4493 	EXP 	text_6: text = 'Image: 22'
6.4493 	EXP 	text_7: text = 'Color: 22'
6.4667 	EXP 	text_6: text = 'Image: 22'
6.4667 	EXP 	text_7: text = 'Color: 22'
6.4829 	EXP 	text_6: text = 'Image: 22'
6.4829 	EXP 	text_7: text = 'Color: 22'
6.4992 	EXP 	text_6: text = 'Image: 22'
6.4992 	EXP 	text_7: text = 'Color: 22'
6.5158 	EXP 	text_6: text = 'Image: 22'
6.5158 	EXP 	text_7: text = 'Color: 22'
6.5329 	EXP 	text_6: text = 'Image: 22'
6.5329 	EXP 	text_7: text = 'Color: 22'
6.5497 	EXP 	text_6: text = 'Image: 22'
6.5497 	EXP 	text_7: text = 'Color: 22'
6.5659 	EXP 	text_6: text = 'Image: 22'
6.5659 	EXP 	text_7: text = 'Color: 22'
6.5831 	EXP 	text_6: text = 'Image: 22'
6.5831 	EXP 	text_7: text = 'Color: 22'
6.5995 	EXP 	text_6: text = 'Image: 22'
6.5995 	EXP 	text_7: text = 'Color: 22'
6.6162 	EXP 	text_6: text = 'Image: 22'
6.6162 	EXP 	text_7: text = 'Color: 22'
6.6324 	EXP 	text_6: text = 'Image: 22'
6.6324 	EXP 	text_7: text = 'Color: 22'
6.6499 	EXP 	text_6: text = 'Image: 22'
6.6499 	EXP 	text_7: text = 'Color: 22'
6.6660 	EXP 	text_6: text = 'Image: 22'
6.6660 	EXP 	text_7: text = 'Color: 22'
6.6832 	EXP 	text_6: text = 'Image: 22'
6.6832 	EXP 	text_7: text = 'Color: 22'
6.6997 	EXP 	text_6: text = 'Image: 22'
6.6997 	EXP 	text_7: text = 'Color: 22'
6.7165 	EXP 	text_6: text = 'Image: 22'
6.7165 	EXP 	text_7: text = 'Color: 22'
6.7326 	EXP 	text_6: text = 'Image: 22'
6.7326 	EXP 	text_7: text = 'Color: 22'
6.7491 	EXP 	text_6: text = 'Image: 22'
6.7491 	EXP 	text_7: text = 'Color: 22'
6.7664 	EXP 	text_6: text = 'Image: 22'
6.7664 	EXP 	text_7: text = 'Color: 22'
6.7829 	EXP 	text_6: text = 'Image: 22'
6.7829 	EXP 	text_7: text = 'Color: 22'
6.8000 	EXP 	text_6: text = 'Image: 22'
6.8000 	EXP 	text_7: text = 'Color: 22'
6.8165 	EXP 	text_6: text = 'Image: 22'
6.8165 	EXP 	text_7: text = 'Color: 22'
6.8328 	EXP 	text_6: text = 'Image: 22'
6.8328 	EXP 	text_7: text = 'Color: 22'
6.8492 	EXP 	text_6: text = 'Image: 22'
6.8492 	EXP 	text_7: text = 'Color: 22'
6.8659 	EXP 	text_6: text = 'Image: 22'
6.8659 	EXP 	text_7: text = 'Color: 22'
6.8830 	EXP 	text_6: text = 'Image: 22'
6.8830 	EXP 	text_7: text = 'Color: 22'
6.9000 	EXP 	text_6: text = 'Image: 22'
6.9000 	EXP 	text_7: text = 'Color: 22'
6.9167 	EXP 	text_6: text = 'Image: 22'
6.9167 	EXP 	text_7: text = 'Color: 22'
6.9328 	EXP 	text_6: text = 'Image: 22'
6.9328 	EXP 	text_7: text = 'Color: 22'
6.9492 	EXP 	text_6: text = 'Image: 22'
6.9492 	EXP 	text_7: text = 'Color: 22'
6.9660 	EXP 	text_6: text = 'Image: 22'
6.9660 	EXP 	text_7: text = 'Color: 22'
6.9830 	EXP 	text_6: text = 'Image: 22'
6.9830 	EXP 	text_7: text = 'Color: 22'
6.9998 	EXP 	text_6: text = 'Image: 22'
6.9998 	EXP 	text_7: text = 'Color: 22'
7.0165 	EXP 	text_6: text = 'Image: 22'
7.0165 	EXP 	text_7: text = 'Color: 22'
7.0332 	EXP 	text_6: text = 'Image: 22'
7.0332 	EXP 	text_7: text = 'Color: 22'
7.0490 	EXP 	text_6: text = 'Image: 22'
7.0490 	EXP 	text_7: text = 'Color: 22'
7.0496 	DATA 	Mouse: Left button down, pos=(1350,1365)
7.0631 	EXP 	window1: mouseVisible = False
7.0835 	EXP 	text_6: text = 'Image: 22'
7.0835 	EXP 	text_7: text = 'Color: 22'
7.0835 	EXP 	studyImage: autoDraw = False
7.0835 	EXP 	text_6: autoDraw = False
7.0835 	EXP 	text_7: autoDraw = False
7.0835 	EXP 	resettext: autoDraw = True
7.1840 	DATA 	Mouse:  Left button up, pos=(1350,1365)
9.4530 	DATA 	Keypress: escape
9.8117 	EXP 	window1: mouseVisible = True
4.4397 	EXP 	Created window1 = Window(allowGUI=False, allowStencil=False, args=UNKNOWN, autoLog=True, bitsMode=UNKNOWN, blendMode='avg', color=array([1., 1., 1.]), colorSpace='rgb', fullscr=<method-wrapper '__getattribute__' of attributeSetter object at 0x13baacbe0>, gamma=None, kwargs=UNKNOWN, lms=UNKNOWN, monitor=<psychopy.monitors.calibTools.Monitor object at 0x13bb12ef0>, multiSample=False, name='window1', numSamples=2, pos=[0.0, 0.0], screen=0, size=array([5120, 2880]), stereo=False, units='height', useFBO=True, useRetina=True, viewOri=0.0, viewPos=None, viewScale=None, waitBlanking=True, winType='pyglet')
4.4398 	EXP 	window1: recordFrameIntervals = False
4.6054 	EXP 	window1: recordFrameIntervals = True
4.7890 	EXP 	window1: recordFrameIntervals = False
4.9740 	EXP 	Created resettext = TextStim(__class__=<class 'psychopy.visual.text.TextStim'>, alignHoriz='center', alignVert='center', antialias=True, autoLog=True, bold=False, color='black', colorSpace='named', contrast=1.0, depth=0.0, flipHoriz=False, flipVert=False, font='Arial', fontFiles=[], height=0.04, italic=False, languageStyle='LTR', name='resettext', opacity=1.0, ori=0, pos=array([0., 0.]), rgb=array([0., 0., 0.]), text='+', units='height', win=Window(...), wrapWidth=1)
4.9752 	EXP 	Created studyImage = ImageStim(__class__=<class 'psychopy.visual.image.ImageStim'>, autoLog=True, color='white', colorSpace='named', contrast=1.0, depth=0.0, flipHoriz=False, flipVert=False, image='sin', interpolate=True, mask=None, maskParams=None, name='studyImage', opacity=1.0, ori=0.0, pos=array([0., 0.]), size=array([0.19, 0.19]), texRes=128, units='height', win=Window(...))
4.9833 	EXP 	Created text_6 = TextStim(__class__=<class 'psychopy.visual.text.TextStim'>, alignHoriz='center', alignVert='center', antialias=True, autoLog=True, bold=False, color='black', colorSpace='named', contrast=1.0, depth=-2.0, flipHoriz=False, flipVert=False, font='Arial', fontFiles=[], height=0.03, italic=False, languageStyle='LTR', name='text_6', opacity=1.0, ori=0, pos=array([0.  , 0.45]), rgb=array([0., 0., 0.]), text='Stimuli: ', units='height', win=Window(...), wrapWidth=1)
4.9873 	EXP 	Created text_7 = TextStim(__class__=<class 'psychopy.visual.text.TextStim'>, alignHoriz='center', alignVert='center', antialias=True, autoLog=True, bold=False, color='black', colorSpace='named', contrast=1.0, depth=-3.0, flipHoriz=False, flipVert=False, font='Arial', fontFiles=[], height=0.03, italic=False, languageStyle='LTR', name='text_7', opacity=1.0, ori=0, pos=array([0. , 0.4]), rgb=array([0., 0., 0.]), text='Color: ', units='height', win=Window(...), wrapWidth=1)
4.9894 	EXP 	Created resettext = TextStim(__class__=<class 'psychopy.visual.text.TextStim'>, alignHoriz='center', alignVert='center', antialias=True, autoLog=True, bold=False, color='black', colorSpace='named', contrast=1.0, depth=0.0, flipHoriz=False, flipVert=False, font='Arial', fontFiles=[], height=0.04, italic=False, languageStyle='LTR', name='resettext', opacity=1.0, ori=0, pos=array([0., 0.]), rgb=array([0., 0., 0.]), text='+', units='height', win=Window(...), wrapWidth=1)
4.9985 	EXP 	Created oldornewText = TextStim(__class__=<class 'psychopy.visual.text.TextStim'>, alignHoriz='center', alignVert='center', antialias=True, autoLog=True, bold=False, color='black', colorSpace='named', contrast=1.0, depth=0.0, flipHoriz=False, flipVert=False, font='Arial', fontFiles=[], height=0.05, italic=False, languageStyle='LTR', name='oldornewText', opacity=1.0, ori=0, pos=array([ 0.  , -0.45]), rgb=array([0., 0., 0.]), text='1 - Old        2 - New', units='height', win=Window(...), wrapWidth=1)
4.9998 	EXP 	Created oldornewImage = ImageStim(__class__=<class 'psychopy.visual.image.ImageStim'>, autoLog=True, color=array([-1., -1., -1.]), colorSpace='rgb', contrast=1.0, depth=-1.0, flipHoriz=False, flipVert=False, image='sin', interpolate=True, mask=None, maskParams=None, name='oldornewImage', opacity=1.0, ori=0.0, pos=array([0., 0.]), size=array([0.19, 0.19]), texRes=128, units='height', win=Window(...))
5.0018 	EXP 	Created resettext = TextStim(__class__=<class 'psychopy.visual.text.TextStim'>, alignHoriz='center', alignVert='center', antialias=True, autoLog=True, bold=False, color='black', colorSpace='named', contrast=1.0, depth=0.0, flipHoriz=False, flipVert=False, font='Arial', fontFiles=[], height=0.04, italic=False, languageStyle='LTR', name='resettext', opacity=1.0, ori=0, pos=array([0., 0.]), rgb=array([0., 0., 0.]), text='+', units='height', win=Window(...), wrapWidth=1)
5.0457 	EXP 	Created Image3 = ImageStim(__class__=<class 'psychopy.visual.image.ImageStim'>, autoLog=True, color=array([0., 1., 0.]), colorSpace='hsv', contrast=1.0, depth=0.0, flipHoriz=False, flipVert=False, image=str(...), interpolate=True, mask=None, maskParams=None, name='Image3', opacity=1.0, ori=0.0, pos=array([0., 0.]), size=array([0.19, 0.19]), texRes=128, units='height', win=Window(...))
5.0509 	EXP 	Created unnamed RadialStim = RadialStim(__class__=<class 'psychopy.visual.radial.RadialStim'>, autoDraw=False, autoLog=True, blendmode='avg', color=array([180.,   0.,   1.]), colorSpace='hsv', contrast=1.0, depth=0, interpolate=False, mask='none', maskParams=None, name='unnamed RadialStim', opacity=0.0, ori=0.0, phase=array([0., 0.]), pos=array([0., 0.]), rgbPedestal=array([0., 0., 0.]), sf=1, size=array([0.25, 0.25]), tex='sqrXsqr', texRes=64, units='height', win=Window(...))
5.0567 	EXP 	Created unnamed RadialStim = RadialStim(__class__=<class 'psychopy.visual.radial.RadialStim'>, autoDraw=False, autoLog=True, blendmode='avg', color=array([1., 1., 1.]), colorSpace='rgb', contrast=1.0, depth=0, interpolate=True, mask=ndarray(...), maskParams=None, name='unnamed RadialStim', opacity=1.0, ori=0.0, phase=array([0., 0.]), pos=array([0., 0.]), rgbPedestal=array([0., 0., 0.]), sf=1, size=array([0.3, 0.3]), tex=ndarray(...), texRes=64, units='height', win=Window(...))
5.0584 	EXP 	Created screenRect3 = Rect(__class__=<class 'psychopy.visual.rect.Rect'>, autoDraw=False, autoLog=True, closeShape=True, color=method-wrapper(...), colorSpace=None, contrast=1.0, depth=-6.0, fillColor=array([1., 1., 1.]), fillColorSpace='rgb', fillRGB=array([1., 1., 1.]), interpolate=True, lineColor=array([1., 1., 1.]), lineColorSpace='rgb', lineRGB=array([1., 1., 1.]), lineWidth=1, name='screenRect3', opacity=0.0, ori=array(0.), pos=array([0., 0.]), size=array([1., 1.]), units='height', vertices=ndarray(...), win=Window(...))
5.0683 	EXP 	Created ColorText = TextStim(__class__=<class 'psychopy.visual.text.TextStim'>, alignHoriz='center', alignVert='center', antialias=True, autoLog=True, bold=False, color='white', colorSpace='named', contrast=1.0, depth=0.0, flipHoriz=False, flipVert=False, font='Arial', fontFiles=[], height=0.03, italic=False, languageStyle='LTR', name='ColorText', opacity=1.0, ori=0, pos=array([ 0. , -0.4]), rgb=array([255., 255., 255.]), text='Please select a color from the color wheel', units='height', win=Window(...), wrapWidth=1)
5.0784 	EXP 	Created DragText = TextStim(__class__=<class 'psychopy.visual.text.TextStim'>, alignHoriz='center', alignVert='center', antialias=True, autoLog=True, bold=False, color='white', colorSpace='named', contrast=1.0, depth=0.0, flipHoriz=False, flipVert=False, font='Arial', fontFiles=[], height=0.03, italic=False, languageStyle='LTR', name='DragText', opacity=1.0, ori=0, pos=array([ 0. , -0.4]), rgb=array([255., 255., 255.]), text=str(...), units='height', win=Window(...), wrapWidth=1)
5.0798 	EXP 	Created arrowUp = ImageStim(__class__=<class 'psychopy.visual.image.ImageStim'>, autoLog=True, color=array([1., 1., 0.]), colorSpace='hsv', contrast=1.0, depth=0.0, flipHoriz=False, flipVert=False, image='sin', interpolate=True, mask=None, maskParams=None, name='arrowUp', opacity=1.0, ori=0.0, pos=array([0. , 0.2]), size=array([0.03, 0.03]), texRes=128, units='height', win=Window(...))
5.0812 	EXP 	Created arrowDown = ImageStim(__class__=<class 'psychopy.visual.image.ImageStim'>, autoLog=True, color=array([1., 1., 0.]), colorSpace='hsv', contrast=1.0, depth=0.0, flipHoriz=False, flipVert=True, image='sin', interpolate=True, mask=None, maskParams=None, name='arrowDown', opacity=1.0, ori=0.0, pos=array([ 0. , -0.2]), size=array([0.03, 0.03]), texRes=128, units='height', win=Window(...))
5.0824 	EXP 	Created arrowRight = ImageStim(__class__=<class 'psychopy.visual.image.ImageStim'>, autoLog=True, color=array([1., 1., 0.]), colorSpace='hsv', contrast=1.0, depth=0.0, flipHoriz=False, flipVert=False, image='sin', interpolate=True, mask=None, maskParams=None, name='arrowRight', opacity=1.0, ori=0.0, pos=array([0.2, 0. ]), size=array([0.03, 0.03]), texRes=128, units='height', win=Window(...))
5.0837 	EXP 	Created arrowLeft = ImageStim(__class__=<class 'psychopy.visual.image.ImageStim'>, autoLog=True, color=array([1., 1., 0.]), colorSpace='hsv', contrast=1.0, depth=0.0, flipHoriz=True, flipVert=False, image='sin', interpolate=True, mask=None, maskParams=None, name='arrowLeft', opacity=1.0, ori=0.0, pos=array([-0.2,  0. ]), size=array([0.03, 0.03]), texRes=128, units='height', win=Window(...))
5.1188 	EXP 	window1: mouseVisible = False
5.1384 	EXP 	arrowUp: image = '/Volumes/psych-cog/bamlab/Experiments/PACO/LOCO/arrowUp.png'
5.1384 	EXP 	arrowDown: image = '/Volumes/psych-cog/bamlab/Experiments/PACO/LOCO/arrowUp.png'
5.1384 	EXP 	arrowRight: image = '/Volumes/psych-cog/bamlab/Experiments/PACO/LOCO/arrowRight.png'
5.1384 	EXP 	arrowLeft: image = '/Volumes/psych-cog/bamlab/Experiments/PACO/LOCO/arrowRight.png'
5.1384 	EXP 	resettext: autoDraw = True
6.3232 	EXP 	window1: mouseVisible = True
6.3253 	DATA 	Keypress: space
6.3562 	EXP 	resettext: autoDraw = False
6.3562 	EXP 	studyImage: color = '[22.  1.  1.] (hsv)'
6.3562 	EXP 	studyImage: pos = array([0., 0.])
6.3562 	EXP 	studyImage: image = '/Volumes/psych-cog/bamlab/Experiments/PACO/Stimuli/22.png'
6.3562 	EXP 	studyImage: autoDraw = True
6.3562 	EXP 	text_6: autoDraw = True
6.3562 	EXP 	text_7: autoDraw = True
6.3562 	EXP 	text_6: text = 'Image: 22'
6.3562 	EXP 	text_7: text = 'Color: 22'
6.3724 	EXP 	text_6: text = 'Image: 22'
6.3724 	EXP 	text_7: text = 'Color: 22'
6.3889 	EXP 	text_6: text = 'Image: 22'
6.3889 	EXP 	text_7: text = 'Color: 22'
6.4057 	EXP 	text_6: text = 'Image: 22'
6.4057 	EXP 	text_7: text = 'Color: 22'
6.4223 	EXP 	text_6: text = 'Image: 22'
6.4223 	EXP 	text_7: text = 'Color: 22'
6.4386 	EXP 	text_6: text = 'Image: 22'
6.4386 	EXP 	text_7: text = 'Color: 22'
6.4561 	EXP 	text_6: text = 'Image: 22'
6.4561 	EXP 	text_7: text = 'Color: 22'
6.4719 	EXP 	text_6: text = 'Image: 22'
6.4719 	EXP 	text_7: text = 'Color: 22'
6.4895 	EXP 	text_6: text = 'Image: 22'
6.4895 	EXP 	text_7: text = 'Color: 22'
6.5053 	EXP 	text_6: text = 'Image: 22'
6.5053 	EXP 	text_7: text = 'Color: 22'
6.5229 	EXP 	text_6: text = 'Image: 22'
6.5229 	EXP 	text_7: text = 'Color: 22'
6.5394 	EXP 	text_6: text = 'Image: 22'
6.5394 	EXP 	text_7: text = 'Color: 22'
6.5558 	EXP 	text_6: text = 'Image: 22'
6.5558 	EXP 	text_7: text = 'Color: 22'
6.5724 	EXP 	text_6: text = 'Image: 22'
6.5724 	EXP 	text_7: text = 'Color: 22'
6.5889 	EXP 	text_6: text = 'Image: 22'
6.5889 	EXP 	text_7: text = 'Color: 22'
6.6052 	EXP 	text_6: text = 'Image: 22'
6.6052 	EXP 	text_7: text = 'Color: 22'
6.6224 	EXP 	text_6: text = 'Image: 22'
6.6224 	EXP 	text_7: text = 'Color: 22'
6.6387 	EXP 	text_6: text = 'Image: 22'
6.6387 	EXP 	text_7: text = 'Color: 22'
6.6553 	EXP 	text_6: text = 'Image: 22'
6.6553 	EXP 	text_7: text = 'Color: 22'
6.6728 	EXP 	text_6: text = 'Image: 22'
6.6728 	EXP 	text_7: text = 'Color: 22'
6.6893 	EXP 	text_6: text = 'Image: 22'
6.6893 	EXP 	text_7: text = 'Color: 22'
6.7056 	EXP 	text_6: text = 'Image: 22'
6.7056 	EXP 	text_7: text = 'Color: 22'
6.7216 	EXP 	text_6: text = 'Image: 22'
6.7216 	EXP 	text_7: text = 'Color: 22'
6.7387 	EXP 	text_6: text = 'Image: 22'
6.7387 	EXP 	text_7: text = 'Color: 22'
6.7558 	EXP 	text_6: text = 'Image: 22'
6.7558 	EXP 	text_7: text = 'Color: 22'
6.7720 	EXP 	text_6: text = 'Image: 22'
6.7720 	EXP 	text_7: text = 'Color: 22'
6.7887 	EXP 	text_6: text = 'Image: 22'
6.7887 	EXP 	text_7: text = 'Color: 22'
6.8055 	EXP 	text_6: text = 'Image: 22'
6.8055 	EXP 	text_7: text = 'Color: 22'
6.8223 	EXP 	text_6: text = 'Image: 22'
6.8223 	EXP 	text_7: text = 'Color: 22'
6.8391 	EXP 	text_6: text = 'Image: 22'
6.8391 	EXP 	text_7: text = 'Color: 22'
6.8561 	EXP 	text_6: text = 'Image: 22'
6.8561 	EXP 	text_7: text = 'Color: 22'
6.8723 	EXP 	text_6: text = 'Image: 22'
6.8723 	EXP 	text_7: text = 'Color: 22'
6.8884 	EXP 	text_6: text = 'Image: 22'
6.8884 	EXP 	text_7: text = 'Color: 22'
6.9051 	EXP 	text_6: text = 'Image: 22'
6.9051 	EXP 	text_7: text = 'Color: 22'
6.9224 	EXP 	text_6: text = 'Image: 22'
6.9224 	EXP 	text_7: text = 'Color: 22'
6.9391 	EXP 	text_6: text = 'Image: 22'
6.9391 	EXP 	text_7: text = 'Color: 22'
6.9561 	EXP 	text_6: text = 'Image: 22'
6.9561 	EXP 	text_7: text = 'Color: 22'
6.9721 	EXP 	text_6: text = 'Image: 22'
6.9721 	EXP 	text_7: text = 'Color: 22'
6.9887 	EXP 	text_6: text = 'Image: 22'
6.9887 	EXP 	text_7: text = 'Color: 22'
7.0058 	EXP 	text_6: text = 'Image: 22'
7.0058 	EXP 	text_7: text = 'Color: 22'
7.0219 	EXP 	text_6: text = 'Image: 22'
7.0219 	EXP 	text_7: text = 'Color: 22'
7.0393 	EXP 	text_6: text = 'Image: 22'
7.0393 	EXP 	text_7: text = 'Color: 22'
7.0560 	EXP 	text_6: text = 'Image: 22'
7.0560 	EXP 	text_7: text = 'Color: 22'
7.0727 	EXP 	text_6: text = 'Image: 22'
7.0727 	EXP 	text_7: text = 'Color: 22'
7.0889 	EXP 	text_6: text = 'Image: 22'
7.0889 	EXP 	text_7: text = 'Color: 22'
7.1060 	EXP 	text_6: text = 'Image: 22'
7.1060 	EXP 	text_7: text = 'Color: 22'
7.1230 	EXP 	text_6: text = 'Image: 22'
7.1230 	EXP 	text_7: text = 'Color: 22'
7.1393 	EXP 	text_6: text = 'Image: 22'
7.1393 	EXP 	text_7: text = 'Color: 22'
7.1557 	EXP 	text_6: text = 'Image: 22'
7.1557 	EXP 	text_7: text = 'Color: 22'
7.1725 	EXP 	text_6: text = 'Image: 22'
7.1725 	EXP 	text_7: text = 'Color: 22'
7.1888 	EXP 	text_6: text = 'Image: 22'
7.1888 	EXP 	text_7: text = 'Color: 22'
7.2052 	EXP 	text_6: text = 'Image: 22'
7.2052 	EXP 	text_7: text = 'Color: 22'
7.2227 	EXP 	text_6: text = 'Image: 22'
7.2227 	EXP 	text_7: text = 'Color: 22'
7.2392 	EXP 	text_6: text = 'Image: 22'
7.2392 	EXP 	text_7: text = 'Color: 22'
7.2566 	EXP 	text_6: text = 'Image: 22'
7.2566 	EXP 	text_7: text = 'Color: 22'
7.2731 	EXP 	text_6: text = 'Image: 22'
7.2731 	EXP 	text_7: text = 'Color: 22'
7.2900 	EXP 	text_6: text = 'Image: 22'
7.2900 	EXP 	text_7: text = 'Color: 22'
7.3060 	EXP 	text_6: text = 'Image: 22'
7.3060 	EXP 	text_7: text = 'Color: 22'
7.3238 	EXP 	text_6: text = 'Image: 22'
7.3238 	EXP 	text_7: text = 'Color: 22'
7.3397 	EXP 	text_6: text = 'Image: 22'
7.3397 	EXP 	text_7: text = 'Color: 22'
7.3564 	EXP 	text_6: text = 'Image: 22'
7.3564 	EXP 	text_7: text = 'Color: 22'
7.3729 	EXP 	text_6: text = 'Image: 22'
7.3729 	EXP 	text_7: text = 'Color: 22'
7.3893 	EXP 	text_6: text = 'Image: 22'
7.3893 	EXP 	text_7: text = 'Color: 22'
7.4064 	EXP 	text_6: text = 'Image: 22'
7.4064 	EXP 	text_7: text = 'Color: 22'
7.4071 	DATA 	Mouse: Left button down, pos=(1270,1362)
7.4233 	EXP 	text_6: text = 'Image: 22'
7.4233 	EXP 	text_7: text = 'Color: 22'
7.4396 	EXP 	text_6: text = 'Image: 22'
7.4396 	EXP 	text_7: text = 'Color: 22'
7.4560 	EXP 	text_6: text = 'Image: 22'
7.4560 	EXP 	text_7: text = 'Color: 22'
7.4738 	EXP 	text_6: text = 'Image: 22'
7.4738 	EXP 	text_7: text = 'Color: 22'
7.4903 	EXP 	text_6: text = 'Image: 22'
7.4903 	EXP 	text_7: text = 'Color: 22'
7.5067 	EXP 	text_6: text = 'Image: 22'
7.5067 	EXP 	text_7: text = 'Color: 22'
7.5231 	EXP 	text_6: text = 'Image: 22'
7.5231 	EXP 	text_7: text = 'Color: 22'
7.5398 	EXP 	text_6: text = 'Image: 22'
7.5398 	EXP 	text_7: text = 'Color: 22'
7.5565 	EXP 	text_6: text = 'Image: 22'
7.5565 	EXP 	text_7: text = 'Color: 22'
7.5570 	DATA 	Mouse:  Left button up, pos=(1270,1362)
7.5733 	EXP 	text_6: text = 'Image: 22'
7.5733 	EXP 	text_7: text = 'Color: 22'
7.5902 	EXP 	text_6: text = 'Image: 22'
7.5902 	EXP 	text_7: text = 'Color: 22'
7.6063 	EXP 	text_6: text = 'Image: 22'
7.6063 	EXP 	text_7: text = 'Color: 22'
7.6229 	EXP 	text_6: text = 'Image: 22'
7.6229 	EXP 	text_7: text = 'Color: 22'
7.6401 	EXP 	text_6: text = 'Image: 22'
7.6401 	EXP 	text_7: text = 'Color: 22'
7.6567 	EXP 	text_6: text = 'Image: 22'
7.6567 	EXP 	text_7: text = 'Color: 22'
7.6730 	EXP 	text_6: text = 'Image: 22'
7.6730 	EXP 	text_7: text = 'Color: 22'
7.6904 	EXP 	text_6: text = 'Image: 22'
7.6904 	EXP 	text_7: text = 'Color: 22'
7.7066 	EXP 	text_6: text = 'Image: 22'
7.7066 	EXP 	text_7: text = 'Color: 22'
7.7235 	EXP 	text_6: text = 'Image: 22'
7.7235 	EXP 	text_7: text = 'Color: 22'
7.7393 	EXP 	text_6: text = 'Image: 22'
7.7393 	EXP 	text_7: text = 'Color: 22'
7.7571 	EXP 	text_6: text = 'Image: 22'
7.7571 	EXP 	text_7: text = 'Color: 22'
7.7728 	EXP 	text_6: text = 'Image: 22'
7.7728 	EXP 	text_7: text = 'Color: 22'
7.7899 	EXP 	text_6: text = 'Image: 22'
7.7899 	EXP 	text_7: text = 'Color: 22'
7.8060 	EXP 	text_6: text = 'Image: 22'
7.8060 	EXP 	text_7: text = 'Color: 22'
7.8236 	EXP 	text_6: text = 'Image: 22'
7.8236 	EXP 	text_7: text = 'Color: 22'
7.8401 	EXP 	text_6: text = 'Image: 22'
7.8401 	EXP 	text_7: text = 'Color: 22'
7.8561 	EXP 	text_6: text = 'Image: 22'
7.8561 	EXP 	text_7: text = 'Color: 22'
7.8738 	EXP 	text_6: text = 'Image: 22'
7.8738 	EXP 	text_7: text = 'Color: 22'
7.8898 	EXP 	text_6: text = 'Image: 22'
7.8898 	EXP 	text_7: text = 'Color: 22'
7.9072 	EXP 	text_6: text = 'Image: 22'
7.9072 	EXP 	text_7: text = 'Color: 22'
7.9238 	EXP 	text_6: text = 'Image: 22'
7.9238 	EXP 	text_7: text = 'Color: 22'
7.9400 	EXP 	text_6: text = 'Image: 22'
7.9400 	EXP 	text_7: text = 'Color: 22'
7.9560 	EXP 	text_6: text = 'Image: 22'
7.9560 	EXP 	text_7: text = 'Color: 22'
7.9736 	EXP 	text_6: text = 'Image: 22'
7.9736 	EXP 	text_7: text = 'Color: 22'
7.9898 	EXP 	text_6: text = 'Image: 22'
7.9898 	EXP 	text_7: text = 'Color: 22'
8.0063 	EXP 	text_6: text = 'Image: 22'
8.0063 	EXP 	text_7: text = 'Color: 22'
8.0236 	EXP 	text_6: text = 'Image: 22'
8.0236 	EXP 	text_7: text = 'Color: 22'
8.0403 	EXP 	text_6: text = 'Image: 22'
8.0403 	EXP 	text_7: text = 'Color: 22'
8.0569 	EXP 	text_6: text = 'Image: 22'
8.0569 	EXP 	text_7: text = 'Color: 22'
8.0731 	EXP 	text_6: text = 'Image: 22'
8.0731 	EXP 	text_7: text = 'Color: 22'
8.0901 	EXP 	text_6: text = 'Image: 22'
8.0901 	EXP 	text_7: text = 'Color: 22'
8.1069 	EXP 	text_6: text = 'Image: 22'
8.1069 	EXP 	text_7: text = 'Color: 22'
8.1233 	EXP 	text_6: text = 'Image: 22'
8.1233 	EXP 	text_7: text = 'Color: 22'
8.1403 	EXP 	text_6: text = 'Image: 22'
8.1403 	EXP 	text_7: text = 'Color: 22'
8.1568 	EXP 	text_6: text = 'Image: 22'
8.1568 	EXP 	text_7: text = 'Color: 22'
8.1730 	EXP 	text_6: text = 'Image: 22'
8.1730 	EXP 	text_7: text = 'Color: 22'
8.1905 	EXP 	text_6: text = 'Image: 22'
8.1905 	EXP 	text_7: text = 'Color: 22'
8.1912 	DATA 	Mouse: Left button down, pos=(1328,1294)
8.2069 	EXP 	text_6: text = 'Image: 22'
8.2069 	EXP 	text_7: text = 'Color: 22'
8.2230 	EXP 	text_6: text = 'Image: 22'
8.2230 	EXP 	text_7: text = 'Color: 22'
8.2400 	EXP 	text_6: text = 'Image: 22'
8.2400 	EXP 	text_7: text = 'Color: 22'
8.2568 	EXP 	text_6: text = 'Image: 22'
8.2568 	EXP 	text_7: text = 'Color: 22'
8.2733 	EXP 	text_6: text = 'Image: 22'
8.2733 	EXP 	text_7: text = 'Color: 22'
8.2900 	EXP 	text_6: text = 'Image: 22'
8.2900 	EXP 	text_7: text = 'Color: 22'
8.3061 	EXP 	text_6: text = 'Image: 22'
8.3061 	EXP 	text_7: text = 'Color: 22'
8.3234 	EXP 	text_6: text = 'Image: 22'
8.3234 	EXP 	text_7: text = 'Color: 22'
8.3397 	EXP 	text_6: text = 'Image: 22'
8.3397 	EXP 	text_7: text = 'Color: 22'
8.3403 	DATA 	Mouse:  Left button up, pos=(1327,1295)
8.3568 	EXP 	text_6: text = 'Image: 22'
8.3568 	EXP 	text_7: text = 'Color: 22'
8.3733 	EXP 	text_6: text = 'Image: 22'
8.3733 	EXP 	text_7: text = 'Color: 22'
8.3898 	EXP 	text_6: text = 'Image: 22'
8.3898 	EXP 	text_7: text = 'Color: 22'
8.4061 	EXP 	text_6: text = 'Image: 22'
8.4061 	EXP 	text_7: text = 'Color: 22'
8.4236 	EXP 	text_6: text = 'Image: 22'
8.4236 	EXP 	text_7: text = 'Color: 22'
8.4398 	EXP 	text_6: text = 'Image: 22'
8.4398 	EXP 	text_7: text = 'Color: 22'
8.4565 	EXP 	text_6: text = 'Image: 22'
8.4565 	EXP 	text_7: text = 'Color: 22'
8.4728 	EXP 	text_6: text = 'Image: 22'
8.4728 	EXP 	text_7: text = 'Color: 22'
8.4901 	EXP 	text_6: text = 'Image: 22'
8.4901 	EXP 	text_7: text = 'Color: 22'
8.5068 	EXP 	text_6: text = 'Image: 22'
8.5068 	EXP 	text_7: text = 'Color: 22'
8.5234 	EXP 	text_6: text = 'Image: 22'
8.5234 	EXP 	text_7: text = 'Color: 22'
8.5395 	EXP 	text_6: text = 'Image: 22'
8.5395 	EXP 	text_7: text = 'Color: 22'
8.5571 	EXP 	text_6: text = 'Image: 22'
8.5571 	EXP 	text_7: text = 'Color: 22'
8.5728 	EXP 	text_6: text = 'Image: 22'
8.5728 	EXP 	text_7: text = 'Color: 22'
8.5905 	EXP 	text_6: text = 'Image: 22'
8.5905 	EXP 	text_7: text = 'Color: 22'
8.6070 	EXP 	text_6: text = 'Image: 22'
8.6070 	EXP 	text_7: text = 'Color: 22'
8.6233 	EXP 	text_6: text = 'Image: 22'
8.6233 	EXP 	text_7: text = 'Color: 22'
8.6404 	EXP 	text_6: text = 'Image: 22'
8.6404 	EXP 	text_7: text = 'Color: 22'
8.6570 	EXP 	text_6: text = 'Image: 22'
8.6570 	EXP 	text_7: text = 'Color: 22'
8.6734 	EXP 	text_6: text = 'Image: 22'
8.6734 	EXP 	text_7: text = 'Color: 22'
8.6897 	EXP 	text_6: text = 'Image: 22'
8.6897 	EXP 	text_7: text = 'Color: 22'
8.7069 	EXP 	text_6: text = 'Image: 22'
8.7069 	EXP 	text_7: text = 'Color: 22'
8.7234 	EXP 	text_6: text = 'Image: 22'
8.7234 	EXP 	text_7: text = 'Color: 22'
8.7401 	EXP 	text_6: text = 'Image: 22'
8.7401 	EXP 	text_7: text = 'Color: 22'
8.7562 	EXP 	text_6: text = 'Image: 22'
8.7562 	EXP 	text_7: text = 'Color: 22'
8.7739 	EXP 	text_6: text = 'Image: 22'
8.7739 	EXP 	text_7: text = 'Color: 22'
8.7899 	EXP 	text_6: text = 'Image: 22'
8.7899 	EXP 	text_7: text = 'Color: 22'
8.8063 	EXP 	text_6: text = 'Image: 22'
8.8063 	EXP 	text_7: text = 'Color: 22'
8.8236 	EXP 	text_6: text = 'Image: 22'
8.8236 	EXP 	text_7: text = 'Color: 22'
8.8404 	EXP 	text_6: text = 'Image: 22'
8.8404 	EXP 	text_7: text = 'Color: 22'
8.8562 	EXP 	text_6: text = 'Image: 22'
8.8562 	EXP 	text_7: text = 'Color: 22'
8.8728 	EXP 	text_6: text = 'Image: 22'
8.8728 	EXP 	text_7: text = 'Color: 22'
8.8899 	EXP 	text_6: text = 'Image: 22'
8.8899 	EXP 	text_7: text = 'Color: 22'
8.9068 	EXP 	text_6: text = 'Image: 22'
8.9068 	EXP 	text_7: text = 'Color: 22'
8.9234 	EXP 	text_6: text = 'Image: 22'
8.9234 	EXP 	text_7: text = 'Color: 22'
8.9399 	EXP 	text_6: text = 'Image: 22'
8.9399 	EXP 	text_7: text = 'Color: 22'
8.9565 	EXP 	text_6: text = 'Image: 22'
8.9565 	EXP 	text_7: text = 'Color: 22'
8.9738 	EXP 	text_6: text = 'Image: 22'
8.9738 	EXP 	text_7: text = 'Color: 22'
8.9903 	EXP 	text_6: text = 'Image: 22'
8.9903 	EXP 	text_7: text = 'Color: 22'
9.0067 	EXP 	text_6: text = 'Image: 22'
9.0067 	EXP 	text_7: text = 'Color: 22'
9.0233 	EXP 	text_6: text = 'Image: 22'
9.0233 	EXP 	text_7: text = 'Color: 22'
9.0402 	EXP 	text_6: text = 'Image: 22'
9.0402 	EXP 	text_7: text = 'Color: 22'
9.0568 	EXP 	text_6: text = 'Image: 22'
9.0568 	EXP 	text_7: text = 'Color: 22'
9.0733 	EXP 	text_6: text = 'Image: 22'
9.0733 	EXP 	text_7: text = 'Color: 22'
9.0897 	EXP 	text_6: text = 'Image: 22'
9.0897 	EXP 	text_7: text = 'Color: 22'
9.1072 	EXP 	text_6: text = 'Image: 22'
9.1072 	EXP 	text_7: text = 'Color: 22'
9.1237 	EXP 	text_6: text = 'Image: 22'
9.1237 	EXP 	text_7: text = 'Color: 22'
9.1405 	EXP 	text_6: text = 'Image: 22'
9.1405 	EXP 	text_7: text = 'Color: 22'
9.1568 	EXP 	text_6: text = 'Image: 22'
9.1568 	EXP 	text_7: text = 'Color: 22'
9.1732 	EXP 	text_6: text = 'Image: 22'
9.1732 	EXP 	text_7: text = 'Color: 22'
9.1906 	EXP 	text_6: text = 'Image: 22'
9.1906 	EXP 	text_7: text = 'Color: 22'
9.2070 	EXP 	text_6: text = 'Image: 22'
9.2070 	EXP 	text_7: text = 'Color: 22'
9.2232 	EXP 	text_6: text = 'Image: 22'
9.2232 	EXP 	text_7: text = 'Color: 22'
9.2400 	EXP 	text_6: text = 'Image: 22'
9.2400 	EXP 	text_7: text = 'Color: 22'
9.2564 	EXP 	text_6: text = 'Image: 22'
9.2564 	EXP 	text_7: text = 'Color: 22'
9.2739 	EXP 	text_6: text = 'Image: 22'
9.2739 	EXP 	text_7: text = 'Color: 22'
9.2903 	EXP 	text_6: text = 'Image: 22'
9.2903 	EXP 	text_7: text = 'Color: 22'
9.3072 	EXP 	text_6: text = 'Image: 22'
9.3072 	EXP 	text_7: text = 'Color: 22'
9.3236 	EXP 	text_6: text = 'Image: 22'
9.3236 	EXP 	text_7: text = 'Color: 22'
9.3404 	EXP 	text_6: text = 'Image: 22'
9.3404 	EXP 	text_7: text = 'Color: 22'
9.3570 	EXP 	text_6: text = 'Image: 22'
9.3570 	EXP 	text_7: text = 'Color: 22'
9.3738 	EXP 	text_6: text = 'Image: 22'
9.3738 	EXP 	text_7: text = 'Color: 22'
9.3902 	EXP 	text_6: text = 'Image: 22'
9.3902 	EXP 	text_7: text = 'Color: 22'
9.4069 	EXP 	text_6: text = 'Image: 22'
9.4069 	EXP 	text_7: text = 'Color: 22'
9.4234 	EXP 	text_6: text = 'Image: 22'
9.4234 	EXP 	text_7: text = 'Color: 22'
9.4402 	EXP 	text_6: text = 'Image: 22'
9.4402 	EXP 	text_7: text = 'Color: 22'
9.4569 	EXP 	text_6: text = 'Image: 22'
9.4569 	EXP 	text_7: text = 'Color: 22'
9.4740 	EXP 	text_6: text = 'Image: 22'
9.4740 	EXP 	text_7: text = 'Color: 22'
9.4905 	EXP 	text_6: text = 'Image: 22'
9.4905 	EXP 	text_7: text = 'Color: 22'
9.5071 	EXP 	text_6: text = 'Image: 22'
9.5071 	EXP 	text_7: text = 'Color: 22'
9.5239 	EXP 	text_6: text = 'Image: 22'
9.5239 	EXP 	text_7: text = 'Color: 22'
9.5403 	EXP 	text_6: text = 'Image: 22'
9.5403 	EXP 	text_7: text = 'Color: 22'
9.5569 	EXP 	text_6: text = 'Image: 22'
9.5569 	EXP 	text_7: text = 'Color: 22'
9.5731 	EXP 	text_6: text = 'Image: 22'
9.5731 	EXP 	text_7: text = 'Color: 22'
9.5897 	EXP 	text_6: text = 'Image: 22'
9.5897 	EXP 	text_7: text = 'Color: 22'
9.6072 	EXP 	text_6: text = 'Image: 22'
9.6072 	EXP 	text_7: text = 'Color: 22'
9.6238 	EXP 	text_6: text = 'Image: 22'
9.6238 	EXP 	text_7: text = 'Color: 22'
9.6403 	EXP 	text_6: text = 'Image: 22'
9.6403 	EXP 	text_7: text = 'Color: 22'
9.6567 	EXP 	text_6: text = 'Image: 22'
9.6567 	EXP 	text_7: text = 'Color: 22'
9.6730 	EXP 	text_6: text = 'Image: 22'
9.6730 	EXP 	text_7: text = 'Color: 22'
9.6904 	EXP 	text_6: text = 'Image: 22'
9.6904 	EXP 	text_7: text = 'Color: 22'
9.7065 	EXP 	text_6: text = 'Image: 22'
9.7065 	EXP 	text_7: text = 'Color: 22'
9.7239 	EXP 	text_6: text = 'Image: 22'
9.7239 	EXP 	text_7: text = 'Color: 22'
9.7403 	EXP 	text_6: text = 'Image: 22'
9.7403 	EXP 	text_7: text = 'Color: 22'
9.7569 	EXP 	text_6: text = 'Image: 22'
9.7569 	EXP 	text_7: text = 'Color: 22'
9.7739 	EXP 	text_6: text = 'Image: 22'
9.7739 	EXP 	text_7: text = 'Color: 22'
9.7905 	EXP 	text_6: text = 'Image: 22'
9.7905 	EXP 	text_7: text = 'Color: 22'
9.8071 	EXP 	text_6: text = 'Image: 22'
9.8071 	EXP 	text_7: text = 'Color: 22'
9.8236 	EXP 	text_6: text = 'Image: 22'
9.8236 	EXP 	text_7: text = 'Color: 22'
9.8402 	EXP 	text_6: text = 'Image: 22'
9.8402 	EXP 	text_7: text = 'Color: 22'
9.8569 	EXP 	text_6: text = 'Image: 22'
9.8569 	EXP 	text_7: text = 'Color: 22'
9.8738 	EXP 	text_6: text = 'Image: 22'
9.8738 	EXP 	text_7: text = 'Color: 22'
9.8903 	EXP 	text_6: text = 'Image: 22'
9.8903 	EXP 	text_7: text = 'Color: 22'
9.9068 	EXP 	text_6: text = 'Image: 22'
9.9068 	EXP 	text_7: text = 'Color: 22'
9.9233 	EXP 	text_6: text = 'Image: 22'
9.9233 	EXP 	text_7: text = 'Color: 22'
9.9402 	EXP 	text_6: text = 'Image: 22'
9.9402 	EXP 	text_7: text = 'Color: 22'
9.9572 	EXP 	text_6: text = 'Image: 22'
9.9572 	EXP 	text_7: text = 'Color: 22'
9.9740 	EXP 	text_6: text = 'Image: 22'
9.9740 	EXP 	text_7: text = 'Color: 22'
9.9906 	EXP 	text_6: text = 'Image: 22'
9.9906 	EXP 	text_7: text = 'Color: 22'
10.0066 	EXP 	text_6: text = 'Image: 22'
10.0066 	EXP 	text_7: text = 'Color: 22'
10.0241 	EXP 	text_6: text = 'Image: 22'
10.0241 	EXP 	text_7: text = 'Color: 22'
10.0398 	EXP 	text_6: text = 'Image: 22'
10.0398 	EXP 	text_7: text = 'Color: 22'
10.0564 	EXP 	text_6: text = 'Image: 22'
10.0564 	EXP 	text_7: text = 'Color: 22'
10.0740 	EXP 	text_6: text = 'Image: 22'
10.0740 	EXP 	text_7: text = 'Color: 22'
10.0908 	EXP 	text_6: text = 'Image: 22'
10.0908 	EXP 	text_7: text = 'Color: 22'
10.1074 	EXP 	text_6: text = 'Image: 22'
10.1074 	EXP 	text_7: text = 'Color: 22'
10.1234 	EXP 	text_6: text = 'Image: 22'
10.1234 	EXP 	text_7: text = 'Color: 22'
10.1401 	EXP 	text_6: text = 'Image: 22'
10.1401 	EXP 	text_7: text = 'Color: 22'
10.1566 	EXP 	text_6: text = 'Image: 22'
10.1566 	EXP 	text_7: text = 'Color: 22'
10.1741 	EXP 	text_6: text = 'Image: 22'
10.1741 	EXP 	text_7: text = 'Color: 22'
10.1908 	EXP 	text_6: text = 'Image: 22'
10.1908 	EXP 	text_7: text = 'Color: 22'
10.2067 	EXP 	text_6: text = 'Image: 22'
10.2067 	EXP 	text_7: text = 'Color: 22'
10.2241 	EXP 	text_6: text = 'Image: 22'
10.2241 	EXP 	text_7: text = 'Color: 22'
10.2401 	EXP 	text_6: text = 'Image: 22'
10.2401 	EXP 	text_7: text = 'Color: 22'
10.2567 	EXP 	text_6: text = 'Image: 22'
10.2567 	EXP 	text_7: text = 'Color: 22'
10.2735 	EXP 	text_6: text = 'Image: 22'
10.2735 	EXP 	text_7: text = 'Color: 22'
10.2900 	EXP 	text_6: text = 'Image: 22'
10.2900 	EXP 	text_7: text = 'Color: 22'
10.3076 	EXP 	text_6: text = 'Image: 22'
10.3076 	EXP 	text_7: text = 'Color: 22'
10.3233 	EXP 	text_6: text = 'Image: 22'
10.3233 	EXP 	text_7: text = 'Color: 22'
10.3401 	EXP 	text_6: text = 'Image: 22'
10.3401 	EXP 	text_7: text = 'Color: 22'
10.3566 	EXP 	text_6: text = 'Image: 22'
10.3566 	EXP 	text_7: text = 'Color: 22'
10.3741 	EXP 	text_6: text = 'Image: 22'
10.3741 	EXP 	text_7: text = 'Color: 22'
10.3907 	EXP 	text_6: text = 'Image: 22'
10.3907 	EXP 	text_7: text = 'Color: 22'
10.4075 	EXP 	text_6: text = 'Image: 22'
10.4075 	EXP 	text_7: text = 'Color: 22'
10.4230 	EXP 	text_6: text = 'Image: 22'
10.4230 	EXP 	text_7: text = 'Color: 22'
10.4404 	EXP 	text_6: text = 'Image: 22'
10.4404 	EXP 	text_7: text = 'Color: 22'
10.4568 	EXP 	text_6: text = 'Image: 22'
10.4568 	EXP 	text_7: text = 'Color: 22'
10.4740 	EXP 	text_6: text = 'Image: 22'
10.4740 	EXP 	text_7: text = 'Color: 22'
10.4908 	EXP 	text_6: text = 'Image: 22'
10.4908 	EXP 	text_7: text = 'Color: 22'
10.5064 	EXP 	text_6: text = 'Image: 22'
10.5064 	EXP 	text_7: text = 'Color: 22'
10.5240 	EXP 	text_6: text = 'Image: 22'
10.5240 	EXP 	text_7: text = 'Color: 22'
10.5407 	EXP 	text_6: text = 'Image: 22'
10.5407 	EXP 	text_7: text = 'Color: 22'
10.5570 	EXP 	text_6: text = 'Image: 22'
10.5570 	EXP 	text_7: text = 'Color: 22'
10.5739 	EXP 	text_6: text = 'Image: 22'
10.5739 	EXP 	text_7: text = 'Color: 22'
10.5904 	EXP 	text_6: text = 'Image: 22'
10.5904 	EXP 	text_7: text = 'Color: 22'
10.6068 	EXP 	text_6: text = 'Image: 22'
10.6068 	EXP 	text_7: text = 'Color: 22'
10.6230 	EXP 	text_6: text = 'Image: 22'
10.6230 	EXP 	text_7: text = 'Color: 22'
10.6406 	EXP 	text_6: text = 'Image: 22'
10.6406 	EXP 	text_7: text = 'Color: 22'
10.6576 	EXP 	text_6: text = 'Image: 22'
10.6576 	EXP 	text_7: text = 'Color: 22'
10.6731 	EXP 	text_6: text = 'Image: 22'
10.6731 	EXP 	text_7: text = 'Color: 22'
10.6909 	EXP 	text_6: text = 'Image: 22'
10.6909 	EXP 	text_7: text = 'Color: 22'
10.7075 	EXP 	text_6: text = 'Image: 22'
10.7075 	EXP 	text_7: text = 'Color: 22'
10.7230 	EXP 	text_6: text = 'Image: 22'
10.7230 	EXP 	text_7: text = 'Color: 22'
10.7405 	EXP 	text_6: text = 'Image: 22'
10.7405 	EXP 	text_7: text = 'Color: 22'
10.7570 	EXP 	text_6: text = 'Image: 22'
10.7570 	EXP 	text_7: text = 'Color: 22'
10.7737 	EXP 	text_6: text = 'Image: 22'
10.7737 	EXP 	text_7: text = 'Color: 22'
10.7905 	EXP 	text_6: text = 'Image: 22'
10.7905 	EXP 	text_7: text = 'Color: 22'
10.8061 	EXP 	text_6: text = 'Image: 22'
10.8061 	EXP 	text_7: text = 'Color: 22'
10.8231 	EXP 	text_6: text = 'Image: 22'
10.8231 	EXP 	text_7: text = 'Color: 22'
10.8397 	EXP 	text_6: text = 'Image: 22'
10.8397 	EXP 	text_7: text = 'Color: 22'
10.8568 	EXP 	text_6: text = 'Image: 22'
10.8568 	EXP 	text_7: text = 'Color: 22'
10.8731 	EXP 	text_6: text = 'Image: 22'
10.8731 	EXP 	text_7: text = 'Color: 22'
10.8898 	EXP 	text_6: text = 'Image: 22'
10.8898 	EXP 	text_7: text = 'Color: 22'
10.9065 	EXP 	text_6: text = 'Image: 22'
10.9065 	EXP 	text_7: text = 'Color: 22'
10.9231 	EXP 	text_6: text = 'Image: 22'
10.9231 	EXP 	text_7: text = 'Color: 22'
10.9406 	EXP 	text_6: text = 'Image: 22'
10.9406 	EXP 	text_7: text = 'Color: 22'
10.9569 	EXP 	text_6: text = 'Image: 22'
10.9569 	EXP 	text_7: text = 'Color: 22'
10.9738 	EXP 	text_6: text = 'Image: 22'
10.9738 	EXP 	text_7: text = 'Color: 22'
10.9898 	EXP 	text_6: text = 'Image: 22'
10.9898 	EXP 	text_7: text = 'Color: 22'
11.0064 	EXP 	text_6: text = 'Image: 22'
11.0064 	EXP 	text_7: text = 'Color: 22'
11.0239 	EXP 	text_6: text = 'Image: 22'
11.0239 	EXP 	text_7: text = 'Color: 22'
11.0404 	EXP 	text_6: text = 'Image: 22'
11.0404 	EXP 	text_7: text = 'Color: 22'
11.0568 	EXP 	text_6: text = 'Image: 22'
11.0568 	EXP 	text_7: text = 'Color: 22'
11.0731 	EXP 	text_6: text = 'Image: 22'
11.0731 	EXP 	text_7: text = 'Color: 22'
11.0907 	EXP 	text_6: text = 'Image: 22'
11.0907 	EXP 	text_7: text = 'Color: 22'
11.1071 	EXP 	text_6: text = 'Image: 22'
11.1071 	EXP 	text_7: text = 'Color: 22'
11.1237 	EXP 	text_6: text = 'Image: 22'
11.1237 	EXP 	text_7: text = 'Color: 22'
11.1401 	EXP 	text_6: text = 'Image: 22'
11.1401 	EXP 	text_7: text = 'Color: 22'
11.1567 	EXP 	text_6: text = 'Image: 22'
11.1567 	EXP 	text_7: text = 'Color: 22'
11.1731 	EXP 	text_6: text = 'Image: 22'
11.1731 	EXP 	text_7: text = 'Color: 22'
11.1908 	EXP 	text_6: text = 'Image: 22'
11.1908 	EXP 	text_7: text = 'Color: 22'
11.2074 	EXP 	text_6: text = 'Image: 22'
11.2074 	EXP 	text_7: text = 'Color: 22'
11.2230 	EXP 	text_6: text = 'Image: 22'
11.2230 	EXP 	text_7: text = 'Color: 22'
11.2404 	EXP 	text_6: text = 'Image: 22'
11.2404 	EXP 	text_7: text = 'Color: 22'
11.2569 	EXP 	text_6: text = 'Image: 22'
11.2569 	EXP 	text_7: text = 'Color: 22'
11.2733 	EXP 	text_6: text = 'Image: 22'
11.2733 	EXP 	text_7: text = 'Color: 22'
11.2898 	EXP 	text_6: text = 'Image: 22'
11.2898 	EXP 	text_7: text = 'Color: 22'
11.3071 	EXP 	text_6: text = 'Image: 22'
11.3071 	EXP 	text_7: text = 'Color: 22'
11.3234 	EXP 	text_6: text = 'Image: 22'
11.3234 	EXP 	text_7: text = 'Color: 22'
11.3400 	EXP 	text_6: text = 'Image: 22'
11.3400 	EXP 	text_7: text = 'Color: 22'
11.3564 	EXP 	text_6: text = 'Image: 22'
11.3564 	EXP 	text_7: text = 'Color: 22'
11.3739 	EXP 	text_6: text = 'Image: 22'
11.3739 	EXP 	text_7: text = 'Color: 22'
11.3902 	EXP 	text_6: text = 'Image: 22'
11.3902 	EXP 	text_7: text = 'Color: 22'
11.4068 	EXP 	text_6: text = 'Image: 22'
11.4068 	EXP 	text_7: text = 'Color: 22'
11.4231 	EXP 	text_6: text = 'Image: 22'
11.4231 	EXP 	text_7: text = 'Color: 22'
11.4403 	EXP 	text_6: text = 'Image: 22'
11.4403 	EXP 	text_7: text = 'Color: 22'
11.4570 	EXP 	text_6: text = 'Image: 22'
11.4570 	EXP 	text_7: text = 'Color: 22'
11.4736 	EXP 	text_6: text = 'Image: 22'
11.4736 	EXP 	text_7: text = 'Color: 22'
11.4901 	EXP 	text_6: text = 'Image: 22'
11.4901 	EXP 	text_7: text = 'Color: 22'
11.5064 	EXP 	text_6: text = 'Image: 22'
11.5064 	EXP 	text_7: text = 'Color: 22'
11.5239 	EXP 	text_6: text = 'Image: 22'
11.5239 	EXP 	text_7: text = 'Color: 22'
11.5400 	EXP 	text_6: text = 'Image: 22'
11.5400 	EXP 	text_7: text = 'Color: 22'
11.5568 	EXP 	text_6: text = 'Image: 22'
11.5568 	EXP 	text_7: text = 'Color: 22'
11.5734 	EXP 	text_6: text = 'Image: 22'
11.5734 	EXP 	text_7: text = 'Color: 22'
11.5908 	EXP 	text_6: text = 'Image: 22'
11.5908 	EXP 	text_7: text = 'Color: 22'
11.6071 	EXP 	text_6: text = 'Image: 22'
11.6071 	EXP 	text_7: text = 'Color: 22'
11.6233 	EXP 	text_6: text = 'Image: 22'
11.6233 	EXP 	text_7: text = 'Color: 22'
11.6398 	EXP 	text_6: text = 'Image: 22'
11.6398 	EXP 	text_7: text = 'Color: 22'
11.6570 	EXP 	text_6: text = 'Image: 22'
11.6570 	EXP 	text_7: text = 'Color: 22'
11.6736 	EXP 	text_6: text = 'Image: 22'
11.6736 	EXP 	text_7: text = 'Color: 22'
11.6900 	EXP 	text_6: text = 'Image: 22'
11.6900 	EXP 	text_7: text = 'Color: 22'
11.7076 	EXP 	text_6: text = 'Image: 22'
11.7076 	EXP 	text_7: text = 'Color: 22'
11.7236 	EXP 	text_6: text = 'Image: 22'
11.7236 	EXP 	text_7: text = 'Color: 22'
11.7400 	EXP 	text_6: text = 'Image: 22'
11.7400 	EXP 	text_7: text = 'Color: 22'
11.7570 	EXP 	text_6: text = 'Image: 22'
11.7570 	EXP 	text_7: text = 'Color: 22'
11.7738 	EXP 	text_6: text = 'Image: 22'
11.7738 	EXP 	text_7: text = 'Color: 22'
11.7906 	EXP 	text_6: text = 'Image: 22'
11.7906 	EXP 	text_7: text = 'Color: 22'
11.8073 	EXP 	text_6: text = 'Image: 22'
11.8073 	EXP 	text_7: text = 'Color: 22'
11.8233 	EXP 	text_6: text = 'Image: 22'
11.8233 	EXP 	text_7: text = 'Color: 22'
11.8400 	EXP 	text_6: text = 'Image: 22'
11.8400 	EXP 	text_7: text = 'Color: 22'
11.8574 	EXP 	text_6: text = 'Image: 22'
11.8574 	EXP 	text_7: text = 'Color: 22'
11.8739 	EXP 	text_6: text = 'Image: 22'
11.8739 	EXP 	text_7: text = 'Color: 22'
11.8903 	EXP 	text_6: text = 'Image: 22'
11.8903 	EXP 	text_7: text = 'Color: 22'
11.9067 	EXP 	text_6: text = 'Image: 22'
11.9067 	EXP 	text_7: text = 'Color: 22'
11.9232 	EXP 	text_6: text = 'Image: 22'
11.9232 	EXP 	text_7: text = 'Color: 22'
11.9400 	EXP 	text_6: text = 'Image: 22'
11.9400 	EXP 	text_7: text = 'Color: 22'
11.9576 	EXP 	text_6: text = 'Image: 22'
11.9576 	EXP 	text_7: text = 'Color: 22'
11.9742 	EXP 	text_6: text = 'Image: 22'
11.9742 	EXP 	text_7: text = 'Color: 22'
11.9905 	EXP 	text_6: text = 'Image: 22'
11.9905 	EXP 	text_7: text = 'Color: 22'
12.0077 	EXP 	text_6: text = 'Image: 22'
12.0077 	EXP 	text_7: text = 'Color: 22'
12.0243 	EXP 	text_6: text = 'Image: 22'
12.0243 	EXP 	text_7: text = 'Color: 22'
12.0401 	EXP 	text_6: text = 'Image: 22'
12.0401 	EXP 	text_7: text = 'Color: 22'
12.0568 	EXP 	text_6: text = 'Image: 22'
12.0568 	EXP 	text_7: text = 'Color: 22'
12.0733 	EXP 	text_6: text = 'Image: 22'
12.0733 	EXP 	text_7: text = 'Color: 22'
12.0909 	EXP 	text_6: text = 'Image: 22'
12.0909 	EXP 	text_7: text = 'Color: 22'
12.0924 	DATA 	Keypress: escape
12.1069 	EXP 	text_6: text = 'Image: 22'
12.1069 	EXP 	text_7: text = 'Color: 22'
12.1242 	EXP 	text_6: text = 'Image: 22'
12.1242 	EXP 	text_7: text = 'Color: 22'
12.1408 	EXP 	text_6: text = 'Image: 22'
12.1408 	EXP 	text_7: text = 'Color: 22'
12.1574 	EXP 	text_6: text = 'Image: 22'
12.1574 	EXP 	text_7: text = 'Color: 22'
12.4451 	EXP 	window1: mouseVisible = True
