3.5978 	EXP 	Created window1 = Window(allowGUI=False, allowStencil=False, args=UNKNOWN, autoLog=True, bitsMode=UNKNOWN, blendMode='avg', color=array([1., 1., 1.]), colorSpace='rgb', fullscr=<method-wrapper '__getattribute__' of attributeSetter object at 0x13b960be0>, gamma=None, kwargs=UNKNOWN, lms=UNKNOWN, monitor=<psychopy.monitors.calibTools.Monitor object at 0x13b7fef28>, multiSample=False, name='window1', numSamples=2, pos=[0.0, 0.0], screen=0, size=array([5120, 2880]), stereo=False, units='height', useFBO=True, useRetina=True, viewOri=0.0, viewPos=None, viewScale=None, waitBlanking=True, winType='pyglet')
3.5978 	EXP 	window1: recordFrameIntervals = False
3.7633 	EXP 	window1: recordFrameIntervals = True
3.9464 	EXP 	window1: recordFrameIntervals = False
4.1344 	EXP 	Created resettext = TextStim(__class__=<class 'psychopy.visual.text.TextStim'>, alignHoriz='center', alignVert='center', antialias=True, autoLog=True, bold=False, color='black', colorSpace='named', contrast=1.0, depth=0.0, flipHoriz=False, flipVert=False, font='Arial', fontFiles=[], height=0.04, italic=False, languageStyle='LTR', name='resettext', opacity=1.0, ori=0, pos=array([0., 0.]), rgb=array([0., 0., 0.]), text='+', units='height', win=Window(...), wrapWidth=1)
4.1357 	EXP 	Created studyImage = ImageStim(__class__=<class 'psychopy.visual.image.ImageStim'>, autoLog=True, color='white', colorSpace='named', contrast=1.0, depth=0.0, flipHoriz=False, flipVert=False, image='sin', interpolate=True, mask=None, maskParams=None, name='studyImage', opacity=1.0, ori=0.0, pos=array([0., 0.]), size=array([0.19, 0.19]), texRes=128, units='height', win=Window(...))
4.1432 	EXP 	Created text_6 = TextStim(__class__=<class 'psychopy.visual.text.TextStim'>, alignHoriz='center', alignVert='center', antialias=True, autoLog=True, bold=False, color='black', colorSpace='named', contrast=1.0, depth=-2.0, flipHoriz=False, flipVert=False, font='Arial', fontFiles=[], height=0.03, italic=False, languageStyle='LTR', name='text_6', opacity=1.0, ori=0, pos=array([0.  , 0.45]), rgb=array([0., 0., 0.]), text='Stimuli: ', units='height', win=Window(...), wrapWidth=1)
4.1475 	EXP 	Created text_7 = TextStim(__class__=<class 'psychopy.visual.text.TextStim'>, alignHoriz='center', alignVert='center', antialias=True, autoLog=True, bold=False, color='black', colorSpace='named', contrast=1.0, depth=-3.0, flipHoriz=False, flipVert=False, font='Arial', fontFiles=[], height=0.03, italic=False, languageStyle='LTR', name='text_7', opacity=1.0, ori=0, pos=array([0. , 0.4]), rgb=array([0., 0., 0.]), text='Color: ', units='height', win=Window(...), wrapWidth=1)
4.1495 	EXP 	Created resettext = TextStim(__class__=<class 'psychopy.visual.text.TextStim'>, alignHoriz='center', alignVert='center', antialias=True, autoLog=True, bold=False, color='black', colorSpace='named', contrast=1.0, depth=0.0, flipHoriz=False, flipVert=False, font='Arial', fontFiles=[], height=0.04, italic=False, languageStyle='LTR', name='resettext', opacity=1.0, ori=0, pos=array([0., 0.]), rgb=array([0., 0., 0.]), text='+', units='height', win=Window(...), wrapWidth=1)
4.1586 	EXP 	Created oldornewText = TextStim(__class__=<class 'psychopy.visual.text.TextStim'>, alignHoriz='center', alignVert='center', antialias=True, autoLog=True, bold=False, color='black', colorSpace='named', contrast=1.0, depth=0.0, flipHoriz=False, flipVert=False, font='Arial', fontFiles=[], height=0.05, italic=False, languageStyle='LTR', name='oldornewText', opacity=1.0, ori=0, pos=array([ 0.  , -0.45]), rgb=array([0., 0., 0.]), text='1 - Old        2 - New', units='height', win=Window(...), wrapWidth=1)
4.1598 	EXP 	Created oldornewImage = ImageStim(__class__=<class 'psychopy.visual.image.ImageStim'>, autoLog=True, color=array([-1., -1., -1.]), colorSpace='rgb', contrast=1.0, depth=-1.0, flipHoriz=False, flipVert=False, image='sin', interpolate=True, mask=None, maskParams=None, name='oldornewImage', opacity=1.0, ori=0.0, pos=array([0., 0.]), size=array([0.19, 0.19]), texRes=128, units='height', win=Window(...))
4.1617 	EXP 	Created resettext = TextStim(__class__=<class 'psychopy.visual.text.TextStim'>, alignHoriz='center', alignVert='center', antialias=True, autoLog=True, bold=False, color='black', colorSpace='named', contrast=1.0, depth=0.0, flipHoriz=False, flipVert=False, font='Arial', fontFiles=[], height=0.04, italic=False, languageStyle='LTR', name='resettext', opacity=1.0, ori=0, pos=array([0., 0.]), rgb=array([0., 0., 0.]), text='+', units='height', win=Window(...), wrapWidth=1)
4.2020 	EXP 	Created Image3 = ImageStim(__class__=<class 'psychopy.visual.image.ImageStim'>, autoLog=True, color=array([0., 1., 0.]), colorSpace='hsv', contrast=1.0, depth=0.0, flipHoriz=False, flipVert=False, image=str(...), interpolate=True, mask=None, maskParams=None, name='Image3', opacity=1.0, ori=0.0, pos=array([0., 0.]), size=array([0.19, 0.19]), texRes=128, units='height', win=Window(...))
4.2072 	EXP 	Created unnamed RadialStim = RadialStim(__class__=<class 'psychopy.visual.radial.RadialStim'>, autoDraw=False, autoLog=True, blendmode='avg', color=array([180.,   0.,   1.]), colorSpace='hsv', contrast=1.0, depth=0, interpolate=False, mask='none', maskParams=None, name='unnamed RadialStim', opacity=0.0, ori=0.0, phase=array([0., 0.]), pos=array([0., 0.]), rgbPedestal=array([0., 0., 0.]), sf=1, size=array([0.25, 0.25]), tex='sqrXsqr', texRes=64, units='height', win=Window(...))
4.2128 	EXP 	Created unnamed RadialStim = RadialStim(__class__=<class 'psychopy.visual.radial.RadialStim'>, autoDraw=False, autoLog=True, blendmode='avg', color=array([1., 1., 1.]), colorSpace='rgb', contrast=1.0, depth=0, interpolate=True, mask=ndarray(...), maskParams=None, name='unnamed RadialStim', opacity=1.0, ori=0.0, phase=array([0., 0.]), pos=array([0., 0.]), rgbPedestal=array([0., 0., 0.]), sf=1, size=array([0.3, 0.3]), tex=ndarray(...), texRes=64, units='height', win=Window(...))
4.2144 	EXP 	Created screenRect3 = Rect(__class__=<class 'psychopy.visual.rect.Rect'>, autoDraw=False, autoLog=True, closeShape=True, color=method-wrapper(...), colorSpace=None, contrast=1.0, depth=-6.0, fillColor=array([1., 1., 1.]), fillColorSpace='rgb', fillRGB=array([1., 1., 1.]), interpolate=True, lineColor=array([1., 1., 1.]), lineColorSpace='rgb', lineRGB=array([1., 1., 1.]), lineWidth=1, name='screenRect3', opacity=0.0, ori=array(0.), pos=array([0., 0.]), size=array([1., 1.]), units='height', vertices=ndarray(...), win=Window(...))
4.2241 	EXP 	Created ColorText = TextStim(__class__=<class 'psychopy.visual.text.TextStim'>, alignHoriz='center', alignVert='center', antialias=True, autoLog=True, bold=False, color='white', colorSpace='named', contrast=1.0, depth=0.0, flipHoriz=False, flipVert=False, font='Arial', fontFiles=[], height=0.03, italic=False, languageStyle='LTR', name='ColorText', opacity=1.0, ori=0, pos=array([ 0. , -0.4]), rgb=array([255., 255., 255.]), text='Please select a color from the color wheel', units='height', win=Window(...), wrapWidth=1)
4.2338 	EXP 	Created DragText = TextStim(__class__=<class 'psychopy.visual.text.TextStim'>, alignHoriz='center', alignVert='center', antialias=True, autoLog=True, bold=False, color='white', colorSpace='named', contrast=1.0, depth=0.0, flipHoriz=False, flipVert=False, font='Arial', fontFiles=[], height=0.03, italic=False, languageStyle='LTR', name='DragText', opacity=1.0, ori=0, pos=array([ 0. , -0.4]), rgb=array([255., 255., 255.]), text=str(...), units='height', win=Window(...), wrapWidth=1)
4.2352 	EXP 	Created arrowUp = ImageStim(__class__=<class 'psychopy.visual.image.ImageStim'>, autoLog=True, color=array([1., 1., 0.]), colorSpace='hsv', contrast=1.0, depth=0.0, flipHoriz=False, flipVert=False, image='sin', interpolate=True, mask=None, maskParams=None, name='arrowUp', opacity=1.0, ori=0.0, pos=array([0. , 0.2]), size=array([0.03, 0.03]), texRes=128, units='height', win=Window(...))
4.2364 	EXP 	Created arrowDown = ImageStim(__class__=<class 'psychopy.visual.image.ImageStim'>, autoLog=True, color=array([1., 1., 0.]), colorSpace='hsv', contrast=1.0, depth=0.0, flipHoriz=False, flipVert=True, image='sin', interpolate=True, mask=None, maskParams=None, name='arrowDown', opacity=1.0, ori=0.0, pos=array([ 0. , -0.2]), size=array([0.03, 0.03]), texRes=128, units='height', win=Window(...))
4.2377 	EXP 	Created arrowRight = ImageStim(__class__=<class 'psychopy.visual.image.ImageStim'>, autoLog=True, color=array([1., 1., 0.]), colorSpace='hsv', contrast=1.0, depth=0.0, flipHoriz=False, flipVert=False, image='sin', interpolate=True, mask=None, maskParams=None, name='arrowRight', opacity=1.0, ori=0.0, pos=array([0.2, 0. ]), size=array([0.03, 0.03]), texRes=128, units='height', win=Window(...))
4.2389 	EXP 	Created arrowLeft = ImageStim(__class__=<class 'psychopy.visual.image.ImageStim'>, autoLog=True, color=array([1., 1., 0.]), colorSpace='hsv', contrast=1.0, depth=0.0, flipHoriz=True, flipVert=False, image='sin', interpolate=True, mask=None, maskParams=None, name='arrowLeft', opacity=1.0, ori=0.0, pos=array([-0.2,  0. ]), size=array([0.03, 0.03]), texRes=128, units='height', win=Window(...))
4.2757 	EXP 	window1: mouseVisible = False
4.2985 	EXP 	arrowUp: image = '/Volumes/psych-cog/bamlab/Experiments/PACO/LOCO/arrowUp.png'
4.2985 	EXP 	arrowDown: image = '/Volumes/psych-cog/bamlab/Experiments/PACO/LOCO/arrowUp.png'
4.2985 	EXP 	arrowRight: image = '/Volumes/psych-cog/bamlab/Experiments/PACO/LOCO/arrowRight.png'
4.2985 	EXP 	arrowLeft: image = '/Volumes/psych-cog/bamlab/Experiments/PACO/LOCO/arrowRight.png'
4.2985 	EXP 	resettext: autoDraw = True
5.0849 	EXP 	window1: mouseVisible = True
3.5435 	EXP 	Created window1 = Window(allowGUI=False, allowStencil=False, args=UNKNOWN, autoLog=True, bitsMode=UNKNOWN, blendMode='avg', color=array([1., 1., 1.]), colorSpace='rgb', fullscr=<method-wrapper '__getattribute__' of attributeSetter object at 0x13c1acbe0>, gamma=None, kwargs=UNKNOWN, lms=UNKNOWN, monitor=<psychopy.monitors.calibTools.Monitor object at 0x13c211ef0>, multiSample=False, name='window1', numSamples=2, pos=[0.0, 0.0], screen=0, size=array([5120, 2880]), stereo=False, units='height', useFBO=True, useRetina=True, viewOri=0.0, viewPos=None, viewScale=None, waitBlanking=True, winType='pyglet')
3.5436 	EXP 	window1: recordFrameIntervals = False
3.7105 	EXP 	window1: recordFrameIntervals = True
3.8940 	EXP 	window1: recordFrameIntervals = False
4.0818 	EXP 	Created resettext = TextStim(__class__=<class 'psychopy.visual.text.TextStim'>, alignHoriz='center', alignVert='center', antialias=True, autoLog=True, bold=False, color='black', colorSpace='named', contrast=1.0, depth=0.0, flipHoriz=False, flipVert=False, font='Arial', fontFiles=[], height=0.04, italic=False, languageStyle='LTR', name='resettext', opacity=1.0, ori=0, pos=array([0., 0.]), rgb=array([0., 0., 0.]), text='+', units='height', win=Window(...), wrapWidth=1)
4.0831 	EXP 	Created studyImage = ImageStim(__class__=<class 'psychopy.visual.image.ImageStim'>, autoLog=True, color='white', colorSpace='named', contrast=1.0, depth=0.0, flipHoriz=False, flipVert=False, image='sin', interpolate=True, mask=None, maskParams=None, name='studyImage', opacity=1.0, ori=0.0, pos=array([0., 0.]), size=array([0.19, 0.19]), texRes=128, units='height', win=Window(...))
4.0909 	EXP 	Created text_6 = TextStim(__class__=<class 'psychopy.visual.text.TextStim'>, alignHoriz='center', alignVert='center', antialias=True, autoLog=True, bold=False, color='black', colorSpace='named', contrast=1.0, depth=-2.0, flipHoriz=False, flipVert=False, font='Arial', fontFiles=[], height=0.03, italic=False, languageStyle='LTR', name='text_6', opacity=1.0, ori=0, pos=array([0.  , 0.45]), rgb=array([0., 0., 0.]), text='Stimuli: ', units='height', win=Window(...), wrapWidth=1)
4.0949 	EXP 	Created text_7 = TextStim(__class__=<class 'psychopy.visual.text.TextStim'>, alignHoriz='center', alignVert='center', antialias=True, autoLog=True, bold=False, color='black', colorSpace='named', contrast=1.0, depth=-3.0, flipHoriz=False, flipVert=False, font='Arial', fontFiles=[], height=0.03, italic=False, languageStyle='LTR', name='text_7', opacity=1.0, ori=0, pos=array([0. , 0.4]), rgb=array([0., 0., 0.]), text='Color: ', units='height', win=Window(...), wrapWidth=1)
4.0971 	EXP 	Created resettext = TextStim(__class__=<class 'psychopy.visual.text.TextStim'>, alignHoriz='center', alignVert='center', antialias=True, autoLog=True, bold=False, color='black', colorSpace='named', contrast=1.0, depth=0.0, flipHoriz=False, flipVert=False, font='Arial', fontFiles=[], height=0.04, italic=False, languageStyle='LTR', name='resettext', opacity=1.0, ori=0, pos=array([0., 0.]), rgb=array([0., 0., 0.]), text='+', units='height', win=Window(...), wrapWidth=1)
4.1070 	EXP 	Created oldornewText = TextStim(__class__=<class 'psychopy.visual.text.TextStim'>, alignHoriz='center', alignVert='center', antialias=True, autoLog=True, bold=False, color='black', colorSpace='named', contrast=1.0, depth=0.0, flipHoriz=False, flipVert=False, font='Arial', fontFiles=[], height=0.05, italic=False, languageStyle='LTR', name='oldornewText', opacity=1.0, ori=0, pos=array([ 0.  , -0.45]), rgb=array([0., 0., 0.]), text='1 - Old        2 - New', units='height', win=Window(...), wrapWidth=1)
4.1084 	EXP 	Created oldornewImage = ImageStim(__class__=<class 'psychopy.visual.image.ImageStim'>, autoLog=True, color=array([-1., -1., -1.]), colorSpace='rgb', contrast=1.0, depth=-1.0, flipHoriz=False, flipVert=False, image='sin', interpolate=True, mask=None, maskParams=None, name='oldornewImage', opacity=1.0, ori=0.0, pos=array([0., 0.]), size=array([0.19, 0.19]), texRes=128, units='height', win=Window(...))
4.1103 	EXP 	Created resettext = TextStim(__class__=<class 'psychopy.visual.text.TextStim'>, alignHoriz='center', alignVert='center', antialias=True, autoLog=True, bold=False, color='black', colorSpace='named', contrast=1.0, depth=0.0, flipHoriz=False, flipVert=False, font='Arial', fontFiles=[], height=0.04, italic=False, languageStyle='LTR', name='resettext', opacity=1.0, ori=0, pos=array([0., 0.]), rgb=array([0., 0., 0.]), text='+', units='height', win=Window(...), wrapWidth=1)
4.1505 	EXP 	Created Image3 = ImageStim(__class__=<class 'psychopy.visual.image.ImageStim'>, autoLog=True, color=array([0., 1., 0.]), colorSpace='hsv', contrast=1.0, depth=0.0, flipHoriz=False, flipVert=False, image=str(...), interpolate=True, mask=None, maskParams=None, name='Image3', opacity=1.0, ori=0.0, pos=array([0., 0.]), size=array([0.19, 0.19]), texRes=128, units='height', win=Window(...))
4.1561 	EXP 	Created unnamed RadialStim = RadialStim(__class__=<class 'psychopy.visual.radial.RadialStim'>, autoDraw=False, autoLog=True, blendmode='avg', color=array([180.,   0.,   1.]), colorSpace='hsv', contrast=1.0, depth=0, interpolate=False, mask='none', maskParams=None, name='unnamed RadialStim', opacity=0.0, ori=0.0, phase=array([0., 0.]), pos=array([0., 0.]), rgbPedestal=array([0., 0., 0.]), sf=1, size=array([0.25, 0.25]), tex='sqrXsqr', texRes=64, units='height', win=Window(...))
4.1618 	EXP 	Created unnamed RadialStim = RadialStim(__class__=<class 'psychopy.visual.radial.RadialStim'>, autoDraw=False, autoLog=True, blendmode='avg', color=array([1., 1., 1.]), colorSpace='rgb', contrast=1.0, depth=0, interpolate=True, mask=ndarray(...), maskParams=None, name='unnamed RadialStim', opacity=1.0, ori=0.0, phase=array([0., 0.]), pos=array([0., 0.]), rgbPedestal=array([0., 0., 0.]), sf=1, size=array([0.3, 0.3]), tex=ndarray(...), texRes=64, units='height', win=Window(...))
4.1635 	EXP 	Created screenRect3 = Rect(__class__=<class 'psychopy.visual.rect.Rect'>, autoDraw=False, autoLog=True, closeShape=True, color=method-wrapper(...), colorSpace=None, contrast=1.0, depth=-6.0, fillColor=array([1., 1., 1.]), fillColorSpace='rgb', fillRGB=array([1., 1., 1.]), interpolate=True, lineColor=array([1., 1., 1.]), lineColorSpace='rgb', lineRGB=array([1., 1., 1.]), lineWidth=1, name='screenRect3', opacity=0.0, ori=array(0.), pos=array([0., 0.]), size=array([1., 1.]), units='height', vertices=ndarray(...), win=Window(...))
4.1734 	EXP 	Created ColorText = TextStim(__class__=<class 'psychopy.visual.text.TextStim'>, alignHoriz='center', alignVert='center', antialias=True, autoLog=True, bold=False, color='white', colorSpace='named', contrast=1.0, depth=0.0, flipHoriz=False, flipVert=False, font='Arial', fontFiles=[], height=0.03, italic=False, languageStyle='LTR', name='ColorText', opacity=1.0, ori=0, pos=array([ 0. , -0.4]), rgb=array([255., 255., 255.]), text='Please select a color from the color wheel', units='height', win=Window(...), wrapWidth=1)
4.1833 	EXP 	Created DragText = TextStim(__class__=<class 'psychopy.visual.text.TextStim'>, alignHoriz='center', alignVert='center', antialias=True, autoLog=True, bold=False, color='white', colorSpace='named', contrast=1.0, depth=0.0, flipHoriz=False, flipVert=False, font='Arial', fontFiles=[], height=0.03, italic=False, languageStyle='LTR', name='DragText', opacity=1.0, ori=0, pos=array([ 0. , -0.4]), rgb=array([255., 255., 255.]), text=str(...), units='height', win=Window(...), wrapWidth=1)
4.1847 	EXP 	Created arrowUp = ImageStim(__class__=<class 'psychopy.visual.image.ImageStim'>, autoLog=True, color=array([1., 1., 0.]), colorSpace='hsv', contrast=1.0, depth=0.0, flipHoriz=False, flipVert=False, image='sin', interpolate=True, mask=None, maskParams=None, name='arrowUp', opacity=1.0, ori=0.0, pos=array([0. , 0.2]), size=array([0.03, 0.03]), texRes=128, units='height', win=Window(...))
4.1860 	EXP 	Created arrowDown = ImageStim(__class__=<class 'psychopy.visual.image.ImageStim'>, autoLog=True, color=array([1., 1., 0.]), colorSpace='hsv', contrast=1.0, depth=0.0, flipHoriz=False, flipVert=True, image='sin', interpolate=True, mask=None, maskParams=None, name='arrowDown', opacity=1.0, ori=0.0, pos=array([ 0. , -0.2]), size=array([0.03, 0.03]), texRes=128, units='height', win=Window(...))
4.1872 	EXP 	Created arrowRight = ImageStim(__class__=<class 'psychopy.visual.image.ImageStim'>, autoLog=True, color=array([1., 1., 0.]), colorSpace='hsv', contrast=1.0, depth=0.0, flipHoriz=False, flipVert=False, image='sin', interpolate=True, mask=None, maskParams=None, name='arrowRight', opacity=1.0, ori=0.0, pos=array([0.2, 0. ]), size=array([0.03, 0.03]), texRes=128, units='height', win=Window(...))
4.1885 	EXP 	Created arrowLeft = ImageStim(__class__=<class 'psychopy.visual.image.ImageStim'>, autoLog=True, color=array([1., 1., 0.]), colorSpace='hsv', contrast=1.0, depth=0.0, flipHoriz=True, flipVert=False, image='sin', interpolate=True, mask=None, maskParams=None, name='arrowLeft', opacity=1.0, ori=0.0, pos=array([-0.2,  0. ]), size=array([0.03, 0.03]), texRes=128, units='height', win=Window(...))
4.2322 	EXP 	window1: mouseVisible = False
4.2574 	EXP 	arrowUp: image = '/Volumes/psych-cog/bamlab/Experiments/PACO/LOCO/arrowUp.png'
4.2574 	EXP 	arrowDown: image = '/Volumes/psych-cog/bamlab/Experiments/PACO/LOCO/arrowUp.png'
4.2574 	EXP 	arrowRight: image = '/Volumes/psych-cog/bamlab/Experiments/PACO/LOCO/arrowRight.png'
4.2574 	EXP 	arrowLeft: image = '/Volumes/psych-cog/bamlab/Experiments/PACO/LOCO/arrowRight.png'
4.2574 	EXP 	resettext: autoDraw = True
4.4305 	DATA 	Keypress: space
4.4607 	EXP 	resettext: autoDraw = False
4.4607 	EXP 	studyImage: color = '[22.  1.  1.] (hsv)'
4.4607 	EXP 	studyImage: pos = array([0., 0.])
4.4607 	EXP 	studyImage: image = '/Volumes/psych-cog/bamlab/Experiments/PACO/Stimuli/22.png'
4.4607 	EXP 	studyImage: autoDraw = True
4.4607 	EXP 	text_6: autoDraw = True
4.4607 	EXP 	text_7: autoDraw = True
4.4607 	EXP 	text_6: text = 'Image: 22'
4.4607 	EXP 	text_7: text = 'Color: 22'
4.4768 	EXP 	text_6: text = 'Image: 22'
4.4768 	EXP 	text_7: text = 'Color: 22'
4.4932 	EXP 	text_6: text = 'Image: 22'
4.4932 	EXP 	text_7: text = 'Color: 22'
4.5107 	EXP 	text_6: text = 'Image: 22'
4.5107 	EXP 	text_7: text = 'Color: 22'
4.5268 	EXP 	text_6: text = 'Image: 22'
4.5268 	EXP 	text_7: text = 'Color: 22'
4.5431 	EXP 	text_6: text = 'Image: 22'
4.5431 	EXP 	text_7: text = 'Color: 22'
4.5605 	EXP 	text_6: text = 'Image: 22'
4.5605 	EXP 	text_7: text = 'Color: 22'
4.5767 	EXP 	text_6: text = 'Image: 22'
4.5767 	EXP 	text_7: text = 'Color: 22'
4.5931 	EXP 	text_6: text = 'Image: 22'
4.5931 	EXP 	text_7: text = 'Color: 22'
4.6107 	EXP 	text_6: text = 'Image: 22'
4.6107 	EXP 	text_7: text = 'Color: 22'
4.6265 	EXP 	text_6: text = 'Image: 22'
4.6265 	EXP 	text_7: text = 'Color: 22'
4.6434 	EXP 	text_6: text = 'Image: 22'
4.6434 	EXP 	text_7: text = 'Color: 22'
4.6607 	EXP 	text_6: text = 'Image: 22'
4.6607 	EXP 	text_7: text = 'Color: 22'
4.6773 	EXP 	text_6: text = 'Image: 22'
4.6773 	EXP 	text_7: text = 'Color: 22'
4.6936 	EXP 	text_6: text = 'Image: 22'
4.6936 	EXP 	text_7: text = 'Color: 22'
4.7099 	EXP 	text_6: text = 'Image: 22'
4.7099 	EXP 	text_7: text = 'Color: 22'
4.7272 	EXP 	text_6: text = 'Image: 22'
4.7272 	EXP 	text_7: text = 'Color: 22'
4.7440 	EXP 	text_6: text = 'Image: 22'
4.7440 	EXP 	text_7: text = 'Color: 22'
4.7609 	EXP 	text_6: text = 'Image: 22'
4.7609 	EXP 	text_7: text = 'Color: 22'
4.7765 	EXP 	text_6: text = 'Image: 22'
4.7765 	EXP 	text_7: text = 'Color: 22'
4.7936 	EXP 	text_6: text = 'Image: 22'
4.7936 	EXP 	text_7: text = 'Color: 22'
4.8105 	EXP 	text_6: text = 'Image: 22'
4.8105 	EXP 	text_7: text = 'Color: 22'
4.8276 	EXP 	text_6: text = 'Image: 22'
4.8276 	EXP 	text_7: text = 'Color: 22'
4.8444 	EXP 	text_6: text = 'Image: 22'
4.8444 	EXP 	text_7: text = 'Color: 22'
4.8602 	EXP 	text_6: text = 'Image: 22'
4.8602 	EXP 	text_7: text = 'Color: 22'
4.8766 	EXP 	text_6: text = 'Image: 22'
4.8766 	EXP 	text_7: text = 'Color: 22'
4.8941 	EXP 	text_6: text = 'Image: 22'
4.8941 	EXP 	text_7: text = 'Color: 22'
4.9104 	EXP 	text_6: text = 'Image: 22'
4.9104 	EXP 	text_7: text = 'Color: 22'
4.9266 	EXP 	text_6: text = 'Image: 22'
4.9266 	EXP 	text_7: text = 'Color: 22'
4.9442 	EXP 	text_6: text = 'Image: 22'
4.9442 	EXP 	text_7: text = 'Color: 22'
4.9609 	EXP 	text_6: text = 'Image: 22'
4.9609 	EXP 	text_7: text = 'Color: 22'
4.9769 	EXP 	text_6: text = 'Image: 22'
4.9769 	EXP 	text_7: text = 'Color: 22'
4.9933 	EXP 	text_6: text = 'Image: 22'
4.9933 	EXP 	text_7: text = 'Color: 22'
5.0109 	EXP 	text_6: text = 'Image: 22'
5.0109 	EXP 	text_7: text = 'Color: 22'
5.0268 	EXP 	text_6: text = 'Image: 22'
5.0268 	EXP 	text_7: text = 'Color: 22'
5.0444 	EXP 	text_6: text = 'Image: 22'
5.0444 	EXP 	text_7: text = 'Color: 22'
5.0610 	EXP 	text_6: text = 'Image: 22'
5.0610 	EXP 	text_7: text = 'Color: 22'
5.0768 	EXP 	text_6: text = 'Image: 22'
5.0768 	EXP 	text_7: text = 'Color: 22'
5.0941 	EXP 	text_6: text = 'Image: 22'
5.0941 	EXP 	text_7: text = 'Color: 22'
5.1105 	EXP 	text_6: text = 'Image: 22'
5.1105 	EXP 	text_7: text = 'Color: 22'
5.1276 	EXP 	text_6: text = 'Image: 22'
5.1276 	EXP 	text_7: text = 'Color: 22'
5.1433 	EXP 	text_6: text = 'Image: 22'
5.1433 	EXP 	text_7: text = 'Color: 22'
5.1598 	EXP 	text_6: text = 'Image: 22'
5.1598 	EXP 	text_7: text = 'Color: 22'
5.1767 	EXP 	text_6: text = 'Image: 22'
5.1767 	EXP 	text_7: text = 'Color: 22'
5.1942 	EXP 	text_6: text = 'Image: 22'
5.1942 	EXP 	text_7: text = 'Color: 22'
5.2099 	EXP 	text_6: text = 'Image: 22'
5.2099 	EXP 	text_7: text = 'Color: 22'
5.2275 	EXP 	text_6: text = 'Image: 22'
5.2275 	EXP 	text_7: text = 'Color: 22'
5.2435 	EXP 	text_6: text = 'Image: 22'
5.2435 	EXP 	text_7: text = 'Color: 22'
5.2601 	EXP 	text_6: text = 'Image: 22'
5.2601 	EXP 	text_7: text = 'Color: 22'
5.2776 	EXP 	text_6: text = 'Image: 22'
5.2776 	EXP 	text_7: text = 'Color: 22'
5.2942 	EXP 	text_6: text = 'Image: 22'
5.2942 	EXP 	text_7: text = 'Color: 22'
5.3101 	EXP 	text_6: text = 'Image: 22'
5.3101 	EXP 	text_7: text = 'Color: 22'
5.3277 	EXP 	text_6: text = 'Image: 22'
5.3277 	EXP 	text_7: text = 'Color: 22'
5.3439 	EXP 	text_6: text = 'Image: 22'
5.3439 	EXP 	text_7: text = 'Color: 22'
5.3604 	EXP 	text_6: text = 'Image: 22'
5.3604 	EXP 	text_7: text = 'Color: 22'
5.3766 	EXP 	text_6: text = 'Image: 22'
5.3766 	EXP 	text_7: text = 'Color: 22'
5.3941 	EXP 	text_6: text = 'Image: 22'
5.3941 	EXP 	text_7: text = 'Color: 22'
5.4104 	EXP 	text_6: text = 'Image: 22'
5.4104 	EXP 	text_7: text = 'Color: 22'
5.4268 	EXP 	text_6: text = 'Image: 22'
5.4268 	EXP 	text_7: text = 'Color: 22'
5.4444 	EXP 	text_6: text = 'Image: 22'
5.4444 	EXP 	text_7: text = 'Color: 22'
5.4606 	EXP 	text_6: text = 'Image: 22'
5.4606 	EXP 	text_7: text = 'Color: 22'
5.4773 	EXP 	text_6: text = 'Image: 22'
5.4773 	EXP 	text_7: text = 'Color: 22'
5.4932 	EXP 	text_6: text = 'Image: 22'
5.4932 	EXP 	text_7: text = 'Color: 22'
5.5110 	EXP 	text_6: text = 'Image: 22'
5.5110 	EXP 	text_7: text = 'Color: 22'
5.5268 	EXP 	text_6: text = 'Image: 22'
5.5268 	EXP 	text_7: text = 'Color: 22'
5.5440 	EXP 	text_6: text = 'Image: 22'
5.5440 	EXP 	text_7: text = 'Color: 22'
5.5607 	EXP 	text_6: text = 'Image: 22'
5.5607 	EXP 	text_7: text = 'Color: 22'
5.5777 	EXP 	text_6: text = 'Image: 22'
5.5777 	EXP 	text_7: text = 'Color: 22'
5.5934 	EXP 	text_6: text = 'Image: 22'
5.5934 	EXP 	text_7: text = 'Color: 22'
5.6110 	EXP 	text_6: text = 'Image: 22'
5.6110 	EXP 	text_7: text = 'Color: 22'
5.6281 	EXP 	text_6: text = 'Image: 22'
5.6281 	EXP 	text_7: text = 'Color: 22'
5.6435 	EXP 	text_6: text = 'Image: 22'
5.6435 	EXP 	text_7: text = 'Color: 22'
5.6605 	EXP 	text_6: text = 'Image: 22'
5.6605 	EXP 	text_7: text = 'Color: 22'
5.6776 	EXP 	text_6: text = 'Image: 22'
5.6776 	EXP 	text_7: text = 'Color: 22'
5.6939 	EXP 	text_6: text = 'Image: 22'
5.6939 	EXP 	text_7: text = 'Color: 22'
5.7102 	EXP 	text_6: text = 'Image: 22'
5.7102 	EXP 	text_7: text = 'Color: 22'
5.7278 	EXP 	text_6: text = 'Image: 22'
5.7278 	EXP 	text_7: text = 'Color: 22'
5.7442 	EXP 	text_6: text = 'Image: 22'
5.7442 	EXP 	text_7: text = 'Color: 22'
5.7599 	EXP 	text_6: text = 'Image: 22'
5.7599 	EXP 	text_7: text = 'Color: 22'
5.7778 	EXP 	text_6: text = 'Image: 22'
5.7778 	EXP 	text_7: text = 'Color: 22'
5.7939 	EXP 	text_6: text = 'Image: 22'
5.7939 	EXP 	text_7: text = 'Color: 22'
5.8104 	EXP 	text_6: text = 'Image: 22'
5.8104 	EXP 	text_7: text = 'Color: 22'
5.8269 	EXP 	text_6: text = 'Image: 22'
5.8269 	EXP 	text_7: text = 'Color: 22'
5.8444 	EXP 	text_6: text = 'Image: 22'
5.8444 	EXP 	text_7: text = 'Color: 22'
5.8606 	EXP 	text_6: text = 'Image: 22'
5.8606 	EXP 	text_7: text = 'Color: 22'
5.8769 	EXP 	text_6: text = 'Image: 22'
5.8769 	EXP 	text_7: text = 'Color: 22'
5.8943 	EXP 	text_6: text = 'Image: 22'
5.8943 	EXP 	text_7: text = 'Color: 22'
5.9106 	EXP 	text_6: text = 'Image: 22'
5.9106 	EXP 	text_7: text = 'Color: 22'
5.9272 	EXP 	text_6: text = 'Image: 22'
5.9272 	EXP 	text_7: text = 'Color: 22'
5.9432 	EXP 	text_6: text = 'Image: 22'
5.9432 	EXP 	text_7: text = 'Color: 22'
5.9606 	EXP 	text_6: text = 'Image: 22'
5.9606 	EXP 	text_7: text = 'Color: 22'
5.9769 	EXP 	text_6: text = 'Image: 22'
5.9769 	EXP 	text_7: text = 'Color: 22'
5.9935 	EXP 	text_6: text = 'Image: 22'
5.9935 	EXP 	text_7: text = 'Color: 22'
6.0103 	EXP 	text_6: text = 'Image: 22'
6.0103 	EXP 	text_7: text = 'Color: 22'
6.0281 	EXP 	text_6: text = 'Image: 22'
6.0281 	EXP 	text_7: text = 'Color: 22'
6.0444 	EXP 	text_6: text = 'Image: 22'
6.0444 	EXP 	text_7: text = 'Color: 22'
6.0600 	EXP 	text_6: text = 'Image: 22'
6.0600 	EXP 	text_7: text = 'Color: 22'
6.0771 	EXP 	text_6: text = 'Image: 22'
6.0771 	EXP 	text_7: text = 'Color: 22'
6.0942 	EXP 	text_6: text = 'Image: 22'
6.0942 	EXP 	text_7: text = 'Color: 22'
6.1103 	EXP 	text_6: text = 'Image: 22'
6.1103 	EXP 	text_7: text = 'Color: 22'
6.1268 	EXP 	text_6: text = 'Image: 22'
6.1268 	EXP 	text_7: text = 'Color: 22'
6.1437 	EXP 	text_6: text = 'Image: 22'
6.1437 	EXP 	text_7: text = 'Color: 22'
6.1603 	EXP 	text_6: text = 'Image: 22'
6.1603 	EXP 	text_7: text = 'Color: 22'
6.1774 	EXP 	text_6: text = 'Image: 22'
6.1774 	EXP 	text_7: text = 'Color: 22'
6.1940 	EXP 	text_6: text = 'Image: 22'
6.1940 	EXP 	text_7: text = 'Color: 22'
6.2109 	EXP 	text_6: text = 'Image: 22'
6.2109 	EXP 	text_7: text = 'Color: 22'
6.2278 	EXP 	text_6: text = 'Image: 22'
6.2278 	EXP 	text_7: text = 'Color: 22'
6.2439 	EXP 	text_6: text = 'Image: 22'
6.2439 	EXP 	text_7: text = 'Color: 22'
6.2605 	EXP 	text_6: text = 'Image: 22'
6.2605 	EXP 	text_7: text = 'Color: 22'
6.2767 	EXP 	text_6: text = 'Image: 22'
6.2767 	EXP 	text_7: text = 'Color: 22'
6.2944 	EXP 	text_6: text = 'Image: 22'
6.2944 	EXP 	text_7: text = 'Color: 22'
6.3106 	EXP 	text_6: text = 'Image: 22'
6.3106 	EXP 	text_7: text = 'Color: 22'
6.3267 	EXP 	text_6: text = 'Image: 22'
6.3267 	EXP 	text_7: text = 'Color: 22'
6.3446 	EXP 	text_6: text = 'Image: 22'
6.3446 	EXP 	text_7: text = 'Color: 22'
6.3605 	EXP 	text_6: text = 'Image: 22'
6.3605 	EXP 	text_7: text = 'Color: 22'
6.3769 	EXP 	text_6: text = 'Image: 22'
6.3769 	EXP 	text_7: text = 'Color: 22'
6.3942 	EXP 	text_6: text = 'Image: 22'
6.3942 	EXP 	text_7: text = 'Color: 22'
6.4109 	EXP 	text_6: text = 'Image: 22'
6.4109 	EXP 	text_7: text = 'Color: 22'
6.4268 	EXP 	text_6: text = 'Image: 22'
6.4268 	EXP 	text_7: text = 'Color: 22'
6.4439 	EXP 	text_6: text = 'Image: 22'
6.4439 	EXP 	text_7: text = 'Color: 22'
6.4600 	EXP 	text_6: text = 'Image: 22'
6.4600 	EXP 	text_7: text = 'Color: 22'
6.4772 	EXP 	text_6: text = 'Image: 22'
6.4772 	EXP 	text_7: text = 'Color: 22'
6.4943 	EXP 	text_6: text = 'Image: 22'
6.4943 	EXP 	text_7: text = 'Color: 22'
6.5112 	EXP 	text_6: text = 'Image: 22'
6.5112 	EXP 	text_7: text = 'Color: 22'
6.5270 	EXP 	text_6: text = 'Image: 22'
6.5270 	EXP 	text_7: text = 'Color: 22'
6.5442 	EXP 	text_6: text = 'Image: 22'
6.5442 	EXP 	text_7: text = 'Color: 22'
6.5610 	EXP 	text_6: text = 'Image: 22'
6.5610 	EXP 	text_7: text = 'Color: 22'
6.5775 	EXP 	text_6: text = 'Image: 22'
6.5775 	EXP 	text_7: text = 'Color: 22'
6.5937 	EXP 	text_6: text = 'Image: 22'
6.5937 	EXP 	text_7: text = 'Color: 22'
6.6110 	EXP 	text_6: text = 'Image: 22'
6.6110 	EXP 	text_7: text = 'Color: 22'
6.6274 	EXP 	text_6: text = 'Image: 22'
6.6274 	EXP 	text_7: text = 'Color: 22'
6.6437 	EXP 	text_6: text = 'Image: 22'
6.6437 	EXP 	text_7: text = 'Color: 22'
6.6610 	EXP 	text_6: text = 'Image: 22'
6.6610 	EXP 	text_7: text = 'Color: 22'
6.6775 	EXP 	text_6: text = 'Image: 22'
6.6775 	EXP 	text_7: text = 'Color: 22'
6.6937 	EXP 	text_6: text = 'Image: 22'
6.6937 	EXP 	text_7: text = 'Color: 22'
6.7105 	EXP 	text_6: text = 'Image: 22'
6.7105 	EXP 	text_7: text = 'Color: 22'
6.7275 	EXP 	text_6: text = 'Image: 22'
6.7275 	EXP 	text_7: text = 'Color: 22'
6.7441 	EXP 	text_6: text = 'Image: 22'
6.7441 	EXP 	text_7: text = 'Color: 22'
6.7604 	EXP 	text_6: text = 'Image: 22'
6.7604 	EXP 	text_7: text = 'Color: 22'
6.7767 	EXP 	text_6: text = 'Image: 22'
6.7767 	EXP 	text_7: text = 'Color: 22'
6.7941 	EXP 	text_6: text = 'Image: 22'
6.7941 	EXP 	text_7: text = 'Color: 22'
6.8105 	EXP 	text_6: text = 'Image: 22'
6.8105 	EXP 	text_7: text = 'Color: 22'
6.8272 	EXP 	text_6: text = 'Image: 22'
6.8272 	EXP 	text_7: text = 'Color: 22'
6.8434 	EXP 	text_6: text = 'Image: 22'
6.8434 	EXP 	text_7: text = 'Color: 22'
6.8609 	EXP 	text_6: text = 'Image: 22'
6.8609 	EXP 	text_7: text = 'Color: 22'
6.8769 	EXP 	text_6: text = 'Image: 22'
6.8769 	EXP 	text_7: text = 'Color: 22'
6.8944 	EXP 	text_6: text = 'Image: 22'
6.8944 	EXP 	text_7: text = 'Color: 22'
6.9106 	EXP 	text_6: text = 'Image: 22'
6.9106 	EXP 	text_7: text = 'Color: 22'
6.9277 	EXP 	text_6: text = 'Image: 22'
6.9277 	EXP 	text_7: text = 'Color: 22'
6.9435 	EXP 	text_6: text = 'Image: 22'
6.9435 	EXP 	text_7: text = 'Color: 22'
6.9612 	EXP 	text_6: text = 'Image: 22'
6.9612 	EXP 	text_7: text = 'Color: 22'
6.9769 	EXP 	text_6: text = 'Image: 22'
6.9769 	EXP 	text_7: text = 'Color: 22'
6.9936 	EXP 	text_6: text = 'Image: 22'
6.9936 	EXP 	text_7: text = 'Color: 22'
7.0108 	EXP 	text_6: text = 'Image: 22'
7.0108 	EXP 	text_7: text = 'Color: 22'
7.0279 	EXP 	text_6: text = 'Image: 22'
7.0279 	EXP 	text_7: text = 'Color: 22'
7.0439 	EXP 	text_6: text = 'Image: 22'
7.0439 	EXP 	text_7: text = 'Color: 22'
7.0602 	EXP 	text_6: text = 'Image: 22'
7.0602 	EXP 	text_7: text = 'Color: 22'
7.0775 	EXP 	text_6: text = 'Image: 22'
7.0775 	EXP 	text_7: text = 'Color: 22'
7.0943 	EXP 	text_6: text = 'Image: 22'
7.0943 	EXP 	text_7: text = 'Color: 22'
7.1106 	EXP 	text_6: text = 'Image: 22'
7.1106 	EXP 	text_7: text = 'Color: 22'
7.1278 	EXP 	text_6: text = 'Image: 22'
7.1278 	EXP 	text_7: text = 'Color: 22'
7.1437 	EXP 	text_6: text = 'Image: 22'
7.1437 	EXP 	text_7: text = 'Color: 22'
7.1603 	EXP 	text_6: text = 'Image: 22'
7.1603 	EXP 	text_7: text = 'Color: 22'
7.1776 	EXP 	text_6: text = 'Image: 22'
7.1776 	EXP 	text_7: text = 'Color: 22'
7.1942 	EXP 	text_6: text = 'Image: 22'
7.1942 	EXP 	text_7: text = 'Color: 22'
7.2106 	EXP 	text_6: text = 'Image: 22'
7.2106 	EXP 	text_7: text = 'Color: 22'
7.2268 	EXP 	text_6: text = 'Image: 22'
7.2268 	EXP 	text_7: text = 'Color: 22'
7.2444 	EXP 	text_6: text = 'Image: 22'
7.2444 	EXP 	text_7: text = 'Color: 22'
7.2459 	DATA 	Keypress: escape
7.2606 	EXP 	text_6: text = 'Image: 22'
7.2606 	EXP 	text_7: text = 'Color: 22'
7.2771 	EXP 	text_6: text = 'Image: 22'
7.2771 	EXP 	text_7: text = 'Color: 22'
7.2945 	EXP 	text_6: text = 'Image: 22'
7.2945 	EXP 	text_7: text = 'Color: 22'
7.3110 	EXP 	text_6: text = 'Image: 22'
7.3110 	EXP 	text_7: text = 'Color: 22'
7.3276 	EXP 	text_6: text = 'Image: 22'
7.3276 	EXP 	text_7: text = 'Color: 22'
7.3441 	EXP 	text_6: text = 'Image: 22'
7.3441 	EXP 	text_7: text = 'Color: 22'
7.3610 	EXP 	text_6: text = 'Image: 22'
7.3610 	EXP 	text_7: text = 'Color: 22'
7.6367 	EXP 	window1: mouseVisible = True
