3.3315 	EXP 	Created window1 = Window(allowGUI=False, allowStencil=False, args=UNKNOWN, autoLog=True, bitsMode=UNKNOWN, blendMode='avg', color=array([1., 1., 1.]), colorSpace='rgb', fullscr=<method-wrapper '__getattribute__' of attributeSetter object at 0x13b66cbe0>, gamma=None, kwargs=UNKNOWN, lms=UNKNOWN, monitor=<psychopy.monitors.calibTools.Monitor object at 0x13b6d2ef0>, multiSample=False, name='window1', numSamples=2, pos=[0.0, 0.0], screen=0, size=array([5120, 2880]), stereo=False, units='height', useFBO=True, useRetina=True, viewOri=0.0, viewPos=None, viewScale=None, waitBlanking=True, winType='pyglet')
3.3315 	EXP 	window1: recordFrameIntervals = False
3.4991 	EXP 	window1: recordFrameIntervals = True
3.6828 	EXP 	window1: recordFrameIntervals = False
3.8761 	EXP 	Created resettext = TextStim(__class__=<class 'psychopy.visual.text.TextStim'>, alignHoriz='center', alignVert='center', antialias=True, autoLog=True, bold=False, color='black', colorSpace='named', contrast=1.0, depth=0.0, flipHoriz=False, flipVert=False, font='Arial', fontFiles=[], height=0.04, italic=False, languageStyle='LTR', name='resettext', opacity=1.0, ori=0, pos=array([0., 0.]), rgb=array([0., 0., 0.]), text='+', units='height', win=Window(...), wrapWidth=1)
3.8773 	EXP 	Created studyImage = ImageStim(__class__=<class 'psychopy.visual.image.ImageStim'>, autoLog=True, color='white', colorSpace='named', contrast=1.0, depth=0.0, flipHoriz=False, flipVert=False, image='sin', interpolate=True, mask=None, maskParams=None, name='studyImage', opacity=1.0, ori=0.0, pos=array([0., 0.]), size=array([0.19, 0.19]), texRes=128, units='height', win=Window(...))
3.8851 	EXP 	Created text_6 = TextStim(__class__=<class 'psychopy.visual.text.TextStim'>, alignHoriz='center', alignVert='center', antialias=True, autoLog=True, bold=False, color='black', colorSpace='named', contrast=1.0, depth=-2.0, flipHoriz=False, flipVert=False, font='Arial', fontFiles=[], height=0.03, italic=False, languageStyle='LTR', name='text_6', opacity=1.0, ori=0, pos=array([0.  , 0.45]), rgb=array([0., 0., 0.]), text='Stimuli: ', units='height', win=Window(...), wrapWidth=1)
3.8894 	EXP 	Created text_7 = TextStim(__class__=<class 'psychopy.visual.text.TextStim'>, alignHoriz='center', alignVert='center', antialias=True, autoLog=True, bold=False, color='black', colorSpace='named', contrast=1.0, depth=-3.0, flipHoriz=False, flipVert=False, font='Arial', fontFiles=[], height=0.03, italic=False, languageStyle='LTR', name='text_7', opacity=1.0, ori=0, pos=array([0. , 0.4]), rgb=array([0., 0., 0.]), text='Color: ', units='height', win=Window(...), wrapWidth=1)
3.8915 	EXP 	Created resettext = TextStim(__class__=<class 'psychopy.visual.text.TextStim'>, alignHoriz='center', alignVert='center', antialias=True, autoLog=True, bold=False, color='black', colorSpace='named', contrast=1.0, depth=0.0, flipHoriz=False, flipVert=False, font='Arial', fontFiles=[], height=0.04, italic=False, languageStyle='LTR', name='resettext', opacity=1.0, ori=0, pos=array([0., 0.]), rgb=array([0., 0., 0.]), text='+', units='height', win=Window(...), wrapWidth=1)
3.9008 	EXP 	Created oldornewText = TextStim(__class__=<class 'psychopy.visual.text.TextStim'>, alignHoriz='center', alignVert='center', antialias=True, autoLog=True, bold=False, color='black', colorSpace='named', contrast=1.0, depth=0.0, flipHoriz=False, flipVert=False, font='Arial', fontFiles=[], height=0.05, italic=False, languageStyle='LTR', name='oldornewText', opacity=1.0, ori=0, pos=array([ 0.  , -0.45]), rgb=array([0., 0., 0.]), text='1 - Old        2 - New', units='height', win=Window(...), wrapWidth=1)
3.9022 	EXP 	Created oldornewImage = ImageStim(__class__=<class 'psychopy.visual.image.ImageStim'>, autoLog=True, color=array([-1., -1., -1.]), colorSpace='rgb', contrast=1.0, depth=-1.0, flipHoriz=False, flipVert=False, image='sin', interpolate=True, mask=None, maskParams=None, name='oldornewImage', opacity=1.0, ori=0.0, pos=array([0., 0.]), size=array([0.19, 0.19]), texRes=128, units='height', win=Window(...))
3.9041 	EXP 	Created resettext = TextStim(__class__=<class 'psychopy.visual.text.TextStim'>, alignHoriz='center', alignVert='center', antialias=True, autoLog=True, bold=False, color='black', colorSpace='named', contrast=1.0, depth=0.0, flipHoriz=False, flipVert=False, font='Arial', fontFiles=[], height=0.04, italic=False, languageStyle='LTR', name='resettext', opacity=1.0, ori=0, pos=array([0., 0.]), rgb=array([0., 0., 0.]), text='+', units='height', win=Window(...), wrapWidth=1)
3.9440 	EXP 	Created Image3 = ImageStim(__class__=<class 'psychopy.visual.image.ImageStim'>, autoLog=True, color=array([0., 1., 0.]), colorSpace='hsv', contrast=1.0, depth=0.0, flipHoriz=False, flipVert=False, image=str(...), interpolate=True, mask=None, maskParams=None, name='Image3', opacity=1.0, ori=0.0, pos=array([0., 0.]), size=array([0.19, 0.19]), texRes=128, units='height', win=Window(...))
3.9493 	EXP 	Created unnamed RadialStim = RadialStim(__class__=<class 'psychopy.visual.radial.RadialStim'>, autoDraw=False, autoLog=True, blendmode='avg', color=array([180.,   0.,   1.]), colorSpace='hsv', contrast=1.0, depth=0, interpolate=False, mask='none', maskParams=None, name='unnamed RadialStim', opacity=0.0, ori=0.0, phase=array([0., 0.]), pos=array([0., 0.]), rgbPedestal=array([0., 0., 0.]), sf=1, size=array([0.25, 0.25]), tex='sqrXsqr', texRes=64, units='height', win=Window(...))
3.9553 	EXP 	Created unnamed RadialStim = RadialStim(__class__=<class 'psychopy.visual.radial.RadialStim'>, autoDraw=False, autoLog=True, blendmode='avg', color=array([1., 1., 1.]), colorSpace='rgb', contrast=1.0, depth=0, interpolate=True, mask=ndarray(...), maskParams=None, name='unnamed RadialStim', opacity=1.0, ori=0.0, phase=array([0., 0.]), pos=array([0., 0.]), rgbPedestal=array([0., 0., 0.]), sf=1, size=array([0.3, 0.3]), tex=ndarray(...), texRes=64, units='height', win=Window(...))
3.9570 	EXP 	Created screenRect3 = Rect(__class__=<class 'psychopy.visual.rect.Rect'>, autoDraw=False, autoLog=True, closeShape=True, color=method-wrapper(...), colorSpace=None, contrast=1.0, depth=-6.0, fillColor=array([1., 1., 1.]), fillColorSpace='rgb', fillRGB=array([1., 1., 1.]), interpolate=True, lineColor=array([1., 1., 1.]), lineColorSpace='rgb', lineRGB=array([1., 1., 1.]), lineWidth=1, name='screenRect3', opacity=0.0, ori=array(0.), pos=array([0., 0.]), size=array([1., 1.]), units='height', vertices=ndarray(...), win=Window(...))
3.9667 	EXP 	Created ColorText = TextStim(__class__=<class 'psychopy.visual.text.TextStim'>, alignHoriz='center', alignVert='center', antialias=True, autoLog=True, bold=False, color='white', colorSpace='named', contrast=1.0, depth=0.0, flipHoriz=False, flipVert=False, font='Arial', fontFiles=[], height=0.03, italic=False, languageStyle='LTR', name='ColorText', opacity=1.0, ori=0, pos=array([ 0. , -0.4]), rgb=array([255., 255., 255.]), text='Please select a color from the color wheel', units='height', win=Window(...), wrapWidth=1)
3.9764 	EXP 	Created DragText = TextStim(__class__=<class 'psychopy.visual.text.TextStim'>, alignHoriz='center', alignVert='center', antialias=True, autoLog=True, bold=False, color='white', colorSpace='named', contrast=1.0, depth=0.0, flipHoriz=False, flipVert=False, font='Arial', fontFiles=[], height=0.03, italic=False, languageStyle='LTR', name='DragText', opacity=1.0, ori=0, pos=array([ 0. , -0.4]), rgb=array([255., 255., 255.]), text=str(...), units='height', win=Window(...), wrapWidth=1)
3.9778 	EXP 	Created arrowUp = ImageStim(__class__=<class 'psychopy.visual.image.ImageStim'>, autoLog=True, color=array([1., 1., 0.]), colorSpace='hsv', contrast=1.0, depth=0.0, flipHoriz=False, flipVert=False, image='sin', interpolate=True, mask=None, maskParams=None, name='arrowUp', opacity=1.0, ori=0.0, pos=array([0. , 0.2]), size=array([0.03, 0.03]), texRes=128, units='height', win=Window(...))
3.9791 	EXP 	Created arrowDown = ImageStim(__class__=<class 'psychopy.visual.image.ImageStim'>, autoLog=True, color=array([1., 1., 0.]), colorSpace='hsv', contrast=1.0, depth=0.0, flipHoriz=False, flipVert=True, image='sin', interpolate=True, mask=None, maskParams=None, name='arrowDown', opacity=1.0, ori=0.0, pos=array([ 0. , -0.2]), size=array([0.03, 0.03]), texRes=128, units='height', win=Window(...))
3.9803 	EXP 	Created arrowRight = ImageStim(__class__=<class 'psychopy.visual.image.ImageStim'>, autoLog=True, color=array([1., 1., 0.]), colorSpace='hsv', contrast=1.0, depth=0.0, flipHoriz=False, flipVert=False, image='sin', interpolate=True, mask=None, maskParams=None, name='arrowRight', opacity=1.0, ori=0.0, pos=array([0.2, 0. ]), size=array([0.03, 0.03]), texRes=128, units='height', win=Window(...))
3.9816 	EXP 	Created arrowLeft = ImageStim(__class__=<class 'psychopy.visual.image.ImageStim'>, autoLog=True, color=array([1., 1., 0.]), colorSpace='hsv', contrast=1.0, depth=0.0, flipHoriz=True, flipVert=False, image='sin', interpolate=True, mask=None, maskParams=None, name='arrowLeft', opacity=1.0, ori=0.0, pos=array([-0.2,  0. ]), size=array([0.03, 0.03]), texRes=128, units='height', win=Window(...))
4.0250 	EXP 	window1: mouseVisible = False
4.0485 	EXP 	arrowUp: image = '/Volumes/psych-cog/bamlab/Experiments/PACO/LOCO/arrowUp.png'
4.0485 	EXP 	arrowDown: image = '/Volumes/psych-cog/bamlab/Experiments/PACO/LOCO/arrowUp.png'
4.0485 	EXP 	arrowRight: image = '/Volumes/psych-cog/bamlab/Experiments/PACO/LOCO/arrowRight.png'
4.0485 	EXP 	arrowLeft: image = '/Volumes/psych-cog/bamlab/Experiments/PACO/LOCO/arrowRight.png'
4.0485 	EXP 	resettext: autoDraw = True
4.3121 	EXP 	window1: mouseVisible = True
4.3202 	DATA 	Keypress: space
4.3490 	EXP 	resettext: autoDraw = False
4.3490 	EXP 	studyImage: pos = array([0., 0.])
4.3490 	EXP 	studyImage: autoDraw = True
4.3490 	EXP 	text_6: autoDraw = True
4.3490 	EXP 	text_7: autoDraw = True
4.3490 	EXP 	text_6: text = 'Image: 22'
4.3490 	EXP 	text_7: text = 'Color: 22'
4.3660 	EXP 	text_6: text = 'Image: 22'
4.3660 	EXP 	text_7: text = 'Color: 22'
4.3827 	EXP 	text_6: text = 'Image: 22'
4.3827 	EXP 	text_7: text = 'Color: 22'
4.3985 	EXP 	text_6: text = 'Image: 22'
4.3985 	EXP 	text_7: text = 'Color: 22'
4.4160 	EXP 	text_6: text = 'Image: 22'
4.4160 	EXP 	text_7: text = 'Color: 22'
4.4324 	EXP 	text_6: text = 'Image: 22'
4.4324 	EXP 	text_7: text = 'Color: 22'
4.4493 	EXP 	text_6: text = 'Image: 22'
4.4493 	EXP 	text_7: text = 'Color: 22'
4.4650 	EXP 	text_6: text = 'Image: 22'
4.4650 	EXP 	text_7: text = 'Color: 22'
4.4818 	EXP 	text_6: text = 'Image: 22'
4.4818 	EXP 	text_7: text = 'Color: 22'
4.4984 	EXP 	text_6: text = 'Image: 22'
4.4984 	EXP 	text_7: text = 'Color: 22'
4.5161 	EXP 	text_6: text = 'Image: 22'
4.5161 	EXP 	text_7: text = 'Color: 22'
4.5323 	EXP 	text_6: text = 'Image: 22'
4.5323 	EXP 	text_7: text = 'Color: 22'
4.5490 	EXP 	text_6: text = 'Image: 22'
4.5490 	EXP 	text_7: text = 'Color: 22'
4.5659 	EXP 	text_6: text = 'Image: 22'
4.5659 	EXP 	text_7: text = 'Color: 22'
4.5818 	EXP 	text_6: text = 'Image: 22'
4.5818 	EXP 	text_7: text = 'Color: 22'
4.5986 	EXP 	text_6: text = 'Image: 22'
4.5986 	EXP 	text_7: text = 'Color: 22'
4.6158 	EXP 	text_6: text = 'Image: 22'
4.6158 	EXP 	text_7: text = 'Color: 22'
4.6320 	EXP 	text_6: text = 'Image: 22'
4.6320 	EXP 	text_7: text = 'Color: 22'
4.6483 	EXP 	text_6: text = 'Image: 22'
4.6483 	EXP 	text_7: text = 'Color: 22'
4.6663 	EXP 	text_6: text = 'Image: 22'
4.6663 	EXP 	text_7: text = 'Color: 22'
4.6818 	EXP 	text_6: text = 'Image: 22'
4.6818 	EXP 	text_7: text = 'Color: 22'
4.6989 	EXP 	text_6: text = 'Image: 22'
4.6989 	EXP 	text_7: text = 'Color: 22'
4.7156 	EXP 	text_6: text = 'Image: 22'
4.7156 	EXP 	text_7: text = 'Color: 22'
4.7324 	EXP 	text_6: text = 'Image: 22'
4.7324 	EXP 	text_7: text = 'Color: 22'
4.7484 	EXP 	text_6: text = 'Image: 22'
4.7484 	EXP 	text_7: text = 'Color: 22'
4.7659 	EXP 	text_6: text = 'Image: 22'
4.7659 	EXP 	text_7: text = 'Color: 22'
4.7822 	EXP 	text_6: text = 'Image: 22'
4.7822 	EXP 	text_7: text = 'Color: 22'
4.7991 	EXP 	text_6: text = 'Image: 22'
4.7991 	EXP 	text_7: text = 'Color: 22'
4.8162 	EXP 	text_6: text = 'Image: 22'
4.8162 	EXP 	text_7: text = 'Color: 22'
4.8323 	EXP 	text_6: text = 'Image: 22'
4.8323 	EXP 	text_7: text = 'Color: 22'
4.8486 	EXP 	text_6: text = 'Image: 22'
4.8486 	EXP 	text_7: text = 'Color: 22'
4.8660 	EXP 	text_6: text = 'Image: 22'
4.8660 	EXP 	text_7: text = 'Color: 22'
4.8822 	EXP 	text_6: text = 'Image: 22'
4.8822 	EXP 	text_7: text = 'Color: 22'
4.8985 	EXP 	text_6: text = 'Image: 22'
4.8985 	EXP 	text_7: text = 'Color: 22'
4.9162 	EXP 	text_6: text = 'Image: 22'
4.9162 	EXP 	text_7: text = 'Color: 22'
4.9324 	EXP 	text_6: text = 'Image: 22'
4.9324 	EXP 	text_7: text = 'Color: 22'
4.9486 	EXP 	text_6: text = 'Image: 22'
4.9486 	EXP 	text_7: text = 'Color: 22'
4.9652 	EXP 	text_6: text = 'Image: 22'
4.9652 	EXP 	text_7: text = 'Color: 22'
4.9820 	EXP 	text_6: text = 'Image: 22'
4.9820 	EXP 	text_7: text = 'Color: 22'
4.9989 	EXP 	text_6: text = 'Image: 22'
4.9989 	EXP 	text_7: text = 'Color: 22'
5.0151 	EXP 	text_6: text = 'Image: 22'
5.0151 	EXP 	text_7: text = 'Color: 22'
5.0321 	EXP 	text_6: text = 'Image: 22'
5.0321 	EXP 	text_7: text = 'Color: 22'
5.0494 	EXP 	text_6: text = 'Image: 22'
5.0494 	EXP 	text_7: text = 'Color: 22'
5.0654 	EXP 	text_6: text = 'Image: 22'
5.0654 	EXP 	text_7: text = 'Color: 22'
5.0818 	EXP 	text_6: text = 'Image: 22'
5.0818 	EXP 	text_7: text = 'Color: 22'
5.0992 	EXP 	text_6: text = 'Image: 22'
5.0992 	EXP 	text_7: text = 'Color: 22'
5.1162 	EXP 	text_6: text = 'Image: 22'
5.1162 	EXP 	text_7: text = 'Color: 22'
5.1319 	EXP 	text_6: text = 'Image: 22'
5.1319 	EXP 	text_7: text = 'Color: 22'
5.1495 	EXP 	text_6: text = 'Image: 22'
5.1495 	EXP 	text_7: text = 'Color: 22'
5.1660 	EXP 	text_6: text = 'Image: 22'
5.1660 	EXP 	text_7: text = 'Color: 22'
5.1818 	EXP 	text_6: text = 'Image: 22'
5.1818 	EXP 	text_7: text = 'Color: 22'
5.1993 	EXP 	text_6: text = 'Image: 22'
5.1993 	EXP 	text_7: text = 'Color: 22'
5.2160 	EXP 	text_6: text = 'Image: 22'
5.2160 	EXP 	text_7: text = 'Color: 22'
5.2323 	EXP 	text_6: text = 'Image: 22'
5.2323 	EXP 	text_7: text = 'Color: 22'
5.2492 	EXP 	text_6: text = 'Image: 22'
5.2492 	EXP 	text_7: text = 'Color: 22'
5.2659 	EXP 	text_6: text = 'Image: 22'
5.2659 	EXP 	text_7: text = 'Color: 22'
5.2827 	EXP 	text_6: text = 'Image: 22'
5.2827 	EXP 	text_7: text = 'Color: 22'
5.2986 	EXP 	text_6: text = 'Image: 22'
5.2986 	EXP 	text_7: text = 'Color: 22'
5.3155 	EXP 	text_6: text = 'Image: 22'
5.3155 	EXP 	text_7: text = 'Color: 22'
5.3324 	EXP 	text_6: text = 'Image: 22'
5.3324 	EXP 	text_7: text = 'Color: 22'
5.3487 	EXP 	text_6: text = 'Image: 22'
5.3487 	EXP 	text_7: text = 'Color: 22'
5.3659 	EXP 	text_6: text = 'Image: 22'
5.3659 	EXP 	text_7: text = 'Color: 22'
5.3824 	EXP 	text_6: text = 'Image: 22'
5.3824 	EXP 	text_7: text = 'Color: 22'
5.3985 	EXP 	text_6: text = 'Image: 22'
5.3985 	EXP 	text_7: text = 'Color: 22'
5.4159 	EXP 	text_6: text = 'Image: 22'
5.4159 	EXP 	text_7: text = 'Color: 22'
5.4322 	EXP 	text_6: text = 'Image: 22'
5.4322 	EXP 	text_7: text = 'Color: 22'
5.4488 	EXP 	text_6: text = 'Image: 22'
5.4488 	EXP 	text_7: text = 'Color: 22'
5.4655 	EXP 	text_6: text = 'Image: 22'
5.4655 	EXP 	text_7: text = 'Color: 22'
5.4827 	EXP 	text_6: text = 'Image: 22'
5.4827 	EXP 	text_7: text = 'Color: 22'
5.4988 	EXP 	text_6: text = 'Image: 22'
5.4988 	EXP 	text_7: text = 'Color: 22'
5.5155 	EXP 	text_6: text = 'Image: 22'
5.5155 	EXP 	text_7: text = 'Color: 22'
5.5210 	DATA 	Mouse: Left button down, pos=(1275,1364)
5.5321 	EXP 	text_6: text = 'Image: 22'
5.5321 	EXP 	text_7: text = 'Color: 22'
5.5495 	EXP 	text_6: text = 'Image: 22'
5.5495 	EXP 	text_7: text = 'Color: 22'
5.5660 	EXP 	text_6: text = 'Image: 22'
5.5660 	EXP 	text_7: text = 'Color: 22'
5.5823 	EXP 	text_6: text = 'Image: 22'
5.5823 	EXP 	text_7: text = 'Color: 22'
5.5995 	EXP 	text_6: text = 'Image: 22'
5.5995 	EXP 	text_7: text = 'Color: 22'
5.6161 	EXP 	text_6: text = 'Image: 22'
5.6161 	EXP 	text_7: text = 'Color: 22'
5.6214 	DATA 	Mouse:  Left button up, pos=(1275,1364)
5.6322 	EXP 	text_6: text = 'Image: 22'
5.6322 	EXP 	text_7: text = 'Color: 22'
5.6497 	EXP 	text_6: text = 'Image: 22'
5.6497 	EXP 	text_7: text = 'Color: 22'
5.6831 	EXP 	text_6: text = 'Image: 22'
5.6831 	EXP 	text_7: text = 'Color: 22'
5.6998 	EXP 	text_6: text = 'Image: 22'
5.6998 	EXP 	text_7: text = 'Color: 22'
5.7156 	EXP 	text_6: text = 'Image: 22'
5.7156 	EXP 	text_7: text = 'Color: 22'
5.7328 	EXP 	text_6: text = 'Image: 22'
5.7328 	EXP 	text_7: text = 'Color: 22'
5.7493 	EXP 	text_6: text = 'Image: 22'
5.7493 	EXP 	text_7: text = 'Color: 22'
5.7659 	EXP 	text_6: text = 'Image: 22'
5.7659 	EXP 	text_7: text = 'Color: 22'
5.7823 	EXP 	text_6: text = 'Image: 22'
5.7823 	EXP 	text_7: text = 'Color: 22'
5.7997 	EXP 	text_6: text = 'Image: 22'
5.7997 	EXP 	text_7: text = 'Color: 22'
5.8160 	EXP 	text_6: text = 'Image: 22'
5.8160 	EXP 	text_7: text = 'Color: 22'
5.8327 	EXP 	text_6: text = 'Image: 22'
5.8327 	EXP 	text_7: text = 'Color: 22'
5.8486 	EXP 	text_6: text = 'Image: 22'
5.8486 	EXP 	text_7: text = 'Color: 22'
5.8660 	EXP 	text_6: text = 'Image: 22'
5.8660 	EXP 	text_7: text = 'Color: 22'
5.8822 	EXP 	text_6: text = 'Image: 22'
5.8822 	EXP 	text_7: text = 'Color: 22'
5.8993 	EXP 	text_6: text = 'Image: 22'
5.8993 	EXP 	text_7: text = 'Color: 22'
5.9159 	EXP 	text_6: text = 'Image: 22'
5.9159 	EXP 	text_7: text = 'Color: 22'
5.9495 	EXP 	text_6: text = 'Image: 22'
5.9495 	EXP 	text_7: text = 'Color: 22'
5.9657 	EXP 	text_6: text = 'Image: 22'
5.9657 	EXP 	text_7: text = 'Color: 22'
5.9821 	EXP 	text_6: text = 'Image: 22'
5.9821 	EXP 	text_7: text = 'Color: 22'
5.9996 	EXP 	text_6: text = 'Image: 22'
5.9996 	EXP 	text_7: text = 'Color: 22'
6.0161 	EXP 	text_6: text = 'Image: 22'
6.0161 	EXP 	text_7: text = 'Color: 22'
6.0323 	EXP 	text_6: text = 'Image: 22'
6.0323 	EXP 	text_7: text = 'Color: 22'
6.0485 	EXP 	text_6: text = 'Image: 22'
6.0485 	EXP 	text_7: text = 'Color: 22'
6.0659 	EXP 	text_6: text = 'Image: 22'
6.0659 	EXP 	text_7: text = 'Color: 22'
6.0827 	EXP 	text_6: text = 'Image: 22'
6.0827 	EXP 	text_7: text = 'Color: 22'
6.0998 	EXP 	text_6: text = 'Image: 22'
6.0998 	EXP 	text_7: text = 'Color: 22'
6.1161 	EXP 	text_6: text = 'Image: 22'
6.1161 	EXP 	text_7: text = 'Color: 22'
6.1322 	EXP 	text_6: text = 'Image: 22'
6.1322 	EXP 	text_7: text = 'Color: 22'
6.1491 	EXP 	text_6: text = 'Image: 22'
6.1491 	EXP 	text_7: text = 'Color: 22'
6.1658 	EXP 	text_6: text = 'Image: 22'
6.1658 	EXP 	text_7: text = 'Color: 22'
6.1825 	EXP 	text_6: text = 'Image: 22'
6.1825 	EXP 	text_7: text = 'Color: 22'
6.1994 	EXP 	text_6: text = 'Image: 22'
6.1994 	EXP 	text_7: text = 'Color: 22'
6.2162 	EXP 	text_6: text = 'Image: 22'
6.2162 	EXP 	text_7: text = 'Color: 22'
6.2327 	EXP 	text_6: text = 'Image: 22'
6.2327 	EXP 	text_7: text = 'Color: 22'
6.2488 	EXP 	text_6: text = 'Image: 22'
6.2488 	EXP 	text_7: text = 'Color: 22'
6.2659 	EXP 	text_6: text = 'Image: 22'
6.2659 	EXP 	text_7: text = 'Color: 22'
6.2826 	EXP 	text_6: text = 'Image: 22'
6.2826 	EXP 	text_7: text = 'Color: 22'
6.2987 	EXP 	text_6: text = 'Image: 22'
6.2987 	EXP 	text_7: text = 'Color: 22'
6.3160 	EXP 	text_6: text = 'Image: 22'
6.3160 	EXP 	text_7: text = 'Color: 22'
6.3319 	EXP 	text_6: text = 'Image: 22'
6.3319 	EXP 	text_7: text = 'Color: 22'
6.3487 	EXP 	text_6: text = 'Image: 22'
6.3487 	EXP 	text_7: text = 'Color: 22'
6.3654 	EXP 	text_6: text = 'Image: 22'
6.3654 	EXP 	text_7: text = 'Color: 22'
6.3829 	EXP 	text_6: text = 'Image: 22'
6.3829 	EXP 	text_7: text = 'Color: 22'
6.3987 	EXP 	text_6: text = 'Image: 22'
6.3987 	EXP 	text_7: text = 'Color: 22'
6.4157 	EXP 	text_6: text = 'Image: 22'
6.4157 	EXP 	text_7: text = 'Color: 22'
6.4324 	EXP 	text_6: text = 'Image: 22'
6.4324 	EXP 	text_7: text = 'Color: 22'
6.4491 	EXP 	text_6: text = 'Image: 22'
6.4491 	EXP 	text_7: text = 'Color: 22'
6.4657 	EXP 	text_6: text = 'Image: 22'
6.4657 	EXP 	text_7: text = 'Color: 22'
6.4829 	EXP 	text_6: text = 'Image: 22'
6.4829 	EXP 	text_7: text = 'Color: 22'
6.4993 	EXP 	text_6: text = 'Image: 22'
6.4993 	EXP 	text_7: text = 'Color: 22'
6.5162 	EXP 	text_6: text = 'Image: 22'
6.5162 	EXP 	text_7: text = 'Color: 22'
6.5319 	EXP 	text_6: text = 'Image: 22'
6.5319 	EXP 	text_7: text = 'Color: 22'
6.5496 	EXP 	text_6: text = 'Image: 22'
6.5496 	EXP 	text_7: text = 'Color: 22'
6.5655 	EXP 	text_6: text = 'Image: 22'
6.5655 	EXP 	text_7: text = 'Color: 22'
6.5821 	EXP 	text_6: text = 'Image: 22'
6.5821 	EXP 	text_7: text = 'Color: 22'
6.5997 	EXP 	text_6: text = 'Image: 22'
6.5997 	EXP 	text_7: text = 'Color: 22'
6.6160 	EXP 	text_6: text = 'Image: 22'
6.6160 	EXP 	text_7: text = 'Color: 22'
6.6327 	EXP 	text_6: text = 'Image: 22'
6.6327 	EXP 	text_7: text = 'Color: 22'
6.6489 	EXP 	text_6: text = 'Image: 22'
6.6489 	EXP 	text_7: text = 'Color: 22'
6.6660 	EXP 	text_6: text = 'Image: 22'
6.6660 	EXP 	text_7: text = 'Color: 22'
6.6831 	EXP 	text_6: text = 'Image: 22'
6.6831 	EXP 	text_7: text = 'Color: 22'
6.6990 	EXP 	text_6: text = 'Image: 22'
6.6990 	EXP 	text_7: text = 'Color: 22'
6.7159 	EXP 	text_6: text = 'Image: 22'
6.7159 	EXP 	text_7: text = 'Color: 22'
6.7322 	EXP 	text_6: text = 'Image: 22'
6.7322 	EXP 	text_7: text = 'Color: 22'
6.7486 	EXP 	text_6: text = 'Image: 22'
6.7486 	EXP 	text_7: text = 'Color: 22'
6.7660 	EXP 	text_6: text = 'Image: 22'
6.7660 	EXP 	text_7: text = 'Color: 22'
6.7822 	EXP 	text_6: text = 'Image: 22'
6.7822 	EXP 	text_7: text = 'Color: 22'
6.7989 	EXP 	text_6: text = 'Image: 22'
6.7989 	EXP 	text_7: text = 'Color: 22'
6.8159 	EXP 	text_6: text = 'Image: 22'
6.8159 	EXP 	text_7: text = 'Color: 22'
6.8324 	EXP 	text_6: text = 'Image: 22'
6.8324 	EXP 	text_7: text = 'Color: 22'
6.8497 	EXP 	text_6: text = 'Image: 22'
6.8497 	EXP 	text_7: text = 'Color: 22'
6.8660 	EXP 	text_6: text = 'Image: 22'
6.8660 	EXP 	text_7: text = 'Color: 22'
6.8819 	EXP 	text_6: text = 'Image: 22'
6.8819 	EXP 	text_7: text = 'Color: 22'
6.8996 	EXP 	text_6: text = 'Image: 22'
6.8996 	EXP 	text_7: text = 'Color: 22'
6.9157 	EXP 	text_6: text = 'Image: 22'
6.9157 	EXP 	text_7: text = 'Color: 22'
6.9329 	EXP 	text_6: text = 'Image: 22'
6.9329 	EXP 	text_7: text = 'Color: 22'
6.9495 	EXP 	text_6: text = 'Image: 22'
6.9495 	EXP 	text_7: text = 'Color: 22'
6.9661 	EXP 	text_6: text = 'Image: 22'
6.9661 	EXP 	text_7: text = 'Color: 22'
6.9830 	EXP 	text_6: text = 'Image: 22'
6.9830 	EXP 	text_7: text = 'Color: 22'
6.9995 	EXP 	text_6: text = 'Image: 22'
6.9995 	EXP 	text_7: text = 'Color: 22'
7.0153 	EXP 	text_6: text = 'Image: 22'
7.0153 	EXP 	text_7: text = 'Color: 22'
7.0321 	EXP 	text_6: text = 'Image: 22'
7.0321 	EXP 	text_7: text = 'Color: 22'
7.0492 	EXP 	text_6: text = 'Image: 22'
7.0492 	EXP 	text_7: text = 'Color: 22'
7.0665 	EXP 	text_6: text = 'Image: 22'
7.0665 	EXP 	text_7: text = 'Color: 22'
7.0824 	EXP 	text_6: text = 'Image: 22'
7.0824 	EXP 	text_7: text = 'Color: 22'
7.0996 	EXP 	text_6: text = 'Image: 22'
7.0996 	EXP 	text_7: text = 'Color: 22'
7.1158 	EXP 	text_6: text = 'Image: 22'
7.1158 	EXP 	text_7: text = 'Color: 22'
7.1321 	EXP 	text_6: text = 'Image: 22'
7.1321 	EXP 	text_7: text = 'Color: 22'
7.1492 	EXP 	text_6: text = 'Image: 22'
7.1492 	EXP 	text_7: text = 'Color: 22'
7.1659 	EXP 	text_6: text = 'Image: 22'
7.1659 	EXP 	text_7: text = 'Color: 22'
7.1828 	EXP 	text_6: text = 'Image: 22'
7.1828 	EXP 	text_7: text = 'Color: 22'
7.1995 	EXP 	text_6: text = 'Image: 22'
7.1995 	EXP 	text_7: text = 'Color: 22'
7.2164 	EXP 	text_6: text = 'Image: 22'
7.2164 	EXP 	text_7: text = 'Color: 22'
7.2321 	EXP 	text_6: text = 'Image: 22'
7.2321 	EXP 	text_7: text = 'Color: 22'
7.2494 	EXP 	text_6: text = 'Image: 22'
7.2494 	EXP 	text_7: text = 'Color: 22'
7.2656 	EXP 	text_6: text = 'Image: 22'
7.2656 	EXP 	text_7: text = 'Color: 22'
7.2831 	EXP 	text_6: text = 'Image: 22'
7.2831 	EXP 	text_7: text = 'Color: 22'
7.2997 	EXP 	text_6: text = 'Image: 22'
7.2997 	EXP 	text_7: text = 'Color: 22'
7.3156 	EXP 	text_6: text = 'Image: 22'
7.3156 	EXP 	text_7: text = 'Color: 22'
7.3321 	EXP 	text_6: text = 'Image: 22'
7.3321 	EXP 	text_7: text = 'Color: 22'
7.3492 	EXP 	text_6: text = 'Image: 22'
7.3492 	EXP 	text_7: text = 'Color: 22'
7.3655 	EXP 	text_6: text = 'Image: 22'
7.3655 	EXP 	text_7: text = 'Color: 22'
7.3821 	EXP 	text_6: text = 'Image: 22'
7.3821 	EXP 	text_7: text = 'Color: 22'
7.3988 	EXP 	text_6: text = 'Image: 22'
7.3988 	EXP 	text_7: text = 'Color: 22'
7.4162 	EXP 	text_6: text = 'Image: 22'
7.4162 	EXP 	text_7: text = 'Color: 22'
7.4329 	EXP 	text_6: text = 'Image: 22'
7.4329 	EXP 	text_7: text = 'Color: 22'
7.4497 	EXP 	text_6: text = 'Image: 22'
7.4497 	EXP 	text_7: text = 'Color: 22'
7.4656 	EXP 	text_6: text = 'Image: 22'
7.4656 	EXP 	text_7: text = 'Color: 22'
7.4829 	EXP 	text_6: text = 'Image: 22'
7.4829 	EXP 	text_7: text = 'Color: 22'
7.4987 	EXP 	text_6: text = 'Image: 22'
7.4987 	EXP 	text_7: text = 'Color: 22'
7.5157 	EXP 	text_6: text = 'Image: 22'
7.5157 	EXP 	text_7: text = 'Color: 22'
7.5326 	EXP 	text_6: text = 'Image: 22'
7.5326 	EXP 	text_7: text = 'Color: 22'
7.5487 	EXP 	text_6: text = 'Image: 22'
7.5487 	EXP 	text_7: text = 'Color: 22'
7.5660 	EXP 	text_6: text = 'Image: 22'
7.5660 	EXP 	text_7: text = 'Color: 22'
7.5826 	EXP 	text_6: text = 'Image: 22'
7.5826 	EXP 	text_7: text = 'Color: 22'
7.5992 	EXP 	text_6: text = 'Image: 22'
7.5992 	EXP 	text_7: text = 'Color: 22'
7.6052 	DATA 	Keypress: 0
7.8749 	EXP 	window1: mouseVisible = True
3.5161 	EXP 	Created window1 = Window(allowGUI=False, allowStencil=False, args=UNKNOWN, autoLog=True, bitsMode=UNKNOWN, blendMode='avg', color=array([1., 1., 1.]), colorSpace='rgb', fullscr=<method-wrapper '__getattribute__' of attributeSetter object at 0x13ba2cbe0>, gamma=None, kwargs=UNKNOWN, lms=UNKNOWN, monitor=<psychopy.monitors.calibTools.Monitor object at 0x13ba92ef0>, multiSample=False, name='window1', numSamples=2, pos=[0.0, 0.0], screen=0, size=array([5120, 2880]), stereo=False, units='height', useFBO=True, useRetina=True, viewOri=0.0, viewPos=None, viewScale=None, waitBlanking=True, winType='pyglet')
3.5161 	EXP 	window1: recordFrameIntervals = False
3.6821 	EXP 	window1: recordFrameIntervals = True
3.8664 	EXP 	window1: recordFrameIntervals = False
4.0498 	EXP 	Created resettext = TextStim(__class__=<class 'psychopy.visual.text.TextStim'>, alignHoriz='center', alignVert='center', antialias=True, autoLog=True, bold=False, color='black', colorSpace='named', contrast=1.0, depth=0.0, flipHoriz=False, flipVert=False, font='Arial', fontFiles=[], height=0.04, italic=False, languageStyle='LTR', name='resettext', opacity=1.0, ori=0, pos=array([0., 0.]), rgb=array([0., 0., 0.]), text='+', units='height', win=Window(...), wrapWidth=1)
4.0512 	EXP 	Created studyImage = ImageStim(__class__=<class 'psychopy.visual.image.ImageStim'>, autoLog=True, color='white', colorSpace='named', contrast=1.0, depth=0.0, flipHoriz=False, flipVert=False, image='sin', interpolate=True, mask=None, maskParams=None, name='studyImage', opacity=1.0, ori=0.0, pos=array([0., 0.]), size=array([0.19, 0.19]), texRes=128, units='height', win=Window(...))
4.0593 	EXP 	Created text_6 = TextStim(__class__=<class 'psychopy.visual.text.TextStim'>, alignHoriz='center', alignVert='center', antialias=True, autoLog=True, bold=False, color='black', colorSpace='named', contrast=1.0, depth=-2.0, flipHoriz=False, flipVert=False, font='Arial', fontFiles=[], height=0.03, italic=False, languageStyle='LTR', name='text_6', opacity=1.0, ori=0, pos=array([0.  , 0.45]), rgb=array([0., 0., 0.]), text='Stimuli: ', units='height', win=Window(...), wrapWidth=1)
4.0636 	EXP 	Created text_7 = TextStim(__class__=<class 'psychopy.visual.text.TextStim'>, alignHoriz='center', alignVert='center', antialias=True, autoLog=True, bold=False, color='black', colorSpace='named', contrast=1.0, depth=-3.0, flipHoriz=False, flipVert=False, font='Arial', fontFiles=[], height=0.03, italic=False, languageStyle='LTR', name='text_7', opacity=1.0, ori=0, pos=array([0. , 0.4]), rgb=array([0., 0., 0.]), text='Color: ', units='height', win=Window(...), wrapWidth=1)
4.0655 	EXP 	Created resettext = TextStim(__class__=<class 'psychopy.visual.text.TextStim'>, alignHoriz='center', alignVert='center', antialias=True, autoLog=True, bold=False, color='black', colorSpace='named', contrast=1.0, depth=0.0, flipHoriz=False, flipVert=False, font='Arial', fontFiles=[], height=0.04, italic=False, languageStyle='LTR', name='resettext', opacity=1.0, ori=0, pos=array([0., 0.]), rgb=array([0., 0., 0.]), text='+', units='height', win=Window(...), wrapWidth=1)
4.0752 	EXP 	Created oldornewText = TextStim(__class__=<class 'psychopy.visual.text.TextStim'>, alignHoriz='center', alignVert='center', antialias=True, autoLog=True, bold=False, color='black', colorSpace='named', contrast=1.0, depth=0.0, flipHoriz=False, flipVert=False, font='Arial', fontFiles=[], height=0.05, italic=False, languageStyle='LTR', name='oldornewText', opacity=1.0, ori=0, pos=array([ 0.  , -0.45]), rgb=array([0., 0., 0.]), text='1 - Old        2 - New', units='height', win=Window(...), wrapWidth=1)
4.0766 	EXP 	Created oldornewImage = ImageStim(__class__=<class 'psychopy.visual.image.ImageStim'>, autoLog=True, color=array([-1., -1., -1.]), colorSpace='rgb', contrast=1.0, depth=-1.0, flipHoriz=False, flipVert=False, image='sin', interpolate=True, mask=None, maskParams=None, name='oldornewImage', opacity=1.0, ori=0.0, pos=array([0., 0.]), size=array([0.19, 0.19]), texRes=128, units='height', win=Window(...))
4.0786 	EXP 	Created resettext = TextStim(__class__=<class 'psychopy.visual.text.TextStim'>, alignHoriz='center', alignVert='center', antialias=True, autoLog=True, bold=False, color='black', colorSpace='named', contrast=1.0, depth=0.0, flipHoriz=False, flipVert=False, font='Arial', fontFiles=[], height=0.04, italic=False, languageStyle='LTR', name='resettext', opacity=1.0, ori=0, pos=array([0., 0.]), rgb=array([0., 0., 0.]), text='+', units='height', win=Window(...), wrapWidth=1)
4.1189 	EXP 	Created Image3 = ImageStim(__class__=<class 'psychopy.visual.image.ImageStim'>, autoLog=True, color=array([0., 1., 0.]), colorSpace='hsv', contrast=1.0, depth=0.0, flipHoriz=False, flipVert=False, image=str(...), interpolate=True, mask=None, maskParams=None, name='Image3', opacity=1.0, ori=0.0, pos=array([0., 0.]), size=array([0.19, 0.19]), texRes=128, units='height', win=Window(...))
4.1243 	EXP 	Created unnamed RadialStim = RadialStim(__class__=<class 'psychopy.visual.radial.RadialStim'>, autoDraw=False, autoLog=True, blendmode='avg', color=array([180.,   0.,   1.]), colorSpace='hsv', contrast=1.0, depth=0, interpolate=False, mask='none', maskParams=None, name='unnamed RadialStim', opacity=0.0, ori=0.0, phase=array([0., 0.]), pos=array([0., 0.]), rgbPedestal=array([0., 0., 0.]), sf=1, size=array([0.25, 0.25]), tex='sqrXsqr', texRes=64, units='height', win=Window(...))
4.1301 	EXP 	Created unnamed RadialStim = RadialStim(__class__=<class 'psychopy.visual.radial.RadialStim'>, autoDraw=False, autoLog=True, blendmode='avg', color=array([1., 1., 1.]), colorSpace='rgb', contrast=1.0, depth=0, interpolate=True, mask=ndarray(...), maskParams=None, name='unnamed RadialStim', opacity=1.0, ori=0.0, phase=array([0., 0.]), pos=array([0., 0.]), rgbPedestal=array([0., 0., 0.]), sf=1, size=array([0.3, 0.3]), tex=ndarray(...), texRes=64, units='height', win=Window(...))
4.1318 	EXP 	Created screenRect3 = Rect(__class__=<class 'psychopy.visual.rect.Rect'>, autoDraw=False, autoLog=True, closeShape=True, color=method-wrapper(...), colorSpace=None, contrast=1.0, depth=-6.0, fillColor=array([1., 1., 1.]), fillColorSpace='rgb', fillRGB=array([1., 1., 1.]), interpolate=True, lineColor=array([1., 1., 1.]), lineColorSpace='rgb', lineRGB=array([1., 1., 1.]), lineWidth=1, name='screenRect3', opacity=0.0, ori=array(0.), pos=array([0., 0.]), size=array([1., 1.]), units='height', vertices=ndarray(...), win=Window(...))
4.1416 	EXP 	Created ColorText = TextStim(__class__=<class 'psychopy.visual.text.TextStim'>, alignHoriz='center', alignVert='center', antialias=True, autoLog=True, bold=False, color='white', colorSpace='named', contrast=1.0, depth=0.0, flipHoriz=False, flipVert=False, font='Arial', fontFiles=[], height=0.03, italic=False, languageStyle='LTR', name='ColorText', opacity=1.0, ori=0, pos=array([ 0. , -0.4]), rgb=array([255., 255., 255.]), text='Please select a color from the color wheel', units='height', win=Window(...), wrapWidth=1)
4.1515 	EXP 	Created DragText = TextStim(__class__=<class 'psychopy.visual.text.TextStim'>, alignHoriz='center', alignVert='center', antialias=True, autoLog=True, bold=False, color='white', colorSpace='named', contrast=1.0, depth=0.0, flipHoriz=False, flipVert=False, font='Arial', fontFiles=[], height=0.03, italic=False, languageStyle='LTR', name='DragText', opacity=1.0, ori=0, pos=array([ 0. , -0.4]), rgb=array([255., 255., 255.]), text=str(...), units='height', win=Window(...), wrapWidth=1)
4.1529 	EXP 	Created arrowUp = ImageStim(__class__=<class 'psychopy.visual.image.ImageStim'>, autoLog=True, color=array([1., 1., 0.]), colorSpace='hsv', contrast=1.0, depth=0.0, flipHoriz=False, flipVert=False, image='sin', interpolate=True, mask=None, maskParams=None, name='arrowUp', opacity=1.0, ori=0.0, pos=array([0. , 0.2]), size=array([0.03, 0.03]), texRes=128, units='height', win=Window(...))
4.1541 	EXP 	Created arrowDown = ImageStim(__class__=<class 'psychopy.visual.image.ImageStim'>, autoLog=True, color=array([1., 1., 0.]), colorSpace='hsv', contrast=1.0, depth=0.0, flipHoriz=False, flipVert=True, image='sin', interpolate=True, mask=None, maskParams=None, name='arrowDown', opacity=1.0, ori=0.0, pos=array([ 0. , -0.2]), size=array([0.03, 0.03]), texRes=128, units='height', win=Window(...))
4.1554 	EXP 	Created arrowRight = ImageStim(__class__=<class 'psychopy.visual.image.ImageStim'>, autoLog=True, color=array([1., 1., 0.]), colorSpace='hsv', contrast=1.0, depth=0.0, flipHoriz=False, flipVert=False, image='sin', interpolate=True, mask=None, maskParams=None, name='arrowRight', opacity=1.0, ori=0.0, pos=array([0.2, 0. ]), size=array([0.03, 0.03]), texRes=128, units='height', win=Window(...))
4.1567 	EXP 	Created arrowLeft = ImageStim(__class__=<class 'psychopy.visual.image.ImageStim'>, autoLog=True, color=array([1., 1., 0.]), colorSpace='hsv', contrast=1.0, depth=0.0, flipHoriz=True, flipVert=False, image='sin', interpolate=True, mask=None, maskParams=None, name='arrowLeft', opacity=1.0, ori=0.0, pos=array([-0.2,  0. ]), size=array([0.03, 0.03]), texRes=128, units='height', win=Window(...))
4.1924 	EXP 	window1: mouseVisible = False
4.2160 	EXP 	arrowUp: image = '/Volumes/psych-cog/bamlab/Experiments/PACO/LOCO/arrowUp.png'
4.2160 	EXP 	arrowDown: image = '/Volumes/psych-cog/bamlab/Experiments/PACO/LOCO/arrowUp.png'
4.2160 	EXP 	arrowRight: image = '/Volumes/psych-cog/bamlab/Experiments/PACO/LOCO/arrowRight.png'
4.2160 	EXP 	arrowLeft: image = '/Volumes/psych-cog/bamlab/Experiments/PACO/LOCO/arrowRight.png'
4.2160 	EXP 	resettext: autoDraw = True
5.2624 	EXP 	window1: mouseVisible = True
5.2718 	DATA 	Keypress: space
5.2991 	EXP 	resettext: autoDraw = False
5.2991 	EXP 	studyImage: pos = array([0., 0.])
5.2991 	EXP 	studyImage: autoDraw = True
5.2991 	EXP 	text_6: autoDraw = True
5.2991 	EXP 	text_7: autoDraw = True
5.2991 	EXP 	text_6: text = 'Image: 22'
5.2991 	EXP 	text_7: text = 'Color: 22'
5.3162 	EXP 	text_6: text = 'Image: 22'
5.3162 	EXP 	text_7: text = 'Color: 22'
5.3332 	EXP 	text_6: text = 'Image: 22'
5.3332 	EXP 	text_7: text = 'Color: 22'
5.3500 	EXP 	text_6: text = 'Image: 22'
5.3500 	EXP 	text_7: text = 'Color: 22'
5.3658 	EXP 	text_6: text = 'Image: 22'
5.3658 	EXP 	text_7: text = 'Color: 22'
5.3838 	EXP 	text_6: text = 'Image: 22'
5.3838 	EXP 	text_7: text = 'Color: 22'
5.4000 	EXP 	text_6: text = 'Image: 22'
5.4000 	EXP 	text_7: text = 'Color: 22'
5.4165 	EXP 	text_6: text = 'Image: 22'
5.4165 	EXP 	text_7: text = 'Color: 22'
5.4333 	EXP 	text_6: text = 'Image: 22'
5.4333 	EXP 	text_7: text = 'Color: 22'
5.4492 	EXP 	text_6: text = 'Image: 22'
5.4492 	EXP 	text_7: text = 'Color: 22'
5.4662 	EXP 	text_6: text = 'Image: 22'
5.4662 	EXP 	text_7: text = 'Color: 22'
5.4826 	EXP 	text_6: text = 'Image: 22'
5.4826 	EXP 	text_7: text = 'Color: 22'
5.4998 	EXP 	text_6: text = 'Image: 22'
5.4998 	EXP 	text_7: text = 'Color: 22'
5.5168 	EXP 	text_6: text = 'Image: 22'
5.5168 	EXP 	text_7: text = 'Color: 22'
5.5333 	EXP 	text_6: text = 'Image: 22'
5.5333 	EXP 	text_7: text = 'Color: 22'
5.5496 	EXP 	text_6: text = 'Image: 22'
5.5496 	EXP 	text_7: text = 'Color: 22'
5.5661 	EXP 	text_6: text = 'Image: 22'
5.5661 	EXP 	text_7: text = 'Color: 22'
5.5826 	EXP 	text_6: text = 'Image: 22'
5.5826 	EXP 	text_7: text = 'Color: 22'
5.5999 	EXP 	text_6: text = 'Image: 22'
5.5999 	EXP 	text_7: text = 'Color: 22'
5.6162 	EXP 	text_6: text = 'Image: 22'
5.6162 	EXP 	text_7: text = 'Color: 22'
5.6325 	EXP 	text_6: text = 'Image: 22'
5.6325 	EXP 	text_7: text = 'Color: 22'
5.6496 	EXP 	text_6: text = 'Image: 22'
5.6496 	EXP 	text_7: text = 'Color: 22'
5.6664 	EXP 	text_6: text = 'Image: 22'
5.6664 	EXP 	text_7: text = 'Color: 22'
5.6828 	EXP 	text_6: text = 'Image: 22'
5.6828 	EXP 	text_7: text = 'Color: 22'
5.6995 	EXP 	text_6: text = 'Image: 22'
5.6995 	EXP 	text_7: text = 'Color: 22'
5.7166 	EXP 	text_6: text = 'Image: 22'
5.7166 	EXP 	text_7: text = 'Color: 22'
5.7328 	EXP 	text_6: text = 'Image: 22'
5.7328 	EXP 	text_7: text = 'Color: 22'
5.7497 	EXP 	text_6: text = 'Image: 22'
5.7497 	EXP 	text_7: text = 'Color: 22'
5.7660 	EXP 	text_6: text = 'Image: 22'
5.7660 	EXP 	text_7: text = 'Color: 22'
5.7836 	EXP 	text_6: text = 'Image: 22'
5.7836 	EXP 	text_7: text = 'Color: 22'
5.8000 	EXP 	text_6: text = 'Image: 22'
5.8000 	EXP 	text_7: text = 'Color: 22'
5.8171 	EXP 	text_6: text = 'Image: 22'
5.8171 	EXP 	text_7: text = 'Color: 22'
5.8330 	EXP 	text_6: text = 'Image: 22'
5.8330 	EXP 	text_7: text = 'Color: 22'
5.8500 	EXP 	text_6: text = 'Image: 22'
5.8500 	EXP 	text_7: text = 'Color: 22'
5.8670 	EXP 	text_6: text = 'Image: 22'
5.8670 	EXP 	text_7: text = 'Color: 22'
5.8834 	EXP 	text_6: text = 'Image: 22'
5.8834 	EXP 	text_7: text = 'Color: 22'
5.8996 	EXP 	text_6: text = 'Image: 22'
5.8996 	EXP 	text_7: text = 'Color: 22'
5.9165 	EXP 	text_6: text = 'Image: 22'
5.9165 	EXP 	text_7: text = 'Color: 22'
5.9333 	EXP 	text_6: text = 'Image: 22'
5.9333 	EXP 	text_7: text = 'Color: 22'
5.9494 	EXP 	text_6: text = 'Image: 22'
5.9494 	EXP 	text_7: text = 'Color: 22'
5.9663 	EXP 	text_6: text = 'Image: 22'
5.9663 	EXP 	text_7: text = 'Color: 22'
5.9712 	DATA 	Mouse: Left button down, pos=(1242,1369)
5.9827 	EXP 	text_6: text = 'Image: 22'
5.9827 	EXP 	text_7: text = 'Color: 22'
6.0004 	EXP 	text_6: text = 'Image: 22'
6.0004 	EXP 	text_7: text = 'Color: 22'
6.0166 	EXP 	text_6: text = 'Image: 22'
6.0166 	EXP 	text_7: text = 'Color: 22'
6.0334 	EXP 	text_6: text = 'Image: 22'
6.0334 	EXP 	text_7: text = 'Color: 22'
6.0494 	EXP 	text_6: text = 'Image: 22'
6.0494 	EXP 	text_7: text = 'Color: 22'
6.0658 	EXP 	text_6: text = 'Image: 22'
6.0658 	EXP 	text_7: text = 'Color: 22'
6.0831 	EXP 	text_6: text = 'Image: 22'
6.0831 	EXP 	text_7: text = 'Color: 22'
6.1002 	EXP 	text_6: text = 'Image: 22'
6.1002 	EXP 	text_7: text = 'Color: 22'
6.1052 	DATA 	Mouse:  Left button up, pos=(1242,1369)
6.1161 	EXP 	text_6: text = 'Image: 22'
6.1161 	EXP 	text_7: text = 'Color: 22'
6.1332 	EXP 	text_6: text = 'Image: 22'
6.1332 	EXP 	text_7: text = 'Color: 22'
6.1496 	EXP 	text_6: text = 'Image: 22'
6.1496 	EXP 	text_7: text = 'Color: 22'
6.1666 	EXP 	text_6: text = 'Image: 22'
6.1666 	EXP 	text_7: text = 'Color: 22'
6.1832 	EXP 	text_6: text = 'Image: 22'
6.1832 	EXP 	text_7: text = 'Color: 22'
6.2000 	EXP 	text_6: text = 'Image: 22'
6.2000 	EXP 	text_7: text = 'Color: 22'
6.2163 	EXP 	text_6: text = 'Image: 22'
6.2163 	EXP 	text_7: text = 'Color: 22'
6.2334 	EXP 	text_6: text = 'Image: 22'
6.2334 	EXP 	text_7: text = 'Color: 22'
6.2502 	EXP 	text_6: text = 'Image: 22'
6.2502 	EXP 	text_7: text = 'Color: 22'
6.2668 	EXP 	text_6: text = 'Image: 22'
6.2668 	EXP 	text_7: text = 'Color: 22'
6.2832 	EXP 	text_6: text = 'Image: 22'
6.2832 	EXP 	text_7: text = 'Color: 22'
6.2993 	EXP 	text_6: text = 'Image: 22'
6.2993 	EXP 	text_7: text = 'Color: 22'
6.3162 	EXP 	text_6: text = 'Image: 22'
6.3162 	EXP 	text_7: text = 'Color: 22'
6.3331 	EXP 	text_6: text = 'Image: 22'
6.3331 	EXP 	text_7: text = 'Color: 22'
6.3501 	EXP 	text_6: text = 'Image: 22'
6.3501 	EXP 	text_7: text = 'Color: 22'
6.3662 	EXP 	text_6: text = 'Image: 22'
6.3662 	EXP 	text_7: text = 'Color: 22'
6.3835 	EXP 	text_6: text = 'Image: 22'
6.3835 	EXP 	text_7: text = 'Color: 22'
6.3994 	EXP 	text_6: text = 'Image: 22'
6.3994 	EXP 	text_7: text = 'Color: 22'
6.4160 	EXP 	text_6: text = 'Image: 22'
6.4160 	EXP 	text_7: text = 'Color: 22'
6.4328 	EXP 	text_6: text = 'Image: 22'
6.4328 	EXP 	text_7: text = 'Color: 22'
6.4500 	EXP 	text_6: text = 'Image: 22'
6.4500 	EXP 	text_7: text = 'Color: 22'
6.4665 	EXP 	text_6: text = 'Image: 22'
6.4665 	EXP 	text_7: text = 'Color: 22'
6.4828 	EXP 	text_6: text = 'Image: 22'
6.4828 	EXP 	text_7: text = 'Color: 22'
6.4993 	EXP 	text_6: text = 'Image: 22'
6.4993 	EXP 	text_7: text = 'Color: 22'
6.5167 	EXP 	text_6: text = 'Image: 22'
6.5167 	EXP 	text_7: text = 'Color: 22'
6.5326 	EXP 	text_6: text = 'Image: 22'
6.5326 	EXP 	text_7: text = 'Color: 22'
6.5496 	EXP 	text_6: text = 'Image: 22'
6.5496 	EXP 	text_7: text = 'Color: 22'
6.5667 	EXP 	text_6: text = 'Image: 22'
6.5667 	EXP 	text_7: text = 'Color: 22'
6.5826 	EXP 	text_6: text = 'Image: 22'
6.5826 	EXP 	text_7: text = 'Color: 22'
6.5994 	EXP 	text_6: text = 'Image: 22'
6.5994 	EXP 	text_7: text = 'Color: 22'
6.6166 	EXP 	text_6: text = 'Image: 22'
6.6166 	EXP 	text_7: text = 'Color: 22'
6.6327 	EXP 	text_6: text = 'Image: 22'
6.6327 	EXP 	text_7: text = 'Color: 22'
6.6493 	EXP 	text_6: text = 'Image: 22'
6.6493 	EXP 	text_7: text = 'Color: 22'
6.6665 	EXP 	text_6: text = 'Image: 22'
6.6665 	EXP 	text_7: text = 'Color: 22'
6.6825 	EXP 	text_6: text = 'Image: 22'
6.6825 	EXP 	text_7: text = 'Color: 22'
6.6997 	EXP 	text_6: text = 'Image: 22'
6.6997 	EXP 	text_7: text = 'Color: 22'
6.7168 	EXP 	text_6: text = 'Image: 22'
6.7168 	EXP 	text_7: text = 'Color: 22'
6.7335 	EXP 	text_6: text = 'Image: 22'
6.7335 	EXP 	text_7: text = 'Color: 22'
6.7498 	EXP 	text_6: text = 'Image: 22'
6.7498 	EXP 	text_7: text = 'Color: 22'
6.7667 	EXP 	text_6: text = 'Image: 22'
6.7667 	EXP 	text_7: text = 'Color: 22'
6.7829 	EXP 	text_6: text = 'Image: 22'
6.7829 	EXP 	text_7: text = 'Color: 22'
6.7996 	EXP 	text_6: text = 'Image: 22'
6.7996 	EXP 	text_7: text = 'Color: 22'
6.8160 	EXP 	text_6: text = 'Image: 22'
6.8160 	EXP 	text_7: text = 'Color: 22'
6.8330 	EXP 	text_6: text = 'Image: 22'
6.8330 	EXP 	text_7: text = 'Color: 22'
6.8497 	EXP 	text_6: text = 'Image: 22'
6.8497 	EXP 	text_7: text = 'Color: 22'
6.8669 	EXP 	text_6: text = 'Image: 22'
6.8669 	EXP 	text_7: text = 'Color: 22'
6.8829 	EXP 	text_6: text = 'Image: 22'
6.8829 	EXP 	text_7: text = 'Color: 22'
6.8998 	EXP 	text_6: text = 'Image: 22'
6.8998 	EXP 	text_7: text = 'Color: 22'
6.9159 	EXP 	text_6: text = 'Image: 22'
6.9159 	EXP 	text_7: text = 'Color: 22'
6.9334 	EXP 	text_6: text = 'Image: 22'
6.9334 	EXP 	text_7: text = 'Color: 22'
6.9494 	EXP 	text_6: text = 'Image: 22'
6.9494 	EXP 	text_7: text = 'Color: 22'
6.9667 	EXP 	text_6: text = 'Image: 22'
6.9667 	EXP 	text_7: text = 'Color: 22'
6.9836 	EXP 	text_6: text = 'Image: 22'
6.9836 	EXP 	text_7: text = 'Color: 22'
6.9996 	EXP 	text_6: text = 'Image: 22'
6.9996 	EXP 	text_7: text = 'Color: 22'
7.0159 	EXP 	text_6: text = 'Image: 22'
7.0159 	EXP 	text_7: text = 'Color: 22'
7.0335 	EXP 	text_6: text = 'Image: 22'
7.0335 	EXP 	text_7: text = 'Color: 22'
7.0496 	EXP 	text_6: text = 'Image: 22'
7.0496 	EXP 	text_7: text = 'Color: 22'
7.0663 	EXP 	text_6: text = 'Image: 22'
7.0663 	EXP 	text_7: text = 'Color: 22'
7.0836 	EXP 	text_6: text = 'Image: 22'
7.0836 	EXP 	text_7: text = 'Color: 22'
7.1003 	EXP 	text_6: text = 'Image: 22'
7.1003 	EXP 	text_7: text = 'Color: 22'
7.1167 	EXP 	text_6: text = 'Image: 22'
7.1167 	EXP 	text_7: text = 'Color: 22'
7.1329 	EXP 	text_6: text = 'Image: 22'
7.1329 	EXP 	text_7: text = 'Color: 22'
7.1494 	EXP 	text_6: text = 'Image: 22'
7.1494 	EXP 	text_7: text = 'Color: 22'
7.1663 	EXP 	text_6: text = 'Image: 22'
7.1663 	EXP 	text_7: text = 'Color: 22'
7.1834 	EXP 	text_6: text = 'Image: 22'
7.1834 	EXP 	text_7: text = 'Color: 22'
7.2000 	EXP 	text_6: text = 'Image: 22'
7.2000 	EXP 	text_7: text = 'Color: 22'
7.2168 	EXP 	text_6: text = 'Image: 22'
7.2168 	EXP 	text_7: text = 'Color: 22'
7.2329 	EXP 	text_6: text = 'Image: 22'
7.2329 	EXP 	text_7: text = 'Color: 22'
7.2494 	EXP 	text_6: text = 'Image: 22'
7.2494 	EXP 	text_7: text = 'Color: 22'
7.2664 	EXP 	text_6: text = 'Image: 22'
7.2664 	EXP 	text_7: text = 'Color: 22'
7.2827 	EXP 	text_6: text = 'Image: 22'
7.2827 	EXP 	text_7: text = 'Color: 22'
7.2997 	EXP 	text_6: text = 'Image: 22'
7.2997 	EXP 	text_7: text = 'Color: 22'
7.3163 	EXP 	text_6: text = 'Image: 22'
7.3163 	EXP 	text_7: text = 'Color: 22'
7.3333 	EXP 	text_6: text = 'Image: 22'
7.3333 	EXP 	text_7: text = 'Color: 22'
7.3495 	EXP 	text_6: text = 'Image: 22'
7.3495 	EXP 	text_7: text = 'Color: 22'
7.3671 	EXP 	text_6: text = 'Image: 22'
7.3671 	EXP 	text_7: text = 'Color: 22'
7.3837 	EXP 	text_6: text = 'Image: 22'
7.3837 	EXP 	text_7: text = 'Color: 22'
7.4001 	EXP 	text_6: text = 'Image: 22'
7.4001 	EXP 	text_7: text = 'Color: 22'
7.4164 	EXP 	text_6: text = 'Image: 22'
7.4164 	EXP 	text_7: text = 'Color: 22'
7.4332 	EXP 	text_6: text = 'Image: 22'
7.4332 	EXP 	text_7: text = 'Color: 22'
7.4498 	EXP 	text_6: text = 'Image: 22'
7.4498 	EXP 	text_7: text = 'Color: 22'
7.4659 	EXP 	text_6: text = 'Image: 22'
7.4659 	EXP 	text_7: text = 'Color: 22'
7.4832 	EXP 	text_6: text = 'Image: 22'
7.4832 	EXP 	text_7: text = 'Color: 22'
7.5002 	EXP 	text_6: text = 'Image: 22'
7.5002 	EXP 	text_7: text = 'Color: 22'
7.5164 	EXP 	text_6: text = 'Image: 22'
7.5164 	EXP 	text_7: text = 'Color: 22'
7.5327 	EXP 	text_6: text = 'Image: 22'
7.5327 	EXP 	text_7: text = 'Color: 22'
7.5495 	EXP 	text_6: text = 'Image: 22'
7.5495 	EXP 	text_7: text = 'Color: 22'
7.5667 	EXP 	text_6: text = 'Image: 22'
7.5667 	EXP 	text_7: text = 'Color: 22'
7.5836 	EXP 	text_6: text = 'Image: 22'
7.5836 	EXP 	text_7: text = 'Color: 22'
7.6001 	EXP 	text_6: text = 'Image: 22'
7.6001 	EXP 	text_7: text = 'Color: 22'
7.6165 	EXP 	text_6: text = 'Image: 22'
7.6165 	EXP 	text_7: text = 'Color: 22'
7.6335 	EXP 	text_6: text = 'Image: 22'
7.6335 	EXP 	text_7: text = 'Color: 22'
7.6498 	EXP 	text_6: text = 'Image: 22'
7.6498 	EXP 	text_7: text = 'Color: 22'
7.6665 	EXP 	text_6: text = 'Image: 22'
7.6665 	EXP 	text_7: text = 'Color: 22'
7.6836 	EXP 	text_6: text = 'Image: 22'
7.6836 	EXP 	text_7: text = 'Color: 22'
7.6996 	EXP 	text_6: text = 'Image: 22'
7.6996 	EXP 	text_7: text = 'Color: 22'
7.7166 	EXP 	text_6: text = 'Image: 22'
7.7166 	EXP 	text_7: text = 'Color: 22'
7.7332 	EXP 	text_6: text = 'Image: 22'
7.7332 	EXP 	text_7: text = 'Color: 22'
7.7497 	EXP 	text_6: text = 'Image: 22'
7.7497 	EXP 	text_7: text = 'Color: 22'
7.7659 	EXP 	text_6: text = 'Image: 22'
7.7659 	EXP 	text_7: text = 'Color: 22'
7.7832 	EXP 	text_6: text = 'Image: 22'
7.7832 	EXP 	text_7: text = 'Color: 22'
7.7995 	EXP 	text_6: text = 'Image: 22'
7.7995 	EXP 	text_7: text = 'Color: 22'
7.8170 	EXP 	text_6: text = 'Image: 22'
7.8170 	EXP 	text_7: text = 'Color: 22'
7.8337 	EXP 	text_6: text = 'Image: 22'
7.8337 	EXP 	text_7: text = 'Color: 22'
7.8497 	EXP 	text_6: text = 'Image: 22'
7.8497 	EXP 	text_7: text = 'Color: 22'
7.8660 	EXP 	text_6: text = 'Image: 22'
7.8660 	EXP 	text_7: text = 'Color: 22'
7.8834 	EXP 	text_6: text = 'Image: 22'
7.8834 	EXP 	text_7: text = 'Color: 22'
7.8999 	EXP 	text_6: text = 'Image: 22'
7.8999 	EXP 	text_7: text = 'Color: 22'
7.9160 	EXP 	text_6: text = 'Image: 22'
7.9160 	EXP 	text_7: text = 'Color: 22'
7.9327 	EXP 	text_6: text = 'Image: 22'
7.9327 	EXP 	text_7: text = 'Color: 22'
7.9494 	EXP 	text_6: text = 'Image: 22'
7.9494 	EXP 	text_7: text = 'Color: 22'
7.9664 	EXP 	text_6: text = 'Image: 22'
7.9664 	EXP 	text_7: text = 'Color: 22'
7.9831 	EXP 	text_6: text = 'Image: 22'
7.9831 	EXP 	text_7: text = 'Color: 22'
7.9998 	EXP 	text_6: text = 'Image: 22'
7.9998 	EXP 	text_7: text = 'Color: 22'
8.0164 	EXP 	text_6: text = 'Image: 22'
8.0164 	EXP 	text_7: text = 'Color: 22'
8.0338 	EXP 	text_6: text = 'Image: 22'
8.0338 	EXP 	text_7: text = 'Color: 22'
8.0494 	EXP 	text_6: text = 'Image: 22'
8.0494 	EXP 	text_7: text = 'Color: 22'
8.0661 	EXP 	text_6: text = 'Image: 22'
8.0661 	EXP 	text_7: text = 'Color: 22'
8.0829 	EXP 	text_6: text = 'Image: 22'
8.0829 	EXP 	text_7: text = 'Color: 22'
8.1000 	EXP 	text_6: text = 'Image: 22'
8.1000 	EXP 	text_7: text = 'Color: 22'
8.1169 	EXP 	text_6: text = 'Image: 22'
8.1169 	EXP 	text_7: text = 'Color: 22'
8.1332 	EXP 	text_6: text = 'Image: 22'
8.1332 	EXP 	text_7: text = 'Color: 22'
8.1504 	EXP 	text_6: text = 'Image: 22'
8.1504 	EXP 	text_7: text = 'Color: 22'
8.1672 	EXP 	text_6: text = 'Image: 22'
8.1672 	EXP 	text_7: text = 'Color: 22'
8.1837 	EXP 	text_6: text = 'Image: 22'
8.1837 	EXP 	text_7: text = 'Color: 22'
8.2000 	EXP 	text_6: text = 'Image: 22'
8.2000 	EXP 	text_7: text = 'Color: 22'
8.2166 	EXP 	text_6: text = 'Image: 22'
8.2166 	EXP 	text_7: text = 'Color: 22'
8.2333 	EXP 	text_6: text = 'Image: 22'
8.2333 	EXP 	text_7: text = 'Color: 22'
8.2498 	EXP 	text_6: text = 'Image: 22'
8.2498 	EXP 	text_7: text = 'Color: 22'
8.2554 	DATA 	Mouse: Left button down, pos=(1305,1366)
8.2670 	EXP 	text_6: text = 'Image: 22'
8.2670 	EXP 	text_7: text = 'Color: 22'
8.2834 	EXP 	text_6: text = 'Image: 22'
8.2834 	EXP 	text_7: text = 'Color: 22'
8.3004 	EXP 	text_6: text = 'Image: 22'
8.3004 	EXP 	text_7: text = 'Color: 22'
8.3161 	EXP 	text_6: text = 'Image: 22'
8.3161 	EXP 	text_7: text = 'Color: 22'
8.3340 	EXP 	text_6: text = 'Image: 22'
8.3340 	EXP 	text_7: text = 'Color: 22'
8.3495 	EXP 	text_6: text = 'Image: 22'
8.3495 	EXP 	text_7: text = 'Color: 22'
8.3661 	EXP 	text_6: text = 'Image: 22'
8.3661 	EXP 	text_7: text = 'Color: 22'
8.3723 	DATA 	Mouse:  Left button up, pos=(1305,1366)
8.3834 	EXP 	text_6: text = 'Image: 22'
8.3834 	EXP 	text_7: text = 'Color: 22'
8.3999 	EXP 	text_6: text = 'Image: 22'
8.3999 	EXP 	text_7: text = 'Color: 22'
8.4173 	EXP 	text_6: text = 'Image: 22'
8.4173 	EXP 	text_7: text = 'Color: 22'
8.4330 	EXP 	text_6: text = 'Image: 22'
8.4330 	EXP 	text_7: text = 'Color: 22'
8.4494 	EXP 	text_6: text = 'Image: 22'
8.4494 	EXP 	text_7: text = 'Color: 22'
8.4668 	EXP 	text_6: text = 'Image: 22'
8.4668 	EXP 	text_7: text = 'Color: 22'
8.4837 	EXP 	text_6: text = 'Image: 22'
8.4837 	EXP 	text_7: text = 'Color: 22'
8.5001 	EXP 	text_6: text = 'Image: 22'
8.5001 	EXP 	text_7: text = 'Color: 22'
8.5164 	EXP 	text_6: text = 'Image: 22'
8.5164 	EXP 	text_7: text = 'Color: 22'
8.5330 	EXP 	text_6: text = 'Image: 22'
8.5330 	EXP 	text_7: text = 'Color: 22'
8.5506 	EXP 	text_6: text = 'Image: 22'
8.5506 	EXP 	text_7: text = 'Color: 22'
8.5666 	EXP 	text_6: text = 'Image: 22'
8.5666 	EXP 	text_7: text = 'Color: 22'
8.5828 	EXP 	text_6: text = 'Image: 22'
8.5828 	EXP 	text_7: text = 'Color: 22'
8.5997 	EXP 	text_6: text = 'Image: 22'
8.5997 	EXP 	text_7: text = 'Color: 22'
8.6169 	EXP 	text_6: text = 'Image: 22'
8.6169 	EXP 	text_7: text = 'Color: 22'
8.6338 	EXP 	text_6: text = 'Image: 22'
8.6338 	EXP 	text_7: text = 'Color: 22'
8.6503 	EXP 	text_6: text = 'Image: 22'
8.6503 	EXP 	text_7: text = 'Color: 22'
8.6665 	EXP 	text_6: text = 'Image: 22'
8.6665 	EXP 	text_7: text = 'Color: 22'
8.6834 	EXP 	text_6: text = 'Image: 22'
8.6834 	EXP 	text_7: text = 'Color: 22'
8.6891 	DATA 	Keypress: 0
8.9590 	EXP 	window1: mouseVisible = True
