4.1482 	DATA 	Keypress: space
4.7960 	WARNING 	Couldn't measure a consistent frame rate.
  - Is your graphics card set to sync to vertical blank?
  - Are you running other processes on your computer?

4.7964 	EXP 	Created window1 = Window(allowGUI=False, allowStencil=False, args=UNKNOWN, autoLog=True, bitsMode=UNKNOWN, blendMode='avg', color=array([1., 1., 1.]), colorSpace='rgb', fullscr=<method-wrapper '__getattribute__' of attributeSetter object at 0x13b70bbe0>, gamma=None, kwargs=UNKNOWN, lms=UNKNOWN, monitor=<psychopy.monitors.calibTools.Monitor object at 0x13b770eb8>, multiSample=False, name='window1', numSamples=2, pos=[0.0, 0.0], screen=0, size=array([5120, 2880]), stereo=False, units='height', useFBO=True, useRetina=True, viewOri=0.0, viewPos=None, viewScale=None, waitBlanking=True, winType='pyglet')
4.7964 	EXP 	window1: recordFrameIntervals = False
4.9589 	EXP 	window1: recordFrameIntervals = True
5.1262 	EXP 	window1: recordFrameIntervals = True
5.3093 	EXP 	Created resettext = TextStim(__class__=<class 'psychopy.visual.text.TextStim'>, alignHoriz='center', alignVert='center', antialias=True, autoLog=True, bold=False, color='black', colorSpace='named', contrast=1.0, depth=0.0, flipHoriz=False, flipVert=False, font='Arial', fontFiles=[], height=0.04, italic=False, languageStyle='LTR', name='resettext', opacity=1.0, ori=0, pos=array([0., 0.]), rgb=array([0., 0., 0.]), text='+', units='height', win=Window(...), wrapWidth=1)
5.3105 	EXP 	Created studyImage = ImageStim(__class__=<class 'psychopy.visual.image.ImageStim'>, autoLog=True, color='white', colorSpace='named', contrast=1.0, depth=0.0, flipHoriz=False, flipVert=False, image='sin', interpolate=True, mask=None, maskParams=None, name='studyImage', opacity=1.0, ori=0.0, pos=array([0., 0.]), size=array([0.19, 0.19]), texRes=128, units='height', win=Window(...))
5.3182 	EXP 	Created text_6 = TextStim(__class__=<class 'psychopy.visual.text.TextStim'>, alignHoriz='center', alignVert='center', antialias=True, autoLog=True, bold=False, color='white', colorSpace='named', contrast=1.0, depth=-2.0, flipHoriz=False, flipVert=False, font='Arial', fontFiles=[], height=0.03, italic=False, languageStyle='LTR', name='text_6', opacity=1.0, ori=0, pos=array([0.  , 0.45]), rgb=array([255., 255., 255.]), text='Stimuli: ', units='height', win=Window(...), wrapWidth=1)
5.3227 	EXP 	Created text_7 = TextStim(__class__=<class 'psychopy.visual.text.TextStim'>, alignHoriz='center', alignVert='center', antialias=True, autoLog=True, bold=False, color='white', colorSpace='named', contrast=1.0, depth=-3.0, flipHoriz=False, flipVert=False, font='Arial', fontFiles=[], height=0.03, italic=False, languageStyle='LTR', name='text_7', opacity=1.0, ori=0, pos=array([0.  , 0.43]), rgb=array([255., 255., 255.]), text='Color: ', units='height', win=Window(...), wrapWidth=1)
5.3245 	EXP 	Created resettext = TextStim(__class__=<class 'psychopy.visual.text.TextStim'>, alignHoriz='center', alignVert='center', antialias=True, autoLog=True, bold=False, color='black', colorSpace='named', contrast=1.0, depth=0.0, flipHoriz=False, flipVert=False, font='Arial', fontFiles=[], height=0.04, italic=False, languageStyle='LTR', name='resettext', opacity=1.0, ori=0, pos=array([0., 0.]), rgb=array([0., 0., 0.]), text='+', units='height', win=Window(...), wrapWidth=1)
5.3336 	EXP 	Created oldornewText = TextStim(__class__=<class 'psychopy.visual.text.TextStim'>, alignHoriz='center', alignVert='center', antialias=True, autoLog=True, bold=False, color='black', colorSpace='named', contrast=1.0, depth=0.0, flipHoriz=False, flipVert=False, font='Arial', fontFiles=[], height=0.05, italic=False, languageStyle='LTR', name='oldornewText', opacity=1.0, ori=0, pos=array([ 0.  , -0.45]), rgb=array([0., 0., 0.]), text='1 - Old        2 - New', units='height', win=Window(...), wrapWidth=1)
5.3349 	EXP 	Created oldornewImage = ImageStim(__class__=<class 'psychopy.visual.image.ImageStim'>, autoLog=True, color=array([-1., -1., -1.]), colorSpace='rgb', contrast=1.0, depth=-1.0, flipHoriz=False, flipVert=False, image='sin', interpolate=True, mask=None, maskParams=None, name='oldornewImage', opacity=1.0, ori=0.0, pos=array([0., 0.]), size=array([0.19, 0.19]), texRes=128, units='height', win=Window(...))
5.3368 	EXP 	Created resettext = TextStim(__class__=<class 'psychopy.visual.text.TextStim'>, alignHoriz='center', alignVert='center', antialias=True, autoLog=True, bold=False, color='black', colorSpace='named', contrast=1.0, depth=0.0, flipHoriz=False, flipVert=False, font='Arial', fontFiles=[], height=0.04, italic=False, languageStyle='LTR', name='resettext', opacity=1.0, ori=0, pos=array([0., 0.]), rgb=array([0., 0., 0.]), text='+', units='height', win=Window(...), wrapWidth=1)
5.3767 	EXP 	Created Image3 = ImageStim(__class__=<class 'psychopy.visual.image.ImageStim'>, autoLog=True, color=array([0., 1., 0.]), colorSpace='hsv', contrast=1.0, depth=0.0, flipHoriz=False, flipVert=False, image=str(...), interpolate=True, mask=None, maskParams=None, name='Image3', opacity=1.0, ori=0.0, pos=array([0., 0.]), size=array([0.19, 0.19]), texRes=128, units='height', win=Window(...))
5.3819 	EXP 	Created unnamed RadialStim = RadialStim(__class__=<class 'psychopy.visual.radial.RadialStim'>, autoDraw=False, autoLog=True, blendmode='avg', color=array([180.,   0.,   1.]), colorSpace='hsv', contrast=1.0, depth=0, interpolate=False, mask='none', maskParams=None, name='unnamed RadialStim', opacity=0.0, ori=0.0, phase=array([0., 0.]), pos=array([0., 0.]), rgbPedestal=array([0., 0., 0.]), sf=1, size=array([0.25, 0.25]), tex='sqrXsqr', texRes=64, units='height', win=Window(...))
5.3877 	EXP 	Created unnamed RadialStim = RadialStim(__class__=<class 'psychopy.visual.radial.RadialStim'>, autoDraw=False, autoLog=True, blendmode='avg', color=array([1., 1., 1.]), colorSpace='rgb', contrast=1.0, depth=0, interpolate=True, mask=ndarray(...), maskParams=None, name='unnamed RadialStim', opacity=1.0, ori=0.0, phase=array([0., 0.]), pos=array([0., 0.]), rgbPedestal=array([0., 0., 0.]), sf=1, size=array([0.3, 0.3]), tex=ndarray(...), texRes=64, units='height', win=Window(...))
5.3894 	EXP 	Created screenRect3 = Rect(__class__=<class 'psychopy.visual.rect.Rect'>, autoDraw=False, autoLog=True, closeShape=True, color=method-wrapper(...), colorSpace=None, contrast=1.0, depth=-6.0, fillColor=array([1., 1., 1.]), fillColorSpace='rgb', fillRGB=array([1., 1., 1.]), interpolate=True, lineColor=array([1., 1., 1.]), lineColorSpace='rgb', lineRGB=array([1., 1., 1.]), lineWidth=1, name='screenRect3', opacity=0.0, ori=array(0.), pos=array([0., 0.]), size=array([1., 1.]), units='height', vertices=ndarray(...), win=Window(...))
5.3995 	EXP 	Created ColorText = TextStim(__class__=<class 'psychopy.visual.text.TextStim'>, alignHoriz='center', alignVert='center', antialias=True, autoLog=True, bold=False, color='white', colorSpace='named', contrast=1.0, depth=0.0, flipHoriz=False, flipVert=False, font='Arial', fontFiles=[], height=0.03, italic=False, languageStyle='LTR', name='ColorText', opacity=1.0, ori=0, pos=array([ 0. , -0.4]), rgb=array([255., 255., 255.]), text='Please select a color from the color wheel', units='height', win=Window(...), wrapWidth=1)
5.4092 	EXP 	Created DragText = TextStim(__class__=<class 'psychopy.visual.text.TextStim'>, alignHoriz='center', alignVert='center', antialias=True, autoLog=True, bold=False, color='white', colorSpace='named', contrast=1.0, depth=0.0, flipHoriz=False, flipVert=False, font='Arial', fontFiles=[], height=0.03, italic=False, languageStyle='LTR', name='DragText', opacity=1.0, ori=0, pos=array([ 0. , -0.4]), rgb=array([255., 255., 255.]), text=str(...), units='height', win=Window(...), wrapWidth=1)
5.4106 	EXP 	Created arrowUp = ImageStim(__class__=<class 'psychopy.visual.image.ImageStim'>, autoLog=True, color=array([1., 1., 0.]), colorSpace='hsv', contrast=1.0, depth=0.0, flipHoriz=False, flipVert=False, image='sin', interpolate=True, mask=None, maskParams=None, name='arrowUp', opacity=1.0, ori=0.0, pos=array([0. , 0.2]), size=array([0.03, 0.03]), texRes=128, units='height', win=Window(...))
5.4118 	EXP 	Created arrowDown = ImageStim(__class__=<class 'psychopy.visual.image.ImageStim'>, autoLog=True, color=array([1., 1., 0.]), colorSpace='hsv', contrast=1.0, depth=0.0, flipHoriz=False, flipVert=True, image='sin', interpolate=True, mask=None, maskParams=None, name='arrowDown', opacity=1.0, ori=0.0, pos=array([ 0. , -0.2]), size=array([0.03, 0.03]), texRes=128, units='height', win=Window(...))
5.4131 	EXP 	Created arrowRight = ImageStim(__class__=<class 'psychopy.visual.image.ImageStim'>, autoLog=True, color=array([1., 1., 0.]), colorSpace='hsv', contrast=1.0, depth=0.0, flipHoriz=False, flipVert=False, image='sin', interpolate=True, mask=None, maskParams=None, name='arrowRight', opacity=1.0, ori=0.0, pos=array([0.2, 0. ]), size=array([0.03, 0.03]), texRes=128, units='height', win=Window(...))
5.4143 	EXP 	Created arrowLeft = ImageStim(__class__=<class 'psychopy.visual.image.ImageStim'>, autoLog=True, color=array([1., 1., 0.]), colorSpace='hsv', contrast=1.0, depth=0.0, flipHoriz=True, flipVert=False, image='sin', interpolate=True, mask=None, maskParams=None, name='arrowLeft', opacity=1.0, ori=0.0, pos=array([-0.2,  0. ]), size=array([0.03, 0.03]), texRes=128, units='height', win=Window(...))
5.4550 	EXP 	window1: mouseVisible = False
5.4766 	WARNING 	t of last frame was 350.61ms (=1/2)
5.4766 	EXP 	arrowUp: image = '/Volumes/psych-cog/bamlab/Experiments/PACO/LOCO/arrowUp.png'
5.4766 	EXP 	arrowDown: image = '/Volumes/psych-cog/bamlab/Experiments/PACO/LOCO/arrowUp.png'
5.4766 	EXP 	arrowRight: image = '/Volumes/psych-cog/bamlab/Experiments/PACO/LOCO/arrowRight.png'
5.4766 	EXP 	arrowLeft: image = '/Volumes/psych-cog/bamlab/Experiments/PACO/LOCO/arrowRight.png'
5.4766 	EXP 	resettext: autoDraw = True
6.5759 	DATA 	Keypress: space
6.5933 	WARNING 	t of last frame was 50.78ms (=1/19)
6.5933 	EXP 	resettext: autoDraw = False
6.5933 	EXP 	studyImage: color = '[22.  1.  1.] (hsv)'
6.5933 	EXP 	studyImage: pos = array([0., 0.])
6.5933 	EXP 	studyImage: image = '/Volumes/psych-cog/bamlab/Experiments/PACO/Stimuli/22.png'
6.5933 	EXP 	studyImage: autoDraw = True
6.5933 	EXP 	text_6: autoDraw = True
6.5933 	EXP 	text_7: autoDraw = True
6.5933 	EXP 	text_6: text = 'Image: 22'
6.5933 	EXP 	text_7: text = 'Color: 22'
6.6096 	EXP 	text_6: text = 'Image: 22'
6.6096 	EXP 	text_7: text = 'Color: 22'
6.6268 	EXP 	text_6: text = 'Image: 22'
6.6268 	EXP 	text_7: text = 'Color: 22'
6.6434 	EXP 	text_6: text = 'Image: 22'
6.6434 	EXP 	text_7: text = 'Color: 22'
6.6595 	EXP 	text_6: text = 'Image: 22'
6.6595 	EXP 	text_7: text = 'Color: 22'
6.6766 	EXP 	text_6: text = 'Image: 22'
6.6766 	EXP 	text_7: text = 'Color: 22'
6.6926 	EXP 	text_6: text = 'Image: 22'
6.6926 	EXP 	text_7: text = 'Color: 22'
6.7094 	EXP 	text_6: text = 'Image: 22'
6.7094 	EXP 	text_7: text = 'Color: 22'
6.7261 	EXP 	text_6: text = 'Image: 22'
6.7261 	EXP 	text_7: text = 'Color: 22'
6.7434 	EXP 	text_6: text = 'Image: 22'
6.7434 	EXP 	text_7: text = 'Color: 22'
6.7602 	EXP 	text_6: text = 'Image: 22'
6.7602 	EXP 	text_7: text = 'Color: 22'
6.7763 	EXP 	text_6: text = 'Image: 22'
6.7763 	EXP 	text_7: text = 'Color: 22'
6.7925 	EXP 	text_6: text = 'Image: 22'
6.7925 	EXP 	text_7: text = 'Color: 22'
6.8096 	EXP 	text_6: text = 'Image: 22'
6.8096 	EXP 	text_7: text = 'Color: 22'
6.8263 	EXP 	text_6: text = 'Image: 22'
6.8263 	EXP 	text_7: text = 'Color: 22'
6.8434 	EXP 	text_6: text = 'Image: 22'
6.8434 	EXP 	text_7: text = 'Color: 22'
6.8594 	EXP 	text_6: text = 'Image: 22'
6.8594 	EXP 	text_7: text = 'Color: 22'
6.8765 	EXP 	text_6: text = 'Image: 22'
6.8765 	EXP 	text_7: text = 'Color: 22'
6.8928 	EXP 	text_6: text = 'Image: 22'
6.8928 	EXP 	text_7: text = 'Color: 22'
6.9099 	EXP 	text_6: text = 'Image: 22'
6.9099 	EXP 	text_7: text = 'Color: 22'
6.9268 	EXP 	text_6: text = 'Image: 22'
6.9268 	EXP 	text_7: text = 'Color: 22'
6.9426 	EXP 	text_6: text = 'Image: 22'
6.9426 	EXP 	text_7: text = 'Color: 22'
6.9597 	EXP 	text_6: text = 'Image: 22'
6.9597 	EXP 	text_7: text = 'Color: 22'
6.9757 	EXP 	text_6: text = 'Image: 22'
6.9757 	EXP 	text_7: text = 'Color: 22'
6.9932 	EXP 	text_6: text = 'Image: 22'
6.9932 	EXP 	text_7: text = 'Color: 22'
7.0093 	EXP 	text_6: text = 'Image: 22'
7.0093 	EXP 	text_7: text = 'Color: 22'
7.0263 	EXP 	text_6: text = 'Image: 22'
7.0263 	EXP 	text_7: text = 'Color: 22'
7.0422 	EXP 	text_6: text = 'Image: 22'
7.0422 	EXP 	text_7: text = 'Color: 22'
7.0594 	EXP 	text_6: text = 'Image: 22'
7.0594 	EXP 	text_7: text = 'Color: 22'
7.0762 	EXP 	text_6: text = 'Image: 22'
7.0762 	EXP 	text_7: text = 'Color: 22'
7.0936 	EXP 	text_6: text = 'Image: 22'
7.0936 	EXP 	text_7: text = 'Color: 22'
7.1097 	EXP 	text_6: text = 'Image: 22'
7.1097 	EXP 	text_7: text = 'Color: 22'
7.1271 	EXP 	text_6: text = 'Image: 22'
7.1271 	EXP 	text_7: text = 'Color: 22'
7.1433 	EXP 	text_6: text = 'Image: 22'
7.1433 	EXP 	text_7: text = 'Color: 22'
7.1602 	EXP 	text_6: text = 'Image: 22'
7.1602 	EXP 	text_7: text = 'Color: 22'
7.1763 	EXP 	text_6: text = 'Image: 22'
7.1763 	EXP 	text_7: text = 'Color: 22'
7.1933 	EXP 	text_6: text = 'Image: 22'
7.1933 	EXP 	text_7: text = 'Color: 22'
7.2094 	EXP 	text_6: text = 'Image: 22'
7.2094 	EXP 	text_7: text = 'Color: 22'
7.2266 	EXP 	text_6: text = 'Image: 22'
7.2266 	EXP 	text_7: text = 'Color: 22'
7.2426 	EXP 	text_6: text = 'Image: 22'
7.2426 	EXP 	text_7: text = 'Color: 22'
7.2589 	EXP 	text_6: text = 'Image: 22'
7.2589 	EXP 	text_7: text = 'Color: 22'
7.2760 	EXP 	text_6: text = 'Image: 22'
7.2760 	EXP 	text_7: text = 'Color: 22'
7.2928 	EXP 	text_6: text = 'Image: 22'
7.2928 	EXP 	text_7: text = 'Color: 22'
7.3101 	EXP 	text_6: text = 'Image: 22'
7.3101 	EXP 	text_7: text = 'Color: 22'
7.3269 	EXP 	text_6: text = 'Image: 22'
7.3269 	EXP 	text_7: text = 'Color: 22'
7.3435 	EXP 	text_6: text = 'Image: 22'
7.3435 	EXP 	text_7: text = 'Color: 22'
7.3604 	EXP 	text_6: text = 'Image: 22'
7.3604 	EXP 	text_7: text = 'Color: 22'
7.3766 	EXP 	text_6: text = 'Image: 22'
7.3766 	EXP 	text_7: text = 'Color: 22'
7.3929 	EXP 	text_6: text = 'Image: 22'
7.3929 	EXP 	text_7: text = 'Color: 22'
7.4102 	EXP 	text_6: text = 'Image: 22'
7.4102 	EXP 	text_7: text = 'Color: 22'
7.4266 	EXP 	text_6: text = 'Image: 22'
7.4266 	EXP 	text_7: text = 'Color: 22'
7.4435 	EXP 	text_6: text = 'Image: 22'
7.4435 	EXP 	text_7: text = 'Color: 22'
7.4602 	EXP 	text_6: text = 'Image: 22'
7.4602 	EXP 	text_7: text = 'Color: 22'
7.4764 	EXP 	text_6: text = 'Image: 22'
7.4764 	EXP 	text_7: text = 'Color: 22'
7.4928 	EXP 	text_6: text = 'Image: 22'
7.4928 	EXP 	text_7: text = 'Color: 22'
7.5098 	EXP 	text_6: text = 'Image: 22'
7.5098 	EXP 	text_7: text = 'Color: 22'
7.5270 	EXP 	text_6: text = 'Image: 22'
7.5270 	EXP 	text_7: text = 'Color: 22'
7.5434 	EXP 	text_6: text = 'Image: 22'
7.5434 	EXP 	text_7: text = 'Color: 22'
7.5602 	EXP 	text_6: autoDraw = False
7.5602 	EXP 	text_7: autoDraw = False
7.5602 	EXP 	text_6: text = 'Image: 22'
7.5602 	EXP 	text_7: text = 'Color: 22'
7.5768 	EXP 	text_6: text = 'Image: 22'
7.5768 	EXP 	text_7: text = 'Color: 22'
7.5934 	EXP 	text_6: text = 'Image: 22'
7.5934 	EXP 	text_7: text = 'Color: 22'
7.6100 	EXP 	text_6: text = 'Image: 22'
7.6100 	EXP 	text_7: text = 'Color: 22'
7.6265 	EXP 	text_6: text = 'Image: 22'
7.6265 	EXP 	text_7: text = 'Color: 22'
7.6430 	EXP 	text_6: text = 'Image: 22'
7.6430 	EXP 	text_7: text = 'Color: 22'
7.6598 	EXP 	text_6: text = 'Image: 22'
7.6598 	EXP 	text_7: text = 'Color: 22'
7.6762 	EXP 	text_6: text = 'Image: 22'
7.6762 	EXP 	text_7: text = 'Color: 22'
7.6929 	EXP 	text_6: text = 'Image: 22'
7.6929 	EXP 	text_7: text = 'Color: 22'
7.7096 	EXP 	text_6: text = 'Image: 22'
7.7096 	EXP 	text_7: text = 'Color: 22'
7.7261 	EXP 	text_6: text = 'Image: 22'
7.7261 	EXP 	text_7: text = 'Color: 22'
7.7436 	EXP 	text_6: text = 'Image: 22'
7.7436 	EXP 	text_7: text = 'Color: 22'
7.7603 	EXP 	text_6: text = 'Image: 22'
7.7603 	EXP 	text_7: text = 'Color: 22'
7.7768 	EXP 	text_6: text = 'Image: 22'
7.7768 	EXP 	text_7: text = 'Color: 22'
7.7929 	EXP 	text_6: text = 'Image: 22'
7.7929 	EXP 	text_7: text = 'Color: 22'
7.8095 	EXP 	text_6: text = 'Image: 22'
7.8095 	EXP 	text_7: text = 'Color: 22'
7.8262 	EXP 	text_6: text = 'Image: 22'
7.8262 	EXP 	text_7: text = 'Color: 22'
7.8426 	EXP 	text_6: text = 'Image: 22'
7.8426 	EXP 	text_7: text = 'Color: 22'
7.8605 	EXP 	text_6: text = 'Image: 22'
7.8605 	EXP 	text_7: text = 'Color: 22'
7.8763 	EXP 	text_6: text = 'Image: 22'
7.8763 	EXP 	text_7: text = 'Color: 22'
7.8931 	EXP 	text_6: text = 'Image: 22'
7.8931 	EXP 	text_7: text = 'Color: 22'
7.9094 	EXP 	text_6: text = 'Image: 22'
7.9094 	EXP 	text_7: text = 'Color: 22'
7.9259 	EXP 	text_6: text = 'Image: 22'
7.9259 	EXP 	text_7: text = 'Color: 22'
7.9434 	EXP 	text_6: text = 'Image: 22'
7.9434 	EXP 	text_7: text = 'Color: 22'
7.9593 	EXP 	text_6: text = 'Image: 22'
7.9593 	EXP 	text_7: text = 'Color: 22'
7.9770 	EXP 	text_6: text = 'Image: 22'
7.9770 	EXP 	text_7: text = 'Color: 22'
7.9935 	EXP 	text_6: text = 'Image: 22'
7.9935 	EXP 	text_7: text = 'Color: 22'
8.0103 	EXP 	text_6: text = 'Image: 22'
8.0103 	EXP 	text_7: text = 'Color: 22'
8.0259 	EXP 	text_6: text = 'Image: 22'
8.0259 	EXP 	text_7: text = 'Color: 22'
8.0435 	EXP 	text_6: text = 'Image: 22'
8.0435 	EXP 	text_7: text = 'Color: 22'
8.0602 	EXP 	text_6: text = 'Image: 22'
8.0602 	EXP 	text_7: text = 'Color: 22'
8.0760 	EXP 	text_6: text = 'Image: 22'
8.0760 	EXP 	text_7: text = 'Color: 22'
8.0933 	EXP 	text_6: text = 'Image: 22'
8.0933 	EXP 	text_7: text = 'Color: 22'
8.1096 	EXP 	text_6: text = 'Image: 22'
8.1096 	EXP 	text_7: text = 'Color: 22'
8.1270 	EXP 	text_6: text = 'Image: 22'
8.1270 	EXP 	text_7: text = 'Color: 22'
8.1436 	EXP 	text_6: text = 'Image: 22'
8.1436 	EXP 	text_7: text = 'Color: 22'
8.1595 	EXP 	text_6: text = 'Image: 22'
8.1595 	EXP 	text_7: text = 'Color: 22'
8.1762 	EXP 	text_6: text = 'Image: 22'
8.1762 	EXP 	text_7: text = 'Color: 22'
8.1935 	EXP 	text_6: text = 'Image: 22'
8.1935 	EXP 	text_7: text = 'Color: 22'
8.2098 	EXP 	text_6: text = 'Image: 22'
8.2098 	EXP 	text_7: text = 'Color: 22'
8.2259 	EXP 	text_6: text = 'Image: 22'
8.2259 	EXP 	text_7: text = 'Color: 22'
8.2434 	EXP 	text_6: text = 'Image: 22'
8.2434 	EXP 	text_7: text = 'Color: 22'
8.2597 	EXP 	text_6: text = 'Image: 22'
8.2597 	EXP 	text_7: text = 'Color: 22'
8.2759 	EXP 	text_6: text = 'Image: 22'
8.2759 	EXP 	text_7: text = 'Color: 22'
8.2936 	EXP 	text_6: text = 'Image: 22'
8.2936 	EXP 	text_7: text = 'Color: 22'
8.3097 	EXP 	text_6: text = 'Image: 22'
8.3097 	EXP 	text_7: text = 'Color: 22'
8.3264 	EXP 	text_6: text = 'Image: 22'
8.3264 	EXP 	text_7: text = 'Color: 22'
8.3435 	EXP 	text_6: text = 'Image: 22'
8.3435 	EXP 	text_7: text = 'Color: 22'
8.3594 	EXP 	text_6: text = 'Image: 22'
8.3594 	EXP 	text_7: text = 'Color: 22'
8.3764 	EXP 	text_6: text = 'Image: 22'
8.3764 	EXP 	text_7: text = 'Color: 22'
8.3929 	EXP 	text_6: text = 'Image: 22'
8.3929 	EXP 	text_7: text = 'Color: 22'
8.4095 	EXP 	text_6: text = 'Image: 22'
8.4095 	EXP 	text_7: text = 'Color: 22'
8.4265 	EXP 	text_6: text = 'Image: 22'
8.4265 	EXP 	text_7: text = 'Color: 22'
8.4430 	EXP 	text_6: text = 'Image: 22'
8.4430 	EXP 	text_7: text = 'Color: 22'
8.4602 	EXP 	text_6: text = 'Image: 22'
8.4602 	EXP 	text_7: text = 'Color: 22'
8.4765 	EXP 	text_6: text = 'Image: 22'
8.4765 	EXP 	text_7: text = 'Color: 22'
8.4931 	EXP 	text_6: text = 'Image: 22'
8.4931 	EXP 	text_7: text = 'Color: 22'
8.5103 	EXP 	text_6: text = 'Image: 22'
8.5103 	EXP 	text_7: text = 'Color: 22'
8.5268 	EXP 	text_6: text = 'Image: 22'
8.5268 	EXP 	text_7: text = 'Color: 22'
8.5434 	EXP 	text_6: text = 'Image: 22'
8.5434 	EXP 	text_7: text = 'Color: 22'
8.5597 	EXP 	text_6: text = 'Image: 22'
8.5597 	EXP 	text_7: text = 'Color: 22'
8.5762 	EXP 	text_6: text = 'Image: 22'
8.5762 	EXP 	text_7: text = 'Color: 22'
8.5936 	EXP 	text_6: text = 'Image: 22'
8.5936 	EXP 	text_7: text = 'Color: 22'
8.6100 	EXP 	text_6: text = 'Image: 22'
8.6100 	EXP 	text_7: text = 'Color: 22'
8.6260 	EXP 	text_6: text = 'Image: 22'
8.6260 	EXP 	text_7: text = 'Color: 22'
8.6434 	EXP 	text_6: text = 'Image: 22'
8.6434 	EXP 	text_7: text = 'Color: 22'
8.6598 	EXP 	text_6: text = 'Image: 22'
8.6598 	EXP 	text_7: text = 'Color: 22'
8.6760 	EXP 	text_6: text = 'Image: 22'
8.6760 	EXP 	text_7: text = 'Color: 22'
8.6936 	EXP 	text_6: text = 'Image: 22'
8.6936 	EXP 	text_7: text = 'Color: 22'
8.7093 	EXP 	text_6: text = 'Image: 22'
8.7093 	EXP 	text_7: text = 'Color: 22'
8.7260 	EXP 	text_6: text = 'Image: 22'
8.7260 	EXP 	text_7: text = 'Color: 22'
8.7437 	EXP 	text_6: text = 'Image: 22'
8.7437 	EXP 	text_7: text = 'Color: 22'
8.7603 	EXP 	text_6: text = 'Image: 22'
8.7603 	EXP 	text_7: text = 'Color: 22'
8.7769 	EXP 	text_6: text = 'Image: 22'
8.7769 	EXP 	text_7: text = 'Color: 22'
8.7927 	EXP 	text_6: text = 'Image: 22'
8.7927 	EXP 	text_7: text = 'Color: 22'
8.8105 	EXP 	text_6: text = 'Image: 22'
8.8105 	EXP 	text_7: text = 'Color: 22'
8.8261 	EXP 	text_6: text = 'Image: 22'
8.8261 	EXP 	text_7: text = 'Color: 22'
8.8437 	EXP 	text_6: text = 'Image: 22'
8.8437 	EXP 	text_7: text = 'Color: 22'
8.8602 	EXP 	text_6: text = 'Image: 22'
8.8602 	EXP 	text_7: text = 'Color: 22'
8.8760 	EXP 	text_6: text = 'Image: 22'
8.8760 	EXP 	text_7: text = 'Color: 22'
8.8929 	EXP 	text_6: text = 'Image: 22'
8.8929 	EXP 	text_7: text = 'Color: 22'
8.9098 	EXP 	text_6: text = 'Image: 22'
8.9098 	EXP 	text_7: text = 'Color: 22'
8.9264 	EXP 	text_6: text = 'Image: 22'
8.9264 	EXP 	text_7: text = 'Color: 22'
8.9433 	EXP 	text_6: text = 'Image: 22'
8.9433 	EXP 	text_7: text = 'Color: 22'
8.9595 	EXP 	text_6: text = 'Image: 22'
8.9595 	EXP 	text_7: text = 'Color: 22'
8.9760 	EXP 	text_6: text = 'Image: 22'
8.9760 	EXP 	text_7: text = 'Color: 22'
8.9929 	EXP 	text_6: text = 'Image: 22'
8.9929 	EXP 	text_7: text = 'Color: 22'
9.0094 	EXP 	text_6: text = 'Image: 22'
9.0094 	EXP 	text_7: text = 'Color: 22'
9.0270 	EXP 	text_6: text = 'Image: 22'
9.0270 	EXP 	text_7: text = 'Color: 22'
9.0428 	EXP 	text_6: text = 'Image: 22'
9.0428 	EXP 	text_7: text = 'Color: 22'
9.0595 	EXP 	text_6: text = 'Image: 22'
9.0595 	EXP 	text_7: text = 'Color: 22'
9.0760 	EXP 	text_6: text = 'Image: 22'
9.0760 	EXP 	text_7: text = 'Color: 22'
9.0933 	EXP 	text_6: text = 'Image: 22'
9.0933 	EXP 	text_7: text = 'Color: 22'
9.1102 	EXP 	text_6: text = 'Image: 22'
9.1102 	EXP 	text_7: text = 'Color: 22'
9.1266 	EXP 	text_6: text = 'Image: 22'
9.1266 	EXP 	text_7: text = 'Color: 22'
9.1434 	EXP 	text_6: text = 'Image: 22'
9.1434 	EXP 	text_7: text = 'Color: 22'
9.1600 	EXP 	text_6: text = 'Image: 22'
9.1600 	EXP 	text_7: text = 'Color: 22'
9.1765 	EXP 	text_6: text = 'Image: 22'
9.1765 	EXP 	text_7: text = 'Color: 22'
9.1932 	EXP 	text_6: text = 'Image: 22'
9.1932 	EXP 	text_7: text = 'Color: 22'
9.2096 	EXP 	text_6: text = 'Image: 22'
9.2096 	EXP 	text_7: text = 'Color: 22'
9.2270 	EXP 	text_6: text = 'Image: 22'
9.2270 	EXP 	text_7: text = 'Color: 22'
9.2285 	DATA 	Keypress: escape
9.2428 	EXP 	text_6: text = 'Image: 22'
9.2428 	EXP 	text_7: text = 'Color: 22'
9.2594 	EXP 	text_6: text = 'Image: 22'
9.2594 	EXP 	text_7: text = 'Color: 22'
9.2760 	EXP 	text_6: text = 'Image: 22'
9.2760 	EXP 	text_7: text = 'Color: 22'
9.2935 	EXP 	text_6: text = 'Image: 22'
9.2935 	EXP 	text_7: text = 'Color: 22'
9.3097 	EXP 	text_6: text = 'Image: 22'
9.3097 	EXP 	text_7: text = 'Color: 22'
9.3267 	EXP 	text_6: text = 'Image: 22'
9.3267 	EXP 	text_7: text = 'Color: 22'
9.5887 	EXP 	window1: mouseVisible = True
3.7713 	EXP 	Created window1 = Window(allowGUI=False, allowStencil=False, args=UNKNOWN, autoLog=True, bitsMode=UNKNOWN, blendMode='avg', color=array([1., 1., 1.]), colorSpace='rgb', fullscr=<method-wrapper '__getattribute__' of attributeSetter object at 0x13b7edbe0>, gamma=None, kwargs=UNKNOWN, lms=UNKNOWN, monitor=<psychopy.monitors.calibTools.Monitor object at 0x13b952eb8>, multiSample=False, name='window1', numSamples=2, pos=[0.0, 0.0], screen=0, size=array([5120, 2880]), stereo=False, units='height', useFBO=True, useRetina=True, viewOri=0.0, viewPos=None, viewScale=None, waitBlanking=True, winType='pyglet')
3.7713 	EXP 	window1: recordFrameIntervals = False
3.9376 	EXP 	window1: recordFrameIntervals = True
4.1203 	EXP 	window1: recordFrameIntervals = False
4.3038 	EXP 	Created resettext = TextStim(__class__=<class 'psychopy.visual.text.TextStim'>, alignHoriz='center', alignVert='center', antialias=True, autoLog=True, bold=False, color='black', colorSpace='named', contrast=1.0, depth=0.0, flipHoriz=False, flipVert=False, font='Arial', fontFiles=[], height=0.04, italic=False, languageStyle='LTR', name='resettext', opacity=1.0, ori=0, pos=array([0., 0.]), rgb=array([0., 0., 0.]), text='+', units='height', win=Window(...), wrapWidth=1)
4.3051 	EXP 	Created studyImage = ImageStim(__class__=<class 'psychopy.visual.image.ImageStim'>, autoLog=True, color='white', colorSpace='named', contrast=1.0, depth=0.0, flipHoriz=False, flipVert=False, image='sin', interpolate=True, mask=None, maskParams=None, name='studyImage', opacity=1.0, ori=0.0, pos=array([0., 0.]), size=array([0.19, 0.19]), texRes=128, units='height', win=Window(...))
4.3128 	EXP 	Created text_6 = TextStim(__class__=<class 'psychopy.visual.text.TextStim'>, alignHoriz='center', alignVert='center', antialias=True, autoLog=True, bold=False, color='black', colorSpace='named', contrast=1.0, depth=-2.0, flipHoriz=False, flipVert=False, font='Arial', fontFiles=[], height=0.03, italic=False, languageStyle='LTR', name='text_6', opacity=1.0, ori=0, pos=array([0.  , 0.45]), rgb=array([0., 0., 0.]), text='Stimuli: ', units='height', win=Window(...), wrapWidth=1)
4.3170 	EXP 	Created text_7 = TextStim(__class__=<class 'psychopy.visual.text.TextStim'>, alignHoriz='center', alignVert='center', antialias=True, autoLog=True, bold=False, color='black', colorSpace='named', contrast=1.0, depth=-3.0, flipHoriz=False, flipVert=False, font='Arial', fontFiles=[], height=0.03, italic=False, languageStyle='LTR', name='text_7', opacity=1.0, ori=0, pos=array([0.  , 0.43]), rgb=array([0., 0., 0.]), text='Color: ', units='height', win=Window(...), wrapWidth=1)
4.3189 	EXP 	Created resettext = TextStim(__class__=<class 'psychopy.visual.text.TextStim'>, alignHoriz='center', alignVert='center', antialias=True, autoLog=True, bold=False, color='black', colorSpace='named', contrast=1.0, depth=0.0, flipHoriz=False, flipVert=False, font='Arial', fontFiles=[], height=0.04, italic=False, languageStyle='LTR', name='resettext', opacity=1.0, ori=0, pos=array([0., 0.]), rgb=array([0., 0., 0.]), text='+', units='height', win=Window(...), wrapWidth=1)
4.3281 	EXP 	Created oldornewText = TextStim(__class__=<class 'psychopy.visual.text.TextStim'>, alignHoriz='center', alignVert='center', antialias=True, autoLog=True, bold=False, color='black', colorSpace='named', contrast=1.0, depth=0.0, flipHoriz=False, flipVert=False, font='Arial', fontFiles=[], height=0.05, italic=False, languageStyle='LTR', name='oldornewText', opacity=1.0, ori=0, pos=array([ 0.  , -0.45]), rgb=array([0., 0., 0.]), text='1 - Old        2 - New', units='height', win=Window(...), wrapWidth=1)
4.3294 	EXP 	Created oldornewImage = ImageStim(__class__=<class 'psychopy.visual.image.ImageStim'>, autoLog=True, color=array([-1., -1., -1.]), colorSpace='rgb', contrast=1.0, depth=-1.0, flipHoriz=False, flipVert=False, image='sin', interpolate=True, mask=None, maskParams=None, name='oldornewImage', opacity=1.0, ori=0.0, pos=array([0., 0.]), size=array([0.19, 0.19]), texRes=128, units='height', win=Window(...))
4.3313 	EXP 	Created resettext = TextStim(__class__=<class 'psychopy.visual.text.TextStim'>, alignHoriz='center', alignVert='center', antialias=True, autoLog=True, bold=False, color='black', colorSpace='named', contrast=1.0, depth=0.0, flipHoriz=False, flipVert=False, font='Arial', fontFiles=[], height=0.04, italic=False, languageStyle='LTR', name='resettext', opacity=1.0, ori=0, pos=array([0., 0.]), rgb=array([0., 0., 0.]), text='+', units='height', win=Window(...), wrapWidth=1)
4.3718 	EXP 	Created Image3 = ImageStim(__class__=<class 'psychopy.visual.image.ImageStim'>, autoLog=True, color=array([0., 1., 0.]), colorSpace='hsv', contrast=1.0, depth=0.0, flipHoriz=False, flipVert=False, image=str(...), interpolate=True, mask=None, maskParams=None, name='Image3', opacity=1.0, ori=0.0, pos=array([0., 0.]), size=array([0.19, 0.19]), texRes=128, units='height', win=Window(...))
4.3770 	EXP 	Created unnamed RadialStim = RadialStim(__class__=<class 'psychopy.visual.radial.RadialStim'>, autoDraw=False, autoLog=True, blendmode='avg', color=array([180.,   0.,   1.]), colorSpace='hsv', contrast=1.0, depth=0, interpolate=False, mask='none', maskParams=None, name='unnamed RadialStim', opacity=0.0, ori=0.0, phase=array([0., 0.]), pos=array([0., 0.]), rgbPedestal=array([0., 0., 0.]), sf=1, size=array([0.25, 0.25]), tex='sqrXsqr', texRes=64, units='height', win=Window(...))
4.3830 	EXP 	Created unnamed RadialStim = RadialStim(__class__=<class 'psychopy.visual.radial.RadialStim'>, autoDraw=False, autoLog=True, blendmode='avg', color=array([1., 1., 1.]), colorSpace='rgb', contrast=1.0, depth=0, interpolate=True, mask=ndarray(...), maskParams=None, name='unnamed RadialStim', opacity=1.0, ori=0.0, phase=array([0., 0.]), pos=array([0., 0.]), rgbPedestal=array([0., 0., 0.]), sf=1, size=array([0.3, 0.3]), tex=ndarray(...), texRes=64, units='height', win=Window(...))
4.3847 	EXP 	Created screenRect3 = Rect(__class__=<class 'psychopy.visual.rect.Rect'>, autoDraw=False, autoLog=True, closeShape=True, color=method-wrapper(...), colorSpace=None, contrast=1.0, depth=-6.0, fillColor=array([1., 1., 1.]), fillColorSpace='rgb', fillRGB=array([1., 1., 1.]), interpolate=True, lineColor=array([1., 1., 1.]), lineColorSpace='rgb', lineRGB=array([1., 1., 1.]), lineWidth=1, name='screenRect3', opacity=0.0, ori=array(0.), pos=array([0., 0.]), size=array([1., 1.]), units='height', vertices=ndarray(...), win=Window(...))
4.3943 	EXP 	Created ColorText = TextStim(__class__=<class 'psychopy.visual.text.TextStim'>, alignHoriz='center', alignVert='center', antialias=True, autoLog=True, bold=False, color='white', colorSpace='named', contrast=1.0, depth=0.0, flipHoriz=False, flipVert=False, font='Arial', fontFiles=[], height=0.03, italic=False, languageStyle='LTR', name='ColorText', opacity=1.0, ori=0, pos=array([ 0. , -0.4]), rgb=array([255., 255., 255.]), text='Please select a color from the color wheel', units='height', win=Window(...), wrapWidth=1)
4.4040 	EXP 	Created DragText = TextStim(__class__=<class 'psychopy.visual.text.TextStim'>, alignHoriz='center', alignVert='center', antialias=True, autoLog=True, bold=False, color='white', colorSpace='named', contrast=1.0, depth=0.0, flipHoriz=False, flipVert=False, font='Arial', fontFiles=[], height=0.03, italic=False, languageStyle='LTR', name='DragText', opacity=1.0, ori=0, pos=array([ 0. , -0.4]), rgb=array([255., 255., 255.]), text=str(...), units='height', win=Window(...), wrapWidth=1)
4.4054 	EXP 	Created arrowUp = ImageStim(__class__=<class 'psychopy.visual.image.ImageStim'>, autoLog=True, color=array([1., 1., 0.]), colorSpace='hsv', contrast=1.0, depth=0.0, flipHoriz=False, flipVert=False, image='sin', interpolate=True, mask=None, maskParams=None, name='arrowUp', opacity=1.0, ori=0.0, pos=array([0. , 0.2]), size=array([0.03, 0.03]), texRes=128, units='height', win=Window(...))
4.4066 	EXP 	Created arrowDown = ImageStim(__class__=<class 'psychopy.visual.image.ImageStim'>, autoLog=True, color=array([1., 1., 0.]), colorSpace='hsv', contrast=1.0, depth=0.0, flipHoriz=False, flipVert=True, image='sin', interpolate=True, mask=None, maskParams=None, name='arrowDown', opacity=1.0, ori=0.0, pos=array([ 0. , -0.2]), size=array([0.03, 0.03]), texRes=128, units='height', win=Window(...))
4.4079 	EXP 	Created arrowRight = ImageStim(__class__=<class 'psychopy.visual.image.ImageStim'>, autoLog=True, color=array([1., 1., 0.]), colorSpace='hsv', contrast=1.0, depth=0.0, flipHoriz=False, flipVert=False, image='sin', interpolate=True, mask=None, maskParams=None, name='arrowRight', opacity=1.0, ori=0.0, pos=array([0.2, 0. ]), size=array([0.03, 0.03]), texRes=128, units='height', win=Window(...))
4.4091 	EXP 	Created arrowLeft = ImageStim(__class__=<class 'psychopy.visual.image.ImageStim'>, autoLog=True, color=array([1., 1., 0.]), colorSpace='hsv', contrast=1.0, depth=0.0, flipHoriz=True, flipVert=False, image='sin', interpolate=True, mask=None, maskParams=None, name='arrowLeft', opacity=1.0, ori=0.0, pos=array([-0.2,  0. ]), size=array([0.03, 0.03]), texRes=128, units='height', win=Window(...))
4.4523 	EXP 	window1: mouseVisible = False
4.4709 	EXP 	arrowUp: image = '/Volumes/psych-cog/bamlab/Experiments/PACO/LOCO/arrowUp.png'
4.4709 	EXP 	arrowDown: image = '/Volumes/psych-cog/bamlab/Experiments/PACO/LOCO/arrowUp.png'
4.4709 	EXP 	arrowRight: image = '/Volumes/psych-cog/bamlab/Experiments/PACO/LOCO/arrowRight.png'
4.4709 	EXP 	arrowLeft: image = '/Volumes/psych-cog/bamlab/Experiments/PACO/LOCO/arrowRight.png'
4.4709 	EXP 	resettext: autoDraw = True
5.6186 	DATA 	Keypress: space
5.6394 	EXP 	resettext: autoDraw = False
5.6394 	EXP 	studyImage: color = '[22.  1.  1.] (hsv)'
5.6394 	EXP 	studyImage: pos = array([0., 0.])
5.6394 	EXP 	studyImage: image = '/Volumes/psych-cog/bamlab/Experiments/PACO/Stimuli/22.png'
5.6394 	EXP 	studyImage: autoDraw = True
5.6394 	EXP 	text_6: autoDraw = True
5.6394 	EXP 	text_7: autoDraw = True
5.6394 	EXP 	text_6: text = 'Image: 22'
5.6394 	EXP 	text_7: text = 'Color: 22'
5.6558 	EXP 	text_6: text = 'Image: 22'
5.6558 	EXP 	text_7: text = 'Color: 22'
5.6716 	EXP 	text_6: text = 'Image: 22'
5.6716 	EXP 	text_7: text = 'Color: 22'
5.6887 	EXP 	text_6: text = 'Image: 22'
5.6887 	EXP 	text_7: text = 'Color: 22'
5.7053 	EXP 	text_6: text = 'Image: 22'
5.7053 	EXP 	text_7: text = 'Color: 22'
5.7216 	EXP 	text_6: text = 'Image: 22'
5.7216 	EXP 	text_7: text = 'Color: 22'
5.7381 	EXP 	text_6: text = 'Image: 22'
5.7381 	EXP 	text_7: text = 'Color: 22'
5.7555 	EXP 	text_6: text = 'Image: 22'
5.7555 	EXP 	text_7: text = 'Color: 22'
5.7721 	EXP 	text_6: text = 'Image: 22'
5.7721 	EXP 	text_7: text = 'Color: 22'
5.7881 	EXP 	text_6: text = 'Image: 22'
5.7881 	EXP 	text_7: text = 'Color: 22'
5.8046 	EXP 	text_6: text = 'Image: 22'
5.8046 	EXP 	text_7: text = 'Color: 22'
5.8217 	EXP 	text_6: text = 'Image: 22'
5.8217 	EXP 	text_7: text = 'Color: 22'
5.8388 	EXP 	text_6: text = 'Image: 22'
5.8388 	EXP 	text_7: text = 'Color: 22'
5.8546 	EXP 	text_6: text = 'Image: 22'
5.8546 	EXP 	text_7: text = 'Color: 22'
5.8718 	EXP 	text_6: text = 'Image: 22'
5.8718 	EXP 	text_7: text = 'Color: 22'
5.8882 	EXP 	text_6: text = 'Image: 22'
5.8882 	EXP 	text_7: text = 'Color: 22'
5.9057 	EXP 	text_6: text = 'Image: 22'
5.9057 	EXP 	text_7: text = 'Color: 22'
5.9216 	EXP 	text_6: text = 'Image: 22'
5.9216 	EXP 	text_7: text = 'Color: 22'
5.9382 	EXP 	text_6: text = 'Image: 22'
5.9382 	EXP 	text_7: text = 'Color: 22'
5.9548 	EXP 	text_6: text = 'Image: 22'
5.9548 	EXP 	text_7: text = 'Color: 22'
5.9720 	EXP 	text_6: text = 'Image: 22'
5.9720 	EXP 	text_7: text = 'Color: 22'
5.9883 	EXP 	text_6: text = 'Image: 22'
5.9883 	EXP 	text_7: text = 'Color: 22'
6.0051 	EXP 	text_6: text = 'Image: 22'
6.0051 	EXP 	text_7: text = 'Color: 22'
6.0214 	EXP 	text_6: text = 'Image: 22'
6.0214 	EXP 	text_7: text = 'Color: 22'
6.0385 	EXP 	text_6: text = 'Image: 22'
6.0385 	EXP 	text_7: text = 'Color: 22'
6.0546 	EXP 	text_6: text = 'Image: 22'
6.0546 	EXP 	text_7: text = 'Color: 22'
6.0717 	EXP 	text_6: text = 'Image: 22'
6.0717 	EXP 	text_7: text = 'Color: 22'
6.0888 	EXP 	text_6: text = 'Image: 22'
6.0888 	EXP 	text_7: text = 'Color: 22'
6.1053 	EXP 	text_6: text = 'Image: 22'
6.1053 	EXP 	text_7: text = 'Color: 22'
6.1214 	EXP 	text_6: text = 'Image: 22'
6.1214 	EXP 	text_7: text = 'Color: 22'
6.1388 	EXP 	text_6: text = 'Image: 22'
6.1388 	EXP 	text_7: text = 'Color: 22'
6.1547 	EXP 	text_6: text = 'Image: 22'
6.1547 	EXP 	text_7: text = 'Color: 22'
6.1722 	EXP 	text_6: text = 'Image: 22'
6.1722 	EXP 	text_7: text = 'Color: 22'
6.1880 	EXP 	text_6: text = 'Image: 22'
6.1880 	EXP 	text_7: text = 'Color: 22'
6.2052 	EXP 	text_6: text = 'Image: 22'
6.2052 	EXP 	text_7: text = 'Color: 22'
6.2211 	EXP 	text_6: text = 'Image: 22'
6.2211 	EXP 	text_7: text = 'Color: 22'
6.2382 	EXP 	text_6: text = 'Image: 22'
6.2382 	EXP 	text_7: text = 'Color: 22'
6.2554 	EXP 	text_6: text = 'Image: 22'
6.2554 	EXP 	text_7: text = 'Color: 22'
6.2716 	EXP 	text_6: text = 'Image: 22'
6.2716 	EXP 	text_7: text = 'Color: 22'
6.2888 	EXP 	text_6: text = 'Image: 22'
6.2888 	EXP 	text_7: text = 'Color: 22'
6.3055 	EXP 	text_6: text = 'Image: 22'
6.3055 	EXP 	text_7: text = 'Color: 22'
6.3216 	EXP 	text_6: text = 'Image: 22'
6.3216 	EXP 	text_7: text = 'Color: 22'
6.3381 	EXP 	text_6: text = 'Image: 22'
6.3381 	EXP 	text_7: text = 'Color: 22'
6.3551 	EXP 	text_6: text = 'Image: 22'
6.3551 	EXP 	text_7: text = 'Color: 22'
6.3716 	EXP 	text_6: text = 'Image: 22'
6.3716 	EXP 	text_7: text = 'Color: 22'
6.3887 	EXP 	text_6: text = 'Image: 22'
6.3887 	EXP 	text_7: text = 'Color: 22'
6.4050 	EXP 	text_6: text = 'Image: 22'
6.4050 	EXP 	text_7: text = 'Color: 22'
6.4216 	EXP 	text_6: text = 'Image: 22'
6.4216 	EXP 	text_7: text = 'Color: 22'
6.4390 	EXP 	text_6: text = 'Image: 22'
6.4390 	EXP 	text_7: text = 'Color: 22'
6.4551 	EXP 	text_6: text = 'Image: 22'
6.4551 	EXP 	text_7: text = 'Color: 22'
6.4722 	EXP 	text_6: text = 'Image: 22'
6.4722 	EXP 	text_7: text = 'Color: 22'
6.4885 	EXP 	text_6: text = 'Image: 22'
6.4885 	EXP 	text_7: text = 'Color: 22'
6.5056 	EXP 	text_6: text = 'Image: 22'
6.5056 	EXP 	text_7: text = 'Color: 22'
6.5216 	EXP 	text_6: text = 'Image: 22'
6.5216 	EXP 	text_7: text = 'Color: 22'
6.5390 	EXP 	text_6: text = 'Image: 22'
6.5390 	EXP 	text_7: text = 'Color: 22'
6.5552 	EXP 	text_6: text = 'Image: 22'
6.5552 	EXP 	text_7: text = 'Color: 22'
6.5716 	EXP 	text_6: text = 'Image: 22'
6.5716 	EXP 	text_7: text = 'Color: 22'
6.5890 	EXP 	text_6: text = 'Image: 22'
6.5890 	EXP 	text_7: text = 'Color: 22'
6.6054 	EXP 	text_6: autoDraw = False
6.6054 	EXP 	text_7: autoDraw = False
6.6054 	EXP 	text_6: text = 'Image: 22'
6.6054 	EXP 	text_7: text = 'Color: 22'
6.6214 	EXP 	text_6: text = 'Image: 22'
6.6214 	EXP 	text_7: text = 'Color: 22'
6.6382 	EXP 	text_6: text = 'Image: 22'
6.6382 	EXP 	text_7: text = 'Color: 22'
6.6553 	EXP 	text_6: text = 'Image: 22'
6.6553 	EXP 	text_7: text = 'Color: 22'
6.6720 	EXP 	text_6: text = 'Image: 22'
6.6720 	EXP 	text_7: text = 'Color: 22'
6.6883 	EXP 	text_6: text = 'Image: 22'
6.6883 	EXP 	text_7: text = 'Color: 22'
6.7056 	EXP 	text_6: text = 'Image: 22'
6.7056 	EXP 	text_7: text = 'Color: 22'
6.7221 	EXP 	text_6: text = 'Image: 22'
6.7221 	EXP 	text_7: text = 'Color: 22'
6.7387 	EXP 	text_6: text = 'Image: 22'
6.7387 	EXP 	text_7: text = 'Color: 22'
6.7548 	EXP 	text_6: text = 'Image: 22'
6.7548 	EXP 	text_7: text = 'Color: 22'
6.7716 	EXP 	text_6: text = 'Image: 22'
6.7716 	EXP 	text_7: text = 'Color: 22'
6.7889 	EXP 	text_6: text = 'Image: 22'
6.7889 	EXP 	text_7: text = 'Color: 22'
6.8052 	EXP 	text_6: text = 'Image: 22'
6.8052 	EXP 	text_7: text = 'Color: 22'
6.8216 	EXP 	text_6: text = 'Image: 22'
6.8216 	EXP 	text_7: text = 'Color: 22'
6.8389 	EXP 	text_6: text = 'Image: 22'
6.8389 	EXP 	text_7: text = 'Color: 22'
6.8551 	EXP 	text_6: text = 'Image: 22'
6.8551 	EXP 	text_7: text = 'Color: 22'
6.8716 	EXP 	text_6: text = 'Image: 22'
6.8716 	EXP 	text_7: text = 'Color: 22'
6.8884 	EXP 	text_6: text = 'Image: 22'
6.8884 	EXP 	text_7: text = 'Color: 22'
6.9052 	EXP 	text_6: text = 'Image: 22'
6.9052 	EXP 	text_7: text = 'Color: 22'
6.9216 	EXP 	text_6: text = 'Image: 22'
6.9216 	EXP 	text_7: text = 'Color: 22'
6.9391 	EXP 	text_6: text = 'Image: 22'
6.9391 	EXP 	text_7: text = 'Color: 22'
6.9553 	EXP 	text_6: text = 'Image: 22'
6.9553 	EXP 	text_7: text = 'Color: 22'
6.9715 	EXP 	text_6: text = 'Image: 22'
6.9715 	EXP 	text_7: text = 'Color: 22'
6.9883 	EXP 	text_6: text = 'Image: 22'
6.9883 	EXP 	text_7: text = 'Color: 22'
7.0054 	EXP 	text_6: text = 'Image: 22'
7.0054 	EXP 	text_7: text = 'Color: 22'
7.0218 	EXP 	text_6: text = 'Image: 22'
7.0218 	EXP 	text_7: text = 'Color: 22'
7.0380 	EXP 	text_6: text = 'Image: 22'
7.0380 	EXP 	text_7: text = 'Color: 22'
7.0550 	EXP 	text_6: text = 'Image: 22'
7.0550 	EXP 	text_7: text = 'Color: 22'
7.0716 	EXP 	text_6: text = 'Image: 22'
7.0716 	EXP 	text_7: text = 'Color: 22'
7.0894 	EXP 	text_6: text = 'Image: 22'
7.0894 	EXP 	text_7: text = 'Color: 22'
7.1053 	EXP 	text_6: text = 'Image: 22'
7.1053 	EXP 	text_7: text = 'Color: 22'
7.1222 	EXP 	text_6: text = 'Image: 22'
7.1222 	EXP 	text_7: text = 'Color: 22'
7.1387 	EXP 	text_6: text = 'Image: 22'
7.1387 	EXP 	text_7: text = 'Color: 22'
7.1557 	EXP 	text_6: text = 'Image: 22'
7.1557 	EXP 	text_7: text = 'Color: 22'
7.1721 	EXP 	text_6: text = 'Image: 22'
7.1721 	EXP 	text_7: text = 'Color: 22'
7.1888 	EXP 	text_6: text = 'Image: 22'
7.1888 	EXP 	text_7: text = 'Color: 22'
7.2054 	EXP 	text_6: text = 'Image: 22'
7.2054 	EXP 	text_7: text = 'Color: 22'
7.2221 	EXP 	text_6: text = 'Image: 22'
7.2221 	EXP 	text_7: text = 'Color: 22'
7.2382 	EXP 	text_6: text = 'Image: 22'
7.2382 	EXP 	text_7: text = 'Color: 22'
7.2551 	EXP 	text_6: text = 'Image: 22'
7.2551 	EXP 	text_7: text = 'Color: 22'
7.2718 	EXP 	text_6: text = 'Image: 22'
7.2718 	EXP 	text_7: text = 'Color: 22'
7.2884 	EXP 	text_6: text = 'Image: 22'
7.2884 	EXP 	text_7: text = 'Color: 22'
7.3051 	EXP 	text_6: text = 'Image: 22'
7.3051 	EXP 	text_7: text = 'Color: 22'
7.3224 	EXP 	text_6: text = 'Image: 22'
7.3224 	EXP 	text_7: text = 'Color: 22'
7.3391 	EXP 	text_6: text = 'Image: 22'
7.3391 	EXP 	text_7: text = 'Color: 22'
7.3557 	EXP 	text_6: text = 'Image: 22'
7.3557 	EXP 	text_7: text = 'Color: 22'
7.3723 	EXP 	text_6: text = 'Image: 22'
7.3723 	EXP 	text_7: text = 'Color: 22'
7.3889 	EXP 	text_6: text = 'Image: 22'
7.3889 	EXP 	text_7: text = 'Color: 22'
7.4056 	EXP 	text_6: text = 'Image: 22'
7.4056 	EXP 	text_7: text = 'Color: 22'
7.4225 	EXP 	text_6: text = 'Image: 22'
7.4225 	EXP 	text_7: text = 'Color: 22'
7.4390 	EXP 	text_6: text = 'Image: 22'
7.4390 	EXP 	text_7: text = 'Color: 22'
7.4557 	EXP 	text_6: text = 'Image: 22'
7.4557 	EXP 	text_7: text = 'Color: 22'
7.4723 	EXP 	text_6: text = 'Image: 22'
7.4723 	EXP 	text_7: text = 'Color: 22'
7.4892 	EXP 	text_6: text = 'Image: 22'
7.4892 	EXP 	text_7: text = 'Color: 22'
7.5056 	EXP 	text_6: text = 'Image: 22'
7.5056 	EXP 	text_7: text = 'Color: 22'
7.5223 	EXP 	text_6: text = 'Image: 22'
7.5223 	EXP 	text_7: text = 'Color: 22'
7.5390 	EXP 	text_6: text = 'Image: 22'
7.5390 	EXP 	text_7: text = 'Color: 22'
7.5557 	EXP 	text_6: text = 'Image: 22'
7.5557 	EXP 	text_7: text = 'Color: 22'
7.5721 	EXP 	text_6: text = 'Image: 22'
7.5721 	EXP 	text_7: text = 'Color: 22'
7.5888 	EXP 	text_6: text = 'Image: 22'
7.5888 	EXP 	text_7: text = 'Color: 22'
7.6054 	EXP 	text_6: text = 'Image: 22'
7.6054 	EXP 	text_7: text = 'Color: 22'
7.6217 	EXP 	text_6: text = 'Image: 22'
7.6217 	EXP 	text_7: text = 'Color: 22'
7.6387 	EXP 	text_6: text = 'Image: 22'
7.6387 	EXP 	text_7: text = 'Color: 22'
7.6555 	EXP 	text_6: text = 'Image: 22'
7.6555 	EXP 	text_7: text = 'Color: 22'
7.6721 	EXP 	text_6: text = 'Image: 22'
7.6721 	EXP 	text_7: text = 'Color: 22'
7.6883 	EXP 	text_6: text = 'Image: 22'
7.6883 	EXP 	text_7: text = 'Color: 22'
7.7057 	EXP 	text_6: text = 'Image: 22'
7.7057 	EXP 	text_7: text = 'Color: 22'
7.7222 	EXP 	text_6: text = 'Image: 22'
7.7222 	EXP 	text_7: text = 'Color: 22'
7.7388 	EXP 	text_6: text = 'Image: 22'
7.7388 	EXP 	text_7: text = 'Color: 22'
7.7557 	EXP 	text_6: text = 'Image: 22'
7.7557 	EXP 	text_7: text = 'Color: 22'
7.7723 	EXP 	text_6: text = 'Image: 22'
7.7723 	EXP 	text_7: text = 'Color: 22'
7.7887 	EXP 	text_6: text = 'Image: 22'
7.7887 	EXP 	text_7: text = 'Color: 22'
7.8051 	EXP 	text_6: text = 'Image: 22'
7.8051 	EXP 	text_7: text = 'Color: 22'
7.8223 	EXP 	text_6: text = 'Image: 22'
7.8223 	EXP 	text_7: text = 'Color: 22'
7.8387 	EXP 	text_6: text = 'Image: 22'
7.8387 	EXP 	text_7: text = 'Color: 22'
7.8552 	EXP 	text_6: text = 'Image: 22'
7.8552 	EXP 	text_7: text = 'Color: 22'
7.8719 	EXP 	text_6: text = 'Image: 22'
7.8719 	EXP 	text_7: text = 'Color: 22'
7.8888 	EXP 	text_6: text = 'Image: 22'
7.8888 	EXP 	text_7: text = 'Color: 22'
7.9053 	EXP 	text_6: text = 'Image: 22'
7.9053 	EXP 	text_7: text = 'Color: 22'
7.9222 	EXP 	text_6: text = 'Image: 22'
7.9222 	EXP 	text_7: text = 'Color: 22'
7.9389 	EXP 	text_6: text = 'Image: 22'
7.9389 	EXP 	text_7: text = 'Color: 22'
7.9555 	EXP 	text_6: text = 'Image: 22'
7.9555 	EXP 	text_7: text = 'Color: 22'
7.9722 	EXP 	text_6: text = 'Image: 22'
7.9722 	EXP 	text_7: text = 'Color: 22'
7.9890 	EXP 	text_6: text = 'Image: 22'
7.9890 	EXP 	text_7: text = 'Color: 22'
8.0060 	EXP 	text_6: text = 'Image: 22'
8.0060 	EXP 	text_7: text = 'Color: 22'
8.0218 	EXP 	text_6: text = 'Image: 22'
8.0218 	EXP 	text_7: text = 'Color: 22'
8.0387 	EXP 	text_6: text = 'Image: 22'
8.0387 	EXP 	text_7: text = 'Color: 22'
8.0554 	EXP 	text_6: text = 'Image: 22'
8.0554 	EXP 	text_7: text = 'Color: 22'
8.0720 	EXP 	text_6: text = 'Image: 22'
8.0720 	EXP 	text_7: text = 'Color: 22'
8.0886 	EXP 	text_6: text = 'Image: 22'
8.0886 	EXP 	text_7: text = 'Color: 22'
8.1057 	EXP 	text_6: text = 'Image: 22'
8.1057 	EXP 	text_7: text = 'Color: 22'
8.1220 	EXP 	text_6: text = 'Image: 22'
8.1220 	EXP 	text_7: text = 'Color: 22'
8.1384 	EXP 	text_6: text = 'Image: 22'
8.1384 	EXP 	text_7: text = 'Color: 22'
8.1557 	EXP 	text_6: text = 'Image: 22'
8.1557 	EXP 	text_7: text = 'Color: 22'
8.1717 	EXP 	text_6: text = 'Image: 22'
8.1717 	EXP 	text_7: text = 'Color: 22'
8.1883 	EXP 	text_6: text = 'Image: 22'
8.1883 	EXP 	text_7: text = 'Color: 22'
8.2055 	EXP 	text_6: text = 'Image: 22'
8.2055 	EXP 	text_7: text = 'Color: 22'
8.2223 	EXP 	text_6: text = 'Image: 22'
8.2223 	EXP 	text_7: text = 'Color: 22'
8.2386 	EXP 	text_6: text = 'Image: 22'
8.2386 	EXP 	text_7: text = 'Color: 22'
8.2558 	EXP 	text_6: text = 'Image: 22'
8.2558 	EXP 	text_7: text = 'Color: 22'
8.2723 	EXP 	text_6: text = 'Image: 22'
8.2723 	EXP 	text_7: text = 'Color: 22'
8.2887 	EXP 	text_6: text = 'Image: 22'
8.2887 	EXP 	text_7: text = 'Color: 22'
8.3053 	EXP 	text_6: text = 'Image: 22'
8.3053 	EXP 	text_7: text = 'Color: 22'
8.3215 	EXP 	text_6: text = 'Image: 22'
8.3215 	EXP 	text_7: text = 'Color: 22'
8.3384 	EXP 	text_6: text = 'Image: 22'
8.3384 	EXP 	text_7: text = 'Color: 22'
8.3549 	EXP 	text_6: text = 'Image: 22'
8.3549 	EXP 	text_7: text = 'Color: 22'
8.3725 	EXP 	text_6: text = 'Image: 22'
8.3725 	EXP 	text_7: text = 'Color: 22'
8.3891 	EXP 	text_6: text = 'Image: 22'
8.3891 	EXP 	text_7: text = 'Color: 22'
8.4053 	EXP 	text_6: text = 'Image: 22'
8.4053 	EXP 	text_7: text = 'Color: 22'
8.4219 	EXP 	text_6: text = 'Image: 22'
8.4219 	EXP 	text_7: text = 'Color: 22'
8.4385 	EXP 	text_6: text = 'Image: 22'
8.4385 	EXP 	text_7: text = 'Color: 22'
8.4552 	EXP 	text_6: text = 'Image: 22'
8.4552 	EXP 	text_7: text = 'Color: 22'
8.4721 	EXP 	text_6: text = 'Image: 22'
8.4721 	EXP 	text_7: text = 'Color: 22'
8.4889 	EXP 	text_6: text = 'Image: 22'
8.4889 	EXP 	text_7: text = 'Color: 22'
8.5057 	EXP 	text_6: text = 'Image: 22'
8.5057 	EXP 	text_7: text = 'Color: 22'
8.5224 	EXP 	text_6: text = 'Image: 22'
8.5224 	EXP 	text_7: text = 'Color: 22'
8.5392 	EXP 	text_6: text = 'Image: 22'
8.5392 	EXP 	text_7: text = 'Color: 22'
8.5558 	EXP 	text_6: text = 'Image: 22'
8.5558 	EXP 	text_7: text = 'Color: 22'
8.5721 	EXP 	text_6: text = 'Image: 22'
8.5721 	EXP 	text_7: text = 'Color: 22'
8.5885 	EXP 	text_6: text = 'Image: 22'
8.5885 	EXP 	text_7: text = 'Color: 22'
8.6049 	EXP 	text_6: text = 'Image: 22'
8.6049 	EXP 	text_7: text = 'Color: 22'
8.6224 	EXP 	text_6: text = 'Image: 22'
8.6224 	EXP 	text_7: text = 'Color: 22'
8.6389 	EXP 	text_6: text = 'Image: 22'
8.6389 	EXP 	text_7: text = 'Color: 22'
8.6556 	EXP 	text_6: text = 'Image: 22'
8.6556 	EXP 	text_7: text = 'Color: 22'
8.6716 	EXP 	text_6: text = 'Image: 22'
8.6716 	EXP 	text_7: text = 'Color: 22'
8.6886 	EXP 	text_6: text = 'Image: 22'
8.6886 	EXP 	text_7: text = 'Color: 22'
8.6904 	DATA 	Keypress: escape
8.7049 	EXP 	text_6: text = 'Image: 22'
8.7049 	EXP 	text_7: text = 'Color: 22'
8.7227 	EXP 	text_6: text = 'Image: 22'
8.7227 	EXP 	text_7: text = 'Color: 22'
8.7391 	EXP 	text_6: text = 'Image: 22'
8.7391 	EXP 	text_7: text = 'Color: 22'
8.7550 	EXP 	text_6: text = 'Image: 22'
8.7550 	EXP 	text_7: text = 'Color: 22'
8.7726 	EXP 	text_6: text = 'Image: 22'
8.7726 	EXP 	text_7: text = 'Color: 22'
8.7893 	EXP 	text_6: text = 'Image: 22'
8.7893 	EXP 	text_7: text = 'Color: 22'
9.0625 	EXP 	window1: mouseVisible = True
