3.6813 	EXP 	Created window1 = Window(allowGUI=False, allowStencil=False, args=UNKNOWN, autoLog=True, bitsMode=UNKNOWN, blendMode='avg', color=array([1., 1., 1.]), colorSpace='rgb', fullscr=<method-wrapper '__getattribute__' of attributeSetter object at 0x13c3adbe0>, gamma=None, kwargs=UNKNOWN, lms=UNKNOWN, monitor=<psychopy.monitors.calibTools.Monitor object at 0x13c412eb8>, multiSample=False, name='window1', numSamples=2, pos=[0.0, 0.0], screen=0, size=array([5120, 2880]), stereo=False, units='height', useFBO=True, useRetina=True, viewOri=0.0, viewPos=None, viewScale=None, waitBlanking=True, winType='pyglet')
3.6813 	EXP 	window1: recordFrameIntervals = False
3.8465 	EXP 	window1: recordFrameIntervals = True
4.0311 	EXP 	window1: recordFrameIntervals = False
4.3515 	EXP 	Created resettext = TextStim(__class__=<class 'psychopy.visual.text.TextStim'>, alignHoriz='center', alignVert='center', antialias=True, autoLog=True, bold=False, color='black', colorSpace='named', contrast=1.0, depth=0.0, flipHoriz=False, flipVert=False, font='Arial', fontFiles=[], height=0.04, italic=False, languageStyle='LTR', name='resettext', opacity=1.0, ori=0, pos=array([0., 0.]), rgb=array([0., 0., 0.]), text='+', units='height', win=Window(...), wrapWidth=1)
4.3527 	EXP 	Created studyImage = ImageStim(__class__=<class 'psychopy.visual.image.ImageStim'>, autoLog=True, color='white', colorSpace='named', contrast=1.0, depth=0.0, flipHoriz=False, flipVert=False, image='sin', interpolate=True, mask=None, maskParams=None, name='studyImage', opacity=1.0, ori=0.0, pos=array([0., 0.]), size=array([0.19, 0.19]), texRes=128, units='height', win=Window(...))
4.3602 	EXP 	Created text_6 = TextStim(__class__=<class 'psychopy.visual.text.TextStim'>, alignHoriz='center', alignVert='center', antialias=True, autoLog=True, bold=False, color='black', colorSpace='named', contrast=1.0, depth=-2.0, flipHoriz=False, flipVert=False, font='Arial', fontFiles=[], height=0.03, italic=False, languageStyle='LTR', name='text_6', opacity=1.0, ori=0, pos=array([0.  , 0.45]), rgb=array([0., 0., 0.]), text='Stimuli: ', units='height', win=Window(...), wrapWidth=1)
4.3641 	EXP 	Created text_7 = TextStim(__class__=<class 'psychopy.visual.text.TextStim'>, alignHoriz='center', alignVert='center', antialias=True, autoLog=True, bold=False, color='black', colorSpace='named', contrast=1.0, depth=-3.0, flipHoriz=False, flipVert=False, font='Arial', fontFiles=[], height=0.03, italic=False, languageStyle='LTR', name='text_7', opacity=1.0, ori=0, pos=array([0. , 0.4]), rgb=array([0., 0., 0.]), text='Color: ', units='height', win=Window(...), wrapWidth=1)
4.3659 	EXP 	Created resettext = TextStim(__class__=<class 'psychopy.visual.text.TextStim'>, alignHoriz='center', alignVert='center', antialias=True, autoLog=True, bold=False, color='black', colorSpace='named', contrast=1.0, depth=0.0, flipHoriz=False, flipVert=False, font='Arial', fontFiles=[], height=0.04, italic=False, languageStyle='LTR', name='resettext', opacity=1.0, ori=0, pos=array([0., 0.]), rgb=array([0., 0., 0.]), text='+', units='height', win=Window(...), wrapWidth=1)
4.3745 	EXP 	Created oldornewText = TextStim(__class__=<class 'psychopy.visual.text.TextStim'>, alignHoriz='center', alignVert='center', antialias=True, autoLog=True, bold=False, color='black', colorSpace='named', contrast=1.0, depth=0.0, flipHoriz=False, flipVert=False, font='Arial', fontFiles=[], height=0.05, italic=False, languageStyle='LTR', name='oldornewText', opacity=1.0, ori=0, pos=array([ 0.  , -0.45]), rgb=array([0., 0., 0.]), text='1 - Old        2 - New', units='height', win=Window(...), wrapWidth=1)
4.3757 	EXP 	Created oldornewImage = ImageStim(__class__=<class 'psychopy.visual.image.ImageStim'>, autoLog=True, color=array([-1., -1., -1.]), colorSpace='rgb', contrast=1.0, depth=-1.0, flipHoriz=False, flipVert=False, image='sin', interpolate=True, mask=None, maskParams=None, name='oldornewImage', opacity=1.0, ori=0.0, pos=array([0., 0.]), size=array([0.19, 0.19]), texRes=128, units='height', win=Window(...))
4.3775 	EXP 	Created resettext = TextStim(__class__=<class 'psychopy.visual.text.TextStim'>, alignHoriz='center', alignVert='center', antialias=True, autoLog=True, bold=False, color='black', colorSpace='named', contrast=1.0, depth=0.0, flipHoriz=False, flipVert=False, font='Arial', fontFiles=[], height=0.04, italic=False, languageStyle='LTR', name='resettext', opacity=1.0, ori=0, pos=array([0., 0.]), rgb=array([0., 0., 0.]), text='+', units='height', win=Window(...), wrapWidth=1)
4.4160 	EXP 	Created Image3 = ImageStim(__class__=<class 'psychopy.visual.image.ImageStim'>, autoLog=True, color=array([0., 1., 0.]), colorSpace='hsv', contrast=1.0, depth=0.0, flipHoriz=False, flipVert=False, image=str(...), interpolate=True, mask=None, maskParams=None, name='Image3', opacity=1.0, ori=0.0, pos=array([0., 0.]), size=array([0.19, 0.19]), texRes=128, units='height', win=Window(...))
4.4217 	EXP 	Created unnamed RadialStim = RadialStim(__class__=<class 'psychopy.visual.radial.RadialStim'>, autoDraw=False, autoLog=True, blendmode='avg', color=array([180.,   0.,   1.]), colorSpace='hsv', contrast=1.0, depth=0, interpolate=False, mask='none', maskParams=None, name='unnamed RadialStim', opacity=0.0, ori=0.0, phase=array([0., 0.]), pos=array([0., 0.]), rgbPedestal=array([0., 0., 0.]), sf=1, size=array([0.25, 0.25]), tex='sqrXsqr', texRes=64, units='height', win=Window(...))
4.4278 	EXP 	Created unnamed RadialStim = RadialStim(__class__=<class 'psychopy.visual.radial.RadialStim'>, autoDraw=False, autoLog=True, blendmode='avg', color=array([1., 1., 1.]), colorSpace='rgb', contrast=1.0, depth=0, interpolate=True, mask=ndarray(...), maskParams=None, name='unnamed RadialStim', opacity=1.0, ori=0.0, phase=array([0., 0.]), pos=array([0., 0.]), rgbPedestal=array([0., 0., 0.]), sf=1, size=array([0.3, 0.3]), tex=ndarray(...), texRes=64, units='height', win=Window(...))
4.4295 	EXP 	Created screenRect3 = Rect(__class__=<class 'psychopy.visual.rect.Rect'>, autoDraw=False, autoLog=True, closeShape=True, color=method-wrapper(...), colorSpace=None, contrast=1.0, depth=-6.0, fillColor=array([1., 1., 1.]), fillColorSpace='rgb', fillRGB=array([1., 1., 1.]), interpolate=True, lineColor=array([1., 1., 1.]), lineColorSpace='rgb', lineRGB=array([1., 1., 1.]), lineWidth=1, name='screenRect3', opacity=0.0, ori=array(0.), pos=array([0., 0.]), size=array([1., 1.]), units='height', vertices=ndarray(...), win=Window(...))
4.4395 	EXP 	Created ColorText = TextStim(__class__=<class 'psychopy.visual.text.TextStim'>, alignHoriz='center', alignVert='center', antialias=True, autoLog=True, bold=False, color='white', colorSpace='named', contrast=1.0, depth=0.0, flipHoriz=False, flipVert=False, font='Arial', fontFiles=[], height=0.03, italic=False, languageStyle='LTR', name='ColorText', opacity=1.0, ori=0, pos=array([ 0. , -0.4]), rgb=array([255., 255., 255.]), text='Please select a color from the color wheel', units='height', win=Window(...), wrapWidth=1)
4.4494 	EXP 	Created DragText = TextStim(__class__=<class 'psychopy.visual.text.TextStim'>, alignHoriz='center', alignVert='center', antialias=True, autoLog=True, bold=False, color='white', colorSpace='named', contrast=1.0, depth=0.0, flipHoriz=False, flipVert=False, font='Arial', fontFiles=[], height=0.03, italic=False, languageStyle='LTR', name='DragText', opacity=1.0, ori=0, pos=array([ 0. , -0.4]), rgb=array([255., 255., 255.]), text=str(...), units='height', win=Window(...), wrapWidth=1)
4.4508 	EXP 	Created arrowUp = ImageStim(__class__=<class 'psychopy.visual.image.ImageStim'>, autoLog=True, color=array([1., 1., 0.]), colorSpace='hsv', contrast=1.0, depth=0.0, flipHoriz=False, flipVert=False, image='sin', interpolate=True, mask=None, maskParams=None, name='arrowUp', opacity=1.0, ori=0.0, pos=array([0. , 0.2]), size=array([0.03, 0.03]), texRes=128, units='height', win=Window(...))
4.4521 	EXP 	Created arrowDown = ImageStim(__class__=<class 'psychopy.visual.image.ImageStim'>, autoLog=True, color=array([1., 1., 0.]), colorSpace='hsv', contrast=1.0, depth=0.0, flipHoriz=False, flipVert=True, image='sin', interpolate=True, mask=None, maskParams=None, name='arrowDown', opacity=1.0, ori=0.0, pos=array([ 0. , -0.2]), size=array([0.03, 0.03]), texRes=128, units='height', win=Window(...))
4.4534 	EXP 	Created arrowRight = ImageStim(__class__=<class 'psychopy.visual.image.ImageStim'>, autoLog=True, color=array([1., 1., 0.]), colorSpace='hsv', contrast=1.0, depth=0.0, flipHoriz=False, flipVert=False, image='sin', interpolate=True, mask=None, maskParams=None, name='arrowRight', opacity=1.0, ori=0.0, pos=array([0.2, 0. ]), size=array([0.03, 0.03]), texRes=128, units='height', win=Window(...))
4.4547 	EXP 	Created arrowLeft = ImageStim(__class__=<class 'psychopy.visual.image.ImageStim'>, autoLog=True, color=array([1., 1., 0.]), colorSpace='hsv', contrast=1.0, depth=0.0, flipHoriz=True, flipVert=False, image='sin', interpolate=True, mask=None, maskParams=None, name='arrowLeft', opacity=1.0, ori=0.0, pos=array([-0.2,  0. ]), size=array([0.03, 0.03]), texRes=128, units='height', win=Window(...))
4.4883 	EXP 	window1: mouseVisible = False
4.5118 	EXP 	arrowUp: image = '/Volumes/psych-cog/bamlab/Experiments/PACO/LOCO/arrowUp.png'
4.5118 	EXP 	arrowDown: image = '/Volumes/psych-cog/bamlab/Experiments/PACO/LOCO/arrowUp.png'
4.5118 	EXP 	arrowRight: image = '/Volumes/psych-cog/bamlab/Experiments/PACO/LOCO/arrowRight.png'
4.5118 	EXP 	arrowLeft: image = '/Volumes/psych-cog/bamlab/Experiments/PACO/LOCO/arrowRight.png'
4.5118 	EXP 	resettext: autoDraw = True
5.3477 	DATA 	Keypress: space
5.3632 	EXP 	resettext: autoDraw = False
5.3632 	EXP 	studyImage: color = '[22.  1.  1.] (hsv)'
5.3632 	EXP 	studyImage: pos = array([0., 0.])
5.3632 	EXP 	studyImage: image = '/Volumes/psych-cog/bamlab/Experiments/PACO/Stimuli/22.png'
5.3632 	EXP 	studyImage: autoDraw = True
5.3632 	EXP 	text_6: autoDraw = True
5.3632 	EXP 	text_7: autoDraw = True
5.3632 	EXP 	text_6: text = 'Image: 22'
5.3632 	EXP 	text_7: text = 'Color: 22'
5.3804 	EXP 	text_6: text = 'Image: 22'
5.3804 	EXP 	text_7: text = 'Color: 22'
5.3975 	EXP 	text_6: text = 'Image: 22'
5.3975 	EXP 	text_7: text = 'Color: 22'
5.4138 	EXP 	text_6: text = 'Image: 22'
5.4138 	EXP 	text_7: text = 'Color: 22'
5.4313 	EXP 	text_6: text = 'Image: 22'
5.4313 	EXP 	text_7: text = 'Color: 22'
5.4477 	EXP 	text_6: text = 'Image: 22'
5.4477 	EXP 	text_7: text = 'Color: 22'
5.4645 	EXP 	text_6: text = 'Image: 22'
5.4645 	EXP 	text_7: text = 'Color: 22'
5.4812 	EXP 	text_6: text = 'Image: 22'
5.4812 	EXP 	text_7: text = 'Color: 22'
5.4969 	EXP 	text_6: text = 'Image: 22'
5.4969 	EXP 	text_7: text = 'Color: 22'
5.5140 	EXP 	text_6: text = 'Image: 22'
5.5140 	EXP 	text_7: text = 'Color: 22'
5.5313 	EXP 	text_6: text = 'Image: 22'
5.5313 	EXP 	text_7: text = 'Color: 22'
5.5479 	EXP 	text_6: text = 'Image: 22'
5.5479 	EXP 	text_7: text = 'Color: 22'
5.5639 	EXP 	text_6: text = 'Image: 22'
5.5639 	EXP 	text_7: text = 'Color: 22'
5.5812 	EXP 	text_6: text = 'Image: 22'
5.5812 	EXP 	text_7: text = 'Color: 22'
5.5970 	EXP 	text_6: text = 'Image: 22'
5.5970 	EXP 	text_7: text = 'Color: 22'
5.6142 	EXP 	text_6: text = 'Image: 22'
5.6142 	EXP 	text_7: text = 'Color: 22'
5.6317 	EXP 	text_6: text = 'Image: 22'
5.6317 	EXP 	text_7: text = 'Color: 22'
5.6474 	EXP 	text_6: text = 'Image: 22'
5.6474 	EXP 	text_7: text = 'Color: 22'
5.6644 	EXP 	text_6: text = 'Image: 22'
5.6644 	EXP 	text_7: text = 'Color: 22'
5.6808 	EXP 	text_6: text = 'Image: 22'
5.6808 	EXP 	text_7: text = 'Color: 22'
5.6980 	EXP 	text_6: text = 'Image: 22'
5.6980 	EXP 	text_7: text = 'Color: 22'
5.7145 	EXP 	text_6: text = 'Image: 22'
5.7145 	EXP 	text_7: text = 'Color: 22'
5.7312 	EXP 	text_6: text = 'Image: 22'
5.7312 	EXP 	text_7: text = 'Color: 22'
5.7481 	EXP 	text_6: text = 'Image: 22'
5.7481 	EXP 	text_7: text = 'Color: 22'
5.7644 	EXP 	text_6: text = 'Image: 22'
5.7644 	EXP 	text_7: text = 'Color: 22'
5.7813 	EXP 	text_6: text = 'Image: 22'
5.7813 	EXP 	text_7: text = 'Color: 22'
5.7971 	EXP 	text_6: text = 'Image: 22'
5.7971 	EXP 	text_7: text = 'Color: 22'
5.8139 	EXP 	text_6: text = 'Image: 22'
5.8139 	EXP 	text_7: text = 'Color: 22'
5.8313 	EXP 	text_6: text = 'Image: 22'
5.8313 	EXP 	text_7: text = 'Color: 22'
5.8475 	EXP 	text_6: text = 'Image: 22'
5.8475 	EXP 	text_7: text = 'Color: 22'
5.8647 	EXP 	text_6: text = 'Image: 22'
5.8647 	EXP 	text_7: text = 'Color: 22'
5.8809 	EXP 	text_6: text = 'Image: 22'
5.8809 	EXP 	text_7: text = 'Color: 22'
5.8974 	EXP 	text_6: text = 'Image: 22'
5.8974 	EXP 	text_7: text = 'Color: 22'
5.9147 	EXP 	text_6: text = 'Image: 22'
5.9147 	EXP 	text_7: text = 'Color: 22'
5.9313 	EXP 	text_6: text = 'Image: 22'
5.9313 	EXP 	text_7: text = 'Color: 22'
5.9473 	EXP 	text_6: text = 'Image: 22'
5.9473 	EXP 	text_7: text = 'Color: 22'
5.9646 	EXP 	text_6: text = 'Image: 22'
5.9646 	EXP 	text_7: text = 'Color: 22'
5.9808 	EXP 	text_6: text = 'Image: 22'
5.9808 	EXP 	text_7: text = 'Color: 22'
5.9978 	EXP 	text_6: text = 'Image: 22'
5.9978 	EXP 	text_7: text = 'Color: 22'
6.0146 	EXP 	text_6: text = 'Image: 22'
6.0146 	EXP 	text_7: text = 'Color: 22'
6.0307 	EXP 	text_6: text = 'Image: 22'
6.0307 	EXP 	text_7: text = 'Color: 22'
6.0481 	EXP 	text_6: text = 'Image: 22'
6.0481 	EXP 	text_7: text = 'Color: 22'
6.0645 	EXP 	text_6: text = 'Image: 22'
6.0645 	EXP 	text_7: text = 'Color: 22'
6.0809 	EXP 	text_6: text = 'Image: 22'
6.0809 	EXP 	text_7: text = 'Color: 22'
6.0983 	EXP 	text_6: text = 'Image: 22'
6.0983 	EXP 	text_7: text = 'Color: 22'
6.1145 	EXP 	text_6: text = 'Image: 22'
6.1145 	EXP 	text_7: text = 'Color: 22'
6.1316 	EXP 	text_6: text = 'Image: 22'
6.1316 	EXP 	text_7: text = 'Color: 22'
6.1481 	EXP 	text_6: text = 'Image: 22'
6.1481 	EXP 	text_7: text = 'Color: 22'
6.1642 	EXP 	text_6: text = 'Image: 22'
6.1642 	EXP 	text_7: text = 'Color: 22'
6.1808 	EXP 	text_6: text = 'Image: 22'
6.1808 	EXP 	text_7: text = 'Color: 22'
6.1981 	EXP 	text_6: text = 'Image: 22'
6.1981 	EXP 	text_7: text = 'Color: 22'
6.2141 	EXP 	text_6: text = 'Image: 22'
6.2141 	EXP 	text_7: text = 'Color: 22'
6.2316 	EXP 	text_6: text = 'Image: 22'
6.2316 	EXP 	text_7: text = 'Color: 22'
6.2480 	EXP 	text_6: text = 'Image: 22'
6.2480 	EXP 	text_7: text = 'Color: 22'
6.2643 	EXP 	text_6: text = 'Image: 22'
6.2643 	EXP 	text_7: text = 'Color: 22'
6.2808 	EXP 	text_6: text = 'Image: 22'
6.2808 	EXP 	text_7: text = 'Color: 22'
6.2982 	EXP 	text_6: text = 'Image: 22'
6.2982 	EXP 	text_7: text = 'Color: 22'
6.3146 	EXP 	text_6: text = 'Image: 22'
6.3146 	EXP 	text_7: text = 'Color: 22'
6.3309 	EXP 	text_6: text = 'Image: 22'
6.3309 	EXP 	text_7: text = 'Color: 22'
6.3484 	EXP 	text_6: text = 'Image: 22'
6.3484 	EXP 	text_7: text = 'Color: 22'
6.3642 	EXP 	text_6: text = 'Image: 22'
6.3642 	EXP 	text_7: text = 'Color: 22'
6.3815 	EXP 	text_6: text = 'Image: 22'
6.3815 	EXP 	text_7: text = 'Color: 22'
6.3975 	EXP 	text_6: text = 'Image: 22'
6.3975 	EXP 	text_7: text = 'Color: 22'
6.4148 	EXP 	text_6: text = 'Image: 22'
6.4148 	EXP 	text_7: text = 'Color: 22'
6.4309 	EXP 	text_6: text = 'Image: 22'
6.4309 	EXP 	text_7: text = 'Color: 22'
6.4475 	EXP 	text_6: text = 'Image: 22'
6.4475 	EXP 	text_7: text = 'Color: 22'
6.4646 	EXP 	text_6: text = 'Image: 22'
6.4646 	EXP 	text_7: text = 'Color: 22'
6.4810 	EXP 	text_6: text = 'Image: 22'
6.4810 	EXP 	text_7: text = 'Color: 22'
6.4975 	EXP 	text_6: text = 'Image: 22'
6.4975 	EXP 	text_7: text = 'Color: 22'
6.5151 	EXP 	text_6: text = 'Image: 22'
6.5151 	EXP 	text_7: text = 'Color: 22'
6.5316 	EXP 	text_6: text = 'Image: 22'
6.5316 	EXP 	text_7: text = 'Color: 22'
6.5482 	EXP 	text_6: text = 'Image: 22'
6.5482 	EXP 	text_7: text = 'Color: 22'
6.5650 	EXP 	text_6: text = 'Image: 22'
6.5650 	EXP 	text_7: text = 'Color: 22'
6.5815 	EXP 	text_6: text = 'Image: 22'
6.5815 	EXP 	text_7: text = 'Color: 22'
6.5979 	EXP 	text_6: text = 'Image: 22'
6.5979 	EXP 	text_7: text = 'Color: 22'
6.6150 	EXP 	text_6: text = 'Image: 22'
6.6150 	EXP 	text_7: text = 'Color: 22'
6.6317 	EXP 	text_6: text = 'Image: 22'
6.6317 	EXP 	text_7: text = 'Color: 22'
6.6480 	EXP 	text_6: text = 'Image: 22'
6.6480 	EXP 	text_7: text = 'Color: 22'
6.6641 	EXP 	text_6: text = 'Image: 22'
6.6641 	EXP 	text_7: text = 'Color: 22'
6.6816 	EXP 	text_6: text = 'Image: 22'
6.6816 	EXP 	text_7: text = 'Color: 22'
6.6982 	EXP 	text_6: text = 'Image: 22'
6.6982 	EXP 	text_7: text = 'Color: 22'
6.7145 	EXP 	text_6: text = 'Image: 22'
6.7145 	EXP 	text_7: text = 'Color: 22'
6.7315 	EXP 	text_6: text = 'Image: 22'
6.7315 	EXP 	text_7: text = 'Color: 22'
6.7476 	EXP 	text_6: text = 'Image: 22'
6.7476 	EXP 	text_7: text = 'Color: 22'
6.7647 	EXP 	text_6: text = 'Image: 22'
6.7647 	EXP 	text_7: text = 'Color: 22'
6.7807 	EXP 	text_6: text = 'Image: 22'
6.7807 	EXP 	text_7: text = 'Color: 22'
6.7980 	EXP 	text_6: text = 'Image: 22'
6.7980 	EXP 	text_7: text = 'Color: 22'
6.8145 	EXP 	text_6: text = 'Image: 22'
6.8145 	EXP 	text_7: text = 'Color: 22'
6.8317 	EXP 	text_6: text = 'Image: 22'
6.8317 	EXP 	text_7: text = 'Color: 22'
6.8484 	EXP 	text_6: text = 'Image: 22'
6.8484 	EXP 	text_7: text = 'Color: 22'
6.8647 	EXP 	text_6: text = 'Image: 22'
6.8647 	EXP 	text_7: text = 'Color: 22'
6.8807 	EXP 	text_6: text = 'Image: 22'
6.8807 	EXP 	text_7: text = 'Color: 22'
6.8978 	EXP 	text_6: text = 'Image: 22'
6.8978 	EXP 	text_7: text = 'Color: 22'
6.9147 	EXP 	text_6: text = 'Image: 22'
6.9147 	EXP 	text_7: text = 'Color: 22'
6.9308 	EXP 	text_6: text = 'Image: 22'
6.9308 	EXP 	text_7: text = 'Color: 22'
6.9483 	EXP 	text_6: text = 'Image: 22'
6.9483 	EXP 	text_7: text = 'Color: 22'
6.9652 	EXP 	text_6: text = 'Image: 22'
6.9652 	EXP 	text_7: text = 'Color: 22'
6.9812 	EXP 	text_6: text = 'Image: 22'
6.9812 	EXP 	text_7: text = 'Color: 22'
6.9985 	EXP 	text_6: text = 'Image: 22'
6.9985 	EXP 	text_7: text = 'Color: 22'
7.0143 	EXP 	text_6: text = 'Image: 22'
7.0143 	EXP 	text_7: text = 'Color: 22'
7.0318 	EXP 	text_6: text = 'Image: 22'
7.0318 	EXP 	text_7: text = 'Color: 22'
7.0482 	EXP 	text_6: text = 'Image: 22'
7.0482 	EXP 	text_7: text = 'Color: 22'
7.0644 	EXP 	text_6: text = 'Image: 22'
7.0644 	EXP 	text_7: text = 'Color: 22'
7.0816 	EXP 	text_6: text = 'Image: 22'
7.0816 	EXP 	text_7: text = 'Color: 22'
7.0980 	EXP 	text_6: text = 'Image: 22'
7.0980 	EXP 	text_7: text = 'Color: 22'
7.1145 	EXP 	text_6: text = 'Image: 22'
7.1145 	EXP 	text_7: text = 'Color: 22'
7.1317 	EXP 	text_6: text = 'Image: 22'
7.1317 	EXP 	text_7: text = 'Color: 22'
7.1481 	EXP 	text_6: text = 'Image: 22'
7.1481 	EXP 	text_7: text = 'Color: 22'
7.1641 	EXP 	text_6: text = 'Image: 22'
7.1641 	EXP 	text_7: text = 'Color: 22'
7.1812 	EXP 	text_6: text = 'Image: 22'
7.1812 	EXP 	text_7: text = 'Color: 22'
7.1978 	EXP 	text_6: text = 'Image: 22'
7.1978 	EXP 	text_7: text = 'Color: 22'
7.2149 	EXP 	text_6: text = 'Image: 22'
7.2149 	EXP 	text_7: text = 'Color: 22'
7.2311 	EXP 	text_6: text = 'Image: 22'
7.2311 	EXP 	text_7: text = 'Color: 22'
7.2484 	EXP 	text_6: text = 'Image: 22'
7.2484 	EXP 	text_7: text = 'Color: 22'
7.2645 	EXP 	text_6: text = 'Image: 22'
7.2645 	EXP 	text_7: text = 'Color: 22'
7.2816 	EXP 	text_6: text = 'Image: 22'
7.2816 	EXP 	text_7: text = 'Color: 22'
7.2984 	EXP 	text_6: text = 'Image: 22'
7.2984 	EXP 	text_7: text = 'Color: 22'
7.3146 	EXP 	text_6: text = 'Image: 22'
7.3146 	EXP 	text_7: text = 'Color: 22'
7.3308 	EXP 	text_6: text = 'Image: 22'
7.3308 	EXP 	text_7: text = 'Color: 22'
7.3478 	EXP 	text_6: text = 'Image: 22'
7.3478 	EXP 	text_7: text = 'Color: 22'
7.3647 	EXP 	text_6: text = 'Image: 22'
7.3647 	EXP 	text_7: text = 'Color: 22'
7.3805 	EXP 	text_6: text = 'Image: 22'
7.3805 	EXP 	text_7: text = 'Color: 22'
7.3977 	EXP 	text_6: text = 'Image: 22'
7.3977 	EXP 	text_7: text = 'Color: 22'
7.4150 	EXP 	text_6: text = 'Image: 22'
7.4150 	EXP 	text_7: text = 'Color: 22'
7.4312 	EXP 	text_6: text = 'Image: 22'
7.4312 	EXP 	text_7: text = 'Color: 22'
7.4479 	EXP 	text_6: text = 'Image: 22'
7.4479 	EXP 	text_7: text = 'Color: 22'
7.4643 	EXP 	text_6: text = 'Image: 22'
7.4643 	EXP 	text_7: text = 'Color: 22'
7.4818 	EXP 	text_6: text = 'Image: 22'
7.4818 	EXP 	text_7: text = 'Color: 22'
7.4978 	EXP 	text_6: text = 'Image: 22'
7.4978 	EXP 	text_7: text = 'Color: 22'
7.5149 	EXP 	text_6: text = 'Image: 22'
7.5149 	EXP 	text_7: text = 'Color: 22'
7.5309 	EXP 	text_6: text = 'Image: 22'
7.5309 	EXP 	text_7: text = 'Color: 22'
7.5482 	EXP 	text_6: text = 'Image: 22'
7.5482 	EXP 	text_7: text = 'Color: 22'
7.5650 	EXP 	text_6: text = 'Image: 22'
7.5650 	EXP 	text_7: text = 'Color: 22'
7.5810 	EXP 	text_6: text = 'Image: 22'
7.5810 	EXP 	text_7: text = 'Color: 22'
7.5985 	EXP 	text_6: text = 'Image: 22'
7.5985 	EXP 	text_7: text = 'Color: 22'
7.6145 	EXP 	text_6: text = 'Image: 22'
7.6145 	EXP 	text_7: text = 'Color: 22'
7.6318 	EXP 	text_6: text = 'Image: 22'
7.6318 	EXP 	text_7: text = 'Color: 22'
7.6485 	EXP 	text_6: text = 'Image: 22'
7.6485 	EXP 	text_7: text = 'Color: 22'
7.6648 	EXP 	text_6: text = 'Image: 22'
7.6648 	EXP 	text_7: text = 'Color: 22'
7.6820 	EXP 	text_6: text = 'Image: 22'
7.6820 	EXP 	text_7: text = 'Color: 22'
7.6982 	EXP 	text_6: text = 'Image: 22'
7.6982 	EXP 	text_7: text = 'Color: 22'
7.7153 	EXP 	text_6: text = 'Image: 22'
7.7153 	EXP 	text_7: text = 'Color: 22'
7.7315 	EXP 	text_6: text = 'Image: 22'
7.7315 	EXP 	text_7: text = 'Color: 22'
7.7476 	EXP 	text_6: text = 'Image: 22'
7.7476 	EXP 	text_7: text = 'Color: 22'
7.7650 	EXP 	text_6: text = 'Image: 22'
7.7650 	EXP 	text_7: text = 'Color: 22'
7.7808 	EXP 	text_6: text = 'Image: 22'
7.7808 	EXP 	text_7: text = 'Color: 22'
7.7979 	EXP 	text_6: text = 'Image: 22'
7.7979 	EXP 	text_7: text = 'Color: 22'
7.8147 	EXP 	text_6: text = 'Image: 22'
7.8147 	EXP 	text_7: text = 'Color: 22'
7.8320 	EXP 	text_6: text = 'Image: 22'
7.8320 	EXP 	text_7: text = 'Color: 22'
7.8482 	EXP 	text_6: text = 'Image: 22'
7.8482 	EXP 	text_7: text = 'Color: 22'
7.8651 	EXP 	text_6: text = 'Image: 22'
7.8651 	EXP 	text_7: text = 'Color: 22'
7.8812 	EXP 	text_6: text = 'Image: 22'
7.8812 	EXP 	text_7: text = 'Color: 22'
7.8983 	EXP 	text_6: text = 'Image: 22'
7.8983 	EXP 	text_7: text = 'Color: 22'
7.9145 	EXP 	text_6: text = 'Image: 22'
7.9145 	EXP 	text_7: text = 'Color: 22'
7.9320 	EXP 	text_6: text = 'Image: 22'
7.9320 	EXP 	text_7: text = 'Color: 22'
7.9484 	EXP 	text_6: text = 'Image: 22'
7.9484 	EXP 	text_7: text = 'Color: 22'
7.9645 	EXP 	text_6: text = 'Image: 22'
7.9645 	EXP 	text_7: text = 'Color: 22'
7.9817 	EXP 	text_6: text = 'Image: 22'
7.9817 	EXP 	text_7: text = 'Color: 22'
7.9981 	EXP 	text_6: text = 'Image: 22'
7.9981 	EXP 	text_7: text = 'Color: 22'
8.0151 	EXP 	text_6: text = 'Image: 22'
8.0151 	EXP 	text_7: text = 'Color: 22'
8.0311 	EXP 	text_6: text = 'Image: 22'
8.0311 	EXP 	text_7: text = 'Color: 22'
8.0487 	EXP 	text_6: text = 'Image: 22'
8.0487 	EXP 	text_7: text = 'Color: 22'
8.0650 	EXP 	text_6: text = 'Image: 22'
8.0650 	EXP 	text_7: text = 'Color: 22'
8.0812 	EXP 	text_6: text = 'Image: 22'
8.0812 	EXP 	text_7: text = 'Color: 22'
8.0984 	EXP 	text_6: text = 'Image: 22'
8.0984 	EXP 	text_7: text = 'Color: 22'
8.1145 	EXP 	text_6: text = 'Image: 22'
8.1145 	EXP 	text_7: text = 'Color: 22'
8.1318 	EXP 	text_6: text = 'Image: 22'
8.1318 	EXP 	text_7: text = 'Color: 22'
8.1478 	EXP 	text_6: text = 'Image: 22'
8.1478 	EXP 	text_7: text = 'Color: 22'
8.1643 	EXP 	text_6: text = 'Image: 22'
8.1643 	EXP 	text_7: text = 'Color: 22'
8.1813 	EXP 	text_6: text = 'Image: 22'
8.1813 	EXP 	text_7: text = 'Color: 22'
8.1984 	EXP 	text_6: text = 'Image: 22'
8.1984 	EXP 	text_7: text = 'Color: 22'
8.2145 	EXP 	text_6: text = 'Image: 22'
8.2145 	EXP 	text_7: text = 'Color: 22'
8.2317 	EXP 	text_6: text = 'Image: 22'
8.2317 	EXP 	text_7: text = 'Color: 22'
8.2478 	EXP 	text_6: text = 'Image: 22'
8.2478 	EXP 	text_7: text = 'Color: 22'
8.2647 	EXP 	text_6: text = 'Image: 22'
8.2647 	EXP 	text_7: text = 'Color: 22'
8.2818 	EXP 	text_6: text = 'Image: 22'
8.2818 	EXP 	text_7: text = 'Color: 22'
8.2979 	EXP 	text_6: text = 'Image: 22'
8.2979 	EXP 	text_7: text = 'Color: 22'
8.3143 	EXP 	text_6: text = 'Image: 22'
8.3143 	EXP 	text_7: text = 'Color: 22'
8.3310 	EXP 	text_6: text = 'Image: 22'
8.3310 	EXP 	text_7: text = 'Color: 22'
8.3485 	EXP 	text_6: text = 'Image: 22'
8.3485 	EXP 	text_7: text = 'Color: 22'
8.3646 	EXP 	text_6: text = 'Image: 22'
8.3646 	EXP 	text_7: text = 'Color: 22'
8.3817 	EXP 	text_6: text = 'Image: 22'
8.3817 	EXP 	text_7: text = 'Color: 22'
8.3979 	EXP 	text_6: text = 'Image: 22'
8.3979 	EXP 	text_7: text = 'Color: 22'
8.4152 	EXP 	text_6: text = 'Image: 22'
8.4152 	EXP 	text_7: text = 'Color: 22'
8.4313 	EXP 	text_6: text = 'Image: 22'
8.4313 	EXP 	text_7: text = 'Color: 22'
8.4473 	EXP 	text_6: text = 'Image: 22'
8.4473 	EXP 	text_7: text = 'Color: 22'
8.4646 	EXP 	text_6: text = 'Image: 22'
8.4646 	EXP 	text_7: text = 'Color: 22'
8.4818 	EXP 	text_6: text = 'Image: 22'
8.4818 	EXP 	text_7: text = 'Color: 22'
8.4983 	EXP 	text_6: text = 'Image: 22'
8.4983 	EXP 	text_7: text = 'Color: 22'
8.5143 	EXP 	text_6: text = 'Image: 22'
8.5143 	EXP 	text_7: text = 'Color: 22'
8.5315 	EXP 	text_6: text = 'Image: 22'
8.5315 	EXP 	text_7: text = 'Color: 22'
8.5486 	EXP 	text_6: text = 'Image: 22'
8.5486 	EXP 	text_7: text = 'Color: 22'
8.5646 	EXP 	text_6: text = 'Image: 22'
8.5646 	EXP 	text_7: text = 'Color: 22'
8.5817 	EXP 	text_6: text = 'Image: 22'
8.5817 	EXP 	text_7: text = 'Color: 22'
8.5979 	EXP 	text_6: text = 'Image: 22'
8.5979 	EXP 	text_7: text = 'Color: 22'
8.6150 	EXP 	text_6: text = 'Image: 22'
8.6150 	EXP 	text_7: text = 'Color: 22'
8.6315 	EXP 	text_6: text = 'Image: 22'
8.6315 	EXP 	text_7: text = 'Color: 22'
8.6486 	EXP 	text_6: text = 'Image: 22'
8.6486 	EXP 	text_7: text = 'Color: 22'
8.6642 	EXP 	text_6: text = 'Image: 22'
8.6642 	EXP 	text_7: text = 'Color: 22'
8.6817 	EXP 	text_6: text = 'Image: 22'
8.6817 	EXP 	text_7: text = 'Color: 22'
8.6977 	EXP 	text_6: text = 'Image: 22'
8.6977 	EXP 	text_7: text = 'Color: 22'
8.7149 	EXP 	text_6: text = 'Image: 22'
8.7149 	EXP 	text_7: text = 'Color: 22'
8.7310 	EXP 	text_6: text = 'Image: 22'
8.7310 	EXP 	text_7: text = 'Color: 22'
8.7480 	EXP 	text_6: text = 'Image: 22'
8.7480 	EXP 	text_7: text = 'Color: 22'
8.7643 	EXP 	text_6: text = 'Image: 22'
8.7643 	EXP 	text_7: text = 'Color: 22'
8.7815 	EXP 	text_6: text = 'Image: 22'
8.7815 	EXP 	text_7: text = 'Color: 22'
8.7986 	EXP 	text_6: text = 'Image: 22'
8.7986 	EXP 	text_7: text = 'Color: 22'
8.8146 	EXP 	text_6: text = 'Image: 22'
8.8146 	EXP 	text_7: text = 'Color: 22'
8.8316 	EXP 	text_6: text = 'Image: 22'
8.8316 	EXP 	text_7: text = 'Color: 22'
8.8479 	EXP 	text_6: text = 'Image: 22'
8.8479 	EXP 	text_7: text = 'Color: 22'
8.8651 	EXP 	text_6: text = 'Image: 22'
8.8651 	EXP 	text_7: text = 'Color: 22'
8.8807 	EXP 	text_6: text = 'Image: 22'
8.8807 	EXP 	text_7: text = 'Color: 22'
8.8986 	EXP 	text_6: text = 'Image: 22'
8.8986 	EXP 	text_7: text = 'Color: 22'
8.9148 	EXP 	text_6: text = 'Image: 22'
8.9148 	EXP 	text_7: text = 'Color: 22'
8.9319 	EXP 	text_6: text = 'Image: 22'
8.9319 	EXP 	text_7: text = 'Color: 22'
8.9481 	EXP 	text_6: text = 'Image: 22'
8.9481 	EXP 	text_7: text = 'Color: 22'
8.9643 	EXP 	text_6: text = 'Image: 22'
8.9643 	EXP 	text_7: text = 'Color: 22'
8.9817 	EXP 	text_6: text = 'Image: 22'
8.9817 	EXP 	text_7: text = 'Color: 22'
8.9976 	EXP 	text_6: text = 'Image: 22'
8.9976 	EXP 	text_7: text = 'Color: 22'
9.0147 	EXP 	text_6: text = 'Image: 22'
9.0147 	EXP 	text_7: text = 'Color: 22'
9.0318 	EXP 	text_6: text = 'Image: 22'
9.0318 	EXP 	text_7: text = 'Color: 22'
9.0479 	EXP 	text_6: text = 'Image: 22'
9.0479 	EXP 	text_7: text = 'Color: 22'
9.0643 	EXP 	text_6: text = 'Image: 22'
9.0643 	EXP 	text_7: text = 'Color: 22'
9.0816 	EXP 	text_6: text = 'Image: 22'
9.0816 	EXP 	text_7: text = 'Color: 22'
9.0976 	EXP 	text_6: text = 'Image: 22'
9.0976 	EXP 	text_7: text = 'Color: 22'
9.1148 	EXP 	text_6: text = 'Image: 22'
9.1148 	EXP 	text_7: text = 'Color: 22'
9.1319 	EXP 	text_6: text = 'Image: 22'
9.1319 	EXP 	text_7: text = 'Color: 22'
9.1476 	EXP 	text_6: text = 'Image: 22'
9.1476 	EXP 	text_7: text = 'Color: 22'
9.1643 	EXP 	text_6: text = 'Image: 22'
9.1643 	EXP 	text_7: text = 'Color: 22'
9.1815 	EXP 	text_6: text = 'Image: 22'
9.1815 	EXP 	text_7: text = 'Color: 22'
9.1978 	EXP 	text_6: text = 'Image: 22'
9.1978 	EXP 	text_7: text = 'Color: 22'
9.2149 	EXP 	text_6: text = 'Image: 22'
9.2149 	EXP 	text_7: text = 'Color: 22'
9.2310 	EXP 	text_6: text = 'Image: 22'
9.2310 	EXP 	text_7: text = 'Color: 22'
9.2482 	EXP 	text_6: text = 'Image: 22'
9.2482 	EXP 	text_7: text = 'Color: 22'
9.2645 	EXP 	text_6: text = 'Image: 22'
9.2645 	EXP 	text_7: text = 'Color: 22'
9.2811 	EXP 	text_6: text = 'Image: 22'
9.2811 	EXP 	text_7: text = 'Color: 22'
9.2981 	EXP 	text_6: text = 'Image: 22'
9.2981 	EXP 	text_7: text = 'Color: 22'
9.3145 	EXP 	text_6: text = 'Image: 22'
9.3145 	EXP 	text_7: text = 'Color: 22'
9.3320 	EXP 	text_6: text = 'Image: 22'
9.3320 	EXP 	text_7: text = 'Color: 22'
9.3481 	EXP 	text_6: text = 'Image: 22'
9.3481 	EXP 	text_7: text = 'Color: 22'
9.3644 	EXP 	text_6: text = 'Image: 22'
9.3644 	EXP 	text_7: text = 'Color: 22'
9.3819 	EXP 	text_6: text = 'Image: 22'
9.3819 	EXP 	text_7: text = 'Color: 22'
9.3978 	EXP 	text_6: text = 'Image: 22'
9.3978 	EXP 	text_7: text = 'Color: 22'
9.4149 	EXP 	text_6: text = 'Image: 22'
9.4149 	EXP 	text_7: text = 'Color: 22'
9.4317 	EXP 	text_6: text = 'Image: 22'
9.4317 	EXP 	text_7: text = 'Color: 22'
9.4488 	EXP 	text_6: text = 'Image: 22'
9.4488 	EXP 	text_7: text = 'Color: 22'
9.4644 	EXP 	text_6: text = 'Image: 22'
9.4644 	EXP 	text_7: text = 'Color: 22'
9.4820 	EXP 	text_6: text = 'Image: 22'
9.4820 	EXP 	text_7: text = 'Color: 22'
9.4980 	EXP 	text_6: text = 'Image: 22'
9.4980 	EXP 	text_7: text = 'Color: 22'
9.5152 	EXP 	text_6: text = 'Image: 22'
9.5152 	EXP 	text_7: text = 'Color: 22'
9.5313 	EXP 	text_6: text = 'Image: 22'
9.5313 	EXP 	text_7: text = 'Color: 22'
9.5483 	EXP 	text_6: text = 'Image: 22'
9.5483 	EXP 	text_7: text = 'Color: 22'
9.5644 	EXP 	text_6: text = 'Image: 22'
9.5644 	EXP 	text_7: text = 'Color: 22'
9.5811 	EXP 	text_6: text = 'Image: 22'
9.5811 	EXP 	text_7: text = 'Color: 22'
9.5982 	EXP 	text_6: text = 'Image: 22'
9.5982 	EXP 	text_7: text = 'Color: 22'
9.6152 	EXP 	text_6: text = 'Image: 22'
9.6152 	EXP 	text_7: text = 'Color: 22'
9.6317 	EXP 	text_6: text = 'Image: 22'
9.6317 	EXP 	text_7: text = 'Color: 22'
9.6477 	EXP 	text_6: text = 'Image: 22'
9.6477 	EXP 	text_7: text = 'Color: 22'
9.6649 	EXP 	text_6: text = 'Image: 22'
9.6649 	EXP 	text_7: text = 'Color: 22'
9.6810 	EXP 	text_6: text = 'Image: 22'
9.6810 	EXP 	text_7: text = 'Color: 22'
9.6979 	EXP 	text_6: text = 'Image: 22'
9.6979 	EXP 	text_7: text = 'Color: 22'
9.7149 	EXP 	text_6: text = 'Image: 22'
9.7149 	EXP 	text_7: text = 'Color: 22'
9.7320 	EXP 	text_6: text = 'Image: 22'
9.7320 	EXP 	text_7: text = 'Color: 22'
9.7483 	EXP 	text_6: text = 'Image: 22'
9.7483 	EXP 	text_7: text = 'Color: 22'
9.7644 	EXP 	text_6: text = 'Image: 22'
9.7644 	EXP 	text_7: text = 'Color: 22'
9.7815 	EXP 	text_6: text = 'Image: 22'
9.7815 	EXP 	text_7: text = 'Color: 22'
9.7987 	EXP 	text_6: text = 'Image: 22'
9.7987 	EXP 	text_7: text = 'Color: 22'
9.8148 	EXP 	text_6: text = 'Image: 22'
9.8148 	EXP 	text_7: text = 'Color: 22'
9.8310 	EXP 	text_6: text = 'Image: 22'
9.8310 	EXP 	text_7: text = 'Color: 22'
9.8481 	EXP 	text_6: text = 'Image: 22'
9.8481 	EXP 	text_7: text = 'Color: 22'
9.8652 	EXP 	text_6: text = 'Image: 22'
9.8652 	EXP 	text_7: text = 'Color: 22'
9.8815 	EXP 	text_6: text = 'Image: 22'
9.8815 	EXP 	text_7: text = 'Color: 22'
9.8979 	EXP 	text_6: text = 'Image: 22'
9.8979 	EXP 	text_7: text = 'Color: 22'
9.9146 	EXP 	text_6: text = 'Image: 22'
9.9146 	EXP 	text_7: text = 'Color: 22'
9.9317 	EXP 	text_6: text = 'Image: 22'
9.9317 	EXP 	text_7: text = 'Color: 22'
9.9480 	EXP 	text_6: text = 'Image: 22'
9.9480 	EXP 	text_7: text = 'Color: 22'
9.9646 	EXP 	text_6: text = 'Image: 22'
9.9646 	EXP 	text_7: text = 'Color: 22'
9.9812 	EXP 	text_6: text = 'Image: 22'
9.9812 	EXP 	text_7: text = 'Color: 22'
9.9984 	EXP 	text_6: text = 'Image: 22'
9.9984 	EXP 	text_7: text = 'Color: 22'
10.0146 	EXP 	text_6: text = 'Image: 22'
10.0146 	EXP 	text_7: text = 'Color: 22'
10.0313 	EXP 	text_6: text = 'Image: 22'
10.0313 	EXP 	text_7: text = 'Color: 22'
10.0486 	EXP 	text_6: text = 'Image: 22'
10.0486 	EXP 	text_7: text = 'Color: 22'
10.0645 	EXP 	text_6: text = 'Image: 22'
10.0645 	EXP 	text_7: text = 'Color: 22'
10.0818 	EXP 	text_6: text = 'Image: 22'
10.0818 	EXP 	text_7: text = 'Color: 22'
10.0978 	EXP 	text_6: text = 'Image: 22'
10.0978 	EXP 	text_7: text = 'Color: 22'
10.1151 	EXP 	text_6: text = 'Image: 22'
10.1151 	EXP 	text_7: text = 'Color: 22'
10.1315 	EXP 	text_6: text = 'Image: 22'
10.1315 	EXP 	text_7: text = 'Color: 22'
10.1327 	DATA 	Mouse: wheel shift=(0,0), pos=(879,1267)
10.1331 	DATA 	Mouse: wheel shift=(0,0), pos=(879,1267)
10.1487 	EXP 	text_6: text = 'Image: 22'
10.1487 	EXP 	text_7: text = 'Color: 22'
10.1649 	EXP 	text_6: text = 'Image: 22'
10.1649 	EXP 	text_7: text = 'Color: 22'
10.1661 	DATA 	Mouse: wheel shift=(0,0), pos=(879,1267)
10.1821 	EXP 	text_6: text = 'Image: 22'
10.1821 	EXP 	text_7: text = 'Color: 22'
10.1832 	DATA 	Mouse: wheel shift=(0,0), pos=(879,1267)
10.1987 	EXP 	text_6: text = 'Image: 22'
10.1987 	EXP 	text_7: text = 'Color: 22'
10.2147 	EXP 	text_6: text = 'Image: 22'
10.2147 	EXP 	text_7: text = 'Color: 22'
10.2315 	EXP 	text_6: text = 'Image: 22'
10.2315 	EXP 	text_7: text = 'Color: 22'
10.2480 	EXP 	text_6: text = 'Image: 22'
10.2480 	EXP 	text_7: text = 'Color: 22'
10.2651 	EXP 	text_6: text = 'Image: 22'
10.2651 	EXP 	text_7: text = 'Color: 22'
10.2813 	EXP 	text_6: text = 'Image: 22'
10.2813 	EXP 	text_7: text = 'Color: 22'
10.2974 	EXP 	text_6: text = 'Image: 22'
10.2974 	EXP 	text_7: text = 'Color: 22'
10.3154 	EXP 	text_6: text = 'Image: 22'
10.3154 	EXP 	text_7: text = 'Color: 22'
10.3318 	EXP 	text_6: text = 'Image: 22'
10.3318 	EXP 	text_7: text = 'Color: 22'
10.3478 	EXP 	text_6: text = 'Image: 22'
10.3478 	EXP 	text_7: text = 'Color: 22'
10.3645 	EXP 	text_6: text = 'Image: 22'
10.3645 	EXP 	text_7: text = 'Color: 22'
10.3813 	EXP 	text_6: text = 'Image: 22'
10.3813 	EXP 	text_7: text = 'Color: 22'
10.3996 	EXP 	text_6: text = 'Image: 22'
10.3996 	EXP 	text_7: text = 'Color: 22'
10.4157 	EXP 	text_6: text = 'Image: 22'
10.4157 	EXP 	text_7: text = 'Color: 22'
10.4329 	EXP 	text_6: text = 'Image: 22'
10.4329 	EXP 	text_7: text = 'Color: 22'
10.4492 	EXP 	text_6: text = 'Image: 22'
10.4492 	EXP 	text_7: text = 'Color: 22'
10.4654 	EXP 	text_6: text = 'Image: 22'
10.4654 	EXP 	text_7: text = 'Color: 22'
10.4826 	EXP 	text_6: text = 'Image: 22'
10.4826 	EXP 	text_7: text = 'Color: 22'
10.4988 	EXP 	text_6: text = 'Image: 22'
10.4988 	EXP 	text_7: text = 'Color: 22'
10.5161 	EXP 	text_6: text = 'Image: 22'
10.5161 	EXP 	text_7: text = 'Color: 22'
10.5326 	EXP 	text_6: text = 'Image: 22'
10.5326 	EXP 	text_7: text = 'Color: 22'
10.5491 	EXP 	text_6: text = 'Image: 22'
10.5491 	EXP 	text_7: text = 'Color: 22'
10.5655 	EXP 	text_6: text = 'Image: 22'
10.5655 	EXP 	text_7: text = 'Color: 22'
10.5828 	EXP 	text_6: text = 'Image: 22'
10.5828 	EXP 	text_7: text = 'Color: 22'
10.5985 	EXP 	text_6: text = 'Image: 22'
10.5985 	EXP 	text_7: text = 'Color: 22'
10.6150 	EXP 	text_6: text = 'Image: 22'
10.6150 	EXP 	text_7: text = 'Color: 22'
10.6320 	EXP 	text_6: text = 'Image: 22'
10.6320 	EXP 	text_7: text = 'Color: 22'
10.6490 	EXP 	text_6: text = 'Image: 22'
10.6490 	EXP 	text_7: text = 'Color: 22'
10.6657 	EXP 	text_6: text = 'Image: 22'
10.6657 	EXP 	text_7: text = 'Color: 22'
10.6819 	EXP 	text_6: text = 'Image: 22'
10.6819 	EXP 	text_7: text = 'Color: 22'
10.6988 	EXP 	text_6: text = 'Image: 22'
10.6988 	EXP 	text_7: text = 'Color: 22'
10.7156 	EXP 	text_6: text = 'Image: 22'
10.7156 	EXP 	text_7: text = 'Color: 22'
10.7325 	EXP 	text_6: text = 'Image: 22'
10.7325 	EXP 	text_7: text = 'Color: 22'
10.7495 	EXP 	text_6: text = 'Image: 22'
10.7495 	EXP 	text_7: text = 'Color: 22'
10.7659 	EXP 	text_6: text = 'Image: 22'
10.7659 	EXP 	text_7: text = 'Color: 22'
10.7823 	EXP 	text_6: text = 'Image: 22'
10.7823 	EXP 	text_7: text = 'Color: 22'
10.7987 	EXP 	text_6: text = 'Image: 22'
10.7987 	EXP 	text_7: text = 'Color: 22'
10.8161 	EXP 	text_6: text = 'Image: 22'
10.8161 	EXP 	text_7: text = 'Color: 22'
10.8323 	EXP 	text_6: text = 'Image: 22'
10.8323 	EXP 	text_7: text = 'Color: 22'
10.8486 	EXP 	text_6: text = 'Image: 22'
10.8486 	EXP 	text_7: text = 'Color: 22'
10.8663 	EXP 	text_6: text = 'Image: 22'
10.8663 	EXP 	text_7: text = 'Color: 22'
10.8826 	EXP 	text_6: text = 'Image: 22'
10.8826 	EXP 	text_7: text = 'Color: 22'
10.8991 	EXP 	text_6: text = 'Image: 22'
10.8991 	EXP 	text_7: text = 'Color: 22'
10.9161 	EXP 	text_6: text = 'Image: 22'
10.9161 	EXP 	text_7: text = 'Color: 22'
10.9328 	EXP 	text_6: text = 'Image: 22'
10.9328 	EXP 	text_7: text = 'Color: 22'
10.9495 	EXP 	text_6: text = 'Image: 22'
10.9495 	EXP 	text_7: text = 'Color: 22'
10.9653 	EXP 	text_6: text = 'Image: 22'
10.9653 	EXP 	text_7: text = 'Color: 22'
10.9826 	EXP 	text_6: text = 'Image: 22'
10.9826 	EXP 	text_7: text = 'Color: 22'
10.9990 	EXP 	text_6: text = 'Image: 22'
10.9990 	EXP 	text_7: text = 'Color: 22'
11.0153 	EXP 	text_6: text = 'Image: 22'
11.0153 	EXP 	text_7: text = 'Color: 22'
11.0328 	EXP 	text_6: text = 'Image: 22'
11.0328 	EXP 	text_7: text = 'Color: 22'
11.0491 	EXP 	text_6: text = 'Image: 22'
11.0491 	EXP 	text_7: text = 'Color: 22'
11.0653 	EXP 	text_6: text = 'Image: 22'
11.0653 	EXP 	text_7: text = 'Color: 22'
11.0828 	EXP 	text_6: text = 'Image: 22'
11.0828 	EXP 	text_7: text = 'Color: 22'
11.0990 	EXP 	text_6: text = 'Image: 22'
11.0990 	EXP 	text_7: text = 'Color: 22'
11.1157 	EXP 	text_6: text = 'Image: 22'
11.1157 	EXP 	text_7: text = 'Color: 22'
11.1329 	EXP 	text_6: text = 'Image: 22'
11.1329 	EXP 	text_7: text = 'Color: 22'
11.1487 	EXP 	text_6: text = 'Image: 22'
11.1487 	EXP 	text_7: text = 'Color: 22'
11.1656 	EXP 	text_6: text = 'Image: 22'
11.1656 	EXP 	text_7: text = 'Color: 22'
11.1820 	EXP 	text_6: text = 'Image: 22'
11.1820 	EXP 	text_7: text = 'Color: 22'
11.1993 	EXP 	text_6: text = 'Image: 22'
11.1993 	EXP 	text_7: text = 'Color: 22'
11.2157 	EXP 	text_6: text = 'Image: 22'
11.2157 	EXP 	text_7: text = 'Color: 22'
11.2320 	EXP 	text_6: text = 'Image: 22'
11.2320 	EXP 	text_7: text = 'Color: 22'
11.2497 	EXP 	text_6: text = 'Image: 22'
11.2497 	EXP 	text_7: text = 'Color: 22'
11.2658 	EXP 	text_6: text = 'Image: 22'
11.2658 	EXP 	text_7: text = 'Color: 22'
11.2827 	EXP 	text_6: text = 'Image: 22'
11.2827 	EXP 	text_7: text = 'Color: 22'
11.2996 	EXP 	text_6: text = 'Image: 22'
11.2996 	EXP 	text_7: text = 'Color: 22'
11.3165 	EXP 	text_6: text = 'Image: 22'
11.3165 	EXP 	text_7: text = 'Color: 22'
11.3328 	EXP 	text_6: text = 'Image: 22'
11.3328 	EXP 	text_7: text = 'Color: 22'
11.3490 	EXP 	text_6: text = 'Image: 22'
11.3490 	EXP 	text_7: text = 'Color: 22'
11.3662 	EXP 	text_6: text = 'Image: 22'
11.3662 	EXP 	text_7: text = 'Color: 22'
11.3829 	EXP 	text_6: text = 'Image: 22'
11.3829 	EXP 	text_7: text = 'Color: 22'
11.3996 	EXP 	text_6: text = 'Image: 22'
11.3996 	EXP 	text_7: text = 'Color: 22'
11.4163 	EXP 	text_6: text = 'Image: 22'
11.4163 	EXP 	text_7: text = 'Color: 22'
11.4327 	EXP 	text_6: text = 'Image: 22'
11.4327 	EXP 	text_7: text = 'Color: 22'
11.4493 	EXP 	text_6: text = 'Image: 22'
11.4493 	EXP 	text_7: text = 'Color: 22'
11.4661 	EXP 	text_6: text = 'Image: 22'
11.4661 	EXP 	text_7: text = 'Color: 22'
11.4682 	DATA 	Keypress: escape
11.4827 	EXP 	text_6: text = 'Image: 22'
11.4827 	EXP 	text_7: text = 'Color: 22'
11.4990 	EXP 	text_6: text = 'Image: 22'
11.4990 	EXP 	text_7: text = 'Color: 22'
11.5155 	EXP 	text_6: text = 'Image: 22'
11.5155 	EXP 	text_7: text = 'Color: 22'
11.5327 	EXP 	text_6: text = 'Image: 22'
11.5327 	EXP 	text_7: text = 'Color: 22'
11.5487 	EXP 	text_6: text = 'Image: 22'
11.5487 	EXP 	text_7: text = 'Color: 22'
11.5659 	EXP 	text_6: text = 'Image: 22'
11.5659 	EXP 	text_7: text = 'Color: 22'
11.5830 	EXP 	text_6: text = 'Image: 22'
11.5830 	EXP 	text_7: text = 'Color: 22'
11.5991 	EXP 	text_6: text = 'Image: 22'
11.5991 	EXP 	text_7: text = 'Color: 22'
11.6155 	EXP 	text_6: text = 'Image: 22'
11.6155 	EXP 	text_7: text = 'Color: 22'
11.6328 	EXP 	text_6: text = 'Image: 22'
11.6328 	EXP 	text_7: text = 'Color: 22'
11.6492 	EXP 	text_6: text = 'Image: 22'
11.6492 	EXP 	text_7: text = 'Color: 22'
11.9136 	EXP 	window1: mouseVisible = True
