3.3569 	EXP 	Created window1 = Window(allowGUI=False, allowStencil=False, args=UNKNOWN, autoLog=True, bitsMode=UNKNOWN, blendMode='avg', color=array([1., 1., 1.]), colorSpace='rgb', fullscr=<method-wrapper '__getattribute__' of attributeSetter object at 0x13b7a6ba8>, gamma=None, kwargs=UNKNOWN, lms=UNKNOWN, monitor=<psychopy.monitors.calibTools.Monitor object at 0x13b813e80>, multiSample=False, name='window1', numSamples=2, pos=[0.0, 0.0], screen=0, size=array([5120, 2880]), stereo=False, units='height', useFBO=True, useRetina=True, viewOri=0.0, viewPos=None, viewScale=None, waitBlanking=True, winType='pyglet')
3.3569 	EXP 	window1: recordFrameIntervals = False
3.5234 	EXP 	window1: recordFrameIntervals = True
3.7065 	EXP 	window1: recordFrameIntervals = False
3.8954 	EXP 	Created resettext = TextStim(__class__=<class 'psychopy.visual.text.TextStim'>, alignHoriz='center', alignVert='center', antialias=True, autoLog=True, bold=False, color='black', colorSpace='named', contrast=1.0, depth=0.0, flipHoriz=False, flipVert=False, font='Arial', fontFiles=[], height=0.04, italic=False, languageStyle='LTR', name='resettext', opacity=1.0, ori=0, pos=array([0., 0.]), rgb=array([0., 0., 0.]), text='+', units='height', win=Window(...), wrapWidth=1)
3.8968 	EXP 	Created studyImage = ImageStim(__class__=<class 'psychopy.visual.image.ImageStim'>, autoLog=True, color='white', colorSpace='named', contrast=1.0, depth=0.0, flipHoriz=False, flipVert=False, image='sin', interpolate=True, mask=None, maskParams=None, name='studyImage', opacity=1.0, ori=0.0, pos=array([0., 0.]), size=array([0.19, 0.19]), texRes=128, units='height', win=Window(...))
3.9043 	EXP 	Created text_6 = TextStim(__class__=<class 'psychopy.visual.text.TextStim'>, alignHoriz='center', alignVert='center', antialias=True, autoLog=True, bold=False, color='black', colorSpace='named', contrast=1.0, depth=-2.0, flipHoriz=False, flipVert=False, font='Arial', fontFiles=[], height=0.03, italic=False, languageStyle='LTR', name='text_6', opacity=1.0, ori=0, pos=array([0.  , 0.45]), rgb=array([0., 0., 0.]), text='Stimuli: ', units='height', win=Window(...), wrapWidth=1)
3.9086 	EXP 	Created text_7 = TextStim(__class__=<class 'psychopy.visual.text.TextStim'>, alignHoriz='center', alignVert='center', antialias=True, autoLog=True, bold=False, color='black', colorSpace='named', contrast=1.0, depth=-3.0, flipHoriz=False, flipVert=False, font='Arial', fontFiles=[], height=0.03, italic=False, languageStyle='LTR', name='text_7', opacity=1.0, ori=0, pos=array([0. , 0.4]), rgb=array([0., 0., 0.]), text='Color: ', units='height', win=Window(...), wrapWidth=1)
3.9105 	EXP 	Created resettext = TextStim(__class__=<class 'psychopy.visual.text.TextStim'>, alignHoriz='center', alignVert='center', antialias=True, autoLog=True, bold=False, color='black', colorSpace='named', contrast=1.0, depth=0.0, flipHoriz=False, flipVert=False, font='Arial', fontFiles=[], height=0.04, italic=False, languageStyle='LTR', name='resettext', opacity=1.0, ori=0, pos=array([0., 0.]), rgb=array([0., 0., 0.]), text='+', units='height', win=Window(...), wrapWidth=1)
3.9197 	EXP 	Created oldornewText = TextStim(__class__=<class 'psychopy.visual.text.TextStim'>, alignHoriz='center', alignVert='center', antialias=True, autoLog=True, bold=False, color='black', colorSpace='named', contrast=1.0, depth=0.0, flipHoriz=False, flipVert=False, font='Arial', fontFiles=[], height=0.05, italic=False, languageStyle='LTR', name='oldornewText', opacity=1.0, ori=0, pos=array([ 0.  , -0.45]), rgb=array([0., 0., 0.]), text='1 - Old        2 - New', units='height', win=Window(...), wrapWidth=1)
3.9211 	EXP 	Created oldornewImage = ImageStim(__class__=<class 'psychopy.visual.image.ImageStim'>, autoLog=True, color=array([-1., -1., -1.]), colorSpace='rgb', contrast=1.0, depth=-1.0, flipHoriz=False, flipVert=False, image='sin', interpolate=True, mask=None, maskParams=None, name='oldornewImage', opacity=1.0, ori=0.0, pos=array([0., 0.]), size=array([0.19, 0.19]), texRes=128, units='height', win=Window(...))
3.9229 	EXP 	Created resettext = TextStim(__class__=<class 'psychopy.visual.text.TextStim'>, alignHoriz='center', alignVert='center', antialias=True, autoLog=True, bold=False, color='black', colorSpace='named', contrast=1.0, depth=0.0, flipHoriz=False, flipVert=False, font='Arial', fontFiles=[], height=0.04, italic=False, languageStyle='LTR', name='resettext', opacity=1.0, ori=0, pos=array([0., 0.]), rgb=array([0., 0., 0.]), text='+', units='height', win=Window(...), wrapWidth=1)
3.9684 	EXP 	Created Image3 = ImageStim(__class__=<class 'psychopy.visual.image.ImageStim'>, autoLog=True, color=array([0., 1., 0.]), colorSpace='hsv', contrast=1.0, depth=0.0, flipHoriz=False, flipVert=False, image=str(...), interpolate=True, mask=None, maskParams=None, name='Image3', opacity=1.0, ori=0.0, pos=array([0., 0.]), size=array([0.19, 0.19]), texRes=128, units='height', win=Window(...))
3.9736 	EXP 	Created unnamed RadialStim = RadialStim(__class__=<class 'psychopy.visual.radial.RadialStim'>, autoDraw=False, autoLog=True, blendmode='avg', color=array([180.,   0.,   1.]), colorSpace='hsv', contrast=1.0, depth=0, interpolate=False, mask='none', maskParams=None, name='unnamed RadialStim', opacity=0.0, ori=0.0, phase=array([0., 0.]), pos=array([0., 0.]), rgbPedestal=array([0., 0., 0.]), sf=1, size=array([0.25, 0.25]), tex='sqrXsqr', texRes=64, units='height', win=Window(...))
3.9795 	EXP 	Created unnamed RadialStim = RadialStim(__class__=<class 'psychopy.visual.radial.RadialStim'>, autoDraw=False, autoLog=True, blendmode='avg', color=array([1., 1., 1.]), colorSpace='rgb', contrast=1.0, depth=0, interpolate=True, mask=ndarray(...), maskParams=None, name='unnamed RadialStim', opacity=1.0, ori=0.0, phase=array([0., 0.]), pos=array([0., 0.]), rgbPedestal=array([0., 0., 0.]), sf=1, size=array([0.3, 0.3]), tex=ndarray(...), texRes=64, units='height', win=Window(...))
3.9812 	EXP 	Created screenRect3 = Rect(__class__=<class 'psychopy.visual.rect.Rect'>, autoDraw=False, autoLog=True, closeShape=True, color=method-wrapper(...), colorSpace=None, contrast=1.0, depth=-6.0, fillColor=array([1., 1., 1.]), fillColorSpace='rgb', fillRGB=array([1., 1., 1.]), interpolate=True, lineColor=array([1., 1., 1.]), lineColorSpace='rgb', lineRGB=array([1., 1., 1.]), lineWidth=1, name='screenRect3', opacity=0.0, ori=array(0.), pos=array([0., 0.]), size=array([1., 1.]), units='height', vertices=ndarray(...), win=Window(...))
3.9912 	EXP 	Created ColorText = TextStim(__class__=<class 'psychopy.visual.text.TextStim'>, alignHoriz='center', alignVert='center', antialias=True, autoLog=True, bold=False, color='white', colorSpace='named', contrast=1.0, depth=0.0, flipHoriz=False, flipVert=False, font='Arial', fontFiles=[], height=0.03, italic=False, languageStyle='LTR', name='ColorText', opacity=1.0, ori=0, pos=array([ 0. , -0.4]), rgb=array([255., 255., 255.]), text='Please select a color from the color wheel', units='height', win=Window(...), wrapWidth=1)
4.0009 	EXP 	Created DragText = TextStim(__class__=<class 'psychopy.visual.text.TextStim'>, alignHoriz='center', alignVert='center', antialias=True, autoLog=True, bold=False, color='white', colorSpace='named', contrast=1.0, depth=0.0, flipHoriz=False, flipVert=False, font='Arial', fontFiles=[], height=0.03, italic=False, languageStyle='LTR', name='DragText', opacity=1.0, ori=0, pos=array([ 0. , -0.4]), rgb=array([255., 255., 255.]), text=str(...), units='height', win=Window(...), wrapWidth=1)
4.0024 	EXP 	Created arrowUp = ImageStim(__class__=<class 'psychopy.visual.image.ImageStim'>, autoLog=True, color=array([1., 1., 0.]), colorSpace='hsv', contrast=1.0, depth=0.0, flipHoriz=False, flipVert=False, image='sin', interpolate=True, mask=None, maskParams=None, name='arrowUp', opacity=1.0, ori=0.0, pos=array([0. , 0.2]), size=array([0.03, 0.03]), texRes=128, units='height', win=Window(...))
4.0036 	EXP 	Created arrowDown = ImageStim(__class__=<class 'psychopy.visual.image.ImageStim'>, autoLog=True, color=array([1., 1., 0.]), colorSpace='hsv', contrast=1.0, depth=0.0, flipHoriz=False, flipVert=True, image='sin', interpolate=True, mask=None, maskParams=None, name='arrowDown', opacity=1.0, ori=0.0, pos=array([ 0. , -0.2]), size=array([0.03, 0.03]), texRes=128, units='height', win=Window(...))
4.0049 	EXP 	Created arrowRight = ImageStim(__class__=<class 'psychopy.visual.image.ImageStim'>, autoLog=True, color=array([1., 1., 0.]), colorSpace='hsv', contrast=1.0, depth=0.0, flipHoriz=False, flipVert=False, image='sin', interpolate=True, mask=None, maskParams=None, name='arrowRight', opacity=1.0, ori=0.0, pos=array([0.2, 0. ]), size=array([0.03, 0.03]), texRes=128, units='height', win=Window(...))
4.0062 	EXP 	Created arrowLeft = ImageStim(__class__=<class 'psychopy.visual.image.ImageStim'>, autoLog=True, color=array([1., 1., 0.]), colorSpace='hsv', contrast=1.0, depth=0.0, flipHoriz=True, flipVert=False, image='sin', interpolate=True, mask=None, maskParams=None, name='arrowLeft', opacity=1.0, ori=0.0, pos=array([-0.2,  0. ]), size=array([0.03, 0.03]), texRes=128, units='height', win=Window(...))
4.0490 	EXP 	window1: mouseVisible = False
4.0732 	EXP 	arrowUp: image = '/Volumes/psych-cog/bamlab/Experiments/PACO/LOCO/arrowUp.png'
4.0732 	EXP 	arrowDown: image = '/Volumes/psych-cog/bamlab/Experiments/PACO/LOCO/arrowUp.png'
4.0732 	EXP 	arrowRight: image = '/Volumes/psych-cog/bamlab/Experiments/PACO/LOCO/arrowRight.png'
4.0732 	EXP 	arrowLeft: image = '/Volumes/psych-cog/bamlab/Experiments/PACO/LOCO/arrowRight.png'
4.0732 	EXP 	resettext: autoDraw = True
4.5524 	EXP 	window1: mouseVisible = True
4.5594 	DATA 	Keypress: space
4.5900 	EXP 	resettext: autoDraw = False
4.5900 	EXP 	studyImage: pos = array([0., 0.])
4.5900 	EXP 	studyImage: autoDraw = True
4.5900 	EXP 	text_6: autoDraw = True
4.5900 	EXP 	text_7: autoDraw = True
4.5900 	EXP 	text_6: text = 'Image: 22'
4.5900 	EXP 	text_7: text = 'Color: 22'
4.6059 	EXP 	text_6: text = 'Image: 22'
4.6059 	EXP 	text_7: text = 'Color: 22'
4.6235 	EXP 	text_6: text = 'Image: 22'
4.6235 	EXP 	text_7: text = 'Color: 22'
4.6401 	EXP 	text_6: text = 'Image: 22'
4.6401 	EXP 	text_7: text = 'Color: 22'
4.6562 	EXP 	text_6: text = 'Image: 22'
4.6562 	EXP 	text_7: text = 'Color: 22'
4.6730 	EXP 	text_6: text = 'Image: 22'
4.6730 	EXP 	text_7: text = 'Color: 22'
4.6898 	EXP 	text_6: text = 'Image: 22'
4.6898 	EXP 	text_7: text = 'Color: 22'
4.7064 	EXP 	text_6: text = 'Image: 22'
4.7064 	EXP 	text_7: text = 'Color: 22'
4.7233 	EXP 	text_6: text = 'Image: 22'
4.7233 	EXP 	text_7: text = 'Color: 22'
4.7395 	EXP 	text_6: text = 'Image: 22'
4.7395 	EXP 	text_7: text = 'Color: 22'
4.7561 	EXP 	text_6: text = 'Image: 22'
4.7561 	EXP 	text_7: text = 'Color: 22'
4.7736 	EXP 	text_6: text = 'Image: 22'
4.7736 	EXP 	text_7: text = 'Color: 22'
4.7894 	EXP 	text_6: text = 'Image: 22'
4.7894 	EXP 	text_7: text = 'Color: 22'
4.8063 	EXP 	text_6: text = 'Image: 22'
4.8063 	EXP 	text_7: text = 'Color: 22'
4.8237 	EXP 	text_6: text = 'Image: 22'
4.8237 	EXP 	text_7: text = 'Color: 22'
4.8393 	EXP 	text_6: text = 'Image: 22'
4.8393 	EXP 	text_7: text = 'Color: 22'
4.8560 	EXP 	text_6: text = 'Image: 22'
4.8560 	EXP 	text_7: text = 'Color: 22'
4.8734 	EXP 	text_6: text = 'Image: 22'
4.8734 	EXP 	text_7: text = 'Color: 22'
4.8897 	EXP 	text_6: text = 'Image: 22'
4.8897 	EXP 	text_7: text = 'Color: 22'
4.9060 	EXP 	text_6: text = 'Image: 22'
4.9060 	EXP 	text_7: text = 'Color: 22'
4.9235 	EXP 	text_6: text = 'Image: 22'
4.9235 	EXP 	text_7: text = 'Color: 22'
4.9403 	EXP 	text_6: text = 'Image: 22'
4.9403 	EXP 	text_7: text = 'Color: 22'
4.9562 	EXP 	text_6: text = 'Image: 22'
4.9562 	EXP 	text_7: text = 'Color: 22'
4.9728 	EXP 	text_6: text = 'Image: 22'
4.9728 	EXP 	text_7: text = 'Color: 22'
4.9895 	EXP 	text_6: text = 'Image: 22'
4.9895 	EXP 	text_7: text = 'Color: 22'
5.0067 	EXP 	text_6: text = 'Image: 22'
5.0067 	EXP 	text_7: text = 'Color: 22'
5.0233 	EXP 	text_6: text = 'Image: 22'
5.0233 	EXP 	text_7: text = 'Color: 22'
5.0402 	EXP 	text_6: text = 'Image: 22'
5.0402 	EXP 	text_7: text = 'Color: 22'
5.0565 	EXP 	text_6: text = 'Image: 22'
5.0565 	EXP 	text_7: text = 'Color: 22'
5.0729 	EXP 	text_6: text = 'Image: 22'
5.0729 	EXP 	text_7: text = 'Color: 22'
5.0897 	EXP 	text_6: text = 'Image: 22'
5.0897 	EXP 	text_7: text = 'Color: 22'
5.1064 	EXP 	text_6: text = 'Image: 22'
5.1064 	EXP 	text_7: text = 'Color: 22'
5.1234 	EXP 	text_6: text = 'Image: 22'
5.1234 	EXP 	text_7: text = 'Color: 22'
5.1393 	EXP 	text_6: text = 'Image: 22'
5.1393 	EXP 	text_7: text = 'Color: 22'
5.1563 	EXP 	text_6: text = 'Image: 22'
5.1563 	EXP 	text_7: text = 'Color: 22'
5.1732 	EXP 	text_6: text = 'Image: 22'
5.1732 	EXP 	text_7: text = 'Color: 22'
5.2072 	EXP 	text_6: text = 'Image: 22'
5.2072 	EXP 	text_7: text = 'Color: 22'
5.2237 	EXP 	text_6: text = 'Image: 22'
5.2237 	EXP 	text_7: text = 'Color: 22'
5.2399 	EXP 	text_6: text = 'Image: 22'
5.2399 	EXP 	text_7: text = 'Color: 22'
5.2567 	EXP 	text_6: text = 'Image: 22'
5.2567 	EXP 	text_7: text = 'Color: 22'
5.2734 	EXP 	text_6: text = 'Image: 22'
5.2734 	EXP 	text_7: text = 'Color: 22'
5.2904 	EXP 	text_6: text = 'Image: 22'
5.2904 	EXP 	text_7: text = 'Color: 22'
5.3061 	EXP 	text_6: text = 'Image: 22'
5.3061 	EXP 	text_7: text = 'Color: 22'
5.3240 	EXP 	text_6: text = 'Image: 22'
5.3240 	EXP 	text_7: text = 'Color: 22'
5.3399 	EXP 	text_6: text = 'Image: 22'
5.3399 	EXP 	text_7: text = 'Color: 22'
5.3563 	EXP 	text_6: text = 'Image: 22'
5.3563 	EXP 	text_7: text = 'Color: 22'
5.3736 	EXP 	text_6: text = 'Image: 22'
5.3736 	EXP 	text_7: text = 'Color: 22'
5.3903 	EXP 	text_6: text = 'Image: 22'
5.3903 	EXP 	text_7: text = 'Color: 22'
5.4061 	EXP 	text_6: text = 'Image: 22'
5.4061 	EXP 	text_7: text = 'Color: 22'
5.4227 	EXP 	text_6: text = 'Image: 22'
5.4227 	EXP 	text_7: text = 'Color: 22'
5.4402 	EXP 	text_6: text = 'Image: 22'
5.4402 	EXP 	text_7: text = 'Color: 22'
5.4567 	EXP 	text_6: text = 'Image: 22'
5.4567 	EXP 	text_7: text = 'Color: 22'
5.4735 	EXP 	text_6: text = 'Image: 22'
5.4735 	EXP 	text_7: text = 'Color: 22'
5.4904 	EXP 	text_6: text = 'Image: 22'
5.4904 	EXP 	text_7: text = 'Color: 22'
5.5071 	EXP 	text_6: text = 'Image: 22'
5.5071 	EXP 	text_7: text = 'Color: 22'
5.5233 	EXP 	text_6: text = 'Image: 22'
5.5233 	EXP 	text_7: text = 'Color: 22'
5.5397 	EXP 	text_6: text = 'Image: 22'
5.5397 	EXP 	text_7: text = 'Color: 22'
5.5571 	EXP 	text_6: text = 'Image: 22'
5.5571 	EXP 	text_7: text = 'Color: 22'
5.5731 	EXP 	text_6: text = 'Image: 22'
5.5731 	EXP 	text_7: text = 'Color: 22'
5.5897 	EXP 	text_6: text = 'Image: 22'
5.5897 	EXP 	text_7: text = 'Color: 22'
5.6068 	EXP 	text_6: text = 'Image: 22'
5.6068 	EXP 	text_7: text = 'Color: 22'
5.6232 	EXP 	text_6: text = 'Image: 22'
5.6232 	EXP 	text_7: text = 'Color: 22'
5.6400 	EXP 	text_6: text = 'Image: 22'
5.6400 	EXP 	text_7: text = 'Color: 22'
5.6565 	EXP 	text_6: text = 'Image: 22'
5.6565 	EXP 	text_7: text = 'Color: 22'
5.6736 	EXP 	text_6: text = 'Image: 22'
5.6736 	EXP 	text_7: text = 'Color: 22'
5.6896 	EXP 	text_6: text = 'Image: 22'
5.6896 	EXP 	text_7: text = 'Color: 22'
5.7070 	EXP 	text_6: text = 'Image: 22'
5.7070 	EXP 	text_7: text = 'Color: 22'
5.7237 	EXP 	text_6: text = 'Image: 22'
5.7237 	EXP 	text_7: text = 'Color: 22'
5.7403 	EXP 	text_6: text = 'Image: 22'
5.7403 	EXP 	text_7: text = 'Color: 22'
5.7563 	EXP 	text_6: text = 'Image: 22'
5.7563 	EXP 	text_7: text = 'Color: 22'
5.7615 	DATA 	Mouse: Left button down, pos=(1346,1357)
5.7737 	EXP 	text_6: text = 'Image: 22'
5.7737 	EXP 	text_7: text = 'Color: 22'
5.7896 	EXP 	text_6: text = 'Image: 22'
5.7896 	EXP 	text_7: text = 'Color: 22'
5.8073 	EXP 	text_6: text = 'Image: 22'
5.8073 	EXP 	text_7: text = 'Color: 22'
5.8232 	EXP 	text_6: text = 'Image: 22'
5.8232 	EXP 	text_7: text = 'Color: 22'
5.8401 	EXP 	text_6: text = 'Image: 22'
5.8401 	EXP 	text_7: text = 'Color: 22'
5.8566 	EXP 	text_6: text = 'Image: 22'
5.8566 	EXP 	text_7: text = 'Color: 22'
5.8734 	EXP 	text_6: text = 'Image: 22'
5.8734 	EXP 	text_7: text = 'Color: 22'
5.8792 	DATA 	Mouse:  Left button up, pos=(1346,1357)
5.8895 	EXP 	text_6: text = 'Image: 22'
5.8895 	EXP 	text_7: text = 'Color: 22'
5.9063 	EXP 	text_6: text = 'Image: 22'
5.9063 	EXP 	text_7: text = 'Color: 22'
5.9230 	EXP 	text_6: text = 'Image: 22'
5.9230 	EXP 	text_7: text = 'Color: 22'
5.9400 	EXP 	text_6: text = 'Image: 22'
5.9400 	EXP 	text_7: text = 'Color: 22'
5.9562 	EXP 	text_6: text = 'Image: 22'
5.9562 	EXP 	text_7: text = 'Color: 22'
5.9731 	EXP 	text_6: text = 'Image: 22'
5.9731 	EXP 	text_7: text = 'Color: 22'
5.9899 	EXP 	text_6: text = 'Image: 22'
5.9899 	EXP 	text_7: text = 'Color: 22'
6.0073 	EXP 	text_6: text = 'Image: 22'
6.0073 	EXP 	text_7: text = 'Color: 22'
6.0230 	EXP 	text_6: text = 'Image: 22'
6.0230 	EXP 	text_7: text = 'Color: 22'
6.0394 	EXP 	text_6: text = 'Image: 22'
6.0394 	EXP 	text_7: text = 'Color: 22'
6.0571 	EXP 	text_6: text = 'Image: 22'
6.0571 	EXP 	text_7: text = 'Color: 22'
6.0731 	EXP 	text_6: text = 'Image: 22'
6.0731 	EXP 	text_7: text = 'Color: 22'
6.0903 	EXP 	text_6: text = 'Image: 22'
6.0903 	EXP 	text_7: text = 'Color: 22'
6.1071 	EXP 	text_6: text = 'Image: 22'
6.1071 	EXP 	text_7: text = 'Color: 22'
6.1238 	EXP 	text_6: text = 'Image: 22'
6.1238 	EXP 	text_7: text = 'Color: 22'
6.1396 	EXP 	text_6: text = 'Image: 22'
6.1396 	EXP 	text_7: text = 'Color: 22'
6.1566 	EXP 	text_6: text = 'Image: 22'
6.1566 	EXP 	text_7: text = 'Color: 22'
6.1735 	EXP 	text_6: text = 'Image: 22'
6.1735 	EXP 	text_7: text = 'Color: 22'
6.1898 	EXP 	text_6: text = 'Image: 22'
6.1898 	EXP 	text_7: text = 'Color: 22'
6.2062 	EXP 	text_6: text = 'Image: 22'
6.2062 	EXP 	text_7: text = 'Color: 22'
6.2234 	EXP 	text_6: text = 'Image: 22'
6.2234 	EXP 	text_7: text = 'Color: 22'
6.2399 	EXP 	text_6: text = 'Image: 22'
6.2399 	EXP 	text_7: text = 'Color: 22'
6.2566 	EXP 	text_6: text = 'Image: 22'
6.2566 	EXP 	text_7: text = 'Color: 22'
6.2737 	EXP 	text_6: text = 'Image: 22'
6.2737 	EXP 	text_7: text = 'Color: 22'
6.2903 	EXP 	text_6: text = 'Image: 22'
6.2903 	EXP 	text_7: text = 'Color: 22'
6.3061 	EXP 	text_6: text = 'Image: 22'
6.3061 	EXP 	text_7: text = 'Color: 22'
6.3236 	EXP 	text_6: text = 'Image: 22'
6.3236 	EXP 	text_7: text = 'Color: 22'
6.3398 	EXP 	text_6: text = 'Image: 22'
6.3398 	EXP 	text_7: text = 'Color: 22'
6.3564 	EXP 	text_6: text = 'Image: 22'
6.3564 	EXP 	text_7: text = 'Color: 22'
6.3731 	EXP 	text_6: text = 'Image: 22'
6.3731 	EXP 	text_7: text = 'Color: 22'
6.3903 	EXP 	text_6: text = 'Image: 22'
6.3903 	EXP 	text_7: text = 'Color: 22'
6.4069 	EXP 	text_6: text = 'Image: 22'
6.4069 	EXP 	text_7: text = 'Color: 22'
6.4228 	EXP 	text_6: text = 'Image: 22'
6.4228 	EXP 	text_7: text = 'Color: 22'
6.4401 	EXP 	text_6: text = 'Image: 22'
6.4401 	EXP 	text_7: text = 'Color: 22'
6.4565 	EXP 	text_6: text = 'Image: 22'
6.4565 	EXP 	text_7: text = 'Color: 22'
6.4727 	EXP 	text_6: text = 'Image: 22'
6.4727 	EXP 	text_7: text = 'Color: 22'
6.4902 	EXP 	text_6: text = 'Image: 22'
6.4902 	EXP 	text_7: text = 'Color: 22'
6.5062 	EXP 	text_6: text = 'Image: 22'
6.5062 	EXP 	text_7: text = 'Color: 22'
6.5234 	EXP 	text_6: text = 'Image: 22'
6.5234 	EXP 	text_7: text = 'Color: 22'
6.5399 	EXP 	text_6: text = 'Image: 22'
6.5399 	EXP 	text_7: text = 'Color: 22'
6.5563 	EXP 	text_6: text = 'Image: 22'
6.5563 	EXP 	text_7: text = 'Color: 22'
6.5738 	EXP 	text_6: text = 'Image: 22'
6.5738 	EXP 	text_7: text = 'Color: 22'
6.5895 	EXP 	text_6: text = 'Image: 22'
6.5895 	EXP 	text_7: text = 'Color: 22'
6.6066 	EXP 	text_6: text = 'Image: 22'
6.6066 	EXP 	text_7: text = 'Color: 22'
6.6126 	DATA 	Keypress: 1
6.6226 	EXP 	text_6: text = 'Image: '
6.6226 	EXP 	text_7: text = 'Color: 22'
6.6482 	ERROR 	Couldn't find image /Volumes/psych-cog/bamlab/Experiments/PACO/Stimuli/.png; check path? (tried: /Volumes/psych-cog/bamlab/Experiments/PACO/Stimuli/.png)
6.9203 	EXP 	window1: mouseVisible = True
