3.3559 	EXP 	Created window1 = Window(allowGUI=False, allowStencil=False, args=UNKNOWN, autoLog=True, bitsMode=UNKNOWN, blendMode='avg', color=array([1., 1., 1.]), colorSpace='rgb', fullscr=<method-wrapper '__getattribute__' of attributeSetter object at 0x13b7d0be0>, gamma=None, kwargs=UNKNOWN, lms=UNKNOWN, monitor=<psychopy.monitors.calibTools.Monitor object at 0x13b836ef0>, multiSample=False, name='window1', numSamples=2, pos=[0.0, 0.0], screen=0, size=array([5120, 2880]), stereo=False, units='height', useFBO=True, useRetina=True, viewOri=0.0, viewPos=None, viewScale=None, waitBlanking=True, winType='pyglet')
3.3559 	EXP 	window1: recordFrameIntervals = False
3.5221 	EXP 	window1: recordFrameIntervals = True
3.7051 	EXP 	window1: recordFrameIntervals = False
3.9802 	EXP 	Created resettext = TextStim(__class__=<class 'psychopy.visual.text.TextStim'>, alignHoriz='center', alignVert='center', antialias=True, autoLog=True, bold=False, color='black', colorSpace='named', contrast=1.0, depth=0.0, flipHoriz=False, flipVert=False, font='Arial', fontFiles=[], height=0.04, italic=False, languageStyle='LTR', name='resettext', opacity=1.0, ori=0, pos=array([0., 0.]), rgb=array([0., 0., 0.]), text='+', units='height', win=Window(...), wrapWidth=1)
3.9814 	EXP 	Created studyImage = ImageStim(__class__=<class 'psychopy.visual.image.ImageStim'>, autoLog=True, color='white', colorSpace='named', contrast=1.0, depth=0.0, flipHoriz=False, flipVert=False, image='sin', interpolate=True, mask=None, maskParams=None, name='studyImage', opacity=1.0, ori=0.0, pos=array([0., 0.]), size=array([0.19, 0.19]), texRes=128, units='height', win=Window(...))
3.9890 	EXP 	Created text_6 = TextStim(__class__=<class 'psychopy.visual.text.TextStim'>, alignHoriz='center', alignVert='center', antialias=True, autoLog=True, bold=False, color='black', colorSpace='named', contrast=1.0, depth=-2.0, flipHoriz=False, flipVert=False, font='Arial', fontFiles=[], height=0.03, italic=False, languageStyle='LTR', name='text_6', opacity=1.0, ori=0, pos=array([0.  , 0.45]), rgb=array([0., 0., 0.]), text='Stimuli: ', units='height', win=Window(...), wrapWidth=1)
3.9930 	EXP 	Created text_7 = TextStim(__class__=<class 'psychopy.visual.text.TextStim'>, alignHoriz='center', alignVert='center', antialias=True, autoLog=True, bold=False, color='black', colorSpace='named', contrast=1.0, depth=-3.0, flipHoriz=False, flipVert=False, font='Arial', fontFiles=[], height=0.03, italic=False, languageStyle='LTR', name='text_7', opacity=1.0, ori=0, pos=array([0. , 0.4]), rgb=array([0., 0., 0.]), text='Color: ', units='height', win=Window(...), wrapWidth=1)
3.9949 	EXP 	Created resettext = TextStim(__class__=<class 'psychopy.visual.text.TextStim'>, alignHoriz='center', alignVert='center', antialias=True, autoLog=True, bold=False, color='black', colorSpace='named', contrast=1.0, depth=0.0, flipHoriz=False, flipVert=False, font='Arial', fontFiles=[], height=0.04, italic=False, languageStyle='LTR', name='resettext', opacity=1.0, ori=0, pos=array([0., 0.]), rgb=array([0., 0., 0.]), text='+', units='height', win=Window(...), wrapWidth=1)
4.0040 	EXP 	Created oldornewText = TextStim(__class__=<class 'psychopy.visual.text.TextStim'>, alignHoriz='center', alignVert='center', antialias=True, autoLog=True, bold=False, color='black', colorSpace='named', contrast=1.0, depth=0.0, flipHoriz=False, flipVert=False, font='Arial', fontFiles=[], height=0.05, italic=False, languageStyle='LTR', name='oldornewText', opacity=1.0, ori=0, pos=array([ 0.  , -0.45]), rgb=array([0., 0., 0.]), text='1 - Old        2 - New', units='height', win=Window(...), wrapWidth=1)
4.0053 	EXP 	Created oldornewImage = ImageStim(__class__=<class 'psychopy.visual.image.ImageStim'>, autoLog=True, color=array([-1., -1., -1.]), colorSpace='rgb', contrast=1.0, depth=-1.0, flipHoriz=False, flipVert=False, image='sin', interpolate=True, mask=None, maskParams=None, name='oldornewImage', opacity=1.0, ori=0.0, pos=array([0., 0.]), size=array([0.19, 0.19]), texRes=128, units='height', win=Window(...))
4.0072 	EXP 	Created resettext = TextStim(__class__=<class 'psychopy.visual.text.TextStim'>, alignHoriz='center', alignVert='center', antialias=True, autoLog=True, bold=False, color='black', colorSpace='named', contrast=1.0, depth=0.0, flipHoriz=False, flipVert=False, font='Arial', fontFiles=[], height=0.04, italic=False, languageStyle='LTR', name='resettext', opacity=1.0, ori=0, pos=array([0., 0.]), rgb=array([0., 0., 0.]), text='+', units='height', win=Window(...), wrapWidth=1)
4.0520 	EXP 	Created Image3 = ImageStim(__class__=<class 'psychopy.visual.image.ImageStim'>, autoLog=True, color=array([0., 1., 0.]), colorSpace='hsv', contrast=1.0, depth=0.0, flipHoriz=False, flipVert=False, image=str(...), interpolate=True, mask=None, maskParams=None, name='Image3', opacity=1.0, ori=0.0, pos=array([0., 0.]), size=array([0.19, 0.19]), texRes=128, units='height', win=Window(...))
4.0574 	EXP 	Created unnamed RadialStim = RadialStim(__class__=<class 'psychopy.visual.radial.RadialStim'>, autoDraw=False, autoLog=True, blendmode='avg', color=array([180.,   0.,   1.]), colorSpace='hsv', contrast=1.0, depth=0, interpolate=False, mask='none', maskParams=None, name='unnamed RadialStim', opacity=0.0, ori=0.0, phase=array([0., 0.]), pos=array([0., 0.]), rgbPedestal=array([0., 0., 0.]), sf=1, size=array([0.25, 0.25]), tex='sqrXsqr', texRes=64, units='height', win=Window(...))
4.0637 	EXP 	Created unnamed RadialStim = RadialStim(__class__=<class 'psychopy.visual.radial.RadialStim'>, autoDraw=False, autoLog=True, blendmode='avg', color=array([1., 1., 1.]), colorSpace='rgb', contrast=1.0, depth=0, interpolate=True, mask=ndarray(...), maskParams=None, name='unnamed RadialStim', opacity=1.0, ori=0.0, phase=array([0., 0.]), pos=array([0., 0.]), rgbPedestal=array([0., 0., 0.]), sf=1, size=array([0.3, 0.3]), tex=ndarray(...), texRes=64, units='height', win=Window(...))
4.0654 	EXP 	Created screenRect3 = Rect(__class__=<class 'psychopy.visual.rect.Rect'>, autoDraw=False, autoLog=True, closeShape=True, color=method-wrapper(...), colorSpace=None, contrast=1.0, depth=-6.0, fillColor=array([1., 1., 1.]), fillColorSpace='rgb', fillRGB=array([1., 1., 1.]), interpolate=True, lineColor=array([1., 1., 1.]), lineColorSpace='rgb', lineRGB=array([1., 1., 1.]), lineWidth=1, name='screenRect3', opacity=0.0, ori=array(0.), pos=array([0., 0.]), size=array([1., 1.]), units='height', vertices=ndarray(...), win=Window(...))
4.0759 	EXP 	Created ColorText = TextStim(__class__=<class 'psychopy.visual.text.TextStim'>, alignHoriz='center', alignVert='center', antialias=True, autoLog=True, bold=False, color='white', colorSpace='named', contrast=1.0, depth=0.0, flipHoriz=False, flipVert=False, font='Arial', fontFiles=[], height=0.03, italic=False, languageStyle='LTR', name='ColorText', opacity=1.0, ori=0, pos=array([ 0. , -0.4]), rgb=array([255., 255., 255.]), text='Please select a color from the color wheel', units='height', win=Window(...), wrapWidth=1)
4.0859 	EXP 	Created DragText = TextStim(__class__=<class 'psychopy.visual.text.TextStim'>, alignHoriz='center', alignVert='center', antialias=True, autoLog=True, bold=False, color='white', colorSpace='named', contrast=1.0, depth=0.0, flipHoriz=False, flipVert=False, font='Arial', fontFiles=[], height=0.03, italic=False, languageStyle='LTR', name='DragText', opacity=1.0, ori=0, pos=array([ 0. , -0.4]), rgb=array([255., 255., 255.]), text=str(...), units='height', win=Window(...), wrapWidth=1)
4.0873 	EXP 	Created arrowUp = ImageStim(__class__=<class 'psychopy.visual.image.ImageStim'>, autoLog=True, color=array([1., 1., 0.]), colorSpace='hsv', contrast=1.0, depth=0.0, flipHoriz=False, flipVert=False, image='sin', interpolate=True, mask=None, maskParams=None, name='arrowUp', opacity=1.0, ori=0.0, pos=array([0. , 0.2]), size=array([0.03, 0.03]), texRes=128, units='height', win=Window(...))
4.0886 	EXP 	Created arrowDown = ImageStim(__class__=<class 'psychopy.visual.image.ImageStim'>, autoLog=True, color=array([1., 1., 0.]), colorSpace='hsv', contrast=1.0, depth=0.0, flipHoriz=False, flipVert=True, image='sin', interpolate=True, mask=None, maskParams=None, name='arrowDown', opacity=1.0, ori=0.0, pos=array([ 0. , -0.2]), size=array([0.03, 0.03]), texRes=128, units='height', win=Window(...))
4.0899 	EXP 	Created arrowRight = ImageStim(__class__=<class 'psychopy.visual.image.ImageStim'>, autoLog=True, color=array([1., 1., 0.]), colorSpace='hsv', contrast=1.0, depth=0.0, flipHoriz=False, flipVert=False, image='sin', interpolate=True, mask=None, maskParams=None, name='arrowRight', opacity=1.0, ori=0.0, pos=array([0.2, 0. ]), size=array([0.03, 0.03]), texRes=128, units='height', win=Window(...))
4.0911 	EXP 	Created arrowLeft = ImageStim(__class__=<class 'psychopy.visual.image.ImageStim'>, autoLog=True, color=array([1., 1., 0.]), colorSpace='hsv', contrast=1.0, depth=0.0, flipHoriz=True, flipVert=False, image='sin', interpolate=True, mask=None, maskParams=None, name='arrowLeft', opacity=1.0, ori=0.0, pos=array([-0.2,  0. ]), size=array([0.03, 0.03]), texRes=128, units='height', win=Window(...))
4.1373 	EXP 	window1: mouseVisible = False
4.1548 	EXP 	arrowUp: image = '/Volumes/psych-cog/bamlab/Experiments/PACO/LOCO/arrowUp.png'
4.1548 	EXP 	arrowDown: image = '/Volumes/psych-cog/bamlab/Experiments/PACO/LOCO/arrowUp.png'
4.1548 	EXP 	arrowRight: image = '/Volumes/psych-cog/bamlab/Experiments/PACO/LOCO/arrowRight.png'
4.1548 	EXP 	arrowLeft: image = '/Volumes/psych-cog/bamlab/Experiments/PACO/LOCO/arrowRight.png'
4.1548 	EXP 	resettext: autoDraw = True
4.8350 	EXP 	window1: mouseVisible = True
4.8421 	DATA 	Keypress: space
4.8716 	EXP 	resettext: autoDraw = False
4.8716 	EXP 	studyImage: pos = array([0., 0.])
4.8716 	EXP 	studyImage: autoDraw = True
4.8716 	EXP 	text_6: autoDraw = True
4.8716 	EXP 	text_7: autoDraw = True
4.8716 	EXP 	text_6: text = 'Image: 22'
4.8716 	EXP 	text_7: text = 'Color: 22'
4.8885 	EXP 	text_6: text = 'Image: 22'
4.8885 	EXP 	text_7: text = 'Color: 22'
4.9052 	EXP 	text_6: text = 'Image: 22'
4.9052 	EXP 	text_7: text = 'Color: 22'
4.9213 	EXP 	text_6: text = 'Image: 22'
4.9213 	EXP 	text_7: text = 'Color: 22'
4.9388 	EXP 	text_6: text = 'Image: 22'
4.9388 	EXP 	text_7: text = 'Color: 22'
4.9548 	EXP 	text_6: text = 'Image: 22'
4.9548 	EXP 	text_7: text = 'Color: 22'
4.9720 	EXP 	text_6: text = 'Image: 22'
4.9720 	EXP 	text_7: text = 'Color: 22'
4.9888 	EXP 	text_6: text = 'Image: 22'
4.9888 	EXP 	text_7: text = 'Color: 22'
5.0046 	EXP 	text_6: text = 'Image: 22'
5.0046 	EXP 	text_7: text = 'Color: 22'
5.0222 	EXP 	text_6: text = 'Image: 22'
5.0222 	EXP 	text_7: text = 'Color: 22'
5.0386 	EXP 	text_6: text = 'Image: 22'
5.0386 	EXP 	text_7: text = 'Color: 22'
5.0546 	EXP 	text_6: text = 'Image: 22'
5.0546 	EXP 	text_7: text = 'Color: 22'
5.0717 	EXP 	text_6: text = 'Image: 22'
5.0717 	EXP 	text_7: text = 'Color: 22'
5.0886 	EXP 	text_6: text = 'Image: 22'
5.0886 	EXP 	text_7: text = 'Color: 22'
5.1052 	EXP 	text_6: text = 'Image: 22'
5.1052 	EXP 	text_7: text = 'Color: 22'
5.1220 	EXP 	text_6: text = 'Image: 22'
5.1220 	EXP 	text_7: text = 'Color: 22'
5.1389 	EXP 	text_6: text = 'Image: 22'
5.1389 	EXP 	text_7: text = 'Color: 22'
5.1545 	EXP 	text_6: text = 'Image: 22'
5.1545 	EXP 	text_7: text = 'Color: 22'
5.1716 	EXP 	text_6: text = 'Image: 22'
5.1716 	EXP 	text_7: text = 'Color: 22'
5.1886 	EXP 	text_6: text = 'Image: 22'
5.1886 	EXP 	text_7: text = 'Color: 22'
5.2050 	EXP 	text_6: text = 'Image: 22'
5.2050 	EXP 	text_7: text = 'Color: 22'
5.2222 	EXP 	text_6: text = 'Image: 22'
5.2222 	EXP 	text_7: text = 'Color: 22'
5.2380 	EXP 	text_6: text = 'Image: 22'
5.2380 	EXP 	text_7: text = 'Color: 22'
5.2550 	EXP 	text_6: text = 'Image: 22'
5.2550 	EXP 	text_7: text = 'Color: 22'
5.2712 	EXP 	text_6: text = 'Image: 22'
5.2712 	EXP 	text_7: text = 'Color: 22'
5.2884 	EXP 	text_6: text = 'Image: 22'
5.2884 	EXP 	text_7: text = 'Color: 22'
5.3050 	EXP 	text_6: text = 'Image: 22'
5.3050 	EXP 	text_7: text = 'Color: 22'
5.3214 	EXP 	text_6: text = 'Image: 22'
5.3214 	EXP 	text_7: text = 'Color: 22'
5.3379 	EXP 	text_6: text = 'Image: 22'
5.3379 	EXP 	text_7: text = 'Color: 22'
5.3553 	EXP 	text_6: text = 'Image: 22'
5.3553 	EXP 	text_7: text = 'Color: 22'
5.3721 	EXP 	text_6: text = 'Image: 22'
5.3721 	EXP 	text_7: text = 'Color: 22'
5.3890 	EXP 	text_6: text = 'Image: 22'
5.3890 	EXP 	text_7: text = 'Color: 22'
5.4056 	EXP 	text_6: text = 'Image: 22'
5.4056 	EXP 	text_7: text = 'Color: 22'
5.4218 	EXP 	text_6: text = 'Image: 22'
5.4218 	EXP 	text_7: text = 'Color: 22'
5.4384 	EXP 	text_6: text = 'Image: 22'
5.4384 	EXP 	text_7: text = 'Color: 22'
5.4555 	EXP 	text_6: text = 'Image: 22'
5.4555 	EXP 	text_7: text = 'Color: 22'
5.4717 	EXP 	text_6: text = 'Image: 22'
5.4717 	EXP 	text_7: text = 'Color: 22'
5.4881 	EXP 	text_6: text = 'Image: 22'
5.4881 	EXP 	text_7: text = 'Color: 22'
5.5055 	EXP 	text_6: text = 'Image: 22'
5.5055 	EXP 	text_7: text = 'Color: 22'
5.5218 	EXP 	text_6: text = 'Image: 22'
5.5218 	EXP 	text_7: text = 'Color: 22'
5.5388 	EXP 	text_6: text = 'Image: 22'
5.5388 	EXP 	text_7: text = 'Color: 22'
5.5556 	EXP 	text_6: text = 'Image: 22'
5.5556 	EXP 	text_7: text = 'Color: 22'
5.5723 	EXP 	text_6: text = 'Image: 22'
5.5723 	EXP 	text_7: text = 'Color: 22'
5.5880 	EXP 	text_6: text = 'Image: 22'
5.5880 	EXP 	text_7: text = 'Color: 22'
5.6057 	EXP 	text_6: text = 'Image: 22'
5.6057 	EXP 	text_7: text = 'Color: 22'
5.6219 	EXP 	text_6: text = 'Image: 22'
5.6219 	EXP 	text_7: text = 'Color: 22'
5.6389 	EXP 	text_6: text = 'Image: 22'
5.6389 	EXP 	text_7: text = 'Color: 22'
5.6546 	EXP 	text_6: text = 'Image: 22'
5.6546 	EXP 	text_7: text = 'Color: 22'
5.6717 	EXP 	text_6: text = 'Image: 22'
5.6717 	EXP 	text_7: text = 'Color: 22'
5.6893 	EXP 	text_6: text = 'Image: 22'
5.6893 	EXP 	text_7: text = 'Color: 22'
5.7054 	EXP 	text_6: text = 'Image: 22'
5.7054 	EXP 	text_7: text = 'Color: 22'
5.7223 	EXP 	text_6: text = 'Image: 22'
5.7223 	EXP 	text_7: text = 'Color: 22'
5.7380 	EXP 	text_6: text = 'Image: 22'
5.7380 	EXP 	text_7: text = 'Color: 22'
5.7554 	EXP 	text_6: text = 'Image: 22'
5.7554 	EXP 	text_7: text = 'Color: 22'
5.7718 	EXP 	text_6: text = 'Image: 22'
5.7718 	EXP 	text_7: text = 'Color: 22'
5.7889 	EXP 	text_6: text = 'Image: 22'
5.7889 	EXP 	text_7: text = 'Color: 22'
5.7936 	DATA 	Mouse: Left button down, pos=(1355,1370)
5.8052 	EXP 	text_6: text = 'Image: 22'
5.8052 	EXP 	text_7: text = 'Color: 22'
5.8222 	EXP 	text_6: text = 'Image: 22'
5.8222 	EXP 	text_7: text = 'Color: 22'
5.8381 	EXP 	text_6: text = 'Image: 22'
5.8381 	EXP 	text_7: text = 'Color: 22'
5.8549 	EXP 	text_6: text = 'Image: 22'
5.8549 	EXP 	text_7: text = 'Color: 22'
5.8715 	EXP 	text_6: text = 'Image: 22'
5.8715 	EXP 	text_7: text = 'Color: 22'
5.8881 	EXP 	text_6: text = 'Image: 22'
5.8881 	EXP 	text_7: text = 'Color: 22'
5.8931 	DATA 	Mouse:  Left button up, pos=(1355,1370)
5.9047 	EXP 	text_6: text = 'Image: 22'
5.9047 	EXP 	text_7: text = 'Color: 22'
5.9222 	EXP 	text_6: text = 'Image: 22'
5.9222 	EXP 	text_7: text = 'Color: 22'
5.9382 	EXP 	text_6: text = 'Image: 22'
5.9382 	EXP 	text_7: text = 'Color: 22'
5.9549 	EXP 	text_6: text = 'Image: 22'
5.9549 	EXP 	text_7: text = 'Color: 22'
5.9714 	EXP 	text_6: text = 'Image: 22'
5.9714 	EXP 	text_7: text = 'Color: 22'
5.9890 	EXP 	text_6: text = 'Image: 22'
5.9890 	EXP 	text_7: text = 'Color: 22'
6.0057 	EXP 	text_6: text = 'Image: 22'
6.0057 	EXP 	text_7: text = 'Color: 22'
6.0215 	EXP 	text_6: text = 'Image: 22'
6.0215 	EXP 	text_7: text = 'Color: 22'
6.0381 	EXP 	text_6: text = 'Image: 22'
6.0381 	EXP 	text_7: text = 'Color: 22'
6.0547 	EXP 	text_6: text = 'Image: 22'
6.0547 	EXP 	text_7: text = 'Color: 22'
6.0713 	EXP 	text_6: text = 'Image: 22'
6.0713 	EXP 	text_7: text = 'Color: 22'
6.0884 	EXP 	text_6: text = 'Image: 22'
6.0884 	EXP 	text_7: text = 'Color: 22'
6.1053 	EXP 	text_6: text = 'Image: 22'
6.1053 	EXP 	text_7: text = 'Color: 22'
6.1223 	EXP 	text_6: text = 'Image: 22'
6.1223 	EXP 	text_7: text = 'Color: 22'
6.1384 	EXP 	text_6: text = 'Image: 22'
6.1384 	EXP 	text_7: text = 'Color: 22'
6.1555 	EXP 	text_6: text = 'Image: 22'
6.1555 	EXP 	text_7: text = 'Color: 22'
6.1720 	EXP 	text_6: text = 'Image: 22'
6.1720 	EXP 	text_7: text = 'Color: 22'
6.1888 	EXP 	text_6: text = 'Image: 22'
6.1888 	EXP 	text_7: text = 'Color: 22'
6.2052 	EXP 	text_6: text = 'Image: 22'
6.2052 	EXP 	text_7: text = 'Color: 22'
6.2215 	EXP 	text_6: text = 'Image: 22'
6.2215 	EXP 	text_7: text = 'Color: 22'
6.2389 	EXP 	text_6: text = 'Image: 22'
6.2389 	EXP 	text_7: text = 'Color: 22'
6.2549 	EXP 	text_6: text = 'Image: 22'
6.2549 	EXP 	text_7: text = 'Color: 22'
6.2723 	EXP 	text_6: text = 'Image: 22'
6.2723 	EXP 	text_7: text = 'Color: 22'
6.2880 	EXP 	text_6: text = 'Image: 22'
6.2880 	EXP 	text_7: text = 'Color: 22'
6.3058 	EXP 	text_6: text = 'Image: 22'
6.3058 	EXP 	text_7: text = 'Color: 22'
6.3224 	EXP 	text_6: text = 'Image: 22'
6.3224 	EXP 	text_7: text = 'Color: 22'
6.3384 	EXP 	text_6: text = 'Image: 22'
6.3384 	EXP 	text_7: text = 'Color: 22'
6.3562 	EXP 	text_6: text = 'Image: 22'
6.3562 	EXP 	text_7: text = 'Color: 22'
6.3731 	EXP 	text_6: text = 'Image: 22'
6.3731 	EXP 	text_7: text = 'Color: 22'
6.3890 	EXP 	text_6: text = 'Image: 22'
6.3890 	EXP 	text_7: text = 'Color: 22'
6.4066 	EXP 	text_6: text = 'Image: 22'
6.4066 	EXP 	text_7: text = 'Color: 22'
6.4220 	EXP 	text_6: text = 'Image: 22'
6.4220 	EXP 	text_7: text = 'Color: 22'
6.4393 	EXP 	text_6: text = 'Image: 22'
6.4393 	EXP 	text_7: text = 'Color: 22'
6.4558 	EXP 	text_6: text = 'Image: 22'
6.4558 	EXP 	text_7: text = 'Color: 22'
6.4720 	EXP 	text_6: text = 'Image: 22'
6.4720 	EXP 	text_7: text = 'Color: 22'
6.4892 	EXP 	text_6: text = 'Image: 22'
6.4892 	EXP 	text_7: text = 'Color: 22'
6.5060 	EXP 	text_6: text = 'Image: 22'
6.5060 	EXP 	text_7: text = 'Color: 22'
6.5226 	EXP 	text_6: text = 'Image: 22'
6.5226 	EXP 	text_7: text = 'Color: 22'
6.5395 	EXP 	text_6: text = 'Image: 22'
6.5395 	EXP 	text_7: text = 'Color: 22'
6.5558 	EXP 	text_6: text = 'Image: 22'
6.5558 	EXP 	text_7: text = 'Color: 22'
6.5721 	EXP 	text_6: text = 'Image: 22'
6.5721 	EXP 	text_7: text = 'Color: 22'
6.5893 	EXP 	text_6: text = 'Image: 22'
6.5893 	EXP 	text_7: text = 'Color: 22'
6.6055 	EXP 	text_6: text = 'Image: 22'
6.6055 	EXP 	text_7: text = 'Color: 22'
6.6229 	EXP 	text_6: text = 'Image: 22'
6.6229 	EXP 	text_7: text = 'Color: 22'
6.6392 	EXP 	text_6: text = 'Image: 22'
6.6392 	EXP 	text_7: text = 'Color: 22'
6.6564 	EXP 	text_6: text = 'Image: 22'
6.6564 	EXP 	text_7: text = 'Color: 22'
6.6726 	EXP 	text_6: text = 'Image: 22'
6.6726 	EXP 	text_7: text = 'Color: 22'
6.6887 	EXP 	text_6: text = 'Image: 22'
6.6887 	EXP 	text_7: text = 'Color: 22'
6.7060 	EXP 	text_6: text = 'Image: 22'
6.7060 	EXP 	text_7: text = 'Color: 22'
6.7225 	EXP 	text_6: text = 'Image: 22'
6.7225 	EXP 	text_7: text = 'Color: 22'
6.7393 	EXP 	text_6: text = 'Image: 22'
6.7393 	EXP 	text_7: text = 'Color: 22'
6.7560 	EXP 	text_6: text = 'Image: 22'
6.7560 	EXP 	text_7: text = 'Color: 22'
6.7725 	EXP 	text_6: text = 'Image: 22'
6.7725 	EXP 	text_7: text = 'Color: 22'
6.7892 	EXP 	text_6: text = 'Image: 22'
6.7892 	EXP 	text_7: text = 'Color: 22'
6.8057 	EXP 	text_6: text = 'Image: 22'
6.8057 	EXP 	text_7: text = 'Color: 22'
6.8229 	EXP 	text_6: text = 'Image: 22'
6.8229 	EXP 	text_7: text = 'Color: 22'
6.8388 	EXP 	text_6: text = 'Image: 22'
6.8388 	EXP 	text_7: text = 'Color: 22'
6.8555 	EXP 	text_6: text = 'Image: 22'
6.8555 	EXP 	text_7: text = 'Color: 22'
6.8726 	EXP 	text_6: text = 'Image: 22'
6.8726 	EXP 	text_7: text = 'Color: 22'
6.8887 	EXP 	text_6: text = 'Image: 22'
6.8887 	EXP 	text_7: text = 'Color: 22'
6.9058 	EXP 	text_6: text = 'Image: 22'
6.9058 	EXP 	text_7: text = 'Color: 22'
6.9221 	EXP 	text_6: text = 'Image: 22'
6.9221 	EXP 	text_7: text = 'Color: 22'
6.9392 	EXP 	text_6: text = 'Image: 22'
6.9392 	EXP 	text_7: text = 'Color: 22'
6.9555 	EXP 	text_6: text = 'Image: 22'
6.9555 	EXP 	text_7: text = 'Color: 22'
6.9732 	EXP 	text_6: text = 'Image: 22'
6.9732 	EXP 	text_7: text = 'Color: 22'
6.9893 	EXP 	text_6: text = 'Image: 22'
6.9893 	EXP 	text_7: text = 'Color: 22'
7.0057 	EXP 	text_6: text = 'Image: 22'
7.0057 	EXP 	text_7: text = 'Color: 22'
7.0227 	EXP 	text_6: text = 'Image: 22'
7.0227 	EXP 	text_7: text = 'Color: 22'
7.0389 	EXP 	text_6: text = 'Image: 22'
7.0389 	EXP 	text_7: text = 'Color: 22'
7.0554 	EXP 	text_6: text = 'Image: 22'
7.0554 	EXP 	text_7: text = 'Color: 22'
7.0727 	EXP 	text_6: text = 'Image: 22'
7.0727 	EXP 	text_7: text = 'Color: 22'
7.0893 	EXP 	text_6: text = 'Image: 22'
7.0893 	EXP 	text_7: text = 'Color: 22'
7.1056 	EXP 	text_6: text = 'Image: 22'
7.1056 	EXP 	text_7: text = 'Color: 22'
7.1232 	EXP 	text_6: text = 'Image: 22'
7.1232 	EXP 	text_7: text = 'Color: 22'
7.1388 	EXP 	text_6: text = 'Image: 22'
7.1388 	EXP 	text_7: text = 'Color: 22'
7.1558 	EXP 	text_6: text = 'Image: 22'
7.1558 	EXP 	text_7: text = 'Color: 22'
7.1723 	EXP 	text_6: text = 'Image: 22'
7.1723 	EXP 	text_7: text = 'Color: 22'
7.1890 	EXP 	text_6: text = 'Image: 22'
7.1890 	EXP 	text_7: text = 'Color: 22'
7.2054 	EXP 	text_6: text = 'Image: 22'
7.2054 	EXP 	text_7: text = 'Color: 22'
7.2225 	EXP 	text_6: text = 'Image: 22'
7.2225 	EXP 	text_7: text = 'Color: 22'
7.2395 	EXP 	text_6: text = 'Image: 22'
7.2395 	EXP 	text_7: text = 'Color: 22'
7.2555 	EXP 	text_6: text = 'Image: 22'
7.2555 	EXP 	text_7: text = 'Color: 22'
7.2727 	EXP 	text_6: text = 'Image: 22'
7.2727 	EXP 	text_7: text = 'Color: 22'
7.2896 	EXP 	text_6: text = 'Image: 22'
7.2896 	EXP 	text_7: text = 'Color: 22'
7.3053 	EXP 	text_6: text = 'Image: 22'
7.3053 	EXP 	text_7: text = 'Color: 22'
7.3229 	EXP 	text_6: text = 'Image: 22'
7.3229 	EXP 	text_7: text = 'Color: 22'
7.3390 	EXP 	text_6: text = 'Image: 22'
7.3390 	EXP 	text_7: text = 'Color: 22'
7.3559 	EXP 	text_6: text = 'Image: 22'
7.3559 	EXP 	text_7: text = 'Color: 22'
7.3731 	EXP 	text_6: text = 'Image: 22'
7.3731 	EXP 	text_7: text = 'Color: 22'
7.3893 	EXP 	text_6: text = 'Image: 22'
7.3893 	EXP 	text_7: text = 'Color: 22'
7.4057 	EXP 	text_6: text = 'Image: 22'
7.4057 	EXP 	text_7: text = 'Color: 22'
7.4228 	EXP 	text_6: text = 'Image: 22'
7.4228 	EXP 	text_7: text = 'Color: 22'
7.4388 	EXP 	text_6: text = 'Image: 22'
7.4388 	EXP 	text_7: text = 'Color: 22'
7.4558 	EXP 	text_6: text = 'Image: 22'
7.4558 	EXP 	text_7: text = 'Color: 22'
7.4726 	EXP 	text_6: text = 'Image: 22'
7.4726 	EXP 	text_7: text = 'Color: 22'
7.4895 	EXP 	text_6: text = 'Image: 22'
7.4895 	EXP 	text_7: text = 'Color: 22'
7.5062 	EXP 	text_6: text = 'Image: 22'
7.5062 	EXP 	text_7: text = 'Color: 22'
7.5229 	EXP 	text_6: text = 'Image: 22'
7.5229 	EXP 	text_7: text = 'Color: 22'
7.5396 	EXP 	text_6: text = 'Image: 22'
7.5396 	EXP 	text_7: text = 'Color: 22'
7.5557 	EXP 	text_6: text = 'Image: 22'
7.5557 	EXP 	text_7: text = 'Color: 22'
7.5726 	EXP 	text_6: text = 'Image: 22'
7.5726 	EXP 	text_7: text = 'Color: 22'
7.5891 	EXP 	text_6: text = 'Image: 22'
7.5891 	EXP 	text_7: text = 'Color: 22'
7.5944 	DATA 	Keypress: 2
7.6060 	EXP 	text_6: text = 'Image: 2'
7.6060 	EXP 	text_7: text = 'Color: 22'
7.6701 	EXP 	text_6: text = 'Image: 2'
7.6701 	EXP 	text_7: text = 'Color: 22'
7.6898 	EXP 	text_6: text = 'Image: 2'
7.6898 	EXP 	text_7: text = 'Color: 22'
7.7062 	EXP 	text_6: text = 'Image: 2'
7.7062 	EXP 	text_7: text = 'Color: 22'
7.7229 	EXP 	text_6: text = 'Image: 2'
7.7229 	EXP 	text_7: text = 'Color: 22'
7.7398 	EXP 	text_6: text = 'Image: 2'
7.7398 	EXP 	text_7: text = 'Color: 22'
7.7561 	EXP 	text_6: text = 'Image: 2'
7.7561 	EXP 	text_7: text = 'Color: 22'
7.7729 	EXP 	text_6: text = 'Image: 2'
7.7729 	EXP 	text_7: text = 'Color: 22'
7.7890 	EXP 	text_6: text = 'Image: 2'
7.7890 	EXP 	text_7: text = 'Color: 22'
7.8059 	EXP 	text_6: text = 'Image: 2'
7.8059 	EXP 	text_7: text = 'Color: 22'
7.8228 	EXP 	text_6: text = 'Image: 2'
7.8228 	EXP 	text_7: text = 'Color: 22'
7.8394 	EXP 	text_6: text = 'Image: 2'
7.8394 	EXP 	text_7: text = 'Color: 22'
7.8560 	EXP 	text_6: text = 'Image: 2'
7.8560 	EXP 	text_7: text = 'Color: 22'
7.8725 	EXP 	text_6: text = 'Image: 2'
7.8725 	EXP 	text_7: text = 'Color: 22'
7.8896 	EXP 	text_6: text = 'Image: 2'
7.8896 	EXP 	text_7: text = 'Color: 22'
7.9063 	EXP 	text_6: text = 'Image: 2'
7.9063 	EXP 	text_7: text = 'Color: 22'
7.9232 	EXP 	text_6: text = 'Image: 2'
7.9232 	EXP 	text_7: text = 'Color: 22'
7.9393 	EXP 	text_6: text = 'Image: 2'
7.9393 	EXP 	text_7: text = 'Color: 22'
7.9563 	EXP 	text_6: text = 'Image: 2'
7.9563 	EXP 	text_7: text = 'Color: 22'
7.9724 	EXP 	text_6: text = 'Image: 2'
7.9724 	EXP 	text_7: text = 'Color: 22'
7.9892 	EXP 	text_6: text = 'Image: 2'
7.9892 	EXP 	text_7: text = 'Color: 22'
8.0057 	EXP 	text_6: text = 'Image: 2'
8.0057 	EXP 	text_7: text = 'Color: 22'
8.0230 	EXP 	text_6: text = 'Image: 2'
8.0230 	EXP 	text_7: text = 'Color: 22'
8.0392 	EXP 	text_6: text = 'Image: 2'
8.0392 	EXP 	text_7: text = 'Color: 22'
8.0561 	EXP 	text_6: text = 'Image: 2'
8.0561 	EXP 	text_7: text = 'Color: 22'
8.0729 	EXP 	text_6: text = 'Image: 2'
8.0729 	EXP 	text_7: text = 'Color: 22'
8.0890 	EXP 	text_6: text = 'Image: 2'
8.0890 	EXP 	text_7: text = 'Color: 22'
8.1057 	EXP 	text_6: text = 'Image: 2'
8.1057 	EXP 	text_7: text = 'Color: 22'
8.1223 	EXP 	text_6: text = 'Image: 2'
8.1223 	EXP 	text_7: text = 'Color: 22'
8.1389 	EXP 	text_6: text = 'Image: 2'
8.1389 	EXP 	text_7: text = 'Color: 22'
8.1560 	EXP 	text_6: text = 'Image: 2'
8.1560 	EXP 	text_7: text = 'Color: 22'
8.1727 	EXP 	text_6: text = 'Image: 2'
8.1727 	EXP 	text_7: text = 'Color: 22'
8.1892 	EXP 	text_6: text = 'Image: 2'
8.1892 	EXP 	text_7: text = 'Color: 22'
8.2057 	EXP 	text_6: text = 'Image: 2'
8.2057 	EXP 	text_7: text = 'Color: 22'
8.2230 	EXP 	text_6: text = 'Image: 2'
8.2230 	EXP 	text_7: text = 'Color: 22'
8.2398 	EXP 	text_6: text = 'Image: 2'
8.2398 	EXP 	text_7: text = 'Color: 22'
8.2566 	EXP 	text_6: text = 'Image: 2'
8.2566 	EXP 	text_7: text = 'Color: 22'
8.2725 	EXP 	text_6: text = 'Image: 2'
8.2725 	EXP 	text_7: text = 'Color: 22'
8.2898 	EXP 	text_6: text = 'Image: 2'
8.2898 	EXP 	text_7: text = 'Color: 22'
8.3059 	EXP 	text_6: text = 'Image: 2'
8.3059 	EXP 	text_7: text = 'Color: 22'
8.3222 	EXP 	text_6: text = 'Image: 2'
8.3222 	EXP 	text_7: text = 'Color: 22'
8.3397 	EXP 	text_6: text = 'Image: 2'
8.3397 	EXP 	text_7: text = 'Color: 22'
8.3562 	EXP 	text_6: text = 'Image: 2'
8.3562 	EXP 	text_7: text = 'Color: 22'
8.3732 	EXP 	text_6: text = 'Image: 2'
8.3732 	EXP 	text_7: text = 'Color: 22'
8.3896 	EXP 	text_6: text = 'Image: 2'
8.3896 	EXP 	text_7: text = 'Color: 22'
8.4060 	EXP 	text_6: text = 'Image: 2'
8.4060 	EXP 	text_7: text = 'Color: 22'
8.4229 	EXP 	text_6: text = 'Image: 2'
8.4229 	EXP 	text_7: text = 'Color: 22'
8.4392 	EXP 	text_6: text = 'Image: 2'
8.4392 	EXP 	text_7: text = 'Color: 22'
8.4561 	EXP 	text_6: text = 'Image: 2'
8.4561 	EXP 	text_7: text = 'Color: 22'
8.4727 	EXP 	text_6: text = 'Image: 2'
8.4727 	EXP 	text_7: text = 'Color: 22'
8.4897 	EXP 	text_6: text = 'Image: 2'
8.4897 	EXP 	text_7: text = 'Color: 22'
8.5065 	EXP 	text_6: text = 'Image: 2'
8.5065 	EXP 	text_7: text = 'Color: 22'
8.5232 	EXP 	text_6: text = 'Image: 2'
8.5232 	EXP 	text_7: text = 'Color: 22'
8.5398 	EXP 	text_6: text = 'Image: 2'
8.5398 	EXP 	text_7: text = 'Color: 22'
8.5556 	EXP 	text_6: text = 'Image: 2'
8.5556 	EXP 	text_7: text = 'Color: 22'
8.5727 	EXP 	text_6: text = 'Image: 2'
8.5727 	EXP 	text_7: text = 'Color: 22'
8.5898 	EXP 	text_6: text = 'Image: 2'
8.5898 	EXP 	text_7: text = 'Color: 22'
8.6060 	EXP 	text_6: text = 'Image: 2'
8.6060 	EXP 	text_7: text = 'Color: 22'
8.6227 	EXP 	text_6: text = 'Image: 2'
8.6227 	EXP 	text_7: text = 'Color: 22'
8.6392 	EXP 	text_6: text = 'Image: 2'
8.6392 	EXP 	text_7: text = 'Color: 22'
8.6565 	EXP 	text_6: text = 'Image: 2'
8.6565 	EXP 	text_7: text = 'Color: 22'
8.6730 	EXP 	text_6: text = 'Image: 2'
8.6730 	EXP 	text_7: text = 'Color: 22'
8.6892 	EXP 	text_6: text = 'Image: 2'
8.6892 	EXP 	text_7: text = 'Color: 22'
8.7066 	EXP 	text_6: text = 'Image: 2'
8.7066 	EXP 	text_7: text = 'Color: 22'
8.7231 	EXP 	text_6: text = 'Image: 2'
8.7231 	EXP 	text_7: text = 'Color: 22'
8.7391 	EXP 	text_6: text = 'Image: 2'
8.7391 	EXP 	text_7: text = 'Color: 22'
8.7563 	EXP 	text_6: text = 'Image: 2'
8.7563 	EXP 	text_7: text = 'Color: 22'
8.7732 	EXP 	text_6: text = 'Image: 2'
8.7732 	EXP 	text_7: text = 'Color: 22'
8.7894 	EXP 	text_6: text = 'Image: 2'
8.7894 	EXP 	text_7: text = 'Color: 22'
8.8062 	EXP 	text_6: text = 'Image: 2'
8.8062 	EXP 	text_7: text = 'Color: 22'
8.8230 	EXP 	text_6: text = 'Image: 2'
8.8230 	EXP 	text_7: text = 'Color: 22'
8.8394 	EXP 	text_6: text = 'Image: 2'
8.8394 	EXP 	text_7: text = 'Color: 22'
8.8560 	EXP 	text_6: text = 'Image: 2'
8.8560 	EXP 	text_7: text = 'Color: 22'
8.8733 	EXP 	text_6: text = 'Image: 2'
8.8733 	EXP 	text_7: text = 'Color: 22'
8.8897 	EXP 	text_6: text = 'Image: 2'
8.8897 	EXP 	text_7: text = 'Color: 22'
8.9065 	EXP 	text_6: text = 'Image: 2'
8.9065 	EXP 	text_7: text = 'Color: 22'
8.9222 	EXP 	text_6: text = 'Image: 2'
8.9222 	EXP 	text_7: text = 'Color: 22'
8.9390 	EXP 	text_6: text = 'Image: 2'
8.9390 	EXP 	text_7: text = 'Color: 22'
8.9562 	EXP 	text_6: text = 'Image: 2'
8.9562 	EXP 	text_7: text = 'Color: 22'
8.9732 	EXP 	text_6: text = 'Image: 2'
8.9732 	EXP 	text_7: text = 'Color: 22'
8.9892 	EXP 	text_6: text = 'Image: 2'
8.9892 	EXP 	text_7: text = 'Color: 22'
9.0057 	EXP 	text_6: text = 'Image: 2'
9.0057 	EXP 	text_7: text = 'Color: 22'
9.0227 	EXP 	text_6: text = 'Image: 2'
9.0227 	EXP 	text_7: text = 'Color: 22'
9.0393 	EXP 	text_6: text = 'Image: 2'
9.0393 	EXP 	text_7: text = 'Color: 22'
9.0557 	EXP 	text_6: text = 'Image: 2'
9.0557 	EXP 	text_7: text = 'Color: 22'
9.0734 	EXP 	text_6: text = 'Image: 2'
9.0734 	EXP 	text_7: text = 'Color: 22'
9.0893 	EXP 	text_6: text = 'Image: 2'
9.0893 	EXP 	text_7: text = 'Color: 22'
9.1060 	EXP 	text_6: text = 'Image: 2'
9.1060 	EXP 	text_7: text = 'Color: 22'
9.1227 	EXP 	text_6: text = 'Image: 2'
9.1227 	EXP 	text_7: text = 'Color: 22'
9.1391 	EXP 	text_6: text = 'Image: 2'
9.1391 	EXP 	text_7: text = 'Color: 22'
9.1565 	EXP 	text_6: text = 'Image: 2'
9.1565 	EXP 	text_7: text = 'Color: 22'
9.1732 	EXP 	text_6: text = 'Image: 2'
9.1732 	EXP 	text_7: text = 'Color: 22'
9.1895 	EXP 	text_6: text = 'Image: 2'
9.1895 	EXP 	text_7: text = 'Color: 22'
9.2060 	EXP 	text_6: text = 'Image: 2'
9.2060 	EXP 	text_7: text = 'Color: 22'
9.2232 	EXP 	text_6: text = 'Image: 2'
9.2232 	EXP 	text_7: text = 'Color: 22'
9.2391 	EXP 	text_6: text = 'Image: 2'
9.2391 	EXP 	text_7: text = 'Color: 22'
9.2560 	EXP 	text_6: text = 'Image: 2'
9.2560 	EXP 	text_7: text = 'Color: 22'
9.2726 	EXP 	text_6: text = 'Image: 2'
9.2726 	EXP 	text_7: text = 'Color: 22'
9.2898 	EXP 	text_6: text = 'Image: 2'
9.2898 	EXP 	text_7: text = 'Color: 22'
9.3066 	EXP 	text_6: text = 'Image: 2'
9.3066 	EXP 	text_7: text = 'Color: 22'
9.3231 	EXP 	text_6: text = 'Image: 2'
9.3231 	EXP 	text_7: text = 'Color: 22'
9.3399 	EXP 	text_6: text = 'Image: 2'
9.3399 	EXP 	text_7: text = 'Color: 22'
9.3563 	EXP 	text_6: text = 'Image: 2'
9.3563 	EXP 	text_7: text = 'Color: 22'
9.3733 	EXP 	text_6: text = 'Image: 2'
9.3733 	EXP 	text_7: text = 'Color: 22'
9.3901 	EXP 	text_6: text = 'Image: 2'
9.3901 	EXP 	text_7: text = 'Color: 22'
9.4065 	EXP 	text_6: text = 'Image: 2'
9.4065 	EXP 	text_7: text = 'Color: 22'
9.4226 	EXP 	text_6: text = 'Image: 2'
9.4226 	EXP 	text_7: text = 'Color: 22'
9.4398 	EXP 	text_6: text = 'Image: 2'
9.4398 	EXP 	text_7: text = 'Color: 22'
9.4567 	EXP 	text_6: text = 'Image: 2'
9.4567 	EXP 	text_7: text = 'Color: 22'
9.4731 	EXP 	text_6: text = 'Image: 2'
9.4731 	EXP 	text_7: text = 'Color: 22'
9.4891 	EXP 	text_6: text = 'Image: 2'
9.4891 	EXP 	text_7: text = 'Color: 22'
9.5063 	EXP 	text_6: text = 'Image: 2'
9.5063 	EXP 	text_7: text = 'Color: 22'
9.5227 	EXP 	text_6: text = 'Image: 2'
9.5227 	EXP 	text_7: text = 'Color: 22'
9.5400 	EXP 	text_6: text = 'Image: 2'
9.5400 	EXP 	text_7: text = 'Color: 22'
9.5563 	EXP 	text_6: text = 'Image: 2'
9.5563 	EXP 	text_7: text = 'Color: 22'
9.5730 	EXP 	text_6: text = 'Image: 2'
9.5730 	EXP 	text_7: text = 'Color: 22'
9.5899 	EXP 	text_6: text = 'Image: 2'
9.5899 	EXP 	text_7: text = 'Color: 22'
9.6059 	EXP 	text_6: text = 'Image: 2'
9.6059 	EXP 	text_7: text = 'Color: 22'
9.6224 	EXP 	text_6: text = 'Image: 2'
9.6224 	EXP 	text_7: text = 'Color: 22'
9.6398 	EXP 	text_6: text = 'Image: 2'
9.6398 	EXP 	text_7: text = 'Color: 22'
9.6563 	EXP 	text_6: text = 'Image: 2'
9.6563 	EXP 	text_7: text = 'Color: 22'
9.6723 	EXP 	text_6: text = 'Image: 2'
9.6723 	EXP 	text_7: text = 'Color: 22'
9.6891 	EXP 	text_6: text = 'Image: 2'
9.6891 	EXP 	text_7: text = 'Color: 22'
9.7061 	EXP 	text_6: text = 'Image: 2'
9.7061 	EXP 	text_7: text = 'Color: 22'
9.7230 	EXP 	text_6: text = 'Image: 2'
9.7230 	EXP 	text_7: text = 'Color: 22'
9.7397 	EXP 	text_6: text = 'Image: 2'
9.7397 	EXP 	text_7: text = 'Color: 22'
9.7559 	EXP 	text_6: text = 'Image: 2'
9.7559 	EXP 	text_7: text = 'Color: 22'
9.7725 	EXP 	text_6: text = 'Image: 2'
9.7725 	EXP 	text_7: text = 'Color: 22'
9.7896 	EXP 	text_6: text = 'Image: 2'
9.7896 	EXP 	text_7: text = 'Color: 22'
9.8059 	EXP 	text_6: text = 'Image: 2'
9.8059 	EXP 	text_7: text = 'Color: 22'
9.8228 	EXP 	text_6: text = 'Image: 2'
9.8228 	EXP 	text_7: text = 'Color: 22'
9.8329 	DATA 	Keypress: 4
9.8562 	EXP 	text_6: text = 'Image: 24'
9.8562 	EXP 	text_7: text = 'Color: 22'
9.9394 	EXP 	text_6: text = 'Image: 24'
9.9394 	EXP 	text_7: text = 'Color: 22'
9.9563 	EXP 	text_6: text = 'Image: 24'
9.9563 	EXP 	text_7: text = 'Color: 22'
9.9727 	EXP 	text_6: text = 'Image: 24'
9.9727 	EXP 	text_7: text = 'Color: 22'
9.9894 	EXP 	text_6: text = 'Image: 24'
9.9894 	EXP 	text_7: text = 'Color: 22'
10.0065 	EXP 	text_6: text = 'Image: 24'
10.0065 	EXP 	text_7: text = 'Color: 22'
10.0230 	EXP 	text_6: text = 'Image: 24'
10.0230 	EXP 	text_7: text = 'Color: 22'
10.0392 	EXP 	text_6: text = 'Image: 24'
10.0392 	EXP 	text_7: text = 'Color: 22'
10.0563 	EXP 	text_6: text = 'Image: 24'
10.0563 	EXP 	text_7: text = 'Color: 22'
10.0733 	EXP 	text_6: text = 'Image: 24'
10.0733 	EXP 	text_7: text = 'Color: 22'
10.0894 	EXP 	text_6: text = 'Image: 24'
10.0894 	EXP 	text_7: text = 'Color: 22'
10.1060 	EXP 	text_6: text = 'Image: 24'
10.1060 	EXP 	text_7: text = 'Color: 22'
10.1231 	EXP 	text_6: text = 'Image: 24'
10.1231 	EXP 	text_7: text = 'Color: 22'
10.1396 	EXP 	text_6: text = 'Image: 24'
10.1396 	EXP 	text_7: text = 'Color: 22'
10.1562 	EXP 	text_6: text = 'Image: 24'
10.1562 	EXP 	text_7: text = 'Color: 22'
10.1733 	EXP 	text_6: text = 'Image: 24'
10.1733 	EXP 	text_7: text = 'Color: 22'
10.1897 	EXP 	text_6: text = 'Image: 24'
10.1897 	EXP 	text_7: text = 'Color: 22'
10.2063 	EXP 	text_6: text = 'Image: 24'
10.2063 	EXP 	text_7: text = 'Color: 22'
10.2232 	EXP 	text_6: text = 'Image: 24'
10.2232 	EXP 	text_7: text = 'Color: 22'
10.2394 	EXP 	text_6: text = 'Image: 24'
10.2394 	EXP 	text_7: text = 'Color: 22'
10.2562 	EXP 	text_6: text = 'Image: 24'
10.2562 	EXP 	text_7: text = 'Color: 22'
10.2732 	EXP 	text_6: text = 'Image: 24'
10.2732 	EXP 	text_7: text = 'Color: 22'
10.2900 	EXP 	text_6: text = 'Image: 24'
10.2900 	EXP 	text_7: text = 'Color: 22'
10.3070 	EXP 	text_6: text = 'Image: 24'
10.3070 	EXP 	text_7: text = 'Color: 22'
10.3234 	EXP 	text_6: text = 'Image: 24'
10.3234 	EXP 	text_7: text = 'Color: 22'
10.3403 	EXP 	text_6: text = 'Image: 24'
10.3403 	EXP 	text_7: text = 'Color: 22'
10.3563 	EXP 	text_6: text = 'Image: 24'
10.3563 	EXP 	text_7: text = 'Color: 22'
10.3731 	EXP 	text_6: text = 'Image: 24'
10.3731 	EXP 	text_7: text = 'Color: 22'
10.3894 	EXP 	text_6: text = 'Image: 24'
10.3894 	EXP 	text_7: text = 'Color: 22'
10.4064 	EXP 	text_6: text = 'Image: 24'
10.4064 	EXP 	text_7: text = 'Color: 22'
10.4227 	EXP 	text_6: text = 'Image: 24'
10.4227 	EXP 	text_7: text = 'Color: 22'
10.4401 	EXP 	text_6: text = 'Image: 24'
10.4401 	EXP 	text_7: text = 'Color: 22'
10.4561 	EXP 	text_6: text = 'Image: 24'
10.4561 	EXP 	text_7: text = 'Color: 22'
10.4731 	EXP 	text_6: text = 'Image: 24'
10.4731 	EXP 	text_7: text = 'Color: 22'
10.4892 	EXP 	text_6: text = 'Image: 24'
10.4892 	EXP 	text_7: text = 'Color: 22'
10.5064 	EXP 	text_6: text = 'Image: 24'
10.5064 	EXP 	text_7: text = 'Color: 22'
10.5231 	EXP 	text_6: text = 'Image: 24'
10.5231 	EXP 	text_7: text = 'Color: 22'
10.5403 	EXP 	text_6: text = 'Image: 24'
10.5403 	EXP 	text_7: text = 'Color: 22'
10.5564 	EXP 	text_6: text = 'Image: 24'
10.5564 	EXP 	text_7: text = 'Color: 22'
10.5731 	EXP 	text_6: text = 'Image: 24'
10.5731 	EXP 	text_7: text = 'Color: 22'
10.5893 	EXP 	text_6: text = 'Image: 24'
10.5893 	EXP 	text_7: text = 'Color: 22'
10.6064 	EXP 	text_6: text = 'Image: 24'
10.6064 	EXP 	text_7: text = 'Color: 22'
10.6236 	EXP 	text_6: text = 'Image: 24'
10.6236 	EXP 	text_7: text = 'Color: 22'
10.6400 	EXP 	text_6: text = 'Image: 24'
10.6400 	EXP 	text_7: text = 'Color: 22'
10.6569 	EXP 	text_6: text = 'Image: 24'
10.6569 	EXP 	text_7: text = 'Color: 22'
10.6731 	EXP 	text_6: text = 'Image: 24'
10.6731 	EXP 	text_7: text = 'Color: 22'
10.6898 	EXP 	text_6: text = 'Image: 24'
10.6898 	EXP 	text_7: text = 'Color: 22'
10.7069 	EXP 	text_6: text = 'Image: 24'
10.7069 	EXP 	text_7: text = 'Color: 22'
10.7225 	EXP 	text_6: text = 'Image: 24'
10.7225 	EXP 	text_7: text = 'Color: 22'
10.7399 	EXP 	text_6: text = 'Image: 24'
10.7399 	EXP 	text_7: text = 'Color: 22'
10.7563 	EXP 	text_6: text = 'Image: 24'
10.7563 	EXP 	text_7: text = 'Color: 22'
10.7736 	EXP 	text_6: text = 'Image: 24'
10.7736 	EXP 	text_7: text = 'Color: 22'
10.7893 	EXP 	text_6: text = 'Image: 24'
10.7893 	EXP 	text_7: text = 'Color: 22'
10.8063 	EXP 	text_6: text = 'Image: 24'
10.8063 	EXP 	text_7: text = 'Color: 22'
10.8235 	EXP 	text_6: text = 'Image: 24'
10.8235 	EXP 	text_7: text = 'Color: 22'
10.8394 	EXP 	text_6: text = 'Image: 24'
10.8394 	EXP 	text_7: text = 'Color: 22'
10.8561 	EXP 	text_6: text = 'Image: 24'
10.8561 	EXP 	text_7: text = 'Color: 22'
10.8731 	EXP 	text_6: text = 'Image: 24'
10.8731 	EXP 	text_7: text = 'Color: 22'
10.8899 	EXP 	text_6: text = 'Image: 24'
10.8899 	EXP 	text_7: text = 'Color: 22'
10.9070 	EXP 	text_6: text = 'Image: 24'
10.9070 	EXP 	text_7: text = 'Color: 22'
10.9227 	EXP 	text_6: text = 'Image: 24'
10.9227 	EXP 	text_7: text = 'Color: 22'
10.9396 	EXP 	text_6: text = 'Image: 24'
10.9396 	EXP 	text_7: text = 'Color: 22'
10.9561 	EXP 	text_6: text = 'Image: 24'
10.9561 	EXP 	text_7: text = 'Color: 22'
10.9732 	EXP 	text_6: text = 'Image: 24'
10.9732 	EXP 	text_7: text = 'Color: 22'
10.9898 	EXP 	text_6: text = 'Image: 24'
10.9898 	EXP 	text_7: text = 'Color: 22'
11.0065 	EXP 	text_6: text = 'Image: 24'
11.0065 	EXP 	text_7: text = 'Color: 22'
11.0228 	EXP 	text_6: text = 'Image: 24'
11.0228 	EXP 	text_7: text = 'Color: 22'
11.0398 	EXP 	text_6: text = 'Image: 24'
11.0398 	EXP 	text_7: text = 'Color: 22'
11.0560 	EXP 	text_6: text = 'Image: 24'
11.0560 	EXP 	text_7: text = 'Color: 22'
11.0733 	EXP 	text_6: text = 'Image: 24'
11.0733 	EXP 	text_7: text = 'Color: 22'
11.0898 	EXP 	text_6: text = 'Image: 24'
11.0898 	EXP 	text_7: text = 'Color: 22'
11.1063 	EXP 	text_6: text = 'Image: 24'
11.1063 	EXP 	text_7: text = 'Color: 22'
11.1233 	EXP 	text_6: text = 'Image: 24'
11.1233 	EXP 	text_7: text = 'Color: 22'
11.1394 	EXP 	text_6: text = 'Image: 24'
11.1394 	EXP 	text_7: text = 'Color: 22'
11.1563 	EXP 	text_6: text = 'Image: 24'
11.1563 	EXP 	text_7: text = 'Color: 22'
11.1729 	EXP 	text_6: text = 'Image: 24'
11.1729 	EXP 	text_7: text = 'Color: 22'
11.1894 	EXP 	text_6: text = 'Image: 24'
11.1894 	EXP 	text_7: text = 'Color: 22'
11.2063 	EXP 	text_6: text = 'Image: 24'
11.2063 	EXP 	text_7: text = 'Color: 22'
11.2228 	EXP 	text_6: text = 'Image: 24'
11.2228 	EXP 	text_7: text = 'Color: 22'
11.2398 	EXP 	text_6: text = 'Image: 24'
11.2398 	EXP 	text_7: text = 'Color: 22'
11.2562 	EXP 	text_6: text = 'Image: 24'
11.2562 	EXP 	text_7: text = 'Color: 22'
11.2732 	EXP 	text_6: text = 'Image: 24'
11.2732 	EXP 	text_7: text = 'Color: 22'
11.2893 	EXP 	text_6: text = 'Image: 24'
11.2893 	EXP 	text_7: text = 'Color: 22'
11.3061 	EXP 	text_6: text = 'Image: 24'
11.3061 	EXP 	text_7: text = 'Color: 22'
11.3228 	EXP 	text_6: text = 'Image: 24'
11.3228 	EXP 	text_7: text = 'Color: 22'
11.3397 	EXP 	text_6: text = 'Image: 24'
11.3397 	EXP 	text_7: text = 'Color: 22'
11.3577 	EXP 	text_6: text = 'Image: 24'
11.3577 	EXP 	text_7: text = 'Color: 22'
11.3742 	EXP 	text_6: text = 'Image: 24'
11.3742 	EXP 	text_7: text = 'Color: 22'
11.3909 	EXP 	text_6: text = 'Image: 24'
11.3909 	EXP 	text_7: text = 'Color: 22'
11.4075 	EXP 	text_6: text = 'Image: 24'
11.4075 	EXP 	text_7: text = 'Color: 22'
11.4237 	EXP 	text_6: text = 'Image: 24'
11.4237 	EXP 	text_7: text = 'Color: 22'
11.4407 	EXP 	text_6: text = 'Image: 24'
11.4407 	EXP 	text_7: text = 'Color: 22'
11.4567 	EXP 	text_6: text = 'Image: 24'
11.4567 	EXP 	text_7: text = 'Color: 22'
11.4743 	EXP 	text_6: text = 'Image: 24'
11.4743 	EXP 	text_7: text = 'Color: 22'
11.4908 	EXP 	text_6: text = 'Image: 24'
11.4908 	EXP 	text_7: text = 'Color: 22'
11.5072 	EXP 	text_6: text = 'Image: 24'
11.5072 	EXP 	text_7: text = 'Color: 22'
11.5239 	EXP 	text_6: text = 'Image: 24'
11.5239 	EXP 	text_7: text = 'Color: 22'
11.5411 	EXP 	text_6: text = 'Image: 24'
11.5411 	EXP 	text_7: text = 'Color: 22'
11.5574 	EXP 	text_6: text = 'Image: 24'
11.5574 	EXP 	text_7: text = 'Color: 22'
11.5742 	EXP 	text_6: text = 'Image: 24'
11.5742 	EXP 	text_7: text = 'Color: 22'
11.5904 	EXP 	text_6: text = 'Image: 24'
11.5904 	EXP 	text_7: text = 'Color: 22'
11.6070 	EXP 	text_6: text = 'Image: 24'
11.6070 	EXP 	text_7: text = 'Color: 22'
11.6245 	EXP 	text_6: text = 'Image: 24'
11.6245 	EXP 	text_7: text = 'Color: 22'
11.6406 	EXP 	text_6: text = 'Image: 24'
11.6406 	EXP 	text_7: text = 'Color: 22'
11.6579 	EXP 	text_6: text = 'Image: 24'
11.6579 	EXP 	text_7: text = 'Color: 22'
11.6740 	EXP 	text_6: text = 'Image: 24'
11.6740 	EXP 	text_7: text = 'Color: 22'
11.6910 	EXP 	text_6: text = 'Image: 24'
11.6910 	EXP 	text_7: text = 'Color: 22'
11.7072 	EXP 	text_6: text = 'Image: 24'
11.7072 	EXP 	text_7: text = 'Color: 22'
11.7247 	EXP 	text_6: text = 'Image: 24'
11.7247 	EXP 	text_7: text = 'Color: 22'
11.7408 	EXP 	text_6: text = 'Image: 24'
11.7408 	EXP 	text_7: text = 'Color: 22'
11.7575 	EXP 	text_6: text = 'Image: 24'
11.7575 	EXP 	text_7: text = 'Color: 22'
11.7734 	EXP 	text_6: text = 'Image: 24'
11.7734 	EXP 	text_7: text = 'Color: 22'
11.7904 	EXP 	text_6: text = 'Image: 24'
11.7904 	EXP 	text_7: text = 'Color: 22'
11.8074 	EXP 	text_6: text = 'Image: 24'
11.8074 	EXP 	text_7: text = 'Color: 22'
11.8241 	EXP 	text_6: text = 'Image: 24'
11.8241 	EXP 	text_7: text = 'Color: 22'
11.8403 	EXP 	text_6: text = 'Image: 24'
11.8403 	EXP 	text_7: text = 'Color: 22'
11.8571 	EXP 	text_6: text = 'Image: 24'
11.8571 	EXP 	text_7: text = 'Color: 22'
11.8743 	EXP 	text_6: text = 'Image: 24'
11.8743 	EXP 	text_7: text = 'Color: 22'
11.8907 	EXP 	text_6: text = 'Image: 24'
11.8907 	EXP 	text_7: text = 'Color: 22'
11.9074 	EXP 	text_6: text = 'Image: 24'
11.9074 	EXP 	text_7: text = 'Color: 22'
11.9236 	EXP 	text_6: text = 'Image: 24'
11.9236 	EXP 	text_7: text = 'Color: 22'
11.9411 	EXP 	text_6: text = 'Image: 24'
11.9411 	EXP 	text_7: text = 'Color: 22'
11.9573 	EXP 	text_6: text = 'Image: 24'
11.9573 	EXP 	text_7: text = 'Color: 22'
11.9744 	EXP 	text_6: text = 'Image: 24'
11.9744 	EXP 	text_7: text = 'Color: 22'
11.9902 	EXP 	text_6: text = 'Image: 24'
11.9902 	EXP 	text_7: text = 'Color: 22'
12.0070 	EXP 	text_6: text = 'Image: 24'
12.0070 	EXP 	text_7: text = 'Color: 22'
12.0241 	EXP 	text_6: text = 'Image: 24'
12.0241 	EXP 	text_7: text = 'Color: 22'
12.0406 	EXP 	text_6: text = 'Image: 24'
12.0406 	EXP 	text_7: text = 'Color: 22'
12.0570 	EXP 	text_6: text = 'Image: 24'
12.0570 	EXP 	text_7: text = 'Color: 22'
12.0734 	EXP 	text_6: text = 'Image: 24'
12.0734 	EXP 	text_7: text = 'Color: 22'
12.0902 	EXP 	text_6: text = 'Image: 24'
12.0902 	EXP 	text_7: text = 'Color: 22'
12.1077 	EXP 	text_6: text = 'Image: 24'
12.1077 	EXP 	text_7: text = 'Color: 22'
12.1245 	EXP 	text_6: text = 'Image: 24'
12.1245 	EXP 	text_7: text = 'Color: 22'
12.1410 	EXP 	text_6: text = 'Image: 24'
12.1410 	EXP 	text_7: text = 'Color: 22'
12.1575 	EXP 	text_6: text = 'Image: 24'
12.1575 	EXP 	text_7: text = 'Color: 22'
12.1742 	EXP 	text_6: text = 'Image: 24'
12.1742 	EXP 	text_7: text = 'Color: 22'
12.1911 	EXP 	text_6: text = 'Image: 24'
12.1911 	EXP 	text_7: text = 'Color: 22'
12.2248 	EXP 	text_6: text = 'Image: 24'
12.2248 	EXP 	text_7: text = 'Color: 22'
12.2402 	EXP 	text_6: text = 'Image: 24'
12.2402 	EXP 	text_7: text = 'Color: 22'
12.2577 	EXP 	text_6: text = 'Image: 24'
12.2577 	EXP 	text_7: text = 'Color: 22'
12.2738 	EXP 	text_6: text = 'Image: 24'
12.2738 	EXP 	text_7: text = 'Color: 22'
12.2909 	EXP 	text_6: text = 'Image: 24'
12.2909 	EXP 	text_7: text = 'Color: 22'
12.3073 	EXP 	text_6: text = 'Image: 24'
12.3073 	EXP 	text_7: text = 'Color: 22'
12.3237 	EXP 	text_6: text = 'Image: 24'
12.3237 	EXP 	text_7: text = 'Color: 22'
12.3408 	EXP 	text_6: text = 'Image: 24'
12.3408 	EXP 	text_7: text = 'Color: 22'
12.3574 	EXP 	text_6: text = 'Image: 24'
12.3574 	EXP 	text_7: text = 'Color: 22'
12.3734 	EXP 	text_6: text = 'Image: 24'
12.3734 	EXP 	text_7: text = 'Color: 22'
12.3908 	EXP 	text_6: text = 'Image: 24'
12.3908 	EXP 	text_7: text = 'Color: 22'
12.4075 	EXP 	text_6: text = 'Image: 24'
12.4075 	EXP 	text_7: text = 'Color: 22'
12.4235 	EXP 	text_6: text = 'Image: 24'
12.4235 	EXP 	text_7: text = 'Color: 22'
12.4411 	EXP 	text_6: text = 'Image: 24'
12.4411 	EXP 	text_7: text = 'Color: 22'
12.4569 	EXP 	text_6: text = 'Image: 24'
12.4569 	EXP 	text_7: text = 'Color: 22'
12.4735 	EXP 	text_6: text = 'Image: 24'
12.4735 	EXP 	text_7: text = 'Color: 22'
12.4902 	EXP 	text_6: text = 'Image: 24'
12.4902 	EXP 	text_7: text = 'Color: 22'
12.5072 	EXP 	text_6: text = 'Image: 24'
12.5072 	EXP 	text_7: text = 'Color: 22'
12.5248 	EXP 	text_6: text = 'Image: 24'
12.5248 	EXP 	text_7: text = 'Color: 22'
12.5414 	EXP 	text_6: text = 'Image: 24'
12.5414 	EXP 	text_7: text = 'Color: 22'
12.5578 	EXP 	text_6: text = 'Image: 24'
12.5578 	EXP 	text_7: text = 'Color: 22'
12.5739 	EXP 	text_6: text = 'Image: 24'
12.5739 	EXP 	text_7: text = 'Color: 22'
12.5909 	EXP 	text_6: text = 'Image: 24'
12.5909 	EXP 	text_7: text = 'Color: 22'
12.6075 	EXP 	text_6: text = 'Image: 24'
12.6075 	EXP 	text_7: text = 'Color: 22'
12.6242 	EXP 	text_6: text = 'Image: 24'
12.6242 	EXP 	text_7: text = 'Color: 22'
12.6410 	EXP 	text_6: text = 'Image: 24'
12.6410 	EXP 	text_7: text = 'Color: 22'
12.6576 	EXP 	text_6: text = 'Image: 24'
12.6576 	EXP 	text_7: text = 'Color: 22'
12.6744 	EXP 	text_6: text = 'Image: 24'
12.6744 	EXP 	text_7: text = 'Color: 22'
12.6912 	EXP 	text_6: text = 'Image: 24'
12.6912 	EXP 	text_7: text = 'Color: 22'
12.6969 	DATA 	Keypress: 1
12.7072 	EXP 	text_6: text = 'Image: 241'
12.7072 	EXP 	text_7: text = 'Color: 22'
12.7739 	EXP 	text_6: text = 'Image: 241'
12.7739 	EXP 	text_7: text = 'Color: 22'
12.7913 	EXP 	text_6: text = 'Image: 241'
12.7913 	EXP 	text_7: text = 'Color: 22'
12.8073 	EXP 	text_6: text = 'Image: 241'
12.8073 	EXP 	text_7: text = 'Color: 22'
12.8241 	EXP 	text_6: text = 'Image: 241'
12.8241 	EXP 	text_7: text = 'Color: 22'
12.8409 	EXP 	text_6: text = 'Image: 241'
12.8409 	EXP 	text_7: text = 'Color: 22'
12.8576 	EXP 	text_6: text = 'Image: 241'
12.8576 	EXP 	text_7: text = 'Color: 22'
12.8743 	EXP 	text_6: text = 'Image: 241'
12.8743 	EXP 	text_7: text = 'Color: 22'
12.8903 	EXP 	text_6: text = 'Image: 241'
12.8903 	EXP 	text_7: text = 'Color: 22'
12.9079 	EXP 	text_6: text = 'Image: 241'
12.9079 	EXP 	text_7: text = 'Color: 22'
12.9241 	EXP 	text_6: text = 'Image: 241'
12.9241 	EXP 	text_7: text = 'Color: 22'
12.9408 	EXP 	text_6: text = 'Image: 241'
12.9408 	EXP 	text_7: text = 'Color: 22'
12.9579 	EXP 	text_6: text = 'Image: 241'
12.9579 	EXP 	text_7: text = 'Color: 22'
12.9743 	EXP 	text_6: text = 'Image: 241'
12.9743 	EXP 	text_7: text = 'Color: 22'
12.9905 	EXP 	text_6: text = 'Image: 241'
12.9905 	EXP 	text_7: text = 'Color: 22'
13.0080 	EXP 	text_6: text = 'Image: 241'
13.0080 	EXP 	text_7: text = 'Color: 22'
13.0241 	EXP 	text_6: text = 'Image: 241'
13.0241 	EXP 	text_7: text = 'Color: 22'
13.0408 	EXP 	text_6: text = 'Image: 241'
13.0408 	EXP 	text_7: text = 'Color: 22'
13.0570 	EXP 	text_6: text = 'Image: 241'
13.0570 	EXP 	text_7: text = 'Color: 22'
13.0743 	EXP 	text_6: text = 'Image: 241'
13.0743 	EXP 	text_7: text = 'Color: 22'
13.0911 	EXP 	text_6: text = 'Image: 241'
13.0911 	EXP 	text_7: text = 'Color: 22'
13.1069 	EXP 	text_6: text = 'Image: 241'
13.1069 	EXP 	text_7: text = 'Color: 22'
13.1244 	EXP 	text_6: text = 'Image: 241'
13.1244 	EXP 	text_7: text = 'Color: 22'
13.1402 	EXP 	text_6: text = 'Image: 241'
13.1402 	EXP 	text_7: text = 'Color: 22'
13.1580 	EXP 	text_6: text = 'Image: 241'
13.1580 	EXP 	text_7: text = 'Color: 22'
13.1738 	EXP 	text_6: text = 'Image: 241'
13.1738 	EXP 	text_7: text = 'Color: 22'
13.1906 	EXP 	text_6: text = 'Image: 241'
13.1906 	EXP 	text_7: text = 'Color: 22'
13.2078 	EXP 	text_6: text = 'Image: 241'
13.2078 	EXP 	text_7: text = 'Color: 22'
13.2236 	EXP 	text_6: text = 'Image: 241'
13.2236 	EXP 	text_7: text = 'Color: 22'
13.2412 	EXP 	text_6: text = 'Image: 241'
13.2412 	EXP 	text_7: text = 'Color: 22'
13.2570 	EXP 	text_6: text = 'Image: 241'
13.2570 	EXP 	text_7: text = 'Color: 22'
13.2736 	EXP 	text_6: text = 'Image: 241'
13.2736 	EXP 	text_7: text = 'Color: 22'
13.2909 	EXP 	text_6: text = 'Image: 241'
13.2909 	EXP 	text_7: text = 'Color: 22'
13.3077 	EXP 	text_6: text = 'Image: 241'
13.3077 	EXP 	text_7: text = 'Color: 22'
13.3237 	EXP 	text_6: text = 'Image: 241'
13.3237 	EXP 	text_7: text = 'Color: 22'
13.3412 	EXP 	text_6: text = 'Image: 241'
13.3412 	EXP 	text_7: text = 'Color: 22'
13.3573 	EXP 	text_6: text = 'Image: 241'
13.3573 	EXP 	text_7: text = 'Color: 22'
13.3742 	EXP 	text_6: text = 'Image: 241'
13.3742 	EXP 	text_7: text = 'Color: 22'
13.3914 	EXP 	text_6: text = 'Image: 241'
13.3914 	EXP 	text_7: text = 'Color: 22'
13.4079 	EXP 	text_6: text = 'Image: 241'
13.4079 	EXP 	text_7: text = 'Color: 22'
13.4241 	EXP 	text_6: text = 'Image: 241'
13.4241 	EXP 	text_7: text = 'Color: 22'
13.4408 	EXP 	text_6: text = 'Image: 241'
13.4408 	EXP 	text_7: text = 'Color: 22'
13.4576 	EXP 	text_6: text = 'Image: 241'
13.4576 	EXP 	text_7: text = 'Color: 22'
13.4742 	EXP 	text_6: text = 'Image: 241'
13.4742 	EXP 	text_7: text = 'Color: 22'
13.4905 	EXP 	text_6: text = 'Image: 241'
13.4905 	EXP 	text_7: text = 'Color: 22'
13.5076 	EXP 	text_6: text = 'Image: 241'
13.5076 	EXP 	text_7: text = 'Color: 22'
13.5237 	EXP 	text_6: text = 'Image: 241'
13.5237 	EXP 	text_7: text = 'Color: 22'
13.5404 	EXP 	text_6: text = 'Image: 241'
13.5404 	EXP 	text_7: text = 'Color: 22'
13.5572 	EXP 	text_6: text = 'Image: 241'
13.5572 	EXP 	text_7: text = 'Color: 22'
13.5743 	EXP 	text_6: text = 'Image: 241'
13.5743 	EXP 	text_7: text = 'Color: 22'
13.5910 	EXP 	text_6: text = 'Image: 241'
13.5910 	EXP 	text_7: text = 'Color: 22'
13.6077 	EXP 	text_6: text = 'Image: 241'
13.6077 	EXP 	text_7: text = 'Color: 22'
13.6243 	EXP 	text_6: text = 'Image: 241'
13.6243 	EXP 	text_7: text = 'Color: 22'
13.6312 	DATA 	Keypress: 1
13.6410 	EXP 	text_6: text = 'Image: 2411'
13.6410 	EXP 	text_7: text = 'Color: 22'
13.6505 	ERROR 	Couldn't find image /Volumes/psych-cog/bamlab/Experiments/PACO/Stimuli/2411.png; check path? (tried: /Volumes/psych-cog/bamlab/Experiments/PACO/Stimuli/2411.png)
13.9448 	EXP 	window1: mouseVisible = True
