4.5584 	EXP 	Created window1 = Window(allowGUI=False, allowStencil=False, args=UNKNOWN, autoLog=True, bitsMode=UNKNOWN, blendMode='avg', color=array([1., 1., 1.]), colorSpace='rgb', fullscr=<method-wrapper '__getattribute__' of attributeSetter object at 0x13c0acbe0>, gamma=None, kwargs=UNKNOWN, lms=UNKNOWN, monitor=<psychopy.monitors.calibTools.Monitor object at 0x13c112ef0>, multiSample=False, name='window1', numSamples=2, pos=[0.0, 0.0], screen=0, size=array([5120, 2880]), stereo=False, units='height', useFBO=True, useRetina=True, viewOri=0.0, viewPos=None, viewScale=None, waitBlanking=True, winType='pyglet')
4.5584 	EXP 	window1: recordFrameIntervals = False
4.7238 	EXP 	window1: recordFrameIntervals = True
4.9079 	EXP 	window1: recordFrameIntervals = False
5.1528 	EXP 	Created resettext = TextStim(__class__=<class 'psychopy.visual.text.TextStim'>, alignHoriz='center', alignVert='center', antialias=True, autoLog=True, bold=False, color='black', colorSpace='named', contrast=1.0, depth=0.0, flipHoriz=False, flipVert=False, font='Arial', fontFiles=[], height=0.04, italic=False, languageStyle='LTR', name='resettext', opacity=1.0, ori=0, pos=array([0., 0.]), rgb=array([0., 0., 0.]), text='+', units='height', win=Window(...), wrapWidth=1)
5.1540 	EXP 	Created studyImage = ImageStim(__class__=<class 'psychopy.visual.image.ImageStim'>, autoLog=True, color='white', colorSpace='named', contrast=1.0, depth=0.0, flipHoriz=False, flipVert=False, image='sin', interpolate=True, mask=None, maskParams=None, name='studyImage', opacity=1.0, ori=0.0, pos=array([0., 0.]), size=array([0.19, 0.19]), texRes=128, units='height', win=Window(...))
5.1616 	EXP 	Created text_6 = TextStim(__class__=<class 'psychopy.visual.text.TextStim'>, alignHoriz='center', alignVert='center', antialias=True, autoLog=True, bold=False, color='black', colorSpace='named', contrast=1.0, depth=-2.0, flipHoriz=False, flipVert=False, font='Arial', fontFiles=[], height=0.03, italic=False, languageStyle='LTR', name='text_6', opacity=1.0, ori=0, pos=array([0.  , 0.45]), rgb=array([0., 0., 0.]), text='Stimuli: ', units='height', win=Window(...), wrapWidth=1)
5.1657 	EXP 	Created text_7 = TextStim(__class__=<class 'psychopy.visual.text.TextStim'>, alignHoriz='center', alignVert='center', antialias=True, autoLog=True, bold=False, color='black', colorSpace='named', contrast=1.0, depth=-3.0, flipHoriz=False, flipVert=False, font='Arial', fontFiles=[], height=0.03, italic=False, languageStyle='LTR', name='text_7', opacity=1.0, ori=0, pos=array([0. , 0.4]), rgb=array([0., 0., 0.]), text='Color: ', units='height', win=Window(...), wrapWidth=1)
5.1677 	EXP 	Created resettext = TextStim(__class__=<class 'psychopy.visual.text.TextStim'>, alignHoriz='center', alignVert='center', antialias=True, autoLog=True, bold=False, color='black', colorSpace='named', contrast=1.0, depth=0.0, flipHoriz=False, flipVert=False, font='Arial', fontFiles=[], height=0.04, italic=False, languageStyle='LTR', name='resettext', opacity=1.0, ori=0, pos=array([0., 0.]), rgb=array([0., 0., 0.]), text='+', units='height', win=Window(...), wrapWidth=1)
5.1767 	EXP 	Created oldornewText = TextStim(__class__=<class 'psychopy.visual.text.TextStim'>, alignHoriz='center', alignVert='center', antialias=True, autoLog=True, bold=False, color='black', colorSpace='named', contrast=1.0, depth=0.0, flipHoriz=False, flipVert=False, font='Arial', fontFiles=[], height=0.05, italic=False, languageStyle='LTR', name='oldornewText', opacity=1.0, ori=0, pos=array([ 0.  , -0.45]), rgb=array([0., 0., 0.]), text='1 - Old        2 - New', units='height', win=Window(...), wrapWidth=1)
5.1780 	EXP 	Created oldornewImage = ImageStim(__class__=<class 'psychopy.visual.image.ImageStim'>, autoLog=True, color=array([-1., -1., -1.]), colorSpace='rgb', contrast=1.0, depth=-1.0, flipHoriz=False, flipVert=False, image='sin', interpolate=True, mask=None, maskParams=None, name='oldornewImage', opacity=1.0, ori=0.0, pos=array([0., 0.]), size=array([0.19, 0.19]), texRes=128, units='height', win=Window(...))
5.1798 	EXP 	Created resettext = TextStim(__class__=<class 'psychopy.visual.text.TextStim'>, alignHoriz='center', alignVert='center', antialias=True, autoLog=True, bold=False, color='black', colorSpace='named', contrast=1.0, depth=0.0, flipHoriz=False, flipVert=False, font='Arial', fontFiles=[], height=0.04, italic=False, languageStyle='LTR', name='resettext', opacity=1.0, ori=0, pos=array([0., 0.]), rgb=array([0., 0., 0.]), text='+', units='height', win=Window(...), wrapWidth=1)
5.2644 	EXP 	Created Image3 = ImageStim(__class__=<class 'psychopy.visual.image.ImageStim'>, autoLog=True, color=array([0., 1., 0.]), colorSpace='hsv', contrast=1.0, depth=0.0, flipHoriz=False, flipVert=False, image=str(...), interpolate=True, mask=None, maskParams=None, name='Image3', opacity=1.0, ori=0.0, pos=array([0., 0.]), size=array([0.19, 0.19]), texRes=128, units='height', win=Window(...))
5.2696 	EXP 	Created unnamed RadialStim = RadialStim(__class__=<class 'psychopy.visual.radial.RadialStim'>, autoDraw=False, autoLog=True, blendmode='avg', color=array([180.,   0.,   1.]), colorSpace='hsv', contrast=1.0, depth=0, interpolate=False, mask='none', maskParams=None, name='unnamed RadialStim', opacity=0.0, ori=0.0, phase=array([0., 0.]), pos=array([0., 0.]), rgbPedestal=array([0., 0., 0.]), sf=1, size=array([0.25, 0.25]), tex='sqrXsqr', texRes=64, units='height', win=Window(...))
5.2757 	EXP 	Created unnamed RadialStim = RadialStim(__class__=<class 'psychopy.visual.radial.RadialStim'>, autoDraw=False, autoLog=True, blendmode='avg', color=array([1., 1., 1.]), colorSpace='rgb', contrast=1.0, depth=0, interpolate=True, mask=ndarray(...), maskParams=None, name='unnamed RadialStim', opacity=1.0, ori=0.0, phase=array([0., 0.]), pos=array([0., 0.]), rgbPedestal=array([0., 0., 0.]), sf=1, size=array([0.3, 0.3]), tex=ndarray(...), texRes=64, units='height', win=Window(...))
5.2774 	EXP 	Created screenRect3 = Rect(__class__=<class 'psychopy.visual.rect.Rect'>, autoDraw=False, autoLog=True, closeShape=True, color=method-wrapper(...), colorSpace=None, contrast=1.0, depth=-6.0, fillColor=array([1., 1., 1.]), fillColorSpace='rgb', fillRGB=array([1., 1., 1.]), interpolate=True, lineColor=array([1., 1., 1.]), lineColorSpace='rgb', lineRGB=array([1., 1., 1.]), lineWidth=1, name='screenRect3', opacity=0.0, ori=array(0.), pos=array([0., 0.]), size=array([1., 1.]), units='height', vertices=ndarray(...), win=Window(...))
5.2873 	EXP 	Created ColorText = TextStim(__class__=<class 'psychopy.visual.text.TextStim'>, alignHoriz='center', alignVert='center', antialias=True, autoLog=True, bold=False, color='white', colorSpace='named', contrast=1.0, depth=0.0, flipHoriz=False, flipVert=False, font='Arial', fontFiles=[], height=0.03, italic=False, languageStyle='LTR', name='ColorText', opacity=1.0, ori=0, pos=array([ 0. , -0.4]), rgb=array([255., 255., 255.]), text='Please select a color from the color wheel', units='height', win=Window(...), wrapWidth=1)
5.2970 	EXP 	Created DragText = TextStim(__class__=<class 'psychopy.visual.text.TextStim'>, alignHoriz='center', alignVert='center', antialias=True, autoLog=True, bold=False, color='white', colorSpace='named', contrast=1.0, depth=0.0, flipHoriz=False, flipVert=False, font='Arial', fontFiles=[], height=0.03, italic=False, languageStyle='LTR', name='DragText', opacity=1.0, ori=0, pos=array([ 0. , -0.4]), rgb=array([255., 255., 255.]), text=str(...), units='height', win=Window(...), wrapWidth=1)
5.2984 	EXP 	Created arrowUp = ImageStim(__class__=<class 'psychopy.visual.image.ImageStim'>, autoLog=True, color=array([1., 1., 0.]), colorSpace='hsv', contrast=1.0, depth=0.0, flipHoriz=False, flipVert=False, image='sin', interpolate=True, mask=None, maskParams=None, name='arrowUp', opacity=1.0, ori=0.0, pos=array([0. , 0.2]), size=array([0.03, 0.03]), texRes=128, units='height', win=Window(...))
5.2997 	EXP 	Created arrowDown = ImageStim(__class__=<class 'psychopy.visual.image.ImageStim'>, autoLog=True, color=array([1., 1., 0.]), colorSpace='hsv', contrast=1.0, depth=0.0, flipHoriz=False, flipVert=True, image='sin', interpolate=True, mask=None, maskParams=None, name='arrowDown', opacity=1.0, ori=0.0, pos=array([ 0. , -0.2]), size=array([0.03, 0.03]), texRes=128, units='height', win=Window(...))
5.3009 	EXP 	Created arrowRight = ImageStim(__class__=<class 'psychopy.visual.image.ImageStim'>, autoLog=True, color=array([1., 1., 0.]), colorSpace='hsv', contrast=1.0, depth=0.0, flipHoriz=False, flipVert=False, image='sin', interpolate=True, mask=None, maskParams=None, name='arrowRight', opacity=1.0, ori=0.0, pos=array([0.2, 0. ]), size=array([0.03, 0.03]), texRes=128, units='height', win=Window(...))
5.3022 	EXP 	Created arrowLeft = ImageStim(__class__=<class 'psychopy.visual.image.ImageStim'>, autoLog=True, color=array([1., 1., 0.]), colorSpace='hsv', contrast=1.0, depth=0.0, flipHoriz=True, flipVert=False, image='sin', interpolate=True, mask=None, maskParams=None, name='arrowLeft', opacity=1.0, ori=0.0, pos=array([-0.2,  0. ]), size=array([0.03, 0.03]), texRes=128, units='height', win=Window(...))
5.4113 	EXP 	window1: mouseVisible = False
5.4381 	EXP 	arrowUp: image = '/Volumes/psych-cog/bamlab/Experiments/PACO/LOCO/arrowUp.png'
5.4381 	EXP 	arrowDown: image = '/Volumes/psych-cog/bamlab/Experiments/PACO/LOCO/arrowUp.png'
5.4381 	EXP 	arrowRight: image = '/Volumes/psych-cog/bamlab/Experiments/PACO/LOCO/arrowRight.png'
5.4381 	EXP 	arrowLeft: image = '/Volumes/psych-cog/bamlab/Experiments/PACO/LOCO/arrowRight.png'
5.4381 	EXP 	resettext: autoDraw = True
8.0051 	EXP 	window1: mouseVisible = True
8.0128 	DATA 	Keypress: space
8.0418 	EXP 	resettext: autoDraw = False
8.0418 	EXP 	studyImage: pos = array([0., 0.])
8.0418 	EXP 	studyImage: autoDraw = True
8.0418 	EXP 	text_6: autoDraw = True
8.0418 	EXP 	text_7: autoDraw = True
8.0418 	EXP 	text_6: text = 'Image: 22'
8.0418 	EXP 	text_7: text = 'Color: 22'
8.0580 	EXP 	text_6: text = 'Image: 22'
8.0580 	EXP 	text_7: text = 'Color: 22'
8.0757 	EXP 	text_6: text = 'Image: 22'
8.0757 	EXP 	text_7: text = 'Color: 22'
8.0915 	EXP 	text_6: text = 'Image: 22'
8.0915 	EXP 	text_7: text = 'Color: 22'
8.1091 	EXP 	text_6: text = 'Image: 22'
8.1091 	EXP 	text_7: text = 'Color: 22'
8.1254 	EXP 	text_6: text = 'Image: 22'
8.1254 	EXP 	text_7: text = 'Color: 22'
8.1421 	EXP 	text_6: text = 'Image: 22'
8.1421 	EXP 	text_7: text = 'Color: 22'
8.1586 	EXP 	text_6: text = 'Image: 22'
8.1586 	EXP 	text_7: text = 'Color: 22'
8.1754 	EXP 	text_6: text = 'Image: 22'
8.1754 	EXP 	text_7: text = 'Color: 22'
8.1916 	EXP 	text_6: text = 'Image: 22'
8.1916 	EXP 	text_7: text = 'Color: 22'
8.2084 	EXP 	text_6: text = 'Image: 22'
8.2084 	EXP 	text_7: text = 'Color: 22'
8.2253 	EXP 	text_6: text = 'Image: 22'
8.2253 	EXP 	text_7: text = 'Color: 22'
8.2416 	EXP 	text_6: text = 'Image: 22'
8.2416 	EXP 	text_7: text = 'Color: 22'
8.2591 	EXP 	text_6: text = 'Image: 22'
8.2591 	EXP 	text_7: text = 'Color: 22'
8.2756 	EXP 	text_6: text = 'Image: 22'
8.2756 	EXP 	text_7: text = 'Color: 22'
8.2925 	EXP 	text_6: text = 'Image: 22'
8.2925 	EXP 	text_7: text = 'Color: 22'
8.3092 	EXP 	text_6: text = 'Image: 22'
8.3092 	EXP 	text_7: text = 'Color: 22'
8.3253 	EXP 	text_6: text = 'Image: 22'
8.3253 	EXP 	text_7: text = 'Color: 22'
8.3423 	EXP 	text_6: text = 'Image: 22'
8.3423 	EXP 	text_7: text = 'Color: 22'
8.3584 	EXP 	text_6: text = 'Image: 22'
8.3584 	EXP 	text_7: text = 'Color: 22'
8.3750 	EXP 	text_6: text = 'Image: 22'
8.3750 	EXP 	text_7: text = 'Color: 22'
8.3914 	EXP 	text_6: text = 'Image: 22'
8.3914 	EXP 	text_7: text = 'Color: 22'
8.4090 	EXP 	text_6: text = 'Image: 22'
8.4090 	EXP 	text_7: text = 'Color: 22'
8.4247 	EXP 	text_6: text = 'Image: 22'
8.4247 	EXP 	text_7: text = 'Color: 22'
8.4421 	EXP 	text_6: text = 'Image: 22'
8.4421 	EXP 	text_7: text = 'Color: 22'
8.4587 	EXP 	text_6: text = 'Image: 22'
8.4587 	EXP 	text_7: text = 'Color: 22'
8.4751 	EXP 	text_6: text = 'Image: 22'
8.4751 	EXP 	text_7: text = 'Color: 22'
8.4922 	EXP 	text_6: text = 'Image: 22'
8.4922 	EXP 	text_7: text = 'Color: 22'
8.5092 	EXP 	text_6: text = 'Image: 22'
8.5092 	EXP 	text_7: text = 'Color: 22'
8.5251 	EXP 	text_6: text = 'Image: 22'
8.5251 	EXP 	text_7: text = 'Color: 22'
8.5415 	EXP 	text_6: text = 'Image: 22'
8.5415 	EXP 	text_7: text = 'Color: 22'
8.5584 	EXP 	text_6: text = 'Image: 22'
8.5584 	EXP 	text_7: text = 'Color: 22'
8.5753 	EXP 	text_6: text = 'Image: 22'
8.5753 	EXP 	text_7: text = 'Color: 22'
8.5920 	EXP 	text_6: text = 'Image: 22'
8.5920 	EXP 	text_7: text = 'Color: 22'
8.6084 	EXP 	text_6: text = 'Image: 22'
8.6084 	EXP 	text_7: text = 'Color: 22'
8.6248 	EXP 	text_6: text = 'Image: 22'
8.6248 	EXP 	text_7: text = 'Color: 22'
8.6418 	EXP 	text_6: text = 'Image: 22'
8.6418 	EXP 	text_7: text = 'Color: 22'
8.6585 	EXP 	text_6: text = 'Image: 22'
8.6585 	EXP 	text_7: text = 'Color: 22'
8.6754 	EXP 	text_6: text = 'Image: 22'
8.6754 	EXP 	text_7: text = 'Color: 22'
8.6921 	EXP 	text_6: text = 'Image: 22'
8.6921 	EXP 	text_7: text = 'Color: 22'
8.7081 	EXP 	text_6: text = 'Image: 22'
8.7081 	EXP 	text_7: text = 'Color: 22'
8.7258 	EXP 	text_6: text = 'Image: 22'
8.7258 	EXP 	text_7: text = 'Color: 22'
8.7423 	EXP 	text_6: text = 'Image: 22'
8.7423 	EXP 	text_7: text = 'Color: 22'
8.7583 	EXP 	text_6: text = 'Image: 22'
8.7583 	EXP 	text_7: text = 'Color: 22'
8.7752 	EXP 	text_6: text = 'Image: 22'
8.7752 	EXP 	text_7: text = 'Color: 22'
8.7926 	EXP 	text_6: text = 'Image: 22'
8.7926 	EXP 	text_7: text = 'Color: 22'
8.8087 	EXP 	text_6: text = 'Image: 22'
8.8087 	EXP 	text_7: text = 'Color: 22'
8.8429 	EXP 	text_6: text = 'Image: 22'
8.8429 	EXP 	text_7: text = 'Color: 22'
8.8590 	EXP 	text_6: text = 'Image: 22'
8.8590 	EXP 	text_7: text = 'Color: 22'
8.8753 	EXP 	text_6: text = 'Image: 22'
8.8753 	EXP 	text_7: text = 'Color: 22'
8.8923 	EXP 	text_6: text = 'Image: 22'
8.8923 	EXP 	text_7: text = 'Color: 22'
8.9091 	EXP 	text_6: text = 'Image: 22'
8.9091 	EXP 	text_7: text = 'Color: 22'
8.9254 	EXP 	text_6: text = 'Image: 22'
8.9254 	EXP 	text_7: text = 'Color: 22'
8.9418 	EXP 	text_6: text = 'Image: 22'
8.9418 	EXP 	text_7: text = 'Color: 22'
8.9755 	EXP 	text_6: text = 'Image: 22'
8.9755 	EXP 	text_7: text = 'Color: 22'
8.9925 	EXP 	text_6: text = 'Image: 22'
8.9925 	EXP 	text_7: text = 'Color: 22'
9.0086 	EXP 	text_6: text = 'Image: 22'
9.0086 	EXP 	text_7: text = 'Color: 22'
9.0252 	EXP 	text_6: text = 'Image: 22'
9.0252 	EXP 	text_7: text = 'Color: 22'
9.0422 	EXP 	text_6: text = 'Image: 22'
9.0422 	EXP 	text_7: text = 'Color: 22'
9.0588 	EXP 	text_6: text = 'Image: 22'
9.0588 	EXP 	text_7: text = 'Color: 22'
9.0758 	EXP 	text_6: text = 'Image: 22'
9.0758 	EXP 	text_7: text = 'Color: 22'
9.0918 	EXP 	text_6: text = 'Image: 22'
9.0918 	EXP 	text_7: text = 'Color: 22'
9.1089 	EXP 	text_6: text = 'Image: 22'
9.1089 	EXP 	text_7: text = 'Color: 22'
9.1249 	EXP 	text_6: text = 'Image: 22'
9.1249 	EXP 	text_7: text = 'Color: 22'
9.1419 	EXP 	text_6: text = 'Image: 22'
9.1419 	EXP 	text_7: text = 'Color: 22'
9.1582 	EXP 	text_6: text = 'Image: 22'
9.1582 	EXP 	text_7: text = 'Color: 22'
9.1761 	EXP 	text_6: text = 'Image: 22'
9.1761 	EXP 	text_7: text = 'Color: 22'
9.1916 	EXP 	text_6: text = 'Image: 22'
9.1916 	EXP 	text_7: text = 'Color: 22'
9.2092 	EXP 	text_6: text = 'Image: 22'
9.2092 	EXP 	text_7: text = 'Color: 22'
9.2254 	EXP 	text_6: text = 'Image: 22'
9.2254 	EXP 	text_7: text = 'Color: 22'
9.2426 	EXP 	text_6: text = 'Image: 22'
9.2426 	EXP 	text_7: text = 'Color: 22'
9.2585 	EXP 	text_6: text = 'Image: 22'
9.2585 	EXP 	text_7: text = 'Color: 22'
9.2757 	EXP 	text_6: text = 'Image: 22'
9.2757 	EXP 	text_7: text = 'Color: 22'
9.2925 	EXP 	text_6: text = 'Image: 22'
9.2925 	EXP 	text_7: text = 'Color: 22'
9.3083 	EXP 	text_6: text = 'Image: 22'
9.3083 	EXP 	text_7: text = 'Color: 22'
9.3252 	EXP 	text_6: text = 'Image: 22'
9.3252 	EXP 	text_7: text = 'Color: 22'
9.3418 	EXP 	text_6: text = 'Image: 22'
9.3418 	EXP 	text_7: text = 'Color: 22'
9.3582 	EXP 	text_6: text = 'Image: 22'
9.3582 	EXP 	text_7: text = 'Color: 22'
9.3754 	EXP 	text_6: text = 'Image: 22'
9.3754 	EXP 	text_7: text = 'Color: 22'
9.3915 	EXP 	text_6: text = 'Image: 22'
9.3915 	EXP 	text_7: text = 'Color: 22'
9.4085 	EXP 	text_6: text = 'Image: 22'
9.4085 	EXP 	text_7: text = 'Color: 22'
9.4260 	EXP 	text_6: text = 'Image: 22'
9.4260 	EXP 	text_7: text = 'Color: 22'
9.4424 	EXP 	text_6: text = 'Image: 22'
9.4424 	EXP 	text_7: text = 'Color: 22'
9.4587 	EXP 	text_6: text = 'Image: 22'
9.4587 	EXP 	text_7: text = 'Color: 22'
9.4758 	EXP 	text_6: text = 'Image: 22'
9.4758 	EXP 	text_7: text = 'Color: 22'
9.4913 	EXP 	text_6: text = 'Image: 22'
9.4913 	EXP 	text_7: text = 'Color: 22'
9.5091 	EXP 	text_6: text = 'Image: 22'
9.5091 	EXP 	text_7: text = 'Color: 22'
9.5258 	EXP 	text_6: text = 'Image: 22'
9.5258 	EXP 	text_7: text = 'Color: 22'
9.5426 	EXP 	text_6: text = 'Image: 22'
9.5426 	EXP 	text_7: text = 'Color: 22'
9.5584 	EXP 	text_6: text = 'Image: 22'
9.5584 	EXP 	text_7: text = 'Color: 22'
9.5752 	EXP 	text_6: text = 'Image: 22'
9.5752 	EXP 	text_7: text = 'Color: 22'
9.5916 	EXP 	text_6: text = 'Image: 22'
9.5916 	EXP 	text_7: text = 'Color: 22'
9.6087 	EXP 	text_6: text = 'Image: 22'
9.6087 	EXP 	text_7: text = 'Color: 22'
9.6249 	EXP 	text_6: text = 'Image: 22'
9.6249 	EXP 	text_7: text = 'Color: 22'
9.6417 	EXP 	text_6: text = 'Image: 22'
9.6417 	EXP 	text_7: text = 'Color: 22'
9.6589 	EXP 	text_6: text = 'Image: 22'
9.6589 	EXP 	text_7: text = 'Color: 22'
9.6753 	EXP 	text_6: text = 'Image: 22'
9.6753 	EXP 	text_7: text = 'Color: 22'
9.6918 	EXP 	text_6: text = 'Image: 22'
9.6918 	EXP 	text_7: text = 'Color: 22'
9.6971 	DATA 	Keypress: escape
9.7090 	EXP 	text_6: text = 'Image: 22'
9.7090 	EXP 	text_7: text = 'Color: 22'
9.7252 	EXP 	text_6: text = 'Image: 22'
9.7252 	EXP 	text_7: text = 'Color: 22'
9.7425 	EXP 	text_6: text = 'Image: 22'
9.7425 	EXP 	text_7: text = 'Color: 22'
9.7591 	EXP 	text_6: text = 'Image: 22'
9.7591 	EXP 	text_7: text = 'Color: 22'
10.0281 	EXP 	window1: mouseVisible = True
3.5293 	EXP 	Created window1 = Window(allowGUI=False, allowStencil=False, args=UNKNOWN, autoLog=True, bitsMode=UNKNOWN, blendMode='avg', color=array([1., 1., 1.]), colorSpace='rgb', fullscr=<method-wrapper '__getattribute__' of attributeSetter object at 0x13b86cbe0>, gamma=None, kwargs=UNKNOWN, lms=UNKNOWN, monitor=<psychopy.monitors.calibTools.Monitor object at 0x13b8d2ef0>, multiSample=False, name='window1', numSamples=2, pos=[0.0, 0.0], screen=0, size=array([5120, 2880]), stereo=False, units='height', useFBO=True, useRetina=True, viewOri=0.0, viewPos=None, viewScale=None, waitBlanking=True, winType='pyglet')
3.5294 	EXP 	window1: recordFrameIntervals = False
3.6951 	EXP 	window1: recordFrameIntervals = True
3.8781 	EXP 	window1: recordFrameIntervals = False
4.0830 	EXP 	Created resettext = TextStim(__class__=<class 'psychopy.visual.text.TextStim'>, alignHoriz='center', alignVert='center', antialias=True, autoLog=True, bold=False, color='black', colorSpace='named', contrast=1.0, depth=0.0, flipHoriz=False, flipVert=False, font='Arial', fontFiles=[], height=0.04, italic=False, languageStyle='LTR', name='resettext', opacity=1.0, ori=0, pos=array([0., 0.]), rgb=array([0., 0., 0.]), text='+', units='height', win=Window(...), wrapWidth=1)
4.0842 	EXP 	Created studyImage = ImageStim(__class__=<class 'psychopy.visual.image.ImageStim'>, autoLog=True, color='white', colorSpace='named', contrast=1.0, depth=0.0, flipHoriz=False, flipVert=False, image='sin', interpolate=True, mask=None, maskParams=None, name='studyImage', opacity=1.0, ori=0.0, pos=array([0., 0.]), size=array([0.19, 0.19]), texRes=128, units='height', win=Window(...))
4.0921 	EXP 	Created text_6 = TextStim(__class__=<class 'psychopy.visual.text.TextStim'>, alignHoriz='center', alignVert='center', antialias=True, autoLog=True, bold=False, color='black', colorSpace='named', contrast=1.0, depth=-2.0, flipHoriz=False, flipVert=False, font='Arial', fontFiles=[], height=0.03, italic=False, languageStyle='LTR', name='text_6', opacity=1.0, ori=0, pos=array([0.  , 0.45]), rgb=array([0., 0., 0.]), text='Stimuli: ', units='height', win=Window(...), wrapWidth=1)
4.0962 	EXP 	Created text_7 = TextStim(__class__=<class 'psychopy.visual.text.TextStim'>, alignHoriz='center', alignVert='center', antialias=True, autoLog=True, bold=False, color='black', colorSpace='named', contrast=1.0, depth=-3.0, flipHoriz=False, flipVert=False, font='Arial', fontFiles=[], height=0.03, italic=False, languageStyle='LTR', name='text_7', opacity=1.0, ori=0, pos=array([0. , 0.4]), rgb=array([0., 0., 0.]), text='Color: ', units='height', win=Window(...), wrapWidth=1)
4.0983 	EXP 	Created resettext = TextStim(__class__=<class 'psychopy.visual.text.TextStim'>, alignHoriz='center', alignVert='center', antialias=True, autoLog=True, bold=False, color='black', colorSpace='named', contrast=1.0, depth=0.0, flipHoriz=False, flipVert=False, font='Arial', fontFiles=[], height=0.04, italic=False, languageStyle='LTR', name='resettext', opacity=1.0, ori=0, pos=array([0., 0.]), rgb=array([0., 0., 0.]), text='+', units='height', win=Window(...), wrapWidth=1)
4.1083 	EXP 	Created oldornewText = TextStim(__class__=<class 'psychopy.visual.text.TextStim'>, alignHoriz='center', alignVert='center', antialias=True, autoLog=True, bold=False, color='black', colorSpace='named', contrast=1.0, depth=0.0, flipHoriz=False, flipVert=False, font='Arial', fontFiles=[], height=0.05, italic=False, languageStyle='LTR', name='oldornewText', opacity=1.0, ori=0, pos=array([ 0.  , -0.45]), rgb=array([0., 0., 0.]), text='1 - Old        2 - New', units='height', win=Window(...), wrapWidth=1)
4.1095 	EXP 	Created oldornewImage = ImageStim(__class__=<class 'psychopy.visual.image.ImageStim'>, autoLog=True, color=array([-1., -1., -1.]), colorSpace='rgb', contrast=1.0, depth=-1.0, flipHoriz=False, flipVert=False, image='sin', interpolate=True, mask=None, maskParams=None, name='oldornewImage', opacity=1.0, ori=0.0, pos=array([0., 0.]), size=array([0.19, 0.19]), texRes=128, units='height', win=Window(...))
4.1114 	EXP 	Created resettext = TextStim(__class__=<class 'psychopy.visual.text.TextStim'>, alignHoriz='center', alignVert='center', antialias=True, autoLog=True, bold=False, color='black', colorSpace='named', contrast=1.0, depth=0.0, flipHoriz=False, flipVert=False, font='Arial', fontFiles=[], height=0.04, italic=False, languageStyle='LTR', name='resettext', opacity=1.0, ori=0, pos=array([0., 0.]), rgb=array([0., 0., 0.]), text='+', units='height', win=Window(...), wrapWidth=1)
4.1519 	EXP 	Created Image3 = ImageStim(__class__=<class 'psychopy.visual.image.ImageStim'>, autoLog=True, color=array([0., 1., 0.]), colorSpace='hsv', contrast=1.0, depth=0.0, flipHoriz=False, flipVert=False, image=str(...), interpolate=True, mask=None, maskParams=None, name='Image3', opacity=1.0, ori=0.0, pos=array([0., 0.]), size=array([0.19, 0.19]), texRes=128, units='height', win=Window(...))
4.1571 	EXP 	Created unnamed RadialStim = RadialStim(__class__=<class 'psychopy.visual.radial.RadialStim'>, autoDraw=False, autoLog=True, blendmode='avg', color=array([180.,   0.,   1.]), colorSpace='hsv', contrast=1.0, depth=0, interpolate=False, mask='none', maskParams=None, name='unnamed RadialStim', opacity=0.0, ori=0.0, phase=array([0., 0.]), pos=array([0., 0.]), rgbPedestal=array([0., 0., 0.]), sf=1, size=array([0.25, 0.25]), tex='sqrXsqr', texRes=64, units='height', win=Window(...))
4.1631 	EXP 	Created unnamed RadialStim = RadialStim(__class__=<class 'psychopy.visual.radial.RadialStim'>, autoDraw=False, autoLog=True, blendmode='avg', color=array([1., 1., 1.]), colorSpace='rgb', contrast=1.0, depth=0, interpolate=True, mask=ndarray(...), maskParams=None, name='unnamed RadialStim', opacity=1.0, ori=0.0, phase=array([0., 0.]), pos=array([0., 0.]), rgbPedestal=array([0., 0., 0.]), sf=1, size=array([0.3, 0.3]), tex=ndarray(...), texRes=64, units='height', win=Window(...))
4.1647 	EXP 	Created screenRect3 = Rect(__class__=<class 'psychopy.visual.rect.Rect'>, autoDraw=False, autoLog=True, closeShape=True, color=method-wrapper(...), colorSpace=None, contrast=1.0, depth=-6.0, fillColor=array([1., 1., 1.]), fillColorSpace='rgb', fillRGB=array([1., 1., 1.]), interpolate=True, lineColor=array([1., 1., 1.]), lineColorSpace='rgb', lineRGB=array([1., 1., 1.]), lineWidth=1, name='screenRect3', opacity=0.0, ori=array(0.), pos=array([0., 0.]), size=array([1., 1.]), units='height', vertices=ndarray(...), win=Window(...))
4.1746 	EXP 	Created ColorText = TextStim(__class__=<class 'psychopy.visual.text.TextStim'>, alignHoriz='center', alignVert='center', antialias=True, autoLog=True, bold=False, color='white', colorSpace='named', contrast=1.0, depth=0.0, flipHoriz=False, flipVert=False, font='Arial', fontFiles=[], height=0.03, italic=False, languageStyle='LTR', name='ColorText', opacity=1.0, ori=0, pos=array([ 0. , -0.4]), rgb=array([255., 255., 255.]), text='Please select a color from the color wheel', units='height', win=Window(...), wrapWidth=1)
4.1844 	EXP 	Created DragText = TextStim(__class__=<class 'psychopy.visual.text.TextStim'>, alignHoriz='center', alignVert='center', antialias=True, autoLog=True, bold=False, color='white', colorSpace='named', contrast=1.0, depth=0.0, flipHoriz=False, flipVert=False, font='Arial', fontFiles=[], height=0.03, italic=False, languageStyle='LTR', name='DragText', opacity=1.0, ori=0, pos=array([ 0. , -0.4]), rgb=array([255., 255., 255.]), text=str(...), units='height', win=Window(...), wrapWidth=1)
4.1859 	EXP 	Created arrowUp = ImageStim(__class__=<class 'psychopy.visual.image.ImageStim'>, autoLog=True, color=array([1., 1., 0.]), colorSpace='hsv', contrast=1.0, depth=0.0, flipHoriz=False, flipVert=False, image='sin', interpolate=True, mask=None, maskParams=None, name='arrowUp', opacity=1.0, ori=0.0, pos=array([0. , 0.2]), size=array([0.03, 0.03]), texRes=128, units='height', win=Window(...))
4.1871 	EXP 	Created arrowDown = ImageStim(__class__=<class 'psychopy.visual.image.ImageStim'>, autoLog=True, color=array([1., 1., 0.]), colorSpace='hsv', contrast=1.0, depth=0.0, flipHoriz=False, flipVert=True, image='sin', interpolate=True, mask=None, maskParams=None, name='arrowDown', opacity=1.0, ori=0.0, pos=array([ 0. , -0.2]), size=array([0.03, 0.03]), texRes=128, units='height', win=Window(...))
4.1884 	EXP 	Created arrowRight = ImageStim(__class__=<class 'psychopy.visual.image.ImageStim'>, autoLog=True, color=array([1., 1., 0.]), colorSpace='hsv', contrast=1.0, depth=0.0, flipHoriz=False, flipVert=False, image='sin', interpolate=True, mask=None, maskParams=None, name='arrowRight', opacity=1.0, ori=0.0, pos=array([0.2, 0. ]), size=array([0.03, 0.03]), texRes=128, units='height', win=Window(...))
4.1897 	EXP 	Created arrowLeft = ImageStim(__class__=<class 'psychopy.visual.image.ImageStim'>, autoLog=True, color=array([1., 1., 0.]), colorSpace='hsv', contrast=1.0, depth=0.0, flipHoriz=True, flipVert=False, image='sin', interpolate=True, mask=None, maskParams=None, name='arrowLeft', opacity=1.0, ori=0.0, pos=array([-0.2,  0. ]), size=array([0.03, 0.03]), texRes=128, units='height', win=Window(...))
4.2245 	EXP 	window1: mouseVisible = False
4.2445 	EXP 	arrowUp: image = '/Volumes/psych-cog/bamlab/Experiments/PACO/LOCO/arrowUp.png'
4.2445 	EXP 	arrowDown: image = '/Volumes/psych-cog/bamlab/Experiments/PACO/LOCO/arrowUp.png'
4.2445 	EXP 	arrowRight: image = '/Volumes/psych-cog/bamlab/Experiments/PACO/LOCO/arrowRight.png'
4.2445 	EXP 	arrowLeft: image = '/Volumes/psych-cog/bamlab/Experiments/PACO/LOCO/arrowRight.png'
4.2445 	EXP 	resettext: autoDraw = True
5.8258 	EXP 	window1: mouseVisible = True
5.8358 	DATA 	Keypress: space
5.8631 	EXP 	resettext: autoDraw = False
5.8631 	EXP 	studyImage: pos = array([0., 0.])
5.8631 	EXP 	studyImage: autoDraw = True
5.8631 	EXP 	text_6: autoDraw = True
5.8631 	EXP 	text_7: autoDraw = True
5.8631 	EXP 	text_6: text = 'Image: 22'
5.8631 	EXP 	text_7: text = 'Color: 22'
5.8796 	EXP 	text_6: text = 'Image: 22'
5.8796 	EXP 	text_7: text = 'Color: 22'
5.8961 	EXP 	text_6: text = 'Image: 22'
5.8961 	EXP 	text_7: text = 'Color: 22'
5.9128 	EXP 	text_6: text = 'Image: 22'
5.9128 	EXP 	text_7: text = 'Color: 22'
5.9297 	EXP 	text_6: text = 'Image: 22'
5.9297 	EXP 	text_7: text = 'Color: 22'
5.9461 	EXP 	text_6: text = 'Image: 22'
5.9461 	EXP 	text_7: text = 'Color: 22'
5.9620 	EXP 	text_6: text = 'Image: 22'
5.9620 	EXP 	text_7: text = 'Color: 22'
5.9794 	EXP 	text_6: text = 'Image: 22'
5.9794 	EXP 	text_7: text = 'Color: 22'
5.9957 	EXP 	text_6: text = 'Image: 22'
5.9957 	EXP 	text_7: text = 'Color: 22'
6.0125 	EXP 	text_6: text = 'Image: 22'
6.0125 	EXP 	text_7: text = 'Color: 22'
6.0466 	EXP 	text_6: text = 'Image: 22'
6.0466 	EXP 	text_7: text = 'Color: 22'
6.0629 	EXP 	text_6: text = 'Image: 22'
6.0629 	EXP 	text_7: text = 'Color: 22'
6.0791 	EXP 	text_6: text = 'Image: 22'
6.0791 	EXP 	text_7: text = 'Color: 22'
6.0966 	EXP 	text_6: text = 'Image: 22'
6.0966 	EXP 	text_7: text = 'Color: 22'
6.1131 	EXP 	text_6: text = 'Image: 22'
6.1131 	EXP 	text_7: text = 'Color: 22'
6.1298 	EXP 	text_6: text = 'Image: 22'
6.1298 	EXP 	text_7: text = 'Color: 22'
6.1457 	EXP 	text_6: text = 'Image: 22'
6.1457 	EXP 	text_7: text = 'Color: 22'
6.1628 	EXP 	text_6: text = 'Image: 22'
6.1628 	EXP 	text_7: text = 'Color: 22'
6.1790 	EXP 	text_6: text = 'Image: 22'
6.1790 	EXP 	text_7: text = 'Color: 22'
6.1961 	EXP 	text_6: text = 'Image: 22'
6.1961 	EXP 	text_7: text = 'Color: 22'
6.2127 	EXP 	text_6: text = 'Image: 22'
6.2127 	EXP 	text_7: text = 'Color: 22'
6.2295 	EXP 	text_6: text = 'Image: 22'
6.2295 	EXP 	text_7: text = 'Color: 22'
6.2456 	EXP 	text_6: text = 'Image: 22'
6.2456 	EXP 	text_7: text = 'Color: 22'
6.2632 	EXP 	text_6: text = 'Image: 22'
6.2632 	EXP 	text_7: text = 'Color: 22'
6.2794 	EXP 	text_6: text = 'Image: 22'
6.2794 	EXP 	text_7: text = 'Color: 22'
6.2959 	EXP 	text_6: text = 'Image: 22'
6.2959 	EXP 	text_7: text = 'Color: 22'
6.3123 	EXP 	text_6: text = 'Image: 22'
6.3123 	EXP 	text_7: text = 'Color: 22'
6.3291 	EXP 	text_6: text = 'Image: 22'
6.3291 	EXP 	text_7: text = 'Color: 22'
6.3460 	EXP 	text_6: text = 'Image: 22'
6.3460 	EXP 	text_7: text = 'Color: 22'
6.3631 	EXP 	text_6: text = 'Image: 22'
6.3631 	EXP 	text_7: text = 'Color: 22'
6.3799 	EXP 	text_6: text = 'Image: 22'
6.3799 	EXP 	text_7: text = 'Color: 22'
6.3958 	EXP 	text_6: text = 'Image: 22'
6.3958 	EXP 	text_7: text = 'Color: 22'
6.4129 	EXP 	text_6: text = 'Image: 22'
6.4129 	EXP 	text_7: text = 'Color: 22'
6.4299 	EXP 	text_6: text = 'Image: 22'
6.4299 	EXP 	text_7: text = 'Color: 22'
6.4466 	EXP 	text_6: text = 'Image: 22'
6.4466 	EXP 	text_7: text = 'Color: 22'
6.4625 	EXP 	text_6: text = 'Image: 22'
6.4625 	EXP 	text_7: text = 'Color: 22'
6.4790 	EXP 	text_6: text = 'Image: 22'
6.4790 	EXP 	text_7: text = 'Color: 22'
6.4958 	EXP 	text_6: text = 'Image: 22'
6.4958 	EXP 	text_7: text = 'Color: 22'
6.5128 	EXP 	text_6: text = 'Image: 22'
6.5128 	EXP 	text_7: text = 'Color: 22'
6.5292 	EXP 	text_6: text = 'Image: 22'
6.5292 	EXP 	text_7: text = 'Color: 22'
6.5466 	EXP 	text_6: text = 'Image: 22'
6.5466 	EXP 	text_7: text = 'Color: 22'
6.5628 	EXP 	text_6: text = 'Image: 22'
6.5628 	EXP 	text_7: text = 'Color: 22'
6.5794 	EXP 	text_6: text = 'Image: 22'
6.5794 	EXP 	text_7: text = 'Color: 22'
6.5959 	EXP 	text_6: text = 'Image: 22'
6.5959 	EXP 	text_7: text = 'Color: 22'
6.6125 	EXP 	text_6: text = 'Image: 22'
6.6125 	EXP 	text_7: text = 'Color: 22'
6.6294 	EXP 	text_6: text = 'Image: 22'
6.6294 	EXP 	text_7: text = 'Color: 22'
6.6467 	EXP 	text_6: text = 'Image: 22'
6.6467 	EXP 	text_7: text = 'Color: 22'
6.6631 	EXP 	text_6: text = 'Image: 22'
6.6631 	EXP 	text_7: text = 'Color: 22'
6.6792 	EXP 	text_6: text = 'Image: 22'
6.6792 	EXP 	text_7: text = 'Color: 22'
6.6965 	EXP 	text_6: text = 'Image: 22'
6.6965 	EXP 	text_7: text = 'Color: 22'
6.7131 	EXP 	text_6: text = 'Image: 22'
6.7131 	EXP 	text_7: text = 'Color: 22'
6.7296 	EXP 	text_6: text = 'Image: 22'
6.7296 	EXP 	text_7: text = 'Color: 22'
6.7459 	EXP 	text_6: text = 'Image: 22'
6.7459 	EXP 	text_7: text = 'Color: 22'
6.7630 	EXP 	text_6: text = 'Image: 22'
6.7630 	EXP 	text_7: text = 'Color: 22'
6.7793 	EXP 	text_6: text = 'Image: 22'
6.7793 	EXP 	text_7: text = 'Color: 22'
6.7964 	EXP 	text_6: text = 'Image: 22'
6.7964 	EXP 	text_7: text = 'Color: 22'
6.8132 	EXP 	text_6: text = 'Image: 22'
6.8132 	EXP 	text_7: text = 'Color: 22'
6.8290 	EXP 	text_6: text = 'Image: 22'
6.8290 	EXP 	text_7: text = 'Color: 22'
6.8465 	EXP 	text_6: text = 'Image: 22'
6.8465 	EXP 	text_7: text = 'Color: 22'
6.8631 	EXP 	text_6: text = 'Image: 22'
6.8631 	EXP 	text_7: text = 'Color: 22'
6.8792 	EXP 	text_6: text = 'Image: 22'
6.8792 	EXP 	text_7: text = 'Color: 22'
6.8961 	EXP 	text_6: text = 'Image: 22'
6.8961 	EXP 	text_7: text = 'Color: 22'
6.9130 	EXP 	text_6: text = 'Image: 22'
6.9130 	EXP 	text_7: text = 'Color: 22'
6.9289 	EXP 	text_6: text = 'Image: 22'
6.9289 	EXP 	text_7: text = 'Color: 22'
6.9462 	EXP 	text_6: text = 'Image: 22'
6.9462 	EXP 	text_7: text = 'Color: 22'
6.9630 	EXP 	text_6: text = 'Image: 22'
6.9630 	EXP 	text_7: text = 'Color: 22'
6.9800 	EXP 	text_6: text = 'Image: 22'
6.9800 	EXP 	text_7: text = 'Color: 22'
6.9960 	EXP 	text_6: text = 'Image: 22'
6.9960 	EXP 	text_7: text = 'Color: 22'
7.0126 	EXP 	text_6: text = 'Image: 22'
7.0126 	EXP 	text_7: text = 'Color: 22'
7.0290 	EXP 	text_6: text = 'Image: 22'
7.0290 	EXP 	text_7: text = 'Color: 22'
7.0458 	EXP 	text_6: text = 'Image: 22'
7.0458 	EXP 	text_7: text = 'Color: 22'
7.0629 	EXP 	text_6: text = 'Image: 22'
7.0629 	EXP 	text_7: text = 'Color: 22'
7.0794 	EXP 	text_6: text = 'Image: 22'
7.0794 	EXP 	text_7: text = 'Color: 22'
7.0961 	EXP 	text_6: text = 'Image: 22'
7.0961 	EXP 	text_7: text = 'Color: 22'
7.1135 	EXP 	text_6: text = 'Image: 22'
7.1135 	EXP 	text_7: text = 'Color: 22'
7.1297 	EXP 	text_6: text = 'Image: 22'
7.1297 	EXP 	text_7: text = 'Color: 22'
7.1459 	EXP 	text_6: text = 'Image: 22'
7.1459 	EXP 	text_7: text = 'Color: 22'
7.1633 	EXP 	text_6: text = 'Image: 22'
7.1633 	EXP 	text_7: text = 'Color: 22'
7.1791 	EXP 	text_6: text = 'Image: 22'
7.1791 	EXP 	text_7: text = 'Color: 22'
7.1959 	EXP 	text_6: text = 'Image: 22'
7.1959 	EXP 	text_7: text = 'Color: 22'
7.2131 	EXP 	text_6: text = 'Image: 22'
7.2131 	EXP 	text_7: text = 'Color: 22'
7.2298 	EXP 	text_6: text = 'Image: 22'
7.2298 	EXP 	text_7: text = 'Color: 22'
7.2462 	EXP 	text_6: text = 'Image: 22'
7.2462 	EXP 	text_7: text = 'Color: 22'
7.2799 	EXP 	text_6: text = 'Image: 22'
7.2799 	EXP 	text_7: text = 'Color: 22'
7.2968 	EXP 	text_6: text = 'Image: 22'
7.2968 	EXP 	text_7: text = 'Color: 22'
7.3127 	EXP 	text_6: text = 'Image: 22'
7.3127 	EXP 	text_7: text = 'Color: 22'
7.3300 	EXP 	text_6: text = 'Image: 22'
7.3300 	EXP 	text_7: text = 'Color: 22'
7.3465 	EXP 	text_6: text = 'Image: 22'
7.3465 	EXP 	text_7: text = 'Color: 22'
7.3632 	EXP 	text_6: text = 'Image: 22'
7.3632 	EXP 	text_7: text = 'Color: 22'
7.3799 	EXP 	text_6: text = 'Image: 22'
7.3799 	EXP 	text_7: text = 'Color: 22'
7.3958 	EXP 	text_6: text = 'Image: 22'
7.3958 	EXP 	text_7: text = 'Color: 22'
7.4130 	EXP 	text_6: text = 'Image: 22'
7.4130 	EXP 	text_7: text = 'Color: 22'
7.4301 	EXP 	text_6: text = 'Image: 22'
7.4301 	EXP 	text_7: text = 'Color: 22'
7.4461 	EXP 	text_6: text = 'Image: 22'
7.4461 	EXP 	text_7: text = 'Color: 22'
7.4631 	EXP 	text_6: text = 'Image: 22'
7.4631 	EXP 	text_7: text = 'Color: 22'
7.4793 	EXP 	text_6: text = 'Image: 22'
7.4793 	EXP 	text_7: text = 'Color: 22'
7.4962 	EXP 	text_6: text = 'Image: 22'
7.4962 	EXP 	text_7: text = 'Color: 22'
7.5128 	EXP 	text_6: text = 'Image: 22'
7.5128 	EXP 	text_7: text = 'Color: 22'
7.5299 	EXP 	text_6: text = 'Image: 22'
7.5299 	EXP 	text_7: text = 'Color: 22'
7.5461 	EXP 	text_6: text = 'Image: 22'
7.5461 	EXP 	text_7: text = 'Color: 22'
7.5626 	EXP 	text_6: text = 'Image: 22'
7.5626 	EXP 	text_7: text = 'Color: 22'
7.5796 	EXP 	text_6: text = 'Image: 22'
7.5796 	EXP 	text_7: text = 'Color: 22'
7.5960 	EXP 	text_6: text = 'Image: 22'
7.5960 	EXP 	text_7: text = 'Color: 22'
7.6131 	EXP 	text_6: text = 'Image: 22'
7.6131 	EXP 	text_7: text = 'Color: 22'
7.6298 	EXP 	text_6: text = 'Image: 22'
7.6298 	EXP 	text_7: text = 'Color: 22'
7.6631 	EXP 	text_6: text = 'Image: 22'
7.6631 	EXP 	text_7: text = 'Color: 22'
7.6796 	EXP 	text_6: text = 'Image: 22'
7.6796 	EXP 	text_7: text = 'Color: 22'
7.6960 	EXP 	text_6: text = 'Image: 22'
7.6960 	EXP 	text_7: text = 'Color: 22'
7.7132 	EXP 	text_6: text = 'Image: 22'
7.7132 	EXP 	text_7: text = 'Color: 22'
7.7301 	EXP 	text_6: text = 'Image: 22'
7.7301 	EXP 	text_7: text = 'Color: 22'
7.7460 	EXP 	text_6: text = 'Image: 22'
7.7460 	EXP 	text_7: text = 'Color: 22'
7.7629 	EXP 	text_6: text = 'Image: 22'
7.7629 	EXP 	text_7: text = 'Color: 22'
7.7792 	EXP 	text_6: text = 'Image: 22'
7.7792 	EXP 	text_7: text = 'Color: 22'
7.7968 	EXP 	text_6: text = 'Image: 22'
7.7968 	EXP 	text_7: text = 'Color: 22'
7.8126 	EXP 	text_6: text = 'Image: 22'
7.8126 	EXP 	text_7: text = 'Color: 22'
7.8295 	EXP 	text_6: text = 'Image: 22'
7.8295 	EXP 	text_7: text = 'Color: 22'
7.8457 	EXP 	text_6: text = 'Image: 22'
7.8457 	EXP 	text_7: text = 'Color: 22'
7.8634 	EXP 	text_6: text = 'Image: 22'
7.8634 	EXP 	text_7: text = 'Color: 22'
7.8796 	EXP 	text_6: text = 'Image: 22'
7.8796 	EXP 	text_7: text = 'Color: 22'
7.8966 	EXP 	text_6: text = 'Image: 22'
7.8966 	EXP 	text_7: text = 'Color: 22'
7.9127 	EXP 	text_6: text = 'Image: 22'
7.9127 	EXP 	text_7: text = 'Color: 22'
7.9301 	EXP 	text_6: text = 'Image: 22'
7.9301 	EXP 	text_7: text = 'Color: 22'
7.9460 	EXP 	text_6: text = 'Image: 22'
7.9460 	EXP 	text_7: text = 'Color: 22'
7.9633 	EXP 	text_6: text = 'Image: 22'
7.9633 	EXP 	text_7: text = 'Color: 22'
7.9796 	EXP 	text_6: text = 'Image: 22'
7.9796 	EXP 	text_7: text = 'Color: 22'
7.9962 	EXP 	text_6: text = 'Image: 22'
7.9962 	EXP 	text_7: text = 'Color: 22'
8.0133 	EXP 	text_6: text = 'Image: 22'
8.0133 	EXP 	text_7: text = 'Color: 22'
8.0301 	EXP 	text_6: text = 'Image: 22'
8.0301 	EXP 	text_7: text = 'Color: 22'
8.0465 	EXP 	text_6: text = 'Image: 22'
8.0465 	EXP 	text_7: text = 'Color: 22'
8.0629 	EXP 	text_6: text = 'Image: 22'
8.0629 	EXP 	text_7: text = 'Color: 22'
8.0795 	EXP 	text_6: text = 'Image: 22'
8.0795 	EXP 	text_7: text = 'Color: 22'
8.0965 	EXP 	text_6: text = 'Image: 22'
8.0965 	EXP 	text_7: text = 'Color: 22'
8.1134 	EXP 	text_6: text = 'Image: 22'
8.1134 	EXP 	text_7: text = 'Color: 22'
8.1295 	EXP 	text_6: text = 'Image: 22'
8.1295 	EXP 	text_7: text = 'Color: 22'
8.1457 	EXP 	text_6: text = 'Image: 22'
8.1457 	EXP 	text_7: text = 'Color: 22'
8.1629 	EXP 	text_6: text = 'Image: 22'
8.1629 	EXP 	text_7: text = 'Color: 22'
8.1793 	EXP 	text_6: text = 'Image: 22'
8.1793 	EXP 	text_7: text = 'Color: 22'
8.1966 	EXP 	text_6: text = 'Image: 22'
8.1966 	EXP 	text_7: text = 'Color: 22'
8.2131 	EXP 	text_6: text = 'Image: 22'
8.2131 	EXP 	text_7: text = 'Color: 22'
8.2294 	EXP 	text_6: text = 'Image: 22'
8.2294 	EXP 	text_7: text = 'Color: 22'
8.2459 	EXP 	text_6: text = 'Image: 22'
8.2459 	EXP 	text_7: text = 'Color: 22'
8.2626 	EXP 	text_6: text = 'Image: 22'
8.2626 	EXP 	text_7: text = 'Color: 22'
8.2800 	EXP 	text_6: text = 'Image: 22'
8.2800 	EXP 	text_7: text = 'Color: 22'
8.2961 	EXP 	text_6: text = 'Image: 22'
8.2961 	EXP 	text_7: text = 'Color: 22'
8.3128 	EXP 	text_6: text = 'Image: 22'
8.3128 	EXP 	text_7: text = 'Color: 22'
8.3300 	EXP 	text_6: text = 'Image: 22'
8.3300 	EXP 	text_7: text = 'Color: 22'
8.3459 	EXP 	text_6: text = 'Image: 22'
8.3459 	EXP 	text_7: text = 'Color: 22'
8.3630 	EXP 	text_6: text = 'Image: 22'
8.3630 	EXP 	text_7: text = 'Color: 22'
8.3962 	EXP 	text_6: text = 'Image: 22'
8.3962 	EXP 	text_7: text = 'Color: 22'
8.4126 	EXP 	text_6: text = 'Image: 22'
8.4126 	EXP 	text_7: text = 'Color: 22'
8.4468 	EXP 	text_6: text = 'Image: 22'
8.4468 	EXP 	text_7: text = 'Color: 22'
8.4630 	EXP 	text_6: text = 'Image: 22'
8.4630 	EXP 	text_7: text = 'Color: 22'
8.4796 	EXP 	text_6: text = 'Image: 22'
8.4796 	EXP 	text_7: text = 'Color: 22'
8.4961 	EXP 	text_6: text = 'Image: 22'
8.4961 	EXP 	text_7: text = 'Color: 22'
8.5133 	EXP 	text_6: text = 'Image: 22'
8.5133 	EXP 	text_7: text = 'Color: 22'
8.5291 	EXP 	text_6: text = 'Image: 22'
8.5291 	EXP 	text_7: text = 'Color: 22'
8.5467 	EXP 	text_6: text = 'Image: 22'
8.5467 	EXP 	text_7: text = 'Color: 22'
8.5630 	EXP 	text_6: text = 'Image: 22'
8.5630 	EXP 	text_7: text = 'Color: 22'
8.5792 	EXP 	text_6: text = 'Image: 22'
8.5792 	EXP 	text_7: text = 'Color: 22'
8.5969 	EXP 	text_6: text = 'Image: 22'
8.5969 	EXP 	text_7: text = 'Color: 22'
8.6133 	EXP 	text_6: text = 'Image: 22'
8.6133 	EXP 	text_7: text = 'Color: 22'
8.6292 	EXP 	text_6: text = 'Image: 22'
8.6292 	EXP 	text_7: text = 'Color: 22'
8.6463 	EXP 	text_6: text = 'Image: 22'
8.6463 	EXP 	text_7: text = 'Color: 22'
8.6627 	EXP 	text_6: text = 'Image: 22'
8.6627 	EXP 	text_7: text = 'Color: 22'
8.6792 	EXP 	text_6: text = 'Image: 22'
8.6792 	EXP 	text_7: text = 'Color: 22'
8.6960 	EXP 	text_6: text = 'Image: 22'
8.6960 	EXP 	text_7: text = 'Color: 22'
8.7131 	EXP 	text_6: text = 'Image: 22'
8.7131 	EXP 	text_7: text = 'Color: 22'
8.7297 	EXP 	text_6: text = 'Image: 22'
8.7297 	EXP 	text_7: text = 'Color: 22'
8.7465 	EXP 	text_6: text = 'Image: 22'
8.7465 	EXP 	text_7: text = 'Color: 22'
8.7626 	EXP 	text_6: text = 'Image: 22'
8.7626 	EXP 	text_7: text = 'Color: 22'
8.7795 	EXP 	text_6: text = 'Image: 22'
8.7795 	EXP 	text_7: text = 'Color: 22'
8.7964 	EXP 	text_6: text = 'Image: 22'
8.7964 	EXP 	text_7: text = 'Color: 22'
8.8129 	EXP 	text_6: text = 'Image: 22'
8.8129 	EXP 	text_7: text = 'Color: 22'
8.8298 	EXP 	text_6: text = 'Image: 22'
8.8298 	EXP 	text_7: text = 'Color: 22'
8.8458 	EXP 	text_6: text = 'Image: 22'
8.8458 	EXP 	text_7: text = 'Color: 22'
8.8631 	EXP 	text_6: text = 'Image: 22'
8.8631 	EXP 	text_7: text = 'Color: 22'
8.8793 	EXP 	text_6: text = 'Image: 22'
8.8793 	EXP 	text_7: text = 'Color: 22'
8.8961 	EXP 	text_6: text = 'Image: 22'
8.8961 	EXP 	text_7: text = 'Color: 22'
8.9132 	EXP 	text_6: text = 'Image: 22'
8.9132 	EXP 	text_7: text = 'Color: 22'
8.9300 	EXP 	text_6: text = 'Image: 22'
8.9300 	EXP 	text_7: text = 'Color: 22'
8.9463 	EXP 	text_6: text = 'Image: 22'
8.9463 	EXP 	text_7: text = 'Color: 22'
8.9636 	EXP 	text_6: text = 'Image: 22'
8.9636 	EXP 	text_7: text = 'Color: 22'
8.9796 	EXP 	text_6: text = 'Image: 22'
8.9796 	EXP 	text_7: text = 'Color: 22'
8.9962 	EXP 	text_6: text = 'Image: 22'
8.9962 	EXP 	text_7: text = 'Color: 22'
9.0128 	EXP 	text_6: text = 'Image: 22'
9.0128 	EXP 	text_7: text = 'Color: 22'
9.0299 	EXP 	text_6: text = 'Image: 22'
9.0299 	EXP 	text_7: text = 'Color: 22'
9.0467 	EXP 	text_6: text = 'Image: 22'
9.0467 	EXP 	text_7: text = 'Color: 22'
9.0635 	EXP 	text_6: text = 'Image: 22'
9.0635 	EXP 	text_7: text = 'Color: 22'
9.0962 	EXP 	text_6: text = 'Image: 22'
9.0962 	EXP 	text_7: text = 'Color: 22'
9.1127 	EXP 	text_6: text = 'Image: 22'
9.1127 	EXP 	text_7: text = 'Color: 22'
9.1294 	EXP 	text_6: text = 'Image: 22'
9.1294 	EXP 	text_7: text = 'Color: 22'
9.1460 	EXP 	text_6: text = 'Image: 22'
9.1460 	EXP 	text_7: text = 'Color: 22'
9.1633 	EXP 	text_6: text = 'Image: 22'
9.1633 	EXP 	text_7: text = 'Color: 22'
9.1798 	EXP 	text_6: text = 'Image: 22'
9.1798 	EXP 	text_7: text = 'Color: 22'
9.1962 	EXP 	text_6: text = 'Image: 22'
9.1962 	EXP 	text_7: text = 'Color: 22'
9.2131 	EXP 	text_6: text = 'Image: 22'
9.2131 	EXP 	text_7: text = 'Color: 22'
9.2300 	EXP 	text_6: text = 'Image: 22'
9.2300 	EXP 	text_7: text = 'Color: 22'
9.2465 	EXP 	text_6: text = 'Image: 22'
9.2465 	EXP 	text_7: text = 'Color: 22'
9.2630 	EXP 	text_6: text = 'Image: 22'
9.2630 	EXP 	text_7: text = 'Color: 22'
9.2796 	EXP 	text_6: text = 'Image: 22'
9.2796 	EXP 	text_7: text = 'Color: 22'
9.2961 	EXP 	text_6: text = 'Image: 22'
9.2961 	EXP 	text_7: text = 'Color: 22'
9.3298 	EXP 	text_6: text = 'Image: 22'
9.3298 	EXP 	text_7: text = 'Color: 22'
9.3460 	EXP 	text_6: text = 'Image: 22'
9.3460 	EXP 	text_7: text = 'Color: 22'
9.3628 	EXP 	text_6: text = 'Image: 22'
9.3628 	EXP 	text_7: text = 'Color: 22'
9.3794 	EXP 	text_6: text = 'Image: 22'
9.3794 	EXP 	text_7: text = 'Color: 22'
9.3959 	EXP 	text_6: text = 'Image: 22'
9.3959 	EXP 	text_7: text = 'Color: 22'
9.4299 	EXP 	text_6: text = 'Image: 22'
9.4299 	EXP 	text_7: text = 'Color: 22'
9.4469 	EXP 	text_6: text = 'Image: 22'
9.4469 	EXP 	text_7: text = 'Color: 22'
9.4631 	EXP 	text_6: text = 'Image: 22'
9.4631 	EXP 	text_7: text = 'Color: 22'
9.4801 	EXP 	text_6: text = 'Image: 22'
9.4801 	EXP 	text_7: text = 'Color: 22'
9.4960 	EXP 	text_6: text = 'Image: 22'
9.4960 	EXP 	text_7: text = 'Color: 22'
9.5126 	EXP 	text_6: text = 'Image: 22'
9.5126 	EXP 	text_7: text = 'Color: 22'
9.5297 	EXP 	text_6: text = 'Image: 22'
9.5297 	EXP 	text_7: text = 'Color: 22'
9.5465 	EXP 	text_6: text = 'Image: 22'
9.5465 	EXP 	text_7: text = 'Color: 22'
9.5636 	EXP 	text_6: text = 'Image: 22'
9.5636 	EXP 	text_7: text = 'Color: 22'
9.5808 	EXP 	text_6: text = 'Image: 22'
9.5808 	EXP 	text_7: text = 'Color: 22'
9.5971 	EXP 	text_6: text = 'Image: 22'
9.5971 	EXP 	text_7: text = 'Color: 22'
9.6141 	EXP 	text_6: text = 'Image: 22'
9.6141 	EXP 	text_7: text = 'Color: 22'
9.6310 	EXP 	text_6: text = 'Image: 22'
9.6310 	EXP 	text_7: text = 'Color: 22'
9.6470 	EXP 	text_6: text = 'Image: 22'
9.6470 	EXP 	text_7: text = 'Color: 22'
9.6640 	EXP 	text_6: text = 'Image: 22'
9.6640 	EXP 	text_7: text = 'Color: 22'
9.6804 	EXP 	text_6: text = 'Image: 22'
9.6804 	EXP 	text_7: text = 'Color: 22'
9.6967 	EXP 	text_6: text = 'Image: 22'
9.6967 	EXP 	text_7: text = 'Color: 22'
9.7141 	EXP 	text_6: text = 'Image: 22'
9.7141 	EXP 	text_7: text = 'Color: 22'
9.7310 	EXP 	text_6: text = 'Image: 22'
9.7310 	EXP 	text_7: text = 'Color: 22'
9.7472 	EXP 	text_6: text = 'Image: 22'
9.7472 	EXP 	text_7: text = 'Color: 22'
9.7635 	EXP 	text_6: text = 'Image: 22'
9.7635 	EXP 	text_7: text = 'Color: 22'
9.7807 	EXP 	text_6: text = 'Image: 22'
9.7807 	EXP 	text_7: text = 'Color: 22'
9.7967 	EXP 	text_6: text = 'Image: 22'
9.7967 	EXP 	text_7: text = 'Color: 22'
9.8135 	EXP 	text_6: text = 'Image: 22'
9.8135 	EXP 	text_7: text = 'Color: 22'
9.8310 	EXP 	text_6: text = 'Image: 22'
9.8310 	EXP 	text_7: text = 'Color: 22'
9.8467 	EXP 	text_6: text = 'Image: 22'
9.8467 	EXP 	text_7: text = 'Color: 22'
9.8641 	EXP 	text_6: text = 'Image: 22'
9.8641 	EXP 	text_7: text = 'Color: 22'
9.8800 	EXP 	text_6: text = 'Image: 22'
9.8800 	EXP 	text_7: text = 'Color: 22'
9.8975 	EXP 	text_6: text = 'Image: 22'
9.8975 	EXP 	text_7: text = 'Color: 22'
9.9143 	EXP 	text_6: text = 'Image: 22'
9.9143 	EXP 	text_7: text = 'Color: 22'
9.9306 	EXP 	text_6: text = 'Image: 22'
9.9306 	EXP 	text_7: text = 'Color: 22'
9.9473 	EXP 	text_6: text = 'Image: 22'
9.9473 	EXP 	text_7: text = 'Color: 22'
9.9641 	EXP 	text_6: text = 'Image: 22'
9.9641 	EXP 	text_7: text = 'Color: 22'
9.9806 	EXP 	text_6: text = 'Image: 22'
9.9806 	EXP 	text_7: text = 'Color: 22'
9.9974 	EXP 	text_6: text = 'Image: 22'
9.9974 	EXP 	text_7: text = 'Color: 22'
10.0136 	EXP 	text_6: text = 'Image: 22'
10.0136 	EXP 	text_7: text = 'Color: 22'
10.0304 	EXP 	text_6: text = 'Image: 22'
10.0304 	EXP 	text_7: text = 'Color: 22'
10.0469 	EXP 	text_6: text = 'Image: 22'
10.0469 	EXP 	text_7: text = 'Color: 22'
10.0641 	EXP 	text_6: text = 'Image: 22'
10.0641 	EXP 	text_7: text = 'Color: 22'
10.0805 	EXP 	text_6: text = 'Image: 22'
10.0805 	EXP 	text_7: text = 'Color: 22'
10.0975 	EXP 	text_6: text = 'Image: 22'
10.0975 	EXP 	text_7: text = 'Color: 22'
10.1140 	EXP 	text_6: text = 'Image: 22'
10.1140 	EXP 	text_7: text = 'Color: 22'
10.1307 	EXP 	text_6: text = 'Image: 22'
10.1307 	EXP 	text_7: text = 'Color: 22'
10.1475 	EXP 	text_6: text = 'Image: 22'
10.1475 	EXP 	text_7: text = 'Color: 22'
10.1635 	EXP 	text_6: text = 'Image: 22'
10.1635 	EXP 	text_7: text = 'Color: 22'
10.1805 	EXP 	text_6: text = 'Image: 22'
10.1805 	EXP 	text_7: text = 'Color: 22'
10.1974 	EXP 	text_6: text = 'Image: 22'
10.1974 	EXP 	text_7: text = 'Color: 22'
10.2139 	EXP 	text_6: text = 'Image: 22'
10.2139 	EXP 	text_7: text = 'Color: 22'
10.2310 	EXP 	text_6: text = 'Image: 22'
10.2310 	EXP 	text_7: text = 'Color: 22'
10.2479 	EXP 	text_6: text = 'Image: 22'
10.2479 	EXP 	text_7: text = 'Color: 22'
10.2639 	EXP 	text_6: text = 'Image: 22'
10.2639 	EXP 	text_7: text = 'Color: 22'
10.2801 	EXP 	text_6: text = 'Image: 22'
10.2801 	EXP 	text_7: text = 'Color: 22'
10.2977 	EXP 	text_6: text = 'Image: 22'
10.2977 	EXP 	text_7: text = 'Color: 22'
10.3142 	EXP 	text_6: text = 'Image: 22'
10.3142 	EXP 	text_7: text = 'Color: 22'
10.3307 	EXP 	text_6: text = 'Image: 22'
10.3307 	EXP 	text_7: text = 'Color: 22'
10.3473 	EXP 	text_6: text = 'Image: 22'
10.3473 	EXP 	text_7: text = 'Color: 22'
10.3641 	EXP 	text_6: text = 'Image: 22'
10.3641 	EXP 	text_7: text = 'Color: 22'
10.3801 	EXP 	text_6: text = 'Image: 22'
10.3801 	EXP 	text_7: text = 'Color: 22'
10.3971 	EXP 	text_6: text = 'Image: 22'
10.3971 	EXP 	text_7: text = 'Color: 22'
10.4140 	EXP 	text_6: text = 'Image: 22'
10.4140 	EXP 	text_7: text = 'Color: 22'
10.4308 	EXP 	text_6: text = 'Image: 22'
10.4308 	EXP 	text_7: text = 'Color: 22'
10.4478 	EXP 	text_6: text = 'Image: 22'
10.4478 	EXP 	text_7: text = 'Color: 22'
10.4645 	EXP 	text_6: text = 'Image: 22'
10.4645 	EXP 	text_7: text = 'Color: 22'
10.4805 	EXP 	text_6: text = 'Image: 22'
10.4805 	EXP 	text_7: text = 'Color: 22'
10.4971 	EXP 	text_6: text = 'Image: 22'
10.4971 	EXP 	text_7: text = 'Color: 22'
10.5135 	EXP 	text_6: text = 'Image: 22'
10.5135 	EXP 	text_7: text = 'Color: 22'
10.5306 	EXP 	text_6: text = 'Image: 22'
10.5306 	EXP 	text_7: text = 'Color: 22'
10.5476 	EXP 	text_6: text = 'Image: 22'
10.5476 	EXP 	text_7: text = 'Color: 22'
10.5635 	EXP 	text_6: text = 'Image: 22'
10.5635 	EXP 	text_7: text = 'Color: 22'
10.5807 	EXP 	text_6: text = 'Image: 22'
10.5807 	EXP 	text_7: text = 'Color: 22'
10.5975 	EXP 	text_6: text = 'Image: 22'
10.5975 	EXP 	text_7: text = 'Color: 22'
10.6136 	EXP 	text_6: text = 'Image: 22'
10.6136 	EXP 	text_7: text = 'Color: 22'
10.6309 	EXP 	text_6: text = 'Image: 22'
10.6309 	EXP 	text_7: text = 'Color: 22'
10.6468 	EXP 	text_6: text = 'Image: 22'
10.6468 	EXP 	text_7: text = 'Color: 22'
10.6645 	EXP 	text_6: text = 'Image: 22'
10.6645 	EXP 	text_7: text = 'Color: 22'
10.6805 	EXP 	text_6: text = 'Image: 22'
10.6805 	EXP 	text_7: text = 'Color: 22'
10.6975 	EXP 	text_6: text = 'Image: 22'
10.6975 	EXP 	text_7: text = 'Color: 22'
10.7134 	EXP 	text_6: text = 'Image: 22'
10.7134 	EXP 	text_7: text = 'Color: 22'
10.7307 	EXP 	text_6: text = 'Image: 22'
10.7307 	EXP 	text_7: text = 'Color: 22'
10.7469 	EXP 	text_6: text = 'Image: 22'
10.7469 	EXP 	text_7: text = 'Color: 22'
10.7641 	EXP 	text_6: text = 'Image: 22'
10.7641 	EXP 	text_7: text = 'Color: 22'
10.7811 	EXP 	text_6: text = 'Image: 22'
10.7811 	EXP 	text_7: text = 'Color: 22'
10.7976 	EXP 	text_6: text = 'Image: 22'
10.7976 	EXP 	text_7: text = 'Color: 22'
10.8143 	EXP 	text_6: text = 'Image: 22'
10.8143 	EXP 	text_7: text = 'Color: 22'
10.8307 	EXP 	text_6: text = 'Image: 22'
10.8307 	EXP 	text_7: text = 'Color: 22'
10.8470 	EXP 	text_6: text = 'Image: 22'
10.8470 	EXP 	text_7: text = 'Color: 22'
10.8645 	EXP 	text_6: text = 'Image: 22'
10.8645 	EXP 	text_7: text = 'Color: 22'
10.8804 	EXP 	text_6: text = 'Image: 22'
10.8804 	EXP 	text_7: text = 'Color: 22'
10.8976 	EXP 	text_6: text = 'Image: 22'
10.8976 	EXP 	text_7: text = 'Color: 22'
10.9144 	EXP 	text_6: text = 'Image: 22'
10.9144 	EXP 	text_7: text = 'Color: 22'
10.9311 	EXP 	text_6: text = 'Image: 22'
10.9311 	EXP 	text_7: text = 'Color: 22'
10.9471 	EXP 	text_6: text = 'Image: 22'
10.9471 	EXP 	text_7: text = 'Color: 22'
10.9643 	EXP 	text_6: text = 'Image: 22'
10.9643 	EXP 	text_7: text = 'Color: 22'
10.9803 	EXP 	text_6: text = 'Image: 22'
10.9803 	EXP 	text_7: text = 'Color: 22'
10.9976 	EXP 	text_6: text = 'Image: 22'
10.9976 	EXP 	text_7: text = 'Color: 22'
11.0137 	EXP 	text_6: text = 'Image: 22'
11.0137 	EXP 	text_7: text = 'Color: 22'
11.0309 	EXP 	text_6: text = 'Image: 22'
11.0309 	EXP 	text_7: text = 'Color: 22'
11.0476 	EXP 	text_6: text = 'Image: 22'
11.0476 	EXP 	text_7: text = 'Color: 22'
11.0640 	EXP 	text_6: text = 'Image: 22'
11.0640 	EXP 	text_7: text = 'Color: 22'
11.0808 	EXP 	text_6: text = 'Image: 22'
11.0808 	EXP 	text_7: text = 'Color: 22'
11.0974 	EXP 	text_6: text = 'Image: 22'
11.0974 	EXP 	text_7: text = 'Color: 22'
11.1144 	EXP 	text_6: text = 'Image: 22'
11.1144 	EXP 	text_7: text = 'Color: 22'
11.1472 	EXP 	text_6: text = 'Image: 22'
11.1472 	EXP 	text_7: text = 'Color: 22'
11.1647 	EXP 	text_6: text = 'Image: 22'
11.1647 	EXP 	text_7: text = 'Color: 22'
11.1804 	EXP 	text_6: text = 'Image: 22'
11.1804 	EXP 	text_7: text = 'Color: 22'
11.1971 	EXP 	text_6: text = 'Image: 22'
11.1971 	EXP 	text_7: text = 'Color: 22'
11.2145 	EXP 	text_6: text = 'Image: 22'
11.2145 	EXP 	text_7: text = 'Color: 22'
11.2305 	EXP 	text_6: text = 'Image: 22'
11.2305 	EXP 	text_7: text = 'Color: 22'
11.2479 	EXP 	text_6: text = 'Image: 22'
11.2479 	EXP 	text_7: text = 'Color: 22'
11.2642 	EXP 	text_6: text = 'Image: 22'
11.2642 	EXP 	text_7: text = 'Color: 22'
11.2802 	EXP 	text_6: text = 'Image: 22'
11.2802 	EXP 	text_7: text = 'Color: 22'
11.2973 	EXP 	text_6: text = 'Image: 22'
11.2973 	EXP 	text_7: text = 'Color: 22'
11.3142 	EXP 	text_6: text = 'Image: 22'
11.3142 	EXP 	text_7: text = 'Color: 22'
11.3305 	EXP 	text_6: text = 'Image: 22'
11.3305 	EXP 	text_7: text = 'Color: 22'
11.3477 	EXP 	text_6: text = 'Image: 22'
11.3477 	EXP 	text_7: text = 'Color: 22'
11.3646 	EXP 	text_6: text = 'Image: 22'
11.3646 	EXP 	text_7: text = 'Color: 22'
11.3978 	EXP 	text_6: text = 'Image: 22'
11.3978 	EXP 	text_7: text = 'Color: 22'
11.4146 	EXP 	text_6: text = 'Image: 22'
11.4146 	EXP 	text_7: text = 'Color: 22'
11.4306 	EXP 	text_6: text = 'Image: 22'
11.4306 	EXP 	text_7: text = 'Color: 22'
11.4474 	EXP 	text_6: text = 'Image: 22'
11.4474 	EXP 	text_7: text = 'Color: 22'
11.4642 	EXP 	text_6: text = 'Image: 22'
11.4642 	EXP 	text_7: text = 'Color: 22'
11.4813 	EXP 	text_6: text = 'Image: 22'
11.4813 	EXP 	text_7: text = 'Color: 22'
11.4970 	EXP 	text_6: text = 'Image: 22'
11.4970 	EXP 	text_7: text = 'Color: 22'
11.5141 	EXP 	text_6: text = 'Image: 22'
11.5141 	EXP 	text_7: text = 'Color: 22'
11.5302 	EXP 	text_6: text = 'Image: 22'
11.5302 	EXP 	text_7: text = 'Color: 22'
11.5474 	EXP 	text_6: text = 'Image: 22'
11.5474 	EXP 	text_7: text = 'Color: 22'
11.5636 	EXP 	text_6: text = 'Image: 22'
11.5636 	EXP 	text_7: text = 'Color: 22'
11.5806 	EXP 	text_6: text = 'Image: 22'
11.5806 	EXP 	text_7: text = 'Color: 22'
11.5971 	EXP 	text_6: text = 'Image: 22'
11.5971 	EXP 	text_7: text = 'Color: 22'
11.6142 	EXP 	text_6: text = 'Image: 22'
11.6142 	EXP 	text_7: text = 'Color: 22'
11.6476 	EXP 	text_6: text = 'Image: 22'
11.6476 	EXP 	text_7: text = 'Color: 22'
11.6636 	EXP 	text_6: text = 'Image: 22'
11.6636 	EXP 	text_7: text = 'Color: 22'
11.6810 	EXP 	text_6: text = 'Image: 22'
11.6810 	EXP 	text_7: text = 'Color: 22'
11.6971 	EXP 	text_6: text = 'Image: 22'
11.6971 	EXP 	text_7: text = 'Color: 22'
11.7138 	EXP 	text_6: text = 'Image: 22'
11.7138 	EXP 	text_7: text = 'Color: 22'
11.7305 	EXP 	text_6: text = 'Image: 22'
11.7305 	EXP 	text_7: text = 'Color: 22'
11.7470 	EXP 	text_6: text = 'Image: 22'
11.7470 	EXP 	text_7: text = 'Color: 22'
11.7641 	EXP 	text_6: text = 'Image: 22'
11.7641 	EXP 	text_7: text = 'Color: 22'
11.7813 	EXP 	text_6: text = 'Image: 22'
11.7813 	EXP 	text_7: text = 'Color: 22'
11.7972 	EXP 	text_6: text = 'Image: 22'
11.7972 	EXP 	text_7: text = 'Color: 22'
11.8144 	EXP 	text_6: text = 'Image: 22'
11.8144 	EXP 	text_7: text = 'Color: 22'
11.8305 	EXP 	text_6: text = 'Image: 22'
11.8305 	EXP 	text_7: text = 'Color: 22'
11.8472 	EXP 	text_6: text = 'Image: 22'
11.8472 	EXP 	text_7: text = 'Color: 22'
11.8642 	EXP 	text_6: text = 'Image: 22'
11.8642 	EXP 	text_7: text = 'Color: 22'
11.8975 	EXP 	text_6: text = 'Image: 22'
11.8975 	EXP 	text_7: text = 'Color: 22'
11.9140 	EXP 	text_6: text = 'Image: 22'
11.9140 	EXP 	text_7: text = 'Color: 22'
11.9305 	EXP 	text_6: text = 'Image: 22'
11.9305 	EXP 	text_7: text = 'Color: 22'
11.9470 	EXP 	text_6: text = 'Image: 22'
11.9470 	EXP 	text_7: text = 'Color: 22'
11.9645 	EXP 	text_6: text = 'Image: 22'
11.9645 	EXP 	text_7: text = 'Color: 22'
11.9813 	EXP 	text_6: text = 'Image: 22'
11.9813 	EXP 	text_7: text = 'Color: 22'
11.9976 	EXP 	text_6: text = 'Image: 22'
11.9976 	EXP 	text_7: text = 'Color: 22'
12.0147 	EXP 	text_6: text = 'Image: 22'
12.0147 	EXP 	text_7: text = 'Color: 22'
12.0305 	EXP 	text_6: text = 'Image: 22'
12.0305 	EXP 	text_7: text = 'Color: 22'
12.0470 	EXP 	text_6: text = 'Image: 22'
12.0470 	EXP 	text_7: text = 'Color: 22'
12.0647 	EXP 	text_6: text = 'Image: 22'
12.0647 	EXP 	text_7: text = 'Color: 22'
12.0808 	EXP 	text_6: text = 'Image: 22'
12.0808 	EXP 	text_7: text = 'Color: 22'
12.0980 	EXP 	text_6: text = 'Image: 22'
12.0980 	EXP 	text_7: text = 'Color: 22'
12.1145 	EXP 	text_6: text = 'Image: 22'
12.1145 	EXP 	text_7: text = 'Color: 22'
12.1305 	EXP 	text_6: text = 'Image: 22'
12.1305 	EXP 	text_7: text = 'Color: 22'
12.1474 	EXP 	text_6: text = 'Image: 22'
12.1474 	EXP 	text_7: text = 'Color: 22'
12.1642 	EXP 	text_6: text = 'Image: 22'
12.1642 	EXP 	text_7: text = 'Color: 22'
12.1812 	EXP 	text_6: text = 'Image: 22'
12.1812 	EXP 	text_7: text = 'Color: 22'
12.1978 	EXP 	text_6: text = 'Image: 22'
12.1978 	EXP 	text_7: text = 'Color: 22'
12.2140 	EXP 	text_6: text = 'Image: 22'
12.2140 	EXP 	text_7: text = 'Color: 22'
12.2308 	EXP 	text_6: text = 'Image: 22'
12.2308 	EXP 	text_7: text = 'Color: 22'
12.2471 	EXP 	text_6: text = 'Image: 22'
12.2471 	EXP 	text_7: text = 'Color: 22'
12.2642 	EXP 	text_6: text = 'Image: 22'
12.2642 	EXP 	text_7: text = 'Color: 22'
12.2978 	EXP 	text_6: text = 'Image: 22'
12.2978 	EXP 	text_7: text = 'Color: 22'
12.3146 	EXP 	text_6: text = 'Image: 22'
12.3146 	EXP 	text_7: text = 'Color: 22'
12.3304 	EXP 	text_6: text = 'Image: 22'
12.3304 	EXP 	text_7: text = 'Color: 22'
12.3477 	EXP 	text_6: text = 'Image: 22'
12.3477 	EXP 	text_7: text = 'Color: 22'
12.3645 	EXP 	text_6: text = 'Image: 22'
12.3645 	EXP 	text_7: text = 'Color: 22'
12.3813 	EXP 	text_6: text = 'Image: 22'
12.3813 	EXP 	text_7: text = 'Color: 22'
12.3972 	EXP 	text_6: text = 'Image: 22'
12.3972 	EXP 	text_7: text = 'Color: 22'
12.4147 	EXP 	text_6: text = 'Image: 22'
12.4147 	EXP 	text_7: text = 'Color: 22'
12.4304 	EXP 	text_6: text = 'Image: 22'
12.4304 	EXP 	text_7: text = 'Color: 22'
12.4470 	EXP 	text_6: text = 'Image: 22'
12.4470 	EXP 	text_7: text = 'Color: 22'
12.4645 	EXP 	text_6: text = 'Image: 22'
12.4645 	EXP 	text_7: text = 'Color: 22'
12.4809 	EXP 	text_6: text = 'Image: 22'
12.4809 	EXP 	text_7: text = 'Color: 22'
12.4974 	EXP 	text_6: text = 'Image: 22'
12.4974 	EXP 	text_7: text = 'Color: 22'
12.5140 	EXP 	text_6: text = 'Image: 22'
12.5140 	EXP 	text_7: text = 'Color: 22'
12.5314 	EXP 	text_6: text = 'Image: 22'
12.5314 	EXP 	text_7: text = 'Color: 22'
12.5483 	EXP 	text_6: text = 'Image: 22'
12.5483 	EXP 	text_7: text = 'Color: 22'
12.5647 	EXP 	text_6: text = 'Image: 22'
12.5647 	EXP 	text_7: text = 'Color: 22'
12.5812 	EXP 	text_6: text = 'Image: 22'
12.5812 	EXP 	text_7: text = 'Color: 22'
12.5975 	EXP 	text_6: text = 'Image: 22'
12.5975 	EXP 	text_7: text = 'Color: 22'
12.6144 	EXP 	text_6: text = 'Image: 22'
12.6144 	EXP 	text_7: text = 'Color: 22'
12.6308 	EXP 	text_6: text = 'Image: 22'
12.6308 	EXP 	text_7: text = 'Color: 22'
12.6474 	EXP 	text_6: text = 'Image: 22'
12.6474 	EXP 	text_7: text = 'Color: 22'
12.6647 	EXP 	text_6: text = 'Image: 22'
12.6647 	EXP 	text_7: text = 'Color: 22'
12.6812 	EXP 	text_6: text = 'Image: 22'
12.6812 	EXP 	text_7: text = 'Color: 22'
12.6974 	EXP 	text_6: text = 'Image: 22'
12.6974 	EXP 	text_7: text = 'Color: 22'
12.7146 	EXP 	text_6: text = 'Image: 22'
12.7146 	EXP 	text_7: text = 'Color: 22'
12.7304 	EXP 	text_6: text = 'Image: 22'
12.7304 	EXP 	text_7: text = 'Color: 22'
12.7482 	EXP 	text_6: text = 'Image: 22'
12.7482 	EXP 	text_7: text = 'Color: 22'
12.7642 	EXP 	text_6: text = 'Image: 22'
12.7642 	EXP 	text_7: text = 'Color: 22'
12.7813 	EXP 	text_6: text = 'Image: 22'
12.7813 	EXP 	text_7: text = 'Color: 22'
12.7981 	EXP 	text_6: text = 'Image: 22'
12.7981 	EXP 	text_7: text = 'Color: 22'
12.8148 	EXP 	text_6: text = 'Image: 22'
12.8148 	EXP 	text_7: text = 'Color: 22'
12.8305 	EXP 	text_6: text = 'Image: 22'
12.8305 	EXP 	text_7: text = 'Color: 22'
12.8481 	EXP 	text_6: text = 'Image: 22'
12.8481 	EXP 	text_7: text = 'Color: 22'
12.8643 	EXP 	text_6: text = 'Image: 22'
12.8643 	EXP 	text_7: text = 'Color: 22'
12.8811 	EXP 	text_6: text = 'Image: 22'
12.8811 	EXP 	text_7: text = 'Color: 22'
12.8981 	EXP 	text_6: text = 'Image: 22'
12.8981 	EXP 	text_7: text = 'Color: 22'
12.9149 	EXP 	text_6: text = 'Image: 22'
12.9149 	EXP 	text_7: text = 'Color: 22'
12.9304 	EXP 	text_6: text = 'Image: 22'
12.9304 	EXP 	text_7: text = 'Color: 22'
12.9481 	EXP 	text_6: text = 'Image: 22'
12.9481 	EXP 	text_7: text = 'Color: 22'
12.9646 	EXP 	text_6: text = 'Image: 22'
12.9646 	EXP 	text_7: text = 'Color: 22'
12.9807 	EXP 	text_6: text = 'Image: 22'
12.9807 	EXP 	text_7: text = 'Color: 22'
12.9976 	EXP 	text_6: text = 'Image: 22'
12.9976 	EXP 	text_7: text = 'Color: 22'
13.0138 	EXP 	text_6: text = 'Image: 22'
13.0138 	EXP 	text_7: text = 'Color: 22'
13.0310 	EXP 	text_6: text = 'Image: 22'
13.0310 	EXP 	text_7: text = 'Color: 22'
13.0474 	EXP 	text_6: text = 'Image: 22'
13.0474 	EXP 	text_7: text = 'Color: 22'
13.0644 	EXP 	text_6: text = 'Image: 22'
13.0644 	EXP 	text_7: text = 'Color: 22'
13.0812 	EXP 	text_6: text = 'Image: 22'
13.0812 	EXP 	text_7: text = 'Color: 22'
13.0979 	EXP 	text_6: text = 'Image: 22'
13.0979 	EXP 	text_7: text = 'Color: 22'
13.1138 	EXP 	text_6: text = 'Image: 22'
13.1138 	EXP 	text_7: text = 'Color: 22'
13.1310 	EXP 	text_6: text = 'Image: 22'
13.1310 	EXP 	text_7: text = 'Color: 22'
13.1474 	EXP 	text_6: text = 'Image: 22'
13.1474 	EXP 	text_7: text = 'Color: 22'
13.1645 	EXP 	text_6: text = 'Image: 22'
13.1645 	EXP 	text_7: text = 'Color: 22'
13.1810 	EXP 	text_6: text = 'Image: 22'
13.1810 	EXP 	text_7: text = 'Color: 22'
13.1971 	EXP 	text_6: text = 'Image: 22'
13.1971 	EXP 	text_7: text = 'Color: 22'
13.2144 	EXP 	text_6: text = 'Image: 22'
13.2144 	EXP 	text_7: text = 'Color: 22'
13.2305 	EXP 	text_6: text = 'Image: 22'
13.2305 	EXP 	text_7: text = 'Color: 22'
13.2475 	EXP 	text_6: text = 'Image: 22'
13.2475 	EXP 	text_7: text = 'Color: 22'
13.2646 	EXP 	text_6: text = 'Image: 22'
13.2646 	EXP 	text_7: text = 'Color: 22'
13.2806 	EXP 	text_6: text = 'Image: 22'
13.2806 	EXP 	text_7: text = 'Color: 22'
13.2977 	EXP 	text_6: text = 'Image: 22'
13.2977 	EXP 	text_7: text = 'Color: 22'
13.3309 	EXP 	text_6: text = 'Image: 22'
13.3309 	EXP 	text_7: text = 'Color: 22'
13.3476 	EXP 	text_6: text = 'Image: 22'
13.3476 	EXP 	text_7: text = 'Color: 22'
13.3644 	EXP 	text_6: text = 'Image: 22'
13.3644 	EXP 	text_7: text = 'Color: 22'
13.3805 	EXP 	text_6: text = 'Image: 22'
13.3805 	EXP 	text_7: text = 'Color: 22'
13.3975 	EXP 	text_6: text = 'Image: 22'
13.3975 	EXP 	text_7: text = 'Color: 22'
13.4145 	EXP 	text_6: text = 'Image: 22'
13.4145 	EXP 	text_7: text = 'Color: 22'
13.4305 	EXP 	text_6: text = 'Image: 22'
13.4305 	EXP 	text_7: text = 'Color: 22'
13.4484 	EXP 	text_6: text = 'Image: 22'
13.4484 	EXP 	text_7: text = 'Color: 22'
13.4647 	EXP 	text_6: text = 'Image: 22'
13.4647 	EXP 	text_7: text = 'Color: 22'
13.4805 	EXP 	text_6: text = 'Image: 22'
13.4805 	EXP 	text_7: text = 'Color: 22'
13.4981 	EXP 	text_6: text = 'Image: 22'
13.4981 	EXP 	text_7: text = 'Color: 22'
13.5147 	EXP 	text_6: text = 'Image: 22'
13.5147 	EXP 	text_7: text = 'Color: 22'
13.5310 	EXP 	text_6: text = 'Image: 22'
13.5310 	EXP 	text_7: text = 'Color: 22'
13.5482 	EXP 	text_6: text = 'Image: 22'
13.5482 	EXP 	text_7: text = 'Color: 22'
13.5638 	EXP 	text_6: text = 'Image: 22'
13.5638 	EXP 	text_7: text = 'Color: 22'
13.5815 	EXP 	text_6: text = 'Image: 22'
13.5815 	EXP 	text_7: text = 'Color: 22'
13.5975 	EXP 	text_6: text = 'Image: 22'
13.5975 	EXP 	text_7: text = 'Color: 22'
13.6142 	EXP 	text_6: text = 'Image: 22'
13.6142 	EXP 	text_7: text = 'Color: 22'
13.6308 	EXP 	text_6: text = 'Image: 22'
13.6308 	EXP 	text_7: text = 'Color: 22'
13.6481 	EXP 	text_6: text = 'Image: 22'
13.6481 	EXP 	text_7: text = 'Color: 22'
13.6649 	EXP 	text_6: text = 'Image: 22'
13.6649 	EXP 	text_7: text = 'Color: 22'
13.6809 	EXP 	text_6: text = 'Image: 22'
13.6809 	EXP 	text_7: text = 'Color: 22'
13.6978 	EXP 	text_6: text = 'Image: 22'
13.6978 	EXP 	text_7: text = 'Color: 22'
13.7146 	EXP 	text_6: text = 'Image: 22'
13.7146 	EXP 	text_7: text = 'Color: 22'
13.7314 	EXP 	text_6: text = 'Image: 22'
13.7314 	EXP 	text_7: text = 'Color: 22'
13.7474 	EXP 	text_6: text = 'Image: 22'
13.7474 	EXP 	text_7: text = 'Color: 22'
13.7641 	EXP 	text_6: text = 'Image: 22'
13.7641 	EXP 	text_7: text = 'Color: 22'
13.7810 	EXP 	text_6: text = 'Image: 22'
13.7810 	EXP 	text_7: text = 'Color: 22'
13.7982 	EXP 	text_6: text = 'Image: 22'
13.7982 	EXP 	text_7: text = 'Color: 22'
13.8144 	EXP 	text_6: text = 'Image: 22'
13.8144 	EXP 	text_7: text = 'Color: 22'
13.8317 	EXP 	text_6: text = 'Image: 22'
13.8317 	EXP 	text_7: text = 'Color: 22'
13.8472 	EXP 	text_6: text = 'Image: 22'
13.8472 	EXP 	text_7: text = 'Color: 22'
13.8642 	EXP 	text_6: text = 'Image: 22'
13.8642 	EXP 	text_7: text = 'Color: 22'
13.8814 	EXP 	text_6: text = 'Image: 22'
13.8814 	EXP 	text_7: text = 'Color: 22'
13.8974 	EXP 	text_6: text = 'Image: 22'
13.8974 	EXP 	text_7: text = 'Color: 22'
13.9141 	EXP 	text_6: text = 'Image: 22'
13.9141 	EXP 	text_7: text = 'Color: 22'
13.9310 	EXP 	text_6: text = 'Image: 22'
13.9310 	EXP 	text_7: text = 'Color: 22'
13.9473 	EXP 	text_6: text = 'Image: 22'
13.9473 	EXP 	text_7: text = 'Color: 22'
13.9650 	EXP 	text_6: text = 'Image: 22'
13.9650 	EXP 	text_7: text = 'Color: 22'
13.9808 	EXP 	text_6: text = 'Image: 22'
13.9808 	EXP 	text_7: text = 'Color: 22'
13.9982 	EXP 	text_6: text = 'Image: 22'
13.9982 	EXP 	text_7: text = 'Color: 22'
14.0140 	EXP 	text_6: text = 'Image: 22'
14.0140 	EXP 	text_7: text = 'Color: 22'
14.0306 	EXP 	text_6: text = 'Image: 22'
14.0306 	EXP 	text_7: text = 'Color: 22'
14.0473 	EXP 	text_6: text = 'Image: 22'
14.0473 	EXP 	text_7: text = 'Color: 22'
14.0645 	EXP 	text_6: text = 'Image: 22'
14.0645 	EXP 	text_7: text = 'Color: 22'
14.0816 	EXP 	text_6: text = 'Image: 22'
14.0816 	EXP 	text_7: text = 'Color: 22'
14.0977 	EXP 	text_6: text = 'Image: 22'
14.0977 	EXP 	text_7: text = 'Color: 22'
14.1142 	EXP 	text_6: text = 'Image: 22'
14.1142 	EXP 	text_7: text = 'Color: 22'
14.1306 	EXP 	text_6: text = 'Image: 22'
14.1306 	EXP 	text_7: text = 'Color: 22'
14.1473 	EXP 	text_6: text = 'Image: 22'
14.1473 	EXP 	text_7: text = 'Color: 22'
14.1650 	EXP 	text_6: text = 'Image: 22'
14.1650 	EXP 	text_7: text = 'Color: 22'
14.1807 	EXP 	text_6: text = 'Image: 22'
14.1807 	EXP 	text_7: text = 'Color: 22'
14.1977 	EXP 	text_6: text = 'Image: 22'
14.1977 	EXP 	text_7: text = 'Color: 22'
14.2141 	EXP 	text_6: text = 'Image: 22'
14.2141 	EXP 	text_7: text = 'Color: 22'
14.2317 	EXP 	text_6: text = 'Image: 22'
14.2317 	EXP 	text_7: text = 'Color: 22'
14.2473 	EXP 	text_6: text = 'Image: 22'
14.2473 	EXP 	text_7: text = 'Color: 22'
14.2651 	EXP 	text_6: text = 'Image: 22'
14.2651 	EXP 	text_7: text = 'Color: 22'
14.2815 	EXP 	text_6: text = 'Image: 22'
14.2815 	EXP 	text_7: text = 'Color: 22'
14.2979 	EXP 	text_6: text = 'Image: 22'
14.2979 	EXP 	text_7: text = 'Color: 22'
14.3151 	EXP 	text_6: text = 'Image: 22'
14.3151 	EXP 	text_7: text = 'Color: 22'
14.3319 	EXP 	text_6: text = 'Image: 22'
14.3319 	EXP 	text_7: text = 'Color: 22'
14.3484 	EXP 	text_6: text = 'Image: 22'
14.3484 	EXP 	text_7: text = 'Color: 22'
14.3642 	EXP 	text_6: text = 'Image: 22'
14.3642 	EXP 	text_7: text = 'Color: 22'
14.3815 	EXP 	text_6: text = 'Image: 22'
14.3815 	EXP 	text_7: text = 'Color: 22'
14.4148 	EXP 	text_6: text = 'Image: 22'
14.4148 	EXP 	text_7: text = 'Color: 22'
14.4310 	EXP 	text_6: text = 'Image: 22'
14.4310 	EXP 	text_7: text = 'Color: 22'
14.4487 	EXP 	text_6: text = 'Image: 22'
14.4487 	EXP 	text_7: text = 'Color: 22'
14.4643 	EXP 	text_6: text = 'Image: 22'
14.4643 	EXP 	text_7: text = 'Color: 22'
14.4815 	EXP 	text_6: text = 'Image: 22'
14.4815 	EXP 	text_7: text = 'Color: 22'
14.4981 	EXP 	text_6: text = 'Image: 22'
14.4981 	EXP 	text_7: text = 'Color: 22'
14.5147 	EXP 	text_6: text = 'Image: 22'
14.5147 	EXP 	text_7: text = 'Color: 22'
14.5318 	EXP 	text_6: text = 'Image: 22'
14.5318 	EXP 	text_7: text = 'Color: 22'
14.5478 	EXP 	text_6: text = 'Image: 22'
14.5478 	EXP 	text_7: text = 'Color: 22'
14.5645 	EXP 	text_6: text = 'Image: 22'
14.5645 	EXP 	text_7: text = 'Color: 22'
14.5823 	EXP 	text_6: text = 'Image: 22'
14.5823 	EXP 	text_7: text = 'Color: 22'
14.5991 	EXP 	text_6: text = 'Image: 22'
14.5991 	EXP 	text_7: text = 'Color: 22'
14.6157 	EXP 	text_6: text = 'Image: 22'
14.6157 	EXP 	text_7: text = 'Color: 22'
14.6322 	EXP 	text_6: text = 'Image: 22'
14.6322 	EXP 	text_7: text = 'Color: 22'
14.6487 	EXP 	text_6: text = 'Image: 22'
14.6487 	EXP 	text_7: text = 'Color: 22'
14.6656 	EXP 	text_6: text = 'Image: 22'
14.6656 	EXP 	text_7: text = 'Color: 22'
14.6824 	EXP 	text_6: text = 'Image: 22'
14.6824 	EXP 	text_7: text = 'Color: 22'
14.6991 	EXP 	text_6: text = 'Image: 22'
14.6991 	EXP 	text_7: text = 'Color: 22'
14.7160 	EXP 	text_6: text = 'Image: 22'
14.7160 	EXP 	text_7: text = 'Color: 22'
14.7318 	EXP 	text_6: text = 'Image: 22'
14.7318 	EXP 	text_7: text = 'Color: 22'
14.7487 	EXP 	text_6: text = 'Image: 22'
14.7487 	EXP 	text_7: text = 'Color: 22'
14.7655 	EXP 	text_6: text = 'Image: 22'
14.7655 	EXP 	text_7: text = 'Color: 22'
14.7828 	EXP 	text_6: text = 'Image: 22'
14.7828 	EXP 	text_7: text = 'Color: 22'
14.7992 	EXP 	text_6: text = 'Image: 22'
14.7992 	EXP 	text_7: text = 'Color: 22'
14.8157 	EXP 	text_6: text = 'Image: 22'
14.8157 	EXP 	text_7: text = 'Color: 22'
14.8324 	EXP 	text_6: text = 'Image: 22'
14.8324 	EXP 	text_7: text = 'Color: 22'
14.8488 	EXP 	text_6: text = 'Image: 22'
14.8488 	EXP 	text_7: text = 'Color: 22'
14.8648 	EXP 	text_6: text = 'Image: 22'
14.8648 	EXP 	text_7: text = 'Color: 22'
14.8829 	EXP 	text_6: text = 'Image: 22'
14.8829 	EXP 	text_7: text = 'Color: 22'
14.8989 	EXP 	text_6: text = 'Image: 22'
14.8989 	EXP 	text_7: text = 'Color: 22'
14.9158 	EXP 	text_6: text = 'Image: 22'
14.9158 	EXP 	text_7: text = 'Color: 22'
14.9323 	EXP 	text_6: text = 'Image: 22'
14.9323 	EXP 	text_7: text = 'Color: 22'
14.9495 	EXP 	text_6: text = 'Image: 22'
14.9495 	EXP 	text_7: text = 'Color: 22'
14.9656 	EXP 	text_6: text = 'Image: 22'
14.9656 	EXP 	text_7: text = 'Color: 22'
14.9817 	EXP 	text_6: text = 'Image: 22'
14.9817 	EXP 	text_7: text = 'Color: 22'
15.0155 	EXP 	text_6: text = 'Image: 22'
15.0155 	EXP 	text_7: text = 'Color: 22'
15.0315 	EXP 	text_6: text = 'Image: 22'
15.0315 	EXP 	text_7: text = 'Color: 22'
15.0487 	EXP 	text_6: text = 'Image: 22'
15.0487 	EXP 	text_7: text = 'Color: 22'
15.0657 	EXP 	text_6: text = 'Image: 22'
15.0657 	EXP 	text_7: text = 'Color: 22'
15.0828 	EXP 	text_6: text = 'Image: 22'
15.0828 	EXP 	text_7: text = 'Color: 22'
15.1159 	EXP 	text_6: text = 'Image: 22'
15.1159 	EXP 	text_7: text = 'Color: 22'
15.1328 	EXP 	text_6: text = 'Image: 22'
15.1328 	EXP 	text_7: text = 'Color: 22'
15.1486 	EXP 	text_6: text = 'Image: 22'
15.1486 	EXP 	text_7: text = 'Color: 22'
15.1657 	EXP 	text_6: text = 'Image: 22'
15.1657 	EXP 	text_7: text = 'Color: 22'
15.1825 	EXP 	text_6: text = 'Image: 22'
15.1825 	EXP 	text_7: text = 'Color: 22'
15.1984 	EXP 	text_6: text = 'Image: 22'
15.1984 	EXP 	text_7: text = 'Color: 22'
15.2160 	EXP 	text_6: text = 'Image: 22'
15.2160 	EXP 	text_7: text = 'Color: 22'
15.2316 	EXP 	text_6: text = 'Image: 22'
15.2316 	EXP 	text_7: text = 'Color: 22'
15.2485 	EXP 	text_6: text = 'Image: 22'
15.2485 	EXP 	text_7: text = 'Color: 22'
15.2657 	EXP 	text_6: text = 'Image: 22'
15.2657 	EXP 	text_7: text = 'Color: 22'
15.2824 	EXP 	text_6: text = 'Image: 22'
15.2824 	EXP 	text_7: text = 'Color: 22'
15.2990 	EXP 	text_6: text = 'Image: 22'
15.2990 	EXP 	text_7: text = 'Color: 22'
15.3160 	EXP 	text_6: text = 'Image: 22'
15.3160 	EXP 	text_7: text = 'Color: 22'
15.3317 	EXP 	text_6: text = 'Image: 22'
15.3317 	EXP 	text_7: text = 'Color: 22'
15.3485 	EXP 	text_6: text = 'Image: 22'
15.3485 	EXP 	text_7: text = 'Color: 22'
15.3657 	EXP 	text_6: text = 'Image: 22'
15.3657 	EXP 	text_7: text = 'Color: 22'
15.3829 	EXP 	text_6: text = 'Image: 22'
15.3829 	EXP 	text_7: text = 'Color: 22'
15.3994 	EXP 	text_6: text = 'Image: 22'
15.3994 	EXP 	text_7: text = 'Color: 22'
15.4157 	EXP 	text_6: text = 'Image: 22'
15.4157 	EXP 	text_7: text = 'Color: 22'
15.4317 	EXP 	text_6: text = 'Image: 22'
15.4317 	EXP 	text_7: text = 'Color: 22'
15.4489 	EXP 	text_6: text = 'Image: 22'
15.4489 	EXP 	text_7: text = 'Color: 22'
15.4658 	EXP 	text_6: text = 'Image: 22'
15.4658 	EXP 	text_7: text = 'Color: 22'
15.4827 	EXP 	text_6: text = 'Image: 22'
15.4827 	EXP 	text_7: text = 'Color: 22'
15.4983 	EXP 	text_6: text = 'Image: 22'
15.4983 	EXP 	text_7: text = 'Color: 22'
15.5162 	EXP 	text_6: text = 'Image: 22'
15.5162 	EXP 	text_7: text = 'Color: 22'
15.5320 	EXP 	text_6: text = 'Image: 22'
15.5320 	EXP 	text_7: text = 'Color: 22'
15.5487 	EXP 	text_6: text = 'Image: 22'
15.5487 	EXP 	text_7: text = 'Color: 22'
15.5657 	EXP 	text_6: text = 'Image: 22'
15.5657 	EXP 	text_7: text = 'Color: 22'
15.5827 	EXP 	text_6: text = 'Image: 22'
15.5827 	EXP 	text_7: text = 'Color: 22'
15.5994 	EXP 	text_6: text = 'Image: 22'
15.5994 	EXP 	text_7: text = 'Color: 22'
15.6160 	EXP 	text_6: text = 'Image: 22'
15.6160 	EXP 	text_7: text = 'Color: 22'
15.6327 	EXP 	text_6: text = 'Image: 22'
15.6327 	EXP 	text_7: text = 'Color: 22'
15.6492 	EXP 	text_6: text = 'Image: 22'
15.6492 	EXP 	text_7: text = 'Color: 22'
15.6658 	EXP 	text_6: text = 'Image: 22'
15.6658 	EXP 	text_7: text = 'Color: 22'
15.6826 	EXP 	text_6: text = 'Image: 22'
15.6826 	EXP 	text_7: text = 'Color: 22'
15.6988 	EXP 	text_6: text = 'Image: 22'
15.6988 	EXP 	text_7: text = 'Color: 22'
15.7159 	EXP 	text_6: text = 'Image: 22'
15.7159 	EXP 	text_7: text = 'Color: 22'
15.7318 	EXP 	text_6: text = 'Image: 22'
15.7318 	EXP 	text_7: text = 'Color: 22'
15.7494 	EXP 	text_6: text = 'Image: 22'
15.7494 	EXP 	text_7: text = 'Color: 22'
15.7659 	EXP 	text_6: text = 'Image: 22'
15.7659 	EXP 	text_7: text = 'Color: 22'
15.7828 	EXP 	text_6: text = 'Image: 22'
15.7828 	EXP 	text_7: text = 'Color: 22'
15.7995 	EXP 	text_6: text = 'Image: 22'
15.7995 	EXP 	text_7: text = 'Color: 22'
15.8159 	EXP 	text_6: text = 'Image: 22'
15.8159 	EXP 	text_7: text = 'Color: 22'
15.8317 	EXP 	text_6: text = 'Image: 22'
15.8317 	EXP 	text_7: text = 'Color: 22'
15.8488 	EXP 	text_6: text = 'Image: 22'
15.8488 	EXP 	text_7: text = 'Color: 22'
15.8657 	EXP 	text_6: text = 'Image: 22'
15.8657 	EXP 	text_7: text = 'Color: 22'
15.8998 	EXP 	text_6: text = 'Image: 22'
15.8998 	EXP 	text_7: text = 'Color: 22'
15.9160 	EXP 	text_6: text = 'Image: 22'
15.9160 	EXP 	text_7: text = 'Color: 22'
15.9327 	EXP 	text_6: text = 'Image: 22'
15.9327 	EXP 	text_7: text = 'Color: 22'
15.9490 	EXP 	text_6: text = 'Image: 22'
15.9490 	EXP 	text_7: text = 'Color: 22'
15.9659 	EXP 	text_6: text = 'Image: 22'
15.9659 	EXP 	text_7: text = 'Color: 22'
15.9825 	EXP 	text_6: text = 'Image: 22'
15.9825 	EXP 	text_7: text = 'Color: 22'
15.9995 	EXP 	text_6: text = 'Image: 22'
15.9995 	EXP 	text_7: text = 'Color: 22'
16.0160 	EXP 	text_6: text = 'Image: 22'
16.0160 	EXP 	text_7: text = 'Color: 22'
16.0317 	EXP 	text_6: text = 'Image: 22'
16.0317 	EXP 	text_7: text = 'Color: 22'
16.0495 	EXP 	text_6: text = 'Image: 22'
16.0495 	EXP 	text_7: text = 'Color: 22'
16.0660 	EXP 	text_6: text = 'Image: 22'
16.0660 	EXP 	text_7: text = 'Color: 22'
16.0826 	EXP 	text_6: text = 'Image: 22'
16.0826 	EXP 	text_7: text = 'Color: 22'
16.0986 	EXP 	text_6: text = 'Image: 22'
16.0986 	EXP 	text_7: text = 'Color: 22'
16.1330 	EXP 	text_6: text = 'Image: 22'
16.1330 	EXP 	text_7: text = 'Color: 22'
16.1484 	EXP 	text_6: text = 'Image: 22'
16.1484 	EXP 	text_7: text = 'Color: 22'
16.1657 	EXP 	text_6: text = 'Image: 22'
16.1657 	EXP 	text_7: text = 'Color: 22'
16.1825 	EXP 	text_6: text = 'Image: 22'
16.1825 	EXP 	text_7: text = 'Color: 22'
16.1996 	EXP 	text_6: text = 'Image: 22'
16.1996 	EXP 	text_7: text = 'Color: 22'
16.2161 	EXP 	text_6: text = 'Image: 22'
16.2161 	EXP 	text_7: text = 'Color: 22'
16.2321 	EXP 	text_6: text = 'Image: 22'
16.2321 	EXP 	text_7: text = 'Color: 22'
16.2489 	EXP 	text_6: text = 'Image: 22'
16.2489 	EXP 	text_7: text = 'Color: 22'
16.2658 	EXP 	text_6: text = 'Image: 22'
16.2658 	EXP 	text_7: text = 'Color: 22'
16.2827 	EXP 	text_6: text = 'Image: 22'
16.2827 	EXP 	text_7: text = 'Color: 22'
16.2994 	EXP 	text_6: text = 'Image: 22'
16.2994 	EXP 	text_7: text = 'Color: 22'
16.3160 	EXP 	text_6: text = 'Image: 22'
16.3160 	EXP 	text_7: text = 'Color: 22'
16.3321 	EXP 	text_6: text = 'Image: 22'
16.3321 	EXP 	text_7: text = 'Color: 22'
16.3495 	EXP 	text_6: text = 'Image: 22'
16.3495 	EXP 	text_7: text = 'Color: 22'
16.3658 	EXP 	text_6: text = 'Image: 22'
16.3658 	EXP 	text_7: text = 'Color: 22'
16.3828 	EXP 	text_6: text = 'Image: 22'
16.3828 	EXP 	text_7: text = 'Color: 22'
16.4156 	EXP 	text_6: text = 'Image: 22'
16.4156 	EXP 	text_7: text = 'Color: 22'
16.4319 	EXP 	text_6: text = 'Image: 22'
16.4319 	EXP 	text_7: text = 'Color: 22'
16.4488 	EXP 	text_6: text = 'Image: 22'
16.4488 	EXP 	text_7: text = 'Color: 22'
16.4824 	EXP 	text_6: text = 'Image: 22'
16.4824 	EXP 	text_7: text = 'Color: 22'
16.4994 	EXP 	text_6: text = 'Image: 22'
16.4994 	EXP 	text_7: text = 'Color: 22'
16.5157 	EXP 	text_6: text = 'Image: 22'
16.5157 	EXP 	text_7: text = 'Color: 22'
16.5319 	EXP 	text_6: text = 'Image: 22'
16.5319 	EXP 	text_7: text = 'Color: 22'
16.5489 	EXP 	text_6: text = 'Image: 22'
16.5489 	EXP 	text_7: text = 'Color: 22'
16.5657 	EXP 	text_6: text = 'Image: 22'
16.5657 	EXP 	text_7: text = 'Color: 22'
16.5825 	EXP 	text_6: text = 'Image: 22'
16.5825 	EXP 	text_7: text = 'Color: 22'
16.5998 	EXP 	text_6: text = 'Image: 22'
16.5998 	EXP 	text_7: text = 'Color: 22'
16.6158 	EXP 	text_6: text = 'Image: 22'
16.6158 	EXP 	text_7: text = 'Color: 22'
16.6330 	EXP 	text_6: text = 'Image: 22'
16.6330 	EXP 	text_7: text = 'Color: 22'
16.6497 	EXP 	text_6: text = 'Image: 22'
16.6497 	EXP 	text_7: text = 'Color: 22'
16.6659 	EXP 	text_6: text = 'Image: 22'
16.6659 	EXP 	text_7: text = 'Color: 22'
16.6829 	EXP 	text_6: text = 'Image: 22'
16.6829 	EXP 	text_7: text = 'Color: 22'
16.6995 	EXP 	text_6: text = 'Image: 22'
16.6995 	EXP 	text_7: text = 'Color: 22'
16.7331 	EXP 	text_6: text = 'Image: 22'
16.7331 	EXP 	text_7: text = 'Color: 22'
16.7497 	EXP 	text_6: text = 'Image: 22'
16.7497 	EXP 	text_7: text = 'Color: 22'
16.7661 	EXP 	text_6: text = 'Image: 22'
16.7661 	EXP 	text_7: text = 'Color: 22'
16.7826 	EXP 	text_6: text = 'Image: 22'
16.7826 	EXP 	text_7: text = 'Color: 22'
16.7990 	EXP 	text_6: text = 'Image: 22'
16.7990 	EXP 	text_7: text = 'Color: 22'
16.8155 	EXP 	text_6: text = 'Image: 22'
16.8155 	EXP 	text_7: text = 'Color: 22'
16.8330 	EXP 	text_6: text = 'Image: 22'
16.8330 	EXP 	text_7: text = 'Color: 22'
16.8486 	EXP 	text_6: text = 'Image: 22'
16.8486 	EXP 	text_7: text = 'Color: 22'
16.8658 	EXP 	text_6: text = 'Image: 22'
16.8658 	EXP 	text_7: text = 'Color: 22'
16.8829 	EXP 	text_6: text = 'Image: 22'
16.8829 	EXP 	text_7: text = 'Color: 22'
16.8995 	EXP 	text_6: text = 'Image: 22'
16.8995 	EXP 	text_7: text = 'Color: 22'
16.9155 	EXP 	text_6: text = 'Image: 22'
16.9155 	EXP 	text_7: text = 'Color: 22'
16.9329 	EXP 	text_6: text = 'Image: 22'
16.9329 	EXP 	text_7: text = 'Color: 22'
16.9489 	EXP 	text_6: text = 'Image: 22'
16.9489 	EXP 	text_7: text = 'Color: 22'
16.9658 	EXP 	text_6: text = 'Image: 22'
16.9658 	EXP 	text_7: text = 'Color: 22'
16.9826 	EXP 	text_6: text = 'Image: 22'
16.9826 	EXP 	text_7: text = 'Color: 22'
16.9985 	EXP 	text_6: text = 'Image: 22'
16.9985 	EXP 	text_7: text = 'Color: 22'
17.0160 	EXP 	text_6: text = 'Image: 22'
17.0160 	EXP 	text_7: text = 'Color: 22'
17.0331 	EXP 	text_6: text = 'Image: 22'
17.0331 	EXP 	text_7: text = 'Color: 22'
17.0489 	EXP 	text_6: text = 'Image: 22'
17.0489 	EXP 	text_7: text = 'Color: 22'
17.0658 	EXP 	text_6: text = 'Image: 22'
17.0658 	EXP 	text_7: text = 'Color: 22'
17.0831 	EXP 	text_6: text = 'Image: 22'
17.0831 	EXP 	text_7: text = 'Color: 22'
17.0986 	EXP 	text_6: text = 'Image: 22'
17.0986 	EXP 	text_7: text = 'Color: 22'
17.1333 	EXP 	text_6: text = 'Image: 22'
17.1333 	EXP 	text_7: text = 'Color: 22'
17.1494 	EXP 	text_6: text = 'Image: 22'
17.1494 	EXP 	text_7: text = 'Color: 22'
17.1657 	EXP 	text_6: text = 'Image: 22'
17.1657 	EXP 	text_7: text = 'Color: 22'
17.1832 	EXP 	text_6: text = 'Image: 22'
17.1832 	EXP 	text_7: text = 'Color: 22'
17.2164 	EXP 	text_6: text = 'Image: 22'
17.2164 	EXP 	text_7: text = 'Color: 22'
17.2328 	EXP 	text_6: text = 'Image: 22'
17.2328 	EXP 	text_7: text = 'Color: 22'
17.2497 	EXP 	text_6: text = 'Image: 22'
17.2497 	EXP 	text_7: text = 'Color: 22'
17.2657 	EXP 	text_6: text = 'Image: 22'
17.2657 	EXP 	text_7: text = 'Color: 22'
17.2830 	EXP 	text_6: text = 'Image: 22'
17.2830 	EXP 	text_7: text = 'Color: 22'
17.2987 	EXP 	text_6: text = 'Image: 22'
17.2987 	EXP 	text_7: text = 'Color: 22'
17.3156 	EXP 	text_6: text = 'Image: 22'
17.3156 	EXP 	text_7: text = 'Color: 22'
17.3331 	EXP 	text_6: text = 'Image: 22'
17.3331 	EXP 	text_7: text = 'Color: 22'
17.3497 	EXP 	text_6: text = 'Image: 22'
17.3497 	EXP 	text_7: text = 'Color: 22'
17.3836 	EXP 	text_6: text = 'Image: 22'
17.3836 	EXP 	text_7: text = 'Color: 22'
17.3997 	EXP 	text_6: text = 'Image: 22'
17.3997 	EXP 	text_7: text = 'Color: 22'
17.4338 	EXP 	text_6: text = 'Image: 22'
17.4338 	EXP 	text_7: text = 'Color: 22'
17.4496 	EXP 	text_6: text = 'Image: 22'
17.4496 	EXP 	text_7: text = 'Color: 22'
17.4658 	EXP 	text_6: text = 'Image: 22'
17.4658 	EXP 	text_7: text = 'Color: 22'
17.4831 	EXP 	text_6: text = 'Image: 22'
17.4831 	EXP 	text_7: text = 'Color: 22'
17.4987 	EXP 	text_6: text = 'Image: 22'
17.4987 	EXP 	text_7: text = 'Color: 22'
17.5323 	EXP 	text_6: text = 'Image: 22'
17.5323 	EXP 	text_7: text = 'Color: 22'
17.5489 	EXP 	text_6: text = 'Image: 22'
17.5489 	EXP 	text_7: text = 'Color: 22'
17.5662 	EXP 	text_6: text = 'Image: 22'
17.5662 	EXP 	text_7: text = 'Color: 22'
17.5827 	EXP 	text_6: text = 'Image: 22'
17.5827 	EXP 	text_7: text = 'Color: 22'
17.5987 	EXP 	text_6: text = 'Image: 22'
17.5987 	EXP 	text_7: text = 'Color: 22'
17.6164 	EXP 	text_6: text = 'Image: 22'
17.6164 	EXP 	text_7: text = 'Color: 22'
17.6332 	EXP 	text_6: text = 'Image: 22'
17.6332 	EXP 	text_7: text = 'Color: 22'
17.6665 	EXP 	text_6: text = 'Image: 22'
17.6665 	EXP 	text_7: text = 'Color: 22'
17.6819 	EXP 	text_6: text = 'Image: 22'
17.6819 	EXP 	text_7: text = 'Color: 22'
17.6987 	EXP 	text_6: text = 'Image: 22'
17.6987 	EXP 	text_7: text = 'Color: 22'
17.7160 	EXP 	text_6: text = 'Image: 22'
17.7160 	EXP 	text_7: text = 'Color: 22'
17.7319 	EXP 	text_6: text = 'Image: 22'
17.7319 	EXP 	text_7: text = 'Color: 22'
17.7499 	EXP 	text_6: text = 'Image: 22'
17.7499 	EXP 	text_7: text = 'Color: 22'
17.7657 	EXP 	text_6: text = 'Image: 22'
17.7657 	EXP 	text_7: text = 'Color: 22'
17.7823 	EXP 	text_6: text = 'Image: 22'
17.7823 	EXP 	text_7: text = 'Color: 22'
17.7999 	EXP 	text_6: text = 'Image: 22'
17.7999 	EXP 	text_7: text = 'Color: 22'
17.8164 	EXP 	text_6: text = 'Image: 22'
17.8164 	EXP 	text_7: text = 'Color: 22'
17.8325 	EXP 	text_6: text = 'Image: 22'
17.8325 	EXP 	text_7: text = 'Color: 22'
17.8489 	EXP 	text_6: text = 'Image: 22'
17.8489 	EXP 	text_7: text = 'Color: 22'
17.8653 	EXP 	text_6: text = 'Image: 22'
17.8653 	EXP 	text_7: text = 'Color: 22'
17.8826 	EXP 	text_6: text = 'Image: 22'
17.8826 	EXP 	text_7: text = 'Color: 22'
17.8989 	EXP 	text_6: text = 'Image: 22'
17.8989 	EXP 	text_7: text = 'Color: 22'
17.9159 	EXP 	text_6: text = 'Image: 22'
17.9159 	EXP 	text_7: text = 'Color: 22'
17.9320 	EXP 	text_6: text = 'Image: 22'
17.9320 	EXP 	text_7: text = 'Color: 22'
17.9488 	EXP 	text_6: text = 'Image: 22'
17.9488 	EXP 	text_7: text = 'Color: 22'
17.9657 	EXP 	text_6: text = 'Image: 22'
17.9657 	EXP 	text_7: text = 'Color: 22'
17.9819 	EXP 	text_6: text = 'Image: 22'
17.9819 	EXP 	text_7: text = 'Color: 22'
17.9997 	EXP 	text_6: text = 'Image: 22'
17.9997 	EXP 	text_7: text = 'Color: 22'
18.0156 	EXP 	text_6: text = 'Image: 22'
18.0156 	EXP 	text_7: text = 'Color: 22'
18.0329 	EXP 	text_6: text = 'Image: 22'
18.0329 	EXP 	text_7: text = 'Color: 22'
18.0488 	EXP 	text_6: text = 'Image: 22'
18.0488 	EXP 	text_7: text = 'Color: 22'
18.0659 	EXP 	text_6: text = 'Image: 22'
18.0659 	EXP 	text_7: text = 'Color: 22'
18.0825 	EXP 	text_6: text = 'Image: 22'
18.0825 	EXP 	text_7: text = 'Color: 22'
18.0989 	EXP 	text_6: text = 'Image: 22'
18.0989 	EXP 	text_7: text = 'Color: 22'
18.1330 	EXP 	text_6: text = 'Image: 22'
18.1330 	EXP 	text_7: text = 'Color: 22'
18.1492 	EXP 	text_6: text = 'Image: 22'
18.1492 	EXP 	text_7: text = 'Color: 22'
18.1662 	EXP 	text_6: text = 'Image: 22'
18.1662 	EXP 	text_7: text = 'Color: 22'
18.1819 	EXP 	text_6: text = 'Image: 22'
18.1819 	EXP 	text_7: text = 'Color: 22'
18.1989 	EXP 	text_6: text = 'Image: 22'
18.1989 	EXP 	text_7: text = 'Color: 22'
18.2155 	EXP 	text_6: text = 'Image: 22'
18.2155 	EXP 	text_7: text = 'Color: 22'
18.2326 	EXP 	text_6: text = 'Image: 22'
18.2326 	EXP 	text_7: text = 'Color: 22'
18.2494 	EXP 	text_6: text = 'Image: 22'
18.2494 	EXP 	text_7: text = 'Color: 22'
18.2824 	EXP 	text_6: text = 'Image: 22'
18.2824 	EXP 	text_7: text = 'Color: 22'
18.2989 	EXP 	text_6: text = 'Image: 22'
18.2989 	EXP 	text_7: text = 'Color: 22'
18.3332 	EXP 	text_6: text = 'Image: 22'
18.3332 	EXP 	text_7: text = 'Color: 22'
18.3487 	EXP 	text_6: text = 'Image: 22'
18.3487 	EXP 	text_7: text = 'Color: 22'
18.3658 	EXP 	text_6: text = 'Image: 22'
18.3658 	EXP 	text_7: text = 'Color: 22'
18.3822 	EXP 	text_6: text = 'Image: 22'
18.3822 	EXP 	text_7: text = 'Color: 22'
18.3990 	EXP 	text_6: text = 'Image: 22'
18.3990 	EXP 	text_7: text = 'Color: 22'
18.4155 	EXP 	text_6: text = 'Image: 22'
18.4155 	EXP 	text_7: text = 'Color: 22'
18.4323 	EXP 	text_6: text = 'Image: 22'
18.4323 	EXP 	text_7: text = 'Color: 22'
18.4499 	EXP 	text_6: text = 'Image: 22'
18.4499 	EXP 	text_7: text = 'Color: 22'
18.4658 	EXP 	text_6: text = 'Image: 22'
18.4658 	EXP 	text_7: text = 'Color: 22'
18.4833 	EXP 	text_6: text = 'Image: 22'
18.4833 	EXP 	text_7: text = 'Color: 22'
18.4989 	EXP 	text_6: text = 'Image: 22'
18.4989 	EXP 	text_7: text = 'Color: 22'
18.5338 	EXP 	text_6: text = 'Image: 22'
18.5338 	EXP 	text_7: text = 'Color: 22'
18.5489 	EXP 	text_6: text = 'Image: 22'
18.5489 	EXP 	text_7: text = 'Color: 22'
18.5657 	EXP 	text_6: text = 'Image: 22'
18.5657 	EXP 	text_7: text = 'Color: 22'
18.5823 	EXP 	text_6: text = 'Image: 22'
18.5823 	EXP 	text_7: text = 'Color: 22'
18.5990 	EXP 	text_6: text = 'Image: 22'
18.5990 	EXP 	text_7: text = 'Color: 22'
18.6155 	EXP 	text_6: text = 'Image: 22'
18.6155 	EXP 	text_7: text = 'Color: 22'
18.6331 	EXP 	text_6: text = 'Image: 22'
18.6331 	EXP 	text_7: text = 'Color: 22'
18.6493 	EXP 	text_6: text = 'Image: 22'
18.6493 	EXP 	text_7: text = 'Color: 22'
18.6660 	EXP 	text_6: text = 'Image: 22'
18.6660 	EXP 	text_7: text = 'Color: 22'
18.6821 	EXP 	text_6: text = 'Image: 22'
18.6821 	EXP 	text_7: text = 'Color: 22'
18.6989 	EXP 	text_6: text = 'Image: 22'
18.6989 	EXP 	text_7: text = 'Color: 22'
18.7160 	EXP 	text_6: text = 'Image: 22'
18.7160 	EXP 	text_7: text = 'Color: 22'
18.7332 	EXP 	text_6: text = 'Image: 22'
18.7332 	EXP 	text_7: text = 'Color: 22'
18.7493 	EXP 	text_6: text = 'Image: 22'
18.7493 	EXP 	text_7: text = 'Color: 22'
18.7654 	EXP 	text_6: text = 'Image: 22'
18.7654 	EXP 	text_7: text = 'Color: 22'
18.7834 	EXP 	text_6: text = 'Image: 22'
18.7834 	EXP 	text_7: text = 'Color: 22'
18.7990 	EXP 	text_6: text = 'Image: 22'
18.7990 	EXP 	text_7: text = 'Color: 22'
18.8164 	EXP 	text_6: text = 'Image: 22'
18.8164 	EXP 	text_7: text = 'Color: 22'
18.8491 	EXP 	text_6: text = 'Image: 22'
18.8491 	EXP 	text_7: text = 'Color: 22'
18.8660 	EXP 	text_6: text = 'Image: 22'
18.8660 	EXP 	text_7: text = 'Color: 22'
18.8823 	EXP 	text_6: text = 'Image: 22'
18.8823 	EXP 	text_7: text = 'Color: 22'
18.9001 	EXP 	text_6: text = 'Image: 22'
18.9001 	EXP 	text_7: text = 'Color: 22'
18.9160 	EXP 	text_6: text = 'Image: 22'
18.9160 	EXP 	text_7: text = 'Color: 22'
18.9328 	EXP 	text_6: text = 'Image: 22'
18.9328 	EXP 	text_7: text = 'Color: 22'
18.9500 	EXP 	text_6: text = 'Image: 22'
18.9500 	EXP 	text_7: text = 'Color: 22'
18.9657 	EXP 	text_6: text = 'Image: 22'
18.9657 	EXP 	text_7: text = 'Color: 22'
18.9826 	EXP 	text_6: text = 'Image: 22'
18.9826 	EXP 	text_7: text = 'Color: 22'
18.9990 	EXP 	text_6: text = 'Image: 22'
18.9990 	EXP 	text_7: text = 'Color: 22'
19.0155 	EXP 	text_6: text = 'Image: 22'
19.0155 	EXP 	text_7: text = 'Color: 22'
19.0325 	EXP 	text_6: text = 'Image: 22'
19.0325 	EXP 	text_7: text = 'Color: 22'
19.0495 	EXP 	text_6: text = 'Image: 22'
19.0495 	EXP 	text_7: text = 'Color: 22'
19.0664 	EXP 	text_6: text = 'Image: 22'
19.0664 	EXP 	text_7: text = 'Color: 22'
19.0996 	EXP 	text_6: text = 'Image: 22'
19.0996 	EXP 	text_7: text = 'Color: 22'
19.1162 	EXP 	text_6: text = 'Image: 22'
19.1162 	EXP 	text_7: text = 'Color: 22'
19.1323 	EXP 	text_6: text = 'Image: 22'
19.1323 	EXP 	text_7: text = 'Color: 22'
19.1492 	EXP 	text_6: text = 'Image: 22'
19.1492 	EXP 	text_7: text = 'Color: 22'
19.1656 	EXP 	text_6: text = 'Image: 22'
19.1656 	EXP 	text_7: text = 'Color: 22'
19.1829 	EXP 	text_6: text = 'Image: 22'
19.1829 	EXP 	text_7: text = 'Color: 22'
19.1989 	EXP 	text_6: text = 'Image: 22'
19.1989 	EXP 	text_7: text = 'Color: 22'
19.2156 	EXP 	text_6: text = 'Image: 22'
19.2156 	EXP 	text_7: text = 'Color: 22'
19.2320 	EXP 	text_6: text = 'Image: 22'
19.2320 	EXP 	text_7: text = 'Color: 22'
19.2667 	EXP 	text_6: text = 'Image: 22'
19.2667 	EXP 	text_7: text = 'Color: 22'
19.2822 	EXP 	text_6: text = 'Image: 22'
19.2822 	EXP 	text_7: text = 'Color: 22'
19.2999 	EXP 	text_6: text = 'Image: 22'
19.2999 	EXP 	text_7: text = 'Color: 22'
19.3161 	EXP 	text_6: text = 'Image: 22'
19.3161 	EXP 	text_7: text = 'Color: 22'
19.3322 	EXP 	text_6: text = 'Image: 22'
19.3322 	EXP 	text_7: text = 'Color: 22'
19.3500 	EXP 	text_6: text = 'Image: 22'
19.3500 	EXP 	text_7: text = 'Color: 22'
19.3828 	EXP 	text_6: text = 'Image: 22'
19.3828 	EXP 	text_7: text = 'Color: 22'
19.3999 	EXP 	text_6: text = 'Image: 22'
19.3999 	EXP 	text_7: text = 'Color: 22'
19.4165 	EXP 	text_6: text = 'Image: 22'
19.4165 	EXP 	text_7: text = 'Color: 22'
19.4328 	EXP 	text_6: text = 'Image: 22'
19.4328 	EXP 	text_7: text = 'Color: 22'
19.4491 	EXP 	text_6: text = 'Image: 22'
19.4491 	EXP 	text_7: text = 'Color: 22'
19.4658 	EXP 	text_6: text = 'Image: 22'
19.4658 	EXP 	text_7: text = 'Color: 22'
19.4826 	EXP 	text_6: text = 'Image: 22'
19.4826 	EXP 	text_7: text = 'Color: 22'
19.4990 	EXP 	text_6: text = 'Image: 22'
19.4990 	EXP 	text_7: text = 'Color: 22'
19.5156 	EXP 	text_6: text = 'Image: 22'
19.5156 	EXP 	text_7: text = 'Color: 22'
19.5325 	EXP 	text_6: text = 'Image: 22'
19.5325 	EXP 	text_7: text = 'Color: 22'
19.5500 	EXP 	text_6: text = 'Image: 22'
19.5500 	EXP 	text_7: text = 'Color: 22'
19.5656 	EXP 	text_6: text = 'Image: 22'
19.5656 	EXP 	text_7: text = 'Color: 22'
19.5829 	EXP 	text_6: text = 'Image: 22'
19.5829 	EXP 	text_7: text = 'Color: 22'
19.5996 	EXP 	text_6: text = 'Image: 22'
19.5996 	EXP 	text_7: text = 'Color: 22'
19.6167 	EXP 	text_6: text = 'Image: 22'
19.6167 	EXP 	text_7: text = 'Color: 22'
19.6339 	EXP 	text_6: text = 'Image: 22'
19.6339 	EXP 	text_7: text = 'Color: 22'
19.6499 	EXP 	text_6: text = 'Image: 22'
19.6499 	EXP 	text_7: text = 'Color: 22'
19.6661 	EXP 	text_6: text = 'Image: 22'
19.6661 	EXP 	text_7: text = 'Color: 22'
19.6830 	EXP 	text_6: text = 'Image: 22'
19.6830 	EXP 	text_7: text = 'Color: 22'
19.7004 	EXP 	text_6: text = 'Image: 22'
19.7004 	EXP 	text_7: text = 'Color: 22'
19.7162 	EXP 	text_6: text = 'Image: 22'
19.7162 	EXP 	text_7: text = 'Color: 22'
19.7338 	EXP 	text_6: text = 'Image: 22'
19.7338 	EXP 	text_7: text = 'Color: 22'
19.7504 	EXP 	text_6: text = 'Image: 22'
19.7504 	EXP 	text_7: text = 'Color: 22'
19.7671 	EXP 	text_6: text = 'Image: 22'
19.7671 	EXP 	text_7: text = 'Color: 22'
19.7839 	EXP 	text_6: text = 'Image: 22'
19.7839 	EXP 	text_7: text = 'Color: 22'
19.8003 	EXP 	text_6: text = 'Image: 22'
19.8003 	EXP 	text_7: text = 'Color: 22'
19.8169 	EXP 	text_6: text = 'Image: 22'
19.8169 	EXP 	text_7: text = 'Color: 22'
19.8339 	EXP 	text_6: text = 'Image: 22'
19.8339 	EXP 	text_7: text = 'Color: 22'
19.8507 	EXP 	text_6: text = 'Image: 22'
19.8507 	EXP 	text_7: text = 'Color: 22'
19.8671 	EXP 	text_6: text = 'Image: 22'
19.8671 	EXP 	text_7: text = 'Color: 22'
19.8830 	EXP 	text_6: text = 'Image: 22'
19.8830 	EXP 	text_7: text = 'Color: 22'
19.8997 	EXP 	text_6: text = 'Image: 22'
19.8997 	EXP 	text_7: text = 'Color: 22'
19.9164 	EXP 	text_6: text = 'Image: 22'
19.9164 	EXP 	text_7: text = 'Color: 22'
19.9330 	EXP 	text_6: text = 'Image: 22'
19.9330 	EXP 	text_7: text = 'Color: 22'
19.9504 	EXP 	text_6: text = 'Image: 22'
19.9504 	EXP 	text_7: text = 'Color: 22'
19.9675 	EXP 	text_6: text = 'Image: 22'
19.9675 	EXP 	text_7: text = 'Color: 22'
19.9831 	EXP 	text_6: text = 'Image: 22'
19.9831 	EXP 	text_7: text = 'Color: 22'
20.0004 	EXP 	text_6: text = 'Image: 22'
20.0004 	EXP 	text_7: text = 'Color: 22'
20.0170 	EXP 	text_6: text = 'Image: 22'
20.0170 	EXP 	text_7: text = 'Color: 22'
20.0505 	EXP 	text_6: text = 'Image: 22'
20.0505 	EXP 	text_7: text = 'Color: 22'
20.0669 	EXP 	text_6: text = 'Image: 22'
20.0669 	EXP 	text_7: text = 'Color: 22'
20.0840 	EXP 	text_6: text = 'Image: 22'
20.0840 	EXP 	text_7: text = 'Color: 22'
20.1001 	EXP 	text_6: text = 'Image: 22'
20.1001 	EXP 	text_7: text = 'Color: 22'
20.1173 	EXP 	text_6: text = 'Image: 22'
20.1173 	EXP 	text_7: text = 'Color: 22'
20.1340 	EXP 	text_6: text = 'Image: 22'
20.1340 	EXP 	text_7: text = 'Color: 22'
20.1499 	EXP 	text_6: text = 'Image: 22'
20.1499 	EXP 	text_7: text = 'Color: 22'
20.1664 	EXP 	text_6: text = 'Image: 22'
20.1664 	EXP 	text_7: text = 'Color: 22'
20.1840 	EXP 	text_6: text = 'Image: 22'
20.1840 	EXP 	text_7: text = 'Color: 22'
20.2006 	EXP 	text_6: text = 'Image: 22'
20.2006 	EXP 	text_7: text = 'Color: 22'
20.2337 	EXP 	text_6: text = 'Image: 22'
20.2337 	EXP 	text_7: text = 'Color: 22'
20.2505 	EXP 	text_6: text = 'Image: 22'
20.2505 	EXP 	text_7: text = 'Color: 22'
20.2662 	EXP 	text_6: text = 'Image: 22'
20.2662 	EXP 	text_7: text = 'Color: 22'
20.2840 	EXP 	text_6: text = 'Image: 22'
20.2840 	EXP 	text_7: text = 'Color: 22'
20.3006 	EXP 	text_6: text = 'Image: 22'
20.3006 	EXP 	text_7: text = 'Color: 22'
20.3173 	EXP 	text_6: text = 'Image: 22'
20.3173 	EXP 	text_7: text = 'Color: 22'
20.3333 	EXP 	text_6: text = 'Image: 22'
20.3333 	EXP 	text_7: text = 'Color: 22'
20.3499 	EXP 	text_6: text = 'Image: 22'
20.3499 	EXP 	text_7: text = 'Color: 22'
20.3671 	EXP 	text_6: text = 'Image: 22'
20.3671 	EXP 	text_7: text = 'Color: 22'
20.3832 	EXP 	text_6: text = 'Image: 22'
20.3832 	EXP 	text_7: text = 'Color: 22'
20.3999 	EXP 	text_6: text = 'Image: 22'
20.3999 	EXP 	text_7: text = 'Color: 22'
20.4171 	EXP 	text_6: text = 'Image: 22'
20.4171 	EXP 	text_7: text = 'Color: 22'
20.4336 	EXP 	text_6: text = 'Image: 22'
20.4336 	EXP 	text_7: text = 'Color: 22'
20.4499 	EXP 	text_6: text = 'Image: 22'
20.4499 	EXP 	text_7: text = 'Color: 22'
20.4662 	EXP 	text_6: text = 'Image: 22'
20.4662 	EXP 	text_7: text = 'Color: 22'
20.4835 	EXP 	text_6: text = 'Image: 22'
20.4835 	EXP 	text_7: text = 'Color: 22'
20.5174 	EXP 	text_6: text = 'Image: 22'
20.5174 	EXP 	text_7: text = 'Color: 22'
20.5334 	EXP 	text_6: text = 'Image: 22'
20.5334 	EXP 	text_7: text = 'Color: 22'
20.5507 	EXP 	text_6: text = 'Image: 22'
20.5507 	EXP 	text_7: text = 'Color: 22'
20.5665 	EXP 	text_6: text = 'Image: 22'
20.5665 	EXP 	text_7: text = 'Color: 22'
20.5833 	EXP 	text_6: text = 'Image: 22'
20.5833 	EXP 	text_7: text = 'Color: 22'
20.6007 	EXP 	text_6: text = 'Image: 22'
20.6007 	EXP 	text_7: text = 'Color: 22'
20.6169 	EXP 	text_6: text = 'Image: 22'
20.6169 	EXP 	text_7: text = 'Color: 22'
20.6341 	EXP 	text_6: text = 'Image: 22'
20.6341 	EXP 	text_7: text = 'Color: 22'
20.6506 	EXP 	text_6: text = 'Image: 22'
20.6506 	EXP 	text_7: text = 'Color: 22'
20.6663 	EXP 	text_6: text = 'Image: 22'
20.6663 	EXP 	text_7: text = 'Color: 22'
20.6835 	EXP 	text_6: text = 'Image: 22'
20.6835 	EXP 	text_7: text = 'Color: 22'
20.7007 	EXP 	text_6: text = 'Image: 22'
20.7007 	EXP 	text_7: text = 'Color: 22'
20.7166 	EXP 	text_6: text = 'Image: 22'
20.7166 	EXP 	text_7: text = 'Color: 22'
20.7341 	EXP 	text_6: text = 'Image: 22'
20.7341 	EXP 	text_7: text = 'Color: 22'
20.7499 	EXP 	text_6: text = 'Image: 22'
20.7499 	EXP 	text_7: text = 'Color: 22'
20.7673 	EXP 	text_6: text = 'Image: 22'
20.7673 	EXP 	text_7: text = 'Color: 22'
20.7831 	EXP 	text_6: text = 'Image: 22'
20.7831 	EXP 	text_7: text = 'Color: 22'
20.7997 	EXP 	text_6: text = 'Image: 22'
20.7997 	EXP 	text_7: text = 'Color: 22'
20.8063 	DATA 	Keypress: escape
20.8169 	EXP 	text_6: text = 'Image: 22'
20.8169 	EXP 	text_7: text = 'Color: 22'
20.8341 	EXP 	text_6: text = 'Image: 22'
20.8341 	EXP 	text_7: text = 'Color: 22'
20.8500 	EXP 	text_6: text = 'Image: 22'
20.8500 	EXP 	text_7: text = 'Color: 22'
20.8666 	EXP 	text_6: text = 'Image: 22'
20.8666 	EXP 	text_7: text = 'Color: 22'
21.1482 	EXP 	window1: mouseVisible = True
